Building DAG of jobs...
Using shell: /usr/local/bin/bash
Provided cores: 1
Rules claiming more threads will be scaled down.
Job counts:
	count	jobs
	1	all
	3	analyse_simulation_TMB_multiple
	1	analyse_simulation_TMB_multiple_integrate
	221	inference_simulation_TMB_multiple
	73	simulate_for_comparison_multiple
	299

[Fri Sep  9 16:34:51 2022]
rule inference_simulation_TMB_multiple:
    input: ../data/assessing_models_simulation/datasets/multiple_GenerationMixturefewersignaturespairedTMBcorBoneOsteosarcPCAWG_50_200_80_4_-8_NA_NA_NA_dataset1.RDS
    output: ../data/assessing_models_simulation/inference_results/TMB/nlminb/multiple_GenerationMixturefewersignaturespairedTMBcorBoneOsteosarcPCAWG_50_200_80_4_-8_diagREDM_NA_NA_NA_dataset1.RDS
    log: logs/inference/nlminb/simulation_GenerationMixturefewersignaturespairedTMBcorBoneOsteosarcPCAWG_50_200_80_4_-8_ModeldiagREDM_NA_NA_NA_dataset1.log
    jobid: 114
    wildcards: optimiser=nlminb, datasetgeneration=GenerationMixturefewersignaturespairedTMBcorBoneOsteosarcPCAWG, n=50, nlambda=200, lmbda=80, d=4, beta_intensity=-8, model=diagREDM, fixed_beta_intercept=NA, fixed_beta_slope=NA, sdRE_input=NA, itnum=1

Rscript 2_inference_TMB/run_TMB.R --input ../data/assessing_models_simulation/datasets/multiple_GenerationMixturefewersignaturespairedTMBcorBoneOsteosarcPCAWG_50_200_80_4_-8_NA_NA_NA_dataset1.RDS --output ../data/assessing_models_simulation/inference_results/TMB/nlminb/multiple_GenerationMixturefewersignaturespairedTMBcorBoneOsteosarcPCAWG_50_200_80_4_-8_diagREDM_NA_NA_NA_dataset1.RDS --model diagREDM --optimiser nlminb  --use_previous_run_startingvals T
[Fri Sep  9 16:34:58 2022]
Finished job 114.
1 of 299 steps (0.33%) done

[Fri Sep  9 16:34:58 2022]
rule inference_simulation_TMB_multiple:
    input: ../data/assessing_models_simulation/datasets/multiple_GenerationMixturefewersignaturespairedTMBcorBoneOsteosarcPCAWG_50_200_80_4_-8_NA_NA_NA_dataset1.RDS
    output: ../data/assessing_models_simulation/inference_results/TMB/nlminb/multiple_GenerationMixturefewersignaturespairedTMBcorBoneOsteosarcPCAWG_50_200_80_4_-8_fullREM_NA_NA_NA_dataset1.RDS
    log: logs/inference/nlminb/simulation_GenerationMixturefewersignaturespairedTMBcorBoneOsteosarcPCAWG_50_200_80_4_-8_ModelfullREM_NA_NA_NA_dataset1.log
    jobid: 15
    wildcards: optimiser=nlminb, datasetgeneration=GenerationMixturefewersignaturespairedTMBcorBoneOsteosarcPCAWG, n=50, nlambda=200, lmbda=80, d=4, beta_intensity=-8, model=fullREM, fixed_beta_intercept=NA, fixed_beta_slope=NA, sdRE_input=NA, itnum=1

Rscript 2_inference_TMB/run_TMB.R --input ../data/assessing_models_simulation/datasets/multiple_GenerationMixturefewersignaturespairedTMBcorBoneOsteosarcPCAWG_50_200_80_4_-8_NA_NA_NA_dataset1.RDS --output ../data/assessing_models_simulation/inference_results/TMB/nlminb/multiple_GenerationMixturefewersignaturespairedTMBcorBoneOsteosarcPCAWG_50_200_80_4_-8_fullREM_NA_NA_NA_dataset1.RDS --model fullREM --optimiser nlminb  --use_previous_run_startingvals T
[Fri Sep  9 16:35:02 2022]
Finished job 15.
2 of 299 steps (0.67%) done

[Fri Sep  9 16:35:02 2022]
rule simulate_for_comparison_multiple:
    input: ../data/assessing_models_simulation/GenerationMixturefewersignaturespairedTMBcorBoneOsteosarcPCAWG
    output: ../data/assessing_models_simulation/datasets/multiple_GenerationMixturefewersignaturespairedTMBcorBoneOsteosarcPCAWG_50_200_80_4_-12_NA_NA_NA_dataset0.RDS
    jobid: 305
    wildcards: datasetgeneration=GenerationMixturefewersignaturespairedTMBcorBoneOsteosarcPCAWG, n=50, nlambda=200, lmbda=80, d=4, beta_intensity=-12, fixed_beta_intercept=NA, fixed_beta_slope=NA, sdRE_input=NA, itnum=0

Rscript --vanilla 3_analysis/simulation_model_assessment/generate_datasets_simulations/GenerationMixturefewersignaturespairedTMBcorBoneOsteosarcPCAWG.R --input ../data/assessing_models_simulation/GenerationMixturefewersignaturespairedTMBcorBoneOsteosarcPCAWG --d 4 --n 50 --nlambda 200 --lambda 80 --beta_gamma_shape -12 --outfile ../data/assessing_models_simulation/datasets/multiple_GenerationMixturefewersignaturespairedTMBcorBoneOsteosarcPCAWG_50_200_80_4_-12_NA_NA_NA_dataset0.RDS --beta_intercept_input NA --beta_slope_input NA --sdRE_input NA
[Fri Sep  9 16:35:02 2022]
Finished job 305.
3 of 299 steps (1%) done

[Fri Sep  9 16:35:02 2022]
rule inference_simulation_TMB_multiple:
    input: ../data/assessing_models_simulation/datasets/multiple_GenerationMixturefewersignaturespairedTMBcorBoneOsteosarcPCAWG_50_200_80_4_-12_NA_NA_NA_dataset0.RDS
    output: ../data/assessing_models_simulation/inference_results/TMB/nlminb/multiple_GenerationMixturefewersignaturespairedTMBcorBoneOsteosarcPCAWG_50_200_80_4_-12_diagREDM_NA_NA_NA_dataset0.RDS
    log: logs/inference/nlminb/simulation_GenerationMixturefewersignaturespairedTMBcorBoneOsteosarcPCAWG_50_200_80_4_-12_ModeldiagREDM_NA_NA_NA_dataset0.log
    jobid: 107
    wildcards: optimiser=nlminb, datasetgeneration=GenerationMixturefewersignaturespairedTMBcorBoneOsteosarcPCAWG, n=50, nlambda=200, lmbda=80, d=4, beta_intensity=-12, model=diagREDM, fixed_beta_intercept=NA, fixed_beta_slope=NA, sdRE_input=NA, itnum=0

Rscript 2_inference_TMB/run_TMB.R --input ../data/assessing_models_simulation/datasets/multiple_GenerationMixturefewersignaturespairedTMBcorBoneOsteosarcPCAWG_50_200_80_4_-12_NA_NA_NA_dataset0.RDS --output ../data/assessing_models_simulation/inference_results/TMB/nlminb/multiple_GenerationMixturefewersignaturespairedTMBcorBoneOsteosarcPCAWG_50_200_80_4_-12_diagREDM_NA_NA_NA_dataset0.RDS --model diagREDM --optimiser nlminb  --use_previous_run_startingvals T
[Fri Sep  9 16:35:09 2022]
Finished job 107.
4 of 299 steps (1%) done

[Fri Sep  9 16:35:09 2022]
rule inference_simulation_TMB_multiple:
    input: ../data/assessing_models_simulation/datasets/multiple_GenerationMixturefewersignaturespairedTMBcorBoneOsteosarcPCAWG_50_200_80_4_-12_NA_NA_NA_dataset0.RDS
    output: ../data/assessing_models_simulation/inference_results/TMB/nlminb/multiple_GenerationMixturefewersignaturespairedTMBcorBoneOsteosarcPCAWG_50_200_80_4_-12_singleREDM_NA_NA_NA_dataset0.RDS
    log: logs/inference/nlminb/simulation_GenerationMixturefewersignaturespairedTMBcorBoneOsteosarcPCAWG_50_200_80_4_-12_ModelsingleREDM_NA_NA_NA_dataset0.log
    jobid: 206
    wildcards: optimiser=nlminb, datasetgeneration=GenerationMixturefewersignaturespairedTMBcorBoneOsteosarcPCAWG, n=50, nlambda=200, lmbda=80, d=4, beta_intensity=-12, model=singleREDM, fixed_beta_intercept=NA, fixed_beta_slope=NA, sdRE_input=NA, itnum=0

Rscript 2_inference_TMB/run_TMB.R --input ../data/assessing_models_simulation/datasets/multiple_GenerationMixturefewersignaturespairedTMBcorBoneOsteosarcPCAWG_50_200_80_4_-12_NA_NA_NA_dataset0.RDS --output ../data/assessing_models_simulation/inference_results/TMB/nlminb/multiple_GenerationMixturefewersignaturespairedTMBcorBoneOsteosarcPCAWG_50_200_80_4_-12_singleREDM_NA_NA_NA_dataset0.RDS --model singleREDM --optimiser nlminb  --use_previous_run_startingvals T
[Fri Sep  9 16:35:13 2022]
Finished job 206.
5 of 299 steps (2%) done

[Fri Sep  9 16:35:13 2022]
rule inference_simulation_TMB_multiple:
    input: ../data/assessing_models_simulation/datasets/multiple_GenerationMixturefewersignaturespairedTMBcorBoneOsteosarcPCAWG_50_200_80_4_-12_NA_NA_NA_dataset0.RDS
    output: ../data/assessing_models_simulation/inference_results/TMB/nlminb/multiple_GenerationMixturefewersignaturespairedTMBcorBoneOsteosarcPCAWG_50_200_80_4_-12_fullREM_NA_NA_NA_dataset0.RDS
    log: logs/inference/nlminb/simulation_GenerationMixturefewersignaturespairedTMBcorBoneOsteosarcPCAWG_50_200_80_4_-12_ModelfullREM_NA_NA_NA_dataset0.log
    jobid: 8
    wildcards: optimiser=nlminb, datasetgeneration=GenerationMixturefewersignaturespairedTMBcorBoneOsteosarcPCAWG, n=50, nlambda=200, lmbda=80, d=4, beta_intensity=-12, model=fullREM, fixed_beta_intercept=NA, fixed_beta_slope=NA, sdRE_input=NA, itnum=0

Rscript 2_inference_TMB/run_TMB.R --input ../data/assessing_models_simulation/datasets/multiple_GenerationMixturefewersignaturespairedTMBcorBoneOsteosarcPCAWG_50_200_80_4_-12_NA_NA_NA_dataset0.RDS --output ../data/assessing_models_simulation/inference_results/TMB/nlminb/multiple_GenerationMixturefewersignaturespairedTMBcorBoneOsteosarcPCAWG_50_200_80_4_-12_fullREM_NA_NA_NA_dataset0.RDS --model fullREM --optimiser nlminb  --use_previous_run_startingvals T
[Fri Sep  9 16:35:17 2022]
Finished job 8.
6 of 299 steps (2%) done

[Fri Sep  9 16:35:17 2022]
rule simulate_for_comparison_multiple:
    input: ../data/assessing_models_simulation/GenerationMixturefewersignaturespairedTMBcorBoneOsteosarcPCAWG
    output: ../data/assessing_models_simulation/datasets/multiple_GenerationMixturefewersignaturespairedTMBcorBoneOsteosarcPCAWG_50_200_80_4_-1_NA_NA_NA_dataset0.RDS
    jobid: 320
    wildcards: datasetgeneration=GenerationMixturefewersignaturespairedTMBcorBoneOsteosarcPCAWG, n=50, nlambda=200, lmbda=80, d=4, beta_intensity=-1, fixed_beta_intercept=NA, fixed_beta_slope=NA, sdRE_input=NA, itnum=0

Rscript --vanilla 3_analysis/simulation_model_assessment/generate_datasets_simulations/GenerationMixturefewersignaturespairedTMBcorBoneOsteosarcPCAWG.R --input ../data/assessing_models_simulation/GenerationMixturefewersignaturespairedTMBcorBoneOsteosarcPCAWG --d 4 --n 50 --nlambda 200 --lambda 80 --beta_gamma_shape -1 --outfile ../data/assessing_models_simulation/datasets/multiple_GenerationMixturefewersignaturespairedTMBcorBoneOsteosarcPCAWG_50_200_80_4_-1_NA_NA_NA_dataset0.RDS --beta_intercept_input NA --beta_slope_input NA --sdRE_input NA
[Fri Sep  9 16:35:18 2022]
Finished job 320.
7 of 299 steps (2%) done

[Fri Sep  9 16:35:18 2022]
rule inference_simulation_TMB_multiple:
    input: ../data/assessing_models_simulation/datasets/multiple_GenerationMixturefewersignaturespairedTMBcorBoneOsteosarcPCAWG_50_200_80_4_-1_NA_NA_NA_dataset0.RDS
    output: ../data/assessing_models_simulation/inference_results/TMB/nlminb/multiple_GenerationMixturefewersignaturespairedTMBcorBoneOsteosarcPCAWG_50_200_80_4_-1_diagREDM_NA_NA_NA_dataset0.RDS
    log: logs/inference/nlminb/simulation_GenerationMixturefewersignaturespairedTMBcorBoneOsteosarcPCAWG_50_200_80_4_-1_ModeldiagREDM_NA_NA_NA_dataset0.log
    jobid: 122
    wildcards: optimiser=nlminb, datasetgeneration=GenerationMixturefewersignaturespairedTMBcorBoneOsteosarcPCAWG, n=50, nlambda=200, lmbda=80, d=4, beta_intensity=-1, model=diagREDM, fixed_beta_intercept=NA, fixed_beta_slope=NA, sdRE_input=NA, itnum=0

Rscript 2_inference_TMB/run_TMB.R --input ../data/assessing_models_simulation/datasets/multiple_GenerationMixturefewersignaturespairedTMBcorBoneOsteosarcPCAWG_50_200_80_4_-1_NA_NA_NA_dataset0.RDS --output ../data/assessing_models_simulation/inference_results/TMB/nlminb/multiple_GenerationMixturefewersignaturespairedTMBcorBoneOsteosarcPCAWG_50_200_80_4_-1_diagREDM_NA_NA_NA_dataset0.RDS --model diagREDM --optimiser nlminb  --use_previous_run_startingvals T
[Fri Sep  9 16:35:23 2022]
Finished job 122.
8 of 299 steps (3%) done

[Fri Sep  9 16:35:23 2022]
rule inference_simulation_TMB_multiple:
    input: ../data/assessing_models_simulation/datasets/multiple_GenerationMixturefewersignaturespairedTMBcorBoneOsteosarcPCAWG_50_200_80_4_-1_NA_NA_NA_dataset0.RDS
    output: ../data/assessing_models_simulation/inference_results/TMB/nlminb/multiple_GenerationMixturefewersignaturespairedTMBcorBoneOsteosarcPCAWG_50_200_80_4_-1_singleREDM_NA_NA_NA_dataset0.RDS
    log: logs/inference/nlminb/simulation_GenerationMixturefewersignaturespairedTMBcorBoneOsteosarcPCAWG_50_200_80_4_-1_ModelsingleREDM_NA_NA_NA_dataset0.log
    jobid: 221
    wildcards: optimiser=nlminb, datasetgeneration=GenerationMixturefewersignaturespairedTMBcorBoneOsteosarcPCAWG, n=50, nlambda=200, lmbda=80, d=4, beta_intensity=-1, model=singleREDM, fixed_beta_intercept=NA, fixed_beta_slope=NA, sdRE_input=NA, itnum=0

Rscript 2_inference_TMB/run_TMB.R --input ../data/assessing_models_simulation/datasets/multiple_GenerationMixturefewersignaturespairedTMBcorBoneOsteosarcPCAWG_50_200_80_4_-1_NA_NA_NA_dataset0.RDS --output ../data/assessing_models_simulation/inference_results/TMB/nlminb/multiple_GenerationMixturefewersignaturespairedTMBcorBoneOsteosarcPCAWG_50_200_80_4_-1_singleREDM_NA_NA_NA_dataset0.RDS --model singleREDM --optimiser nlminb  --use_previous_run_startingvals T
[Fri Sep  9 16:35:26 2022]
Finished job 221.
9 of 299 steps (3%) done

[Fri Sep  9 16:35:26 2022]
rule inference_simulation_TMB_multiple:
    input: ../data/assessing_models_simulation/datasets/multiple_GenerationMixturefewersignaturespairedTMBcorBoneOsteosarcPCAWG_50_200_80_4_-1_NA_NA_NA_dataset0.RDS
    output: ../data/assessing_models_simulation/inference_results/TMB/nlminb/multiple_GenerationMixturefewersignaturespairedTMBcorBoneOsteosarcPCAWG_50_200_80_4_-1_fullREM_NA_NA_NA_dataset0.RDS
    log: logs/inference/nlminb/simulation_GenerationMixturefewersignaturespairedTMBcorBoneOsteosarcPCAWG_50_200_80_4_-1_ModelfullREM_NA_NA_NA_dataset0.log
    jobid: 23
    wildcards: optimiser=nlminb, datasetgeneration=GenerationMixturefewersignaturespairedTMBcorBoneOsteosarcPCAWG, n=50, nlambda=200, lmbda=80, d=4, beta_intensity=-1, model=fullREM, fixed_beta_intercept=NA, fixed_beta_slope=NA, sdRE_input=NA, itnum=0

Rscript 2_inference_TMB/run_TMB.R --input ../data/assessing_models_simulation/datasets/multiple_GenerationMixturefewersignaturespairedTMBcorBoneOsteosarcPCAWG_50_200_80_4_-1_NA_NA_NA_dataset0.RDS --output ../data/assessing_models_simulation/inference_results/TMB/nlminb/multiple_GenerationMixturefewersignaturespairedTMBcorBoneOsteosarcPCAWG_50_200_80_4_-1_fullREM_NA_NA_NA_dataset0.RDS --model fullREM --optimiser nlminb  --use_previous_run_startingvals T
[Fri Sep  9 16:35:31 2022]
Finished job 23.
10 of 299 steps (3%) done

[Fri Sep  9 16:35:31 2022]
rule simulate_for_comparison_multiple:
    input: ../data/assessing_models_simulation/GenerationMixturefewersignaturespairedTMBcorBoneOsteosarcPCAWG
    output: ../data/assessing_models_simulation/datasets/multiple_GenerationMixturefewersignaturespairedTMBcorBoneOsteosarcPCAWG_50_200_80_4_0_NA_NA_NA_dataset2.RDS
    jobid: 325
    wildcards: datasetgeneration=GenerationMixturefewersignaturespairedTMBcorBoneOsteosarcPCAWG, n=50, nlambda=200, lmbda=80, d=4, beta_intensity=0, fixed_beta_intercept=NA, fixed_beta_slope=NA, sdRE_input=NA, itnum=2

Rscript --vanilla 3_analysis/simulation_model_assessment/generate_datasets_simulations/GenerationMixturefewersignaturespairedTMBcorBoneOsteosarcPCAWG.R --input ../data/assessing_models_simulation/GenerationMixturefewersignaturespairedTMBcorBoneOsteosarcPCAWG --d 4 --n 50 --nlambda 200 --lambda 80 --beta_gamma_shape 0 --outfile ../data/assessing_models_simulation/datasets/multiple_GenerationMixturefewersignaturespairedTMBcorBoneOsteosarcPCAWG_50_200_80_4_0_NA_NA_NA_dataset2.RDS --beta_intercept_input NA --beta_slope_input NA --sdRE_input NA
[Fri Sep  9 16:35:31 2022]
Finished job 325.
11 of 299 steps (4%) done

[Fri Sep  9 16:35:31 2022]
rule inference_simulation_TMB_multiple:
    input: ../data/assessing_models_simulation/datasets/multiple_GenerationMixturefewersignaturespairedTMBcorBoneOsteosarcPCAWG_50_200_80_4_0_NA_NA_NA_dataset2.RDS
    output: ../data/assessing_models_simulation/inference_results/TMB/nlminb/multiple_GenerationMixturefewersignaturespairedTMBcorBoneOsteosarcPCAWG_50_200_80_4_0_singleREDM_NA_NA_NA_dataset2.RDS
    log: logs/inference/nlminb/simulation_GenerationMixturefewersignaturespairedTMBcorBoneOsteosarcPCAWG_50_200_80_4_0_ModelsingleREDM_NA_NA_NA_dataset2.log
    jobid: 226
    wildcards: optimiser=nlminb, datasetgeneration=GenerationMixturefewersignaturespairedTMBcorBoneOsteosarcPCAWG, n=50, nlambda=200, lmbda=80, d=4, beta_intensity=0, model=singleREDM, fixed_beta_intercept=NA, fixed_beta_slope=NA, sdRE_input=NA, itnum=2

Rscript 2_inference_TMB/run_TMB.R --input ../data/assessing_models_simulation/datasets/multiple_GenerationMixturefewersignaturespairedTMBcorBoneOsteosarcPCAWG_50_200_80_4_0_NA_NA_NA_dataset2.RDS --output ../data/assessing_models_simulation/inference_results/TMB/nlminb/multiple_GenerationMixturefewersignaturespairedTMBcorBoneOsteosarcPCAWG_50_200_80_4_0_singleREDM_NA_NA_NA_dataset2.RDS --model singleREDM --optimiser nlminb  --use_previous_run_startingvals T
[Fri Sep  9 16:35:35 2022]
Finished job 226.
12 of 299 steps (4%) done

[Fri Sep  9 16:35:35 2022]
rule inference_simulation_TMB_multiple:
    input: ../data/assessing_models_simulation/datasets/multiple_GenerationMixturefewersignaturespairedTMBcorBoneOsteosarcPCAWG_50_200_80_4_0_NA_NA_NA_dataset2.RDS
    output: ../data/assessing_models_simulation/inference_results/TMB/nlminb/multiple_GenerationMixturefewersignaturespairedTMBcorBoneOsteosarcPCAWG_50_200_80_4_0_fullREM_NA_NA_NA_dataset2.RDS
    log: logs/inference/nlminb/simulation_GenerationMixturefewersignaturespairedTMBcorBoneOsteosarcPCAWG_50_200_80_4_0_ModelfullREM_NA_NA_NA_dataset2.log
    jobid: 28
    wildcards: optimiser=nlminb, datasetgeneration=GenerationMixturefewersignaturespairedTMBcorBoneOsteosarcPCAWG, n=50, nlambda=200, lmbda=80, d=4, beta_intensity=0, model=fullREM, fixed_beta_intercept=NA, fixed_beta_slope=NA, sdRE_input=NA, itnum=2

Rscript 2_inference_TMB/run_TMB.R --input ../data/assessing_models_simulation/datasets/multiple_GenerationMixturefewersignaturespairedTMBcorBoneOsteosarcPCAWG_50_200_80_4_0_NA_NA_NA_dataset2.RDS --output ../data/assessing_models_simulation/inference_results/TMB/nlminb/multiple_GenerationMixturefewersignaturespairedTMBcorBoneOsteosarcPCAWG_50_200_80_4_0_fullREM_NA_NA_NA_dataset2.RDS --model fullREM --optimiser nlminb  --use_previous_run_startingvals T
[Fri Sep  9 16:35:39 2022]
Finished job 28.
13 of 299 steps (4%) done

[Fri Sep  9 16:35:39 2022]
rule inference_simulation_TMB_multiple:
    input: ../data/assessing_models_simulation/datasets/multiple_GenerationMixturefewersignaturespairedTMBcorBoneOsteosarcPCAWG_50_200_80_4_0_NA_NA_NA_dataset2.RDS
    output: ../data/assessing_models_simulation/inference_results/TMB/nlminb/multiple_GenerationMixturefewersignaturespairedTMBcorBoneOsteosarcPCAWG_50_200_80_4_0_diagREDM_NA_NA_NA_dataset2.RDS
    log: logs/inference/nlminb/simulation_GenerationMixturefewersignaturespairedTMBcorBoneOsteosarcPCAWG_50_200_80_4_0_ModeldiagREDM_NA_NA_NA_dataset2.log
    jobid: 127
    wildcards: optimiser=nlminb, datasetgeneration=GenerationMixturefewersignaturespairedTMBcorBoneOsteosarcPCAWG, n=50, nlambda=200, lmbda=80, d=4, beta_intensity=0, model=diagREDM, fixed_beta_intercept=NA, fixed_beta_slope=NA, sdRE_input=NA, itnum=2

Rscript 2_inference_TMB/run_TMB.R --input ../data/assessing_models_simulation/datasets/multiple_GenerationMixturefewersignaturespairedTMBcorBoneOsteosarcPCAWG_50_200_80_4_0_NA_NA_NA_dataset2.RDS --output ../data/assessing_models_simulation/inference_results/TMB/nlminb/multiple_GenerationMixturefewersignaturespairedTMBcorBoneOsteosarcPCAWG_50_200_80_4_0_diagREDM_NA_NA_NA_dataset2.RDS --model diagREDM --optimiser nlminb  --use_previous_run_startingvals T
[Fri Sep  9 16:35:44 2022]
Finished job 127.
14 of 299 steps (5%) done

[Fri Sep  9 16:35:44 2022]
rule simulate_for_comparison_multiple:
    input: ../data/assessing_models_simulation/GenerationMixturefewersignaturespairedTMBcorBoneOsteosarcPCAWG
    output: ../data/assessing_models_simulation/datasets/multiple_GenerationMixturefewersignaturespairedTMBcorBoneOsteosarcPCAWG_50_200_80_4_-2_NA_NA_NA_dataset0.RDS
    jobid: 317
    wildcards: datasetgeneration=GenerationMixturefewersignaturespairedTMBcorBoneOsteosarcPCAWG, n=50, nlambda=200, lmbda=80, d=4, beta_intensity=-2, fixed_beta_intercept=NA, fixed_beta_slope=NA, sdRE_input=NA, itnum=0

Rscript --vanilla 3_analysis/simulation_model_assessment/generate_datasets_simulations/GenerationMixturefewersignaturespairedTMBcorBoneOsteosarcPCAWG.R --input ../data/assessing_models_simulation/GenerationMixturefewersignaturespairedTMBcorBoneOsteosarcPCAWG --d 4 --n 50 --nlambda 200 --lambda 80 --beta_gamma_shape -2 --outfile ../data/assessing_models_simulation/datasets/multiple_GenerationMixturefewersignaturespairedTMBcorBoneOsteosarcPCAWG_50_200_80_4_-2_NA_NA_NA_dataset0.RDS --beta_intercept_input NA --beta_slope_input NA --sdRE_input NA
[Fri Sep  9 16:35:45 2022]
Finished job 317.
15 of 299 steps (5%) done

[Fri Sep  9 16:35:45 2022]
rule inference_simulation_TMB_multiple:
    input: ../data/assessing_models_simulation/datasets/multiple_GenerationMixturefewersignaturespairedTMBcorBoneOsteosarcPCAWG_50_200_80_4_-2_NA_NA_NA_dataset0.RDS
    output: ../data/assessing_models_simulation/inference_results/TMB/nlminb/multiple_GenerationMixturefewersignaturespairedTMBcorBoneOsteosarcPCAWG_50_200_80_4_-2_singleREDM_NA_NA_NA_dataset0.RDS
    log: logs/inference/nlminb/simulation_GenerationMixturefewersignaturespairedTMBcorBoneOsteosarcPCAWG_50_200_80_4_-2_ModelsingleREDM_NA_NA_NA_dataset0.log
    jobid: 218
    wildcards: optimiser=nlminb, datasetgeneration=GenerationMixturefewersignaturespairedTMBcorBoneOsteosarcPCAWG, n=50, nlambda=200, lmbda=80, d=4, beta_intensity=-2, model=singleREDM, fixed_beta_intercept=NA, fixed_beta_slope=NA, sdRE_input=NA, itnum=0

Rscript 2_inference_TMB/run_TMB.R --input ../data/assessing_models_simulation/datasets/multiple_GenerationMixturefewersignaturespairedTMBcorBoneOsteosarcPCAWG_50_200_80_4_-2_NA_NA_NA_dataset0.RDS --output ../data/assessing_models_simulation/inference_results/TMB/nlminb/multiple_GenerationMixturefewersignaturespairedTMBcorBoneOsteosarcPCAWG_50_200_80_4_-2_singleREDM_NA_NA_NA_dataset0.RDS --model singleREDM --optimiser nlminb  --use_previous_run_startingvals T
[Fri Sep  9 16:35:48 2022]
Finished job 218.
16 of 299 steps (5%) done

[Fri Sep  9 16:35:48 2022]
rule inference_simulation_TMB_multiple:
    input: ../data/assessing_models_simulation/datasets/multiple_GenerationMixturefewersignaturespairedTMBcorBoneOsteosarcPCAWG_50_200_80_4_-2_NA_NA_NA_dataset0.RDS
    output: ../data/assessing_models_simulation/inference_results/TMB/nlminb/multiple_GenerationMixturefewersignaturespairedTMBcorBoneOsteosarcPCAWG_50_200_80_4_-2_diagREDM_NA_NA_NA_dataset0.RDS
    log: logs/inference/nlminb/simulation_GenerationMixturefewersignaturespairedTMBcorBoneOsteosarcPCAWG_50_200_80_4_-2_ModeldiagREDM_NA_NA_NA_dataset0.log
    jobid: 119
    wildcards: optimiser=nlminb, datasetgeneration=GenerationMixturefewersignaturespairedTMBcorBoneOsteosarcPCAWG, n=50, nlambda=200, lmbda=80, d=4, beta_intensity=-2, model=diagREDM, fixed_beta_intercept=NA, fixed_beta_slope=NA, sdRE_input=NA, itnum=0

Rscript 2_inference_TMB/run_TMB.R --input ../data/assessing_models_simulation/datasets/multiple_GenerationMixturefewersignaturespairedTMBcorBoneOsteosarcPCAWG_50_200_80_4_-2_NA_NA_NA_dataset0.RDS --output ../data/assessing_models_simulation/inference_results/TMB/nlminb/multiple_GenerationMixturefewersignaturespairedTMBcorBoneOsteosarcPCAWG_50_200_80_4_-2_diagREDM_NA_NA_NA_dataset0.RDS --model diagREDM --optimiser nlminb  --use_previous_run_startingvals T
[Fri Sep  9 16:35:54 2022]
Finished job 119.
17 of 299 steps (6%) done

[Fri Sep  9 16:35:54 2022]
rule inference_simulation_TMB_multiple:
    input: ../data/assessing_models_simulation/datasets/multiple_GenerationMixturefewersignaturespairedTMBcorBoneOsteosarcPCAWG_50_200_80_4_-2_NA_NA_NA_dataset0.RDS
    output: ../data/assessing_models_simulation/inference_results/TMB/nlminb/multiple_GenerationMixturefewersignaturespairedTMBcorBoneOsteosarcPCAWG_50_200_80_4_-2_fullREM_NA_NA_NA_dataset0.RDS
    log: logs/inference/nlminb/simulation_GenerationMixturefewersignaturespairedTMBcorBoneOsteosarcPCAWG_50_200_80_4_-2_ModelfullREM_NA_NA_NA_dataset0.log
    jobid: 20
    wildcards: optimiser=nlminb, datasetgeneration=GenerationMixturefewersignaturespairedTMBcorBoneOsteosarcPCAWG, n=50, nlambda=200, lmbda=80, d=4, beta_intensity=-2, model=fullREM, fixed_beta_intercept=NA, fixed_beta_slope=NA, sdRE_input=NA, itnum=0

Rscript 2_inference_TMB/run_TMB.R --input ../data/assessing_models_simulation/datasets/multiple_GenerationMixturefewersignaturespairedTMBcorBoneOsteosarcPCAWG_50_200_80_4_-2_NA_NA_NA_dataset0.RDS --output ../data/assessing_models_simulation/inference_results/TMB/nlminb/multiple_GenerationMixturefewersignaturespairedTMBcorBoneOsteosarcPCAWG_50_200_80_4_-2_fullREM_NA_NA_NA_dataset0.RDS --model fullREM --optimiser nlminb  --use_previous_run_startingvals T
[Fri Sep  9 16:35:58 2022]
Finished job 20.
18 of 299 steps (6%) done

[Fri Sep  9 16:35:58 2022]
rule simulate_for_comparison_multiple:
    input: ../data/assessing_models_simulation/GenerationMixturefewersignaturespairedTMBcorBoneOsteosarcPCAWG
    output: ../data/assessing_models_simulation/datasets/multiple_GenerationMixturefewersignaturespairedTMBcorBoneOsteosarcPCAWG_50_200_80_4_4_NA_NA_NA_dataset1.RDS
    jobid: 327
    wildcards: datasetgeneration=GenerationMixturefewersignaturespairedTMBcorBoneOsteosarcPCAWG, n=50, nlambda=200, lmbda=80, d=4, beta_intensity=4, fixed_beta_intercept=NA, fixed_beta_slope=NA, sdRE_input=NA, itnum=1

Rscript --vanilla 3_analysis/simulation_model_assessment/generate_datasets_simulations/GenerationMixturefewersignaturespairedTMBcorBoneOsteosarcPCAWG.R --input ../data/assessing_models_simulation/GenerationMixturefewersignaturespairedTMBcorBoneOsteosarcPCAWG --d 4 --n 50 --nlambda 200 --lambda 80 --beta_gamma_shape 4 --outfile ../data/assessing_models_simulation/datasets/multiple_GenerationMixturefewersignaturespairedTMBcorBoneOsteosarcPCAWG_50_200_80_4_4_NA_NA_NA_dataset1.RDS --beta_intercept_input NA --beta_slope_input NA --sdRE_input NA
[Fri Sep  9 16:35:59 2022]
Finished job 327.
19 of 299 steps (6%) done

[Fri Sep  9 16:35:59 2022]
rule inference_simulation_TMB_multiple:
    input: ../data/assessing_models_simulation/datasets/multiple_GenerationMixturefewersignaturespairedTMBcorBoneOsteosarcPCAWG_50_200_80_4_4_NA_NA_NA_dataset1.RDS
    output: ../data/assessing_models_simulation/inference_results/TMB/nlminb/multiple_GenerationMixturefewersignaturespairedTMBcorBoneOsteosarcPCAWG_50_200_80_4_4_singleREDM_NA_NA_NA_dataset1.RDS
    log: logs/inference/nlminb/simulation_GenerationMixturefewersignaturespairedTMBcorBoneOsteosarcPCAWG_50_200_80_4_4_ModelsingleREDM_NA_NA_NA_dataset1.log
    jobid: 228
    wildcards: optimiser=nlminb, datasetgeneration=GenerationMixturefewersignaturespairedTMBcorBoneOsteosarcPCAWG, n=50, nlambda=200, lmbda=80, d=4, beta_intensity=4, model=singleREDM, fixed_beta_intercept=NA, fixed_beta_slope=NA, sdRE_input=NA, itnum=1

Rscript 2_inference_TMB/run_TMB.R --input ../data/assessing_models_simulation/datasets/multiple_GenerationMixturefewersignaturespairedTMBcorBoneOsteosarcPCAWG_50_200_80_4_4_NA_NA_NA_dataset1.RDS --output ../data/assessing_models_simulation/inference_results/TMB/nlminb/multiple_GenerationMixturefewersignaturespairedTMBcorBoneOsteosarcPCAWG_50_200_80_4_4_singleREDM_NA_NA_NA_dataset1.RDS --model singleREDM --optimiser nlminb  --use_previous_run_startingvals T
[Fri Sep  9 16:36:02 2022]
Finished job 228.
20 of 299 steps (7%) done

[Fri Sep  9 16:36:02 2022]
rule inference_simulation_TMB_multiple:
    input: ../data/assessing_models_simulation/datasets/multiple_GenerationMixturefewersignaturespairedTMBcorBoneOsteosarcPCAWG_50_200_80_4_4_NA_NA_NA_dataset1.RDS
    output: ../data/assessing_models_simulation/inference_results/TMB/nlminb/multiple_GenerationMixturefewersignaturespairedTMBcorBoneOsteosarcPCAWG_50_200_80_4_4_diagREDM_NA_NA_NA_dataset1.RDS
    log: logs/inference/nlminb/simulation_GenerationMixturefewersignaturespairedTMBcorBoneOsteosarcPCAWG_50_200_80_4_4_ModeldiagREDM_NA_NA_NA_dataset1.log
    jobid: 129
    wildcards: optimiser=nlminb, datasetgeneration=GenerationMixturefewersignaturespairedTMBcorBoneOsteosarcPCAWG, n=50, nlambda=200, lmbda=80, d=4, beta_intensity=4, model=diagREDM, fixed_beta_intercept=NA, fixed_beta_slope=NA, sdRE_input=NA, itnum=1

Rscript 2_inference_TMB/run_TMB.R --input ../data/assessing_models_simulation/datasets/multiple_GenerationMixturefewersignaturespairedTMBcorBoneOsteosarcPCAWG_50_200_80_4_4_NA_NA_NA_dataset1.RDS --output ../data/assessing_models_simulation/inference_results/TMB/nlminb/multiple_GenerationMixturefewersignaturespairedTMBcorBoneOsteosarcPCAWG_50_200_80_4_4_diagREDM_NA_NA_NA_dataset1.RDS --model diagREDM --optimiser nlminb  --use_previous_run_startingvals T
[Fri Sep  9 16:36:09 2022]
Finished job 129.
21 of 299 steps (7%) done

[Fri Sep  9 16:36:09 2022]
rule inference_simulation_TMB_multiple:
    input: ../data/assessing_models_simulation/datasets/multiple_GenerationMixturefewersignaturespairedTMBcorBoneOsteosarcPCAWG_50_200_80_4_4_NA_NA_NA_dataset1.RDS
    output: ../data/assessing_models_simulation/inference_results/TMB/nlminb/multiple_GenerationMixturefewersignaturespairedTMBcorBoneOsteosarcPCAWG_50_200_80_4_4_fullREM_NA_NA_NA_dataset1.RDS
    log: logs/inference/nlminb/simulation_GenerationMixturefewersignaturespairedTMBcorBoneOsteosarcPCAWG_50_200_80_4_4_ModelfullREM_NA_NA_NA_dataset1.log
    jobid: 30
    wildcards: optimiser=nlminb, datasetgeneration=GenerationMixturefewersignaturespairedTMBcorBoneOsteosarcPCAWG, n=50, nlambda=200, lmbda=80, d=4, beta_intensity=4, model=fullREM, fixed_beta_intercept=NA, fixed_beta_slope=NA, sdRE_input=NA, itnum=1

Rscript 2_inference_TMB/run_TMB.R --input ../data/assessing_models_simulation/datasets/multiple_GenerationMixturefewersignaturespairedTMBcorBoneOsteosarcPCAWG_50_200_80_4_4_NA_NA_NA_dataset1.RDS --output ../data/assessing_models_simulation/inference_results/TMB/nlminb/multiple_GenerationMixturefewersignaturespairedTMBcorBoneOsteosarcPCAWG_50_200_80_4_4_fullREM_NA_NA_NA_dataset1.RDS --model fullREM --optimiser nlminb  --use_previous_run_startingvals T
[Fri Sep  9 16:36:13 2022]
Finished job 30.
22 of 299 steps (7%) done

[Fri Sep  9 16:36:13 2022]
rule simulate_for_comparison_multiple:
    input: ../data/assessing_models_simulation/GenerationMixturefewersignaturespairedTMBcorBoneOsteosarcPCAWG
    output: ../data/assessing_models_simulation/datasets/multiple_GenerationMixturefewersignaturespairedTMBcorBoneOsteosarcPCAWG_200_200_80_4_-10_NA_NA_NA_dataset2.RDS
    jobid: 376
    wildcards: datasetgeneration=GenerationMixturefewersignaturespairedTMBcorBoneOsteosarcPCAWG, n=200, nlambda=200, lmbda=80, d=4, beta_intensity=-10, fixed_beta_intercept=NA, fixed_beta_slope=NA, sdRE_input=NA, itnum=2

Rscript --vanilla 3_analysis/simulation_model_assessment/generate_datasets_simulations/GenerationMixturefewersignaturespairedTMBcorBoneOsteosarcPCAWG.R --input ../data/assessing_models_simulation/GenerationMixturefewersignaturespairedTMBcorBoneOsteosarcPCAWG --d 4 --n 200 --nlambda 200 --lambda 80 --beta_gamma_shape -10 --outfile ../data/assessing_models_simulation/datasets/multiple_GenerationMixturefewersignaturespairedTMBcorBoneOsteosarcPCAWG_200_200_80_4_-10_NA_NA_NA_dataset2.RDS --beta_intercept_input NA --beta_slope_input NA --sdRE_input NA
[Fri Sep  9 16:36:14 2022]
Finished job 376.
23 of 299 steps (8%) done

[Fri Sep  9 16:36:14 2022]
rule inference_simulation_TMB_multiple:
    input: ../data/assessing_models_simulation/datasets/multiple_GenerationMixturefewersignaturespairedTMBcorBoneOsteosarcPCAWG_200_200_80_4_-10_NA_NA_NA_dataset2.RDS
    output: ../data/assessing_models_simulation/inference_results/TMB/nlminb/multiple_GenerationMixturefewersignaturespairedTMBcorBoneOsteosarcPCAWG_200_200_80_4_-10_singleREDM_NA_NA_NA_dataset2.RDS
    log: logs/inference/nlminb/simulation_GenerationMixturefewersignaturespairedTMBcorBoneOsteosarcPCAWG_200_200_80_4_-10_ModelsingleREDM_NA_NA_NA_dataset2.log
    jobid: 277
    wildcards: optimiser=nlminb, datasetgeneration=GenerationMixturefewersignaturespairedTMBcorBoneOsteosarcPCAWG, n=200, nlambda=200, lmbda=80, d=4, beta_intensity=-10, model=singleREDM, fixed_beta_intercept=NA, fixed_beta_slope=NA, sdRE_input=NA, itnum=2

Rscript 2_inference_TMB/run_TMB.R --input ../data/assessing_models_simulation/datasets/multiple_GenerationMixturefewersignaturespairedTMBcorBoneOsteosarcPCAWG_200_200_80_4_-10_NA_NA_NA_dataset2.RDS --output ../data/assessing_models_simulation/inference_results/TMB/nlminb/multiple_GenerationMixturefewersignaturespairedTMBcorBoneOsteosarcPCAWG_200_200_80_4_-10_singleREDM_NA_NA_NA_dataset2.RDS --model singleREDM --optimiser nlminb  --use_previous_run_startingvals T
[Fri Sep  9 16:36:22 2022]
Finished job 277.
24 of 299 steps (8%) done

[Fri Sep  9 16:36:22 2022]
rule inference_simulation_TMB_multiple:
    input: ../data/assessing_models_simulation/datasets/multiple_GenerationMixturefewersignaturespairedTMBcorBoneOsteosarcPCAWG_200_200_80_4_-10_NA_NA_NA_dataset2.RDS
    output: ../data/assessing_models_simulation/inference_results/TMB/nlminb/multiple_GenerationMixturefewersignaturespairedTMBcorBoneOsteosarcPCAWG_200_200_80_4_-10_diagREDM_NA_NA_NA_dataset2.RDS
    log: logs/inference/nlminb/simulation_GenerationMixturefewersignaturespairedTMBcorBoneOsteosarcPCAWG_200_200_80_4_-10_ModeldiagREDM_NA_NA_NA_dataset2.log
    jobid: 178
    wildcards: optimiser=nlminb, datasetgeneration=GenerationMixturefewersignaturespairedTMBcorBoneOsteosarcPCAWG, n=200, nlambda=200, lmbda=80, d=4, beta_intensity=-10, model=diagREDM, fixed_beta_intercept=NA, fixed_beta_slope=NA, sdRE_input=NA, itnum=2

Rscript 2_inference_TMB/run_TMB.R --input ../data/assessing_models_simulation/datasets/multiple_GenerationMixturefewersignaturespairedTMBcorBoneOsteosarcPCAWG_200_200_80_4_-10_NA_NA_NA_dataset2.RDS --output ../data/assessing_models_simulation/inference_results/TMB/nlminb/multiple_GenerationMixturefewersignaturespairedTMBcorBoneOsteosarcPCAWG_200_200_80_4_-10_diagREDM_NA_NA_NA_dataset2.RDS --model diagREDM --optimiser nlminb  --use_previous_run_startingvals T
[Fri Sep  9 16:36:43 2022]
Finished job 178.
25 of 299 steps (8%) done

[Fri Sep  9 16:36:43 2022]
rule inference_simulation_TMB_multiple:
    input: ../data/assessing_models_simulation/datasets/multiple_GenerationMixturefewersignaturespairedTMBcorBoneOsteosarcPCAWG_200_200_80_4_-10_NA_NA_NA_dataset2.RDS
    output: ../data/assessing_models_simulation/inference_results/TMB/nlminb/multiple_GenerationMixturefewersignaturespairedTMBcorBoneOsteosarcPCAWG_200_200_80_4_-10_fullREM_NA_NA_NA_dataset2.RDS
    log: logs/inference/nlminb/simulation_GenerationMixturefewersignaturespairedTMBcorBoneOsteosarcPCAWG_200_200_80_4_-10_ModelfullREM_NA_NA_NA_dataset2.log
    jobid: 79
    wildcards: optimiser=nlminb, datasetgeneration=GenerationMixturefewersignaturespairedTMBcorBoneOsteosarcPCAWG, n=200, nlambda=200, lmbda=80, d=4, beta_intensity=-10, model=fullREM, fixed_beta_intercept=NA, fixed_beta_slope=NA, sdRE_input=NA, itnum=2

Rscript 2_inference_TMB/run_TMB.R --input ../data/assessing_models_simulation/datasets/multiple_GenerationMixturefewersignaturespairedTMBcorBoneOsteosarcPCAWG_200_200_80_4_-10_NA_NA_NA_dataset2.RDS --output ../data/assessing_models_simulation/inference_results/TMB/nlminb/multiple_GenerationMixturefewersignaturespairedTMBcorBoneOsteosarcPCAWG_200_200_80_4_-10_fullREM_NA_NA_NA_dataset2.RDS --model fullREM --optimiser nlminb  --use_previous_run_startingvals T
[Fri Sep  9 16:36:51 2022]
Finished job 79.
26 of 299 steps (9%) done

[Fri Sep  9 16:36:51 2022]
rule simulate_for_comparison_multiple:
    input: ../data/assessing_models_simulation/GenerationMixturefewersignaturespairedTMBcorBoneOsteosarcPCAWG
    output: ../data/assessing_models_simulation/datasets/multiple_GenerationMixturefewersignaturespairedTMBcorBoneOsteosarcPCAWG_50_200_80_4_-8_NA_NA_NA_dataset0.RDS
    jobid: 311
    wildcards: datasetgeneration=GenerationMixturefewersignaturespairedTMBcorBoneOsteosarcPCAWG, n=50, nlambda=200, lmbda=80, d=4, beta_intensity=-8, fixed_beta_intercept=NA, fixed_beta_slope=NA, sdRE_input=NA, itnum=0

Rscript --vanilla 3_analysis/simulation_model_assessment/generate_datasets_simulations/GenerationMixturefewersignaturespairedTMBcorBoneOsteosarcPCAWG.R --input ../data/assessing_models_simulation/GenerationMixturefewersignaturespairedTMBcorBoneOsteosarcPCAWG --d 4 --n 50 --nlambda 200 --lambda 80 --beta_gamma_shape -8 --outfile ../data/assessing_models_simulation/datasets/multiple_GenerationMixturefewersignaturespairedTMBcorBoneOsteosarcPCAWG_50_200_80_4_-8_NA_NA_NA_dataset0.RDS --beta_intercept_input NA --beta_slope_input NA --sdRE_input NA
[Fri Sep  9 16:36:52 2022]
Finished job 311.
27 of 299 steps (9%) done

[Fri Sep  9 16:36:52 2022]
rule inference_simulation_TMB_multiple:
    input: ../data/assessing_models_simulation/datasets/multiple_GenerationMixturefewersignaturespairedTMBcorBoneOsteosarcPCAWG_50_200_80_4_-8_NA_NA_NA_dataset0.RDS
    output: ../data/assessing_models_simulation/inference_results/TMB/nlminb/multiple_GenerationMixturefewersignaturespairedTMBcorBoneOsteosarcPCAWG_50_200_80_4_-8_singleREDM_NA_NA_NA_dataset0.RDS
    log: logs/inference/nlminb/simulation_GenerationMixturefewersignaturespairedTMBcorBoneOsteosarcPCAWG_50_200_80_4_-8_ModelsingleREDM_NA_NA_NA_dataset0.log
    jobid: 212
    wildcards: optimiser=nlminb, datasetgeneration=GenerationMixturefewersignaturespairedTMBcorBoneOsteosarcPCAWG, n=50, nlambda=200, lmbda=80, d=4, beta_intensity=-8, model=singleREDM, fixed_beta_intercept=NA, fixed_beta_slope=NA, sdRE_input=NA, itnum=0

Rscript 2_inference_TMB/run_TMB.R --input ../data/assessing_models_simulation/datasets/multiple_GenerationMixturefewersignaturespairedTMBcorBoneOsteosarcPCAWG_50_200_80_4_-8_NA_NA_NA_dataset0.RDS --output ../data/assessing_models_simulation/inference_results/TMB/nlminb/multiple_GenerationMixturefewersignaturespairedTMBcorBoneOsteosarcPCAWG_50_200_80_4_-8_singleREDM_NA_NA_NA_dataset0.RDS --model singleREDM --optimiser nlminb  --use_previous_run_startingvals T
[Fri Sep  9 16:36:56 2022]
Finished job 212.
28 of 299 steps (9%) done

[Fri Sep  9 16:36:56 2022]
rule inference_simulation_TMB_multiple:
    input: ../data/assessing_models_simulation/datasets/multiple_GenerationMixturefewersignaturespairedTMBcorBoneOsteosarcPCAWG_50_200_80_4_-8_NA_NA_NA_dataset0.RDS
    output: ../data/assessing_models_simulation/inference_results/TMB/nlminb/multiple_GenerationMixturefewersignaturespairedTMBcorBoneOsteosarcPCAWG_50_200_80_4_-8_diagREDM_NA_NA_NA_dataset0.RDS
    log: logs/inference/nlminb/simulation_GenerationMixturefewersignaturespairedTMBcorBoneOsteosarcPCAWG_50_200_80_4_-8_ModeldiagREDM_NA_NA_NA_dataset0.log
    jobid: 113
    wildcards: optimiser=nlminb, datasetgeneration=GenerationMixturefewersignaturespairedTMBcorBoneOsteosarcPCAWG, n=50, nlambda=200, lmbda=80, d=4, beta_intensity=-8, model=diagREDM, fixed_beta_intercept=NA, fixed_beta_slope=NA, sdRE_input=NA, itnum=0

Rscript 2_inference_TMB/run_TMB.R --input ../data/assessing_models_simulation/datasets/multiple_GenerationMixturefewersignaturespairedTMBcorBoneOsteosarcPCAWG_50_200_80_4_-8_NA_NA_NA_dataset0.RDS --output ../data/assessing_models_simulation/inference_results/TMB/nlminb/multiple_GenerationMixturefewersignaturespairedTMBcorBoneOsteosarcPCAWG_50_200_80_4_-8_diagREDM_NA_NA_NA_dataset0.RDS --model diagREDM --optimiser nlminb  --use_previous_run_startingvals T
[Fri Sep  9 16:37:02 2022]
Finished job 113.
29 of 299 steps (10%) done

[Fri Sep  9 16:37:02 2022]
rule inference_simulation_TMB_multiple:
    input: ../data/assessing_models_simulation/datasets/multiple_GenerationMixturefewersignaturespairedTMBcorBoneOsteosarcPCAWG_50_200_80_4_-8_NA_NA_NA_dataset0.RDS
    output: ../data/assessing_models_simulation/inference_results/TMB/nlminb/multiple_GenerationMixturefewersignaturespairedTMBcorBoneOsteosarcPCAWG_50_200_80_4_-8_fullREM_NA_NA_NA_dataset0.RDS
    log: logs/inference/nlminb/simulation_GenerationMixturefewersignaturespairedTMBcorBoneOsteosarcPCAWG_50_200_80_4_-8_ModelfullREM_NA_NA_NA_dataset0.log
    jobid: 14
    wildcards: optimiser=nlminb, datasetgeneration=GenerationMixturefewersignaturespairedTMBcorBoneOsteosarcPCAWG, n=50, nlambda=200, lmbda=80, d=4, beta_intensity=-8, model=fullREM, fixed_beta_intercept=NA, fixed_beta_slope=NA, sdRE_input=NA, itnum=0

Rscript 2_inference_TMB/run_TMB.R --input ../data/assessing_models_simulation/datasets/multiple_GenerationMixturefewersignaturespairedTMBcorBoneOsteosarcPCAWG_50_200_80_4_-8_NA_NA_NA_dataset0.RDS --output ../data/assessing_models_simulation/inference_results/TMB/nlminb/multiple_GenerationMixturefewersignaturespairedTMBcorBoneOsteosarcPCAWG_50_200_80_4_-8_fullREM_NA_NA_NA_dataset0.RDS --model fullREM --optimiser nlminb  --use_previous_run_startingvals T
[Fri Sep  9 16:37:06 2022]
Finished job 14.
30 of 299 steps (10%) done

[Fri Sep  9 16:37:06 2022]
rule simulate_for_comparison_multiple:
    input: ../data/assessing_models_simulation/GenerationMixturefewersignaturespairedTMBcorBoneOsteosarcPCAWG
    output: ../data/assessing_models_simulation/datasets/multiple_GenerationMixturefewersignaturespairedTMBcorBoneOsteosarcPCAWG_200_200_80_4_-999_NA_NA_NA_dataset2.RDS
    jobid: 370
    wildcards: datasetgeneration=GenerationMixturefewersignaturespairedTMBcorBoneOsteosarcPCAWG, n=200, nlambda=200, lmbda=80, d=4, beta_intensity=-999, fixed_beta_intercept=NA, fixed_beta_slope=NA, sdRE_input=NA, itnum=2

Rscript --vanilla 3_analysis/simulation_model_assessment/generate_datasets_simulations/GenerationMixturefewersignaturespairedTMBcorBoneOsteosarcPCAWG.R --input ../data/assessing_models_simulation/GenerationMixturefewersignaturespairedTMBcorBoneOsteosarcPCAWG --d 4 --n 200 --nlambda 200 --lambda 80 --beta_gamma_shape -999 --outfile ../data/assessing_models_simulation/datasets/multiple_GenerationMixturefewersignaturespairedTMBcorBoneOsteosarcPCAWG_200_200_80_4_-999_NA_NA_NA_dataset2.RDS --beta_intercept_input NA --beta_slope_input NA --sdRE_input NA
[Fri Sep  9 16:37:07 2022]
Finished job 370.
31 of 299 steps (10%) done

[Fri Sep  9 16:37:07 2022]
rule inference_simulation_TMB_multiple:
    input: ../data/assessing_models_simulation/datasets/multiple_GenerationMixturefewersignaturespairedTMBcorBoneOsteosarcPCAWG_200_200_80_4_-999_NA_NA_NA_dataset2.RDS
    output: ../data/assessing_models_simulation/inference_results/TMB/nlminb/multiple_GenerationMixturefewersignaturespairedTMBcorBoneOsteosarcPCAWG_200_200_80_4_-999_singleREDM_NA_NA_NA_dataset2.RDS
    log: logs/inference/nlminb/simulation_GenerationMixturefewersignaturespairedTMBcorBoneOsteosarcPCAWG_200_200_80_4_-999_ModelsingleREDM_NA_NA_NA_dataset2.log
    jobid: 271
    wildcards: optimiser=nlminb, datasetgeneration=GenerationMixturefewersignaturespairedTMBcorBoneOsteosarcPCAWG, n=200, nlambda=200, lmbda=80, d=4, beta_intensity=-999, model=singleREDM, fixed_beta_intercept=NA, fixed_beta_slope=NA, sdRE_input=NA, itnum=2

Rscript 2_inference_TMB/run_TMB.R --input ../data/assessing_models_simulation/datasets/multiple_GenerationMixturefewersignaturespairedTMBcorBoneOsteosarcPCAWG_200_200_80_4_-999_NA_NA_NA_dataset2.RDS --output ../data/assessing_models_simulation/inference_results/TMB/nlminb/multiple_GenerationMixturefewersignaturespairedTMBcorBoneOsteosarcPCAWG_200_200_80_4_-999_singleREDM_NA_NA_NA_dataset2.RDS --model singleREDM --optimiser nlminb  --use_previous_run_startingvals T
[Fri Sep  9 16:37:15 2022]
Finished job 271.
32 of 299 steps (11%) done

[Fri Sep  9 16:37:15 2022]
rule inference_simulation_TMB_multiple:
    input: ../data/assessing_models_simulation/datasets/multiple_GenerationMixturefewersignaturespairedTMBcorBoneOsteosarcPCAWG_200_200_80_4_-999_NA_NA_NA_dataset2.RDS
    output: ../data/assessing_models_simulation/inference_results/TMB/nlminb/multiple_GenerationMixturefewersignaturespairedTMBcorBoneOsteosarcPCAWG_200_200_80_4_-999_diagREDM_NA_NA_NA_dataset2.RDS
    log: logs/inference/nlminb/simulation_GenerationMixturefewersignaturespairedTMBcorBoneOsteosarcPCAWG_200_200_80_4_-999_ModeldiagREDM_NA_NA_NA_dataset2.log
    jobid: 172
    wildcards: optimiser=nlminb, datasetgeneration=GenerationMixturefewersignaturespairedTMBcorBoneOsteosarcPCAWG, n=200, nlambda=200, lmbda=80, d=4, beta_intensity=-999, model=diagREDM, fixed_beta_intercept=NA, fixed_beta_slope=NA, sdRE_input=NA, itnum=2

Rscript 2_inference_TMB/run_TMB.R --input ../data/assessing_models_simulation/datasets/multiple_GenerationMixturefewersignaturespairedTMBcorBoneOsteosarcPCAWG_200_200_80_4_-999_NA_NA_NA_dataset2.RDS --output ../data/assessing_models_simulation/inference_results/TMB/nlminb/multiple_GenerationMixturefewersignaturespairedTMBcorBoneOsteosarcPCAWG_200_200_80_4_-999_diagREDM_NA_NA_NA_dataset2.RDS --model diagREDM --optimiser nlminb  --use_previous_run_startingvals T
[Fri Sep  9 16:37:39 2022]
Finished job 172.
33 of 299 steps (11%) done

[Fri Sep  9 16:37:39 2022]
rule inference_simulation_TMB_multiple:
    input: ../data/assessing_models_simulation/datasets/multiple_GenerationMixturefewersignaturespairedTMBcorBoneOsteosarcPCAWG_200_200_80_4_-999_NA_NA_NA_dataset2.RDS
    output: ../data/assessing_models_simulation/inference_results/TMB/nlminb/multiple_GenerationMixturefewersignaturespairedTMBcorBoneOsteosarcPCAWG_200_200_80_4_-999_fullREM_NA_NA_NA_dataset2.RDS
    log: logs/inference/nlminb/simulation_GenerationMixturefewersignaturespairedTMBcorBoneOsteosarcPCAWG_200_200_80_4_-999_ModelfullREM_NA_NA_NA_dataset2.log
    jobid: 73
    wildcards: optimiser=nlminb, datasetgeneration=GenerationMixturefewersignaturespairedTMBcorBoneOsteosarcPCAWG, n=200, nlambda=200, lmbda=80, d=4, beta_intensity=-999, model=fullREM, fixed_beta_intercept=NA, fixed_beta_slope=NA, sdRE_input=NA, itnum=2

Rscript 2_inference_TMB/run_TMB.R --input ../data/assessing_models_simulation/datasets/multiple_GenerationMixturefewersignaturespairedTMBcorBoneOsteosarcPCAWG_200_200_80_4_-999_NA_NA_NA_dataset2.RDS --output ../data/assessing_models_simulation/inference_results/TMB/nlminb/multiple_GenerationMixturefewersignaturespairedTMBcorBoneOsteosarcPCAWG_200_200_80_4_-999_fullREM_NA_NA_NA_dataset2.RDS --model fullREM --optimiser nlminb  --use_previous_run_startingvals T
[Fri Sep  9 16:37:48 2022]
Finished job 73.
34 of 299 steps (11%) done

[Fri Sep  9 16:37:48 2022]
rule simulate_for_comparison_multiple:
    input: ../data/assessing_models_simulation/GenerationMixturefewersignaturespairedTMBcorBoneOsteosarcPCAWG
    output: ../data/assessing_models_simulation/datasets/multiple_GenerationMixturefewersignaturespairedTMBcorBoneOsteosarcPCAWG_100_200_80_4_-4_NA_NA_NA_dataset0.RDS
    jobid: 347
    wildcards: datasetgeneration=GenerationMixturefewersignaturespairedTMBcorBoneOsteosarcPCAWG, n=100, nlambda=200, lmbda=80, d=4, beta_intensity=-4, fixed_beta_intercept=NA, fixed_beta_slope=NA, sdRE_input=NA, itnum=0

Rscript --vanilla 3_analysis/simulation_model_assessment/generate_datasets_simulations/GenerationMixturefewersignaturespairedTMBcorBoneOsteosarcPCAWG.R --input ../data/assessing_models_simulation/GenerationMixturefewersignaturespairedTMBcorBoneOsteosarcPCAWG --d 4 --n 100 --nlambda 200 --lambda 80 --beta_gamma_shape -4 --outfile ../data/assessing_models_simulation/datasets/multiple_GenerationMixturefewersignaturespairedTMBcorBoneOsteosarcPCAWG_100_200_80_4_-4_NA_NA_NA_dataset0.RDS --beta_intercept_input NA --beta_slope_input NA --sdRE_input NA
[Fri Sep  9 16:37:49 2022]
Finished job 347.
35 of 299 steps (12%) done

[Fri Sep  9 16:37:49 2022]
rule inference_simulation_TMB_multiple:
    input: ../data/assessing_models_simulation/datasets/multiple_GenerationMixturefewersignaturespairedTMBcorBoneOsteosarcPCAWG_100_200_80_4_-4_NA_NA_NA_dataset0.RDS
    output: ../data/assessing_models_simulation/inference_results/TMB/nlminb/multiple_GenerationMixturefewersignaturespairedTMBcorBoneOsteosarcPCAWG_100_200_80_4_-4_singleREDM_NA_NA_NA_dataset0.RDS
    log: logs/inference/nlminb/simulation_GenerationMixturefewersignaturespairedTMBcorBoneOsteosarcPCAWG_100_200_80_4_-4_ModelsingleREDM_NA_NA_NA_dataset0.log
    jobid: 248
    wildcards: optimiser=nlminb, datasetgeneration=GenerationMixturefewersignaturespairedTMBcorBoneOsteosarcPCAWG, n=100, nlambda=200, lmbda=80, d=4, beta_intensity=-4, model=singleREDM, fixed_beta_intercept=NA, fixed_beta_slope=NA, sdRE_input=NA, itnum=0

Rscript 2_inference_TMB/run_TMB.R --input ../data/assessing_models_simulation/datasets/multiple_GenerationMixturefewersignaturespairedTMBcorBoneOsteosarcPCAWG_100_200_80_4_-4_NA_NA_NA_dataset0.RDS --output ../data/assessing_models_simulation/inference_results/TMB/nlminb/multiple_GenerationMixturefewersignaturespairedTMBcorBoneOsteosarcPCAWG_100_200_80_4_-4_singleREDM_NA_NA_NA_dataset0.RDS --model singleREDM --optimiser nlminb  --use_previous_run_startingvals T
[Fri Sep  9 16:37:56 2022]
Finished job 248.
36 of 299 steps (12%) done

[Fri Sep  9 16:37:56 2022]
rule inference_simulation_TMB_multiple:
    input: ../data/assessing_models_simulation/datasets/multiple_GenerationMixturefewersignaturespairedTMBcorBoneOsteosarcPCAWG_100_200_80_4_-4_NA_NA_NA_dataset0.RDS
    output: ../data/assessing_models_simulation/inference_results/TMB/nlminb/multiple_GenerationMixturefewersignaturespairedTMBcorBoneOsteosarcPCAWG_100_200_80_4_-4_diagREDM_NA_NA_NA_dataset0.RDS
    log: logs/inference/nlminb/simulation_GenerationMixturefewersignaturespairedTMBcorBoneOsteosarcPCAWG_100_200_80_4_-4_ModeldiagREDM_NA_NA_NA_dataset0.log
    jobid: 149
    wildcards: optimiser=nlminb, datasetgeneration=GenerationMixturefewersignaturespairedTMBcorBoneOsteosarcPCAWG, n=100, nlambda=200, lmbda=80, d=4, beta_intensity=-4, model=diagREDM, fixed_beta_intercept=NA, fixed_beta_slope=NA, sdRE_input=NA, itnum=0

Rscript 2_inference_TMB/run_TMB.R --input ../data/assessing_models_simulation/datasets/multiple_GenerationMixturefewersignaturespairedTMBcorBoneOsteosarcPCAWG_100_200_80_4_-4_NA_NA_NA_dataset0.RDS --output ../data/assessing_models_simulation/inference_results/TMB/nlminb/multiple_GenerationMixturefewersignaturespairedTMBcorBoneOsteosarcPCAWG_100_200_80_4_-4_diagREDM_NA_NA_NA_dataset0.RDS --model diagREDM --optimiser nlminb  --use_previous_run_startingvals T
[Fri Sep  9 16:38:12 2022]
Finished job 149.
37 of 299 steps (12%) done

[Fri Sep  9 16:38:12 2022]
rule inference_simulation_TMB_multiple:
    input: ../data/assessing_models_simulation/datasets/multiple_GenerationMixturefewersignaturespairedTMBcorBoneOsteosarcPCAWG_100_200_80_4_-4_NA_NA_NA_dataset0.RDS
    output: ../data/assessing_models_simulation/inference_results/TMB/nlminb/multiple_GenerationMixturefewersignaturespairedTMBcorBoneOsteosarcPCAWG_100_200_80_4_-4_fullREM_NA_NA_NA_dataset0.RDS
    log: logs/inference/nlminb/simulation_GenerationMixturefewersignaturespairedTMBcorBoneOsteosarcPCAWG_100_200_80_4_-4_ModelfullREM_NA_NA_NA_dataset0.log
    jobid: 50
    wildcards: optimiser=nlminb, datasetgeneration=GenerationMixturefewersignaturespairedTMBcorBoneOsteosarcPCAWG, n=100, nlambda=200, lmbda=80, d=4, beta_intensity=-4, model=fullREM, fixed_beta_intercept=NA, fixed_beta_slope=NA, sdRE_input=NA, itnum=0

Rscript 2_inference_TMB/run_TMB.R --input ../data/assessing_models_simulation/datasets/multiple_GenerationMixturefewersignaturespairedTMBcorBoneOsteosarcPCAWG_100_200_80_4_-4_NA_NA_NA_dataset0.RDS --output ../data/assessing_models_simulation/inference_results/TMB/nlminb/multiple_GenerationMixturefewersignaturespairedTMBcorBoneOsteosarcPCAWG_100_200_80_4_-4_fullREM_NA_NA_NA_dataset0.RDS --model fullREM --optimiser nlminb  --use_previous_run_startingvals T
[Fri Sep  9 16:38:18 2022]
Finished job 50.
38 of 299 steps (13%) done

[Fri Sep  9 16:38:18 2022]
rule simulate_for_comparison_multiple:
    input: ../data/assessing_models_simulation/GenerationMixturefewersignaturespairedTMBcorBoneOsteosarcPCAWG
    output: ../data/assessing_models_simulation/datasets/multiple_GenerationMixturefewersignaturespairedTMBcorBoneOsteosarcPCAWG_100_200_80_4_-12_NA_NA_NA_dataset2.RDS
    jobid: 340
    wildcards: datasetgeneration=GenerationMixturefewersignaturespairedTMBcorBoneOsteosarcPCAWG, n=100, nlambda=200, lmbda=80, d=4, beta_intensity=-12, fixed_beta_intercept=NA, fixed_beta_slope=NA, sdRE_input=NA, itnum=2

Rscript --vanilla 3_analysis/simulation_model_assessment/generate_datasets_simulations/GenerationMixturefewersignaturespairedTMBcorBoneOsteosarcPCAWG.R --input ../data/assessing_models_simulation/GenerationMixturefewersignaturespairedTMBcorBoneOsteosarcPCAWG --d 4 --n 100 --nlambda 200 --lambda 80 --beta_gamma_shape -12 --outfile ../data/assessing_models_simulation/datasets/multiple_GenerationMixturefewersignaturespairedTMBcorBoneOsteosarcPCAWG_100_200_80_4_-12_NA_NA_NA_dataset2.RDS --beta_intercept_input NA --beta_slope_input NA --sdRE_input NA
[Fri Sep  9 16:38:19 2022]
Finished job 340.
39 of 299 steps (13%) done

[Fri Sep  9 16:38:19 2022]
rule inference_simulation_TMB_multiple:
    input: ../data/assessing_models_simulation/datasets/multiple_GenerationMixturefewersignaturespairedTMBcorBoneOsteosarcPCAWG_100_200_80_4_-12_NA_NA_NA_dataset2.RDS
    output: ../data/assessing_models_simulation/inference_results/TMB/nlminb/multiple_GenerationMixturefewersignaturespairedTMBcorBoneOsteosarcPCAWG_100_200_80_4_-12_singleREDM_NA_NA_NA_dataset2.RDS
    log: logs/inference/nlminb/simulation_GenerationMixturefewersignaturespairedTMBcorBoneOsteosarcPCAWG_100_200_80_4_-12_ModelsingleREDM_NA_NA_NA_dataset2.log
    jobid: 241
    wildcards: optimiser=nlminb, datasetgeneration=GenerationMixturefewersignaturespairedTMBcorBoneOsteosarcPCAWG, n=100, nlambda=200, lmbda=80, d=4, beta_intensity=-12, model=singleREDM, fixed_beta_intercept=NA, fixed_beta_slope=NA, sdRE_input=NA, itnum=2

Rscript 2_inference_TMB/run_TMB.R --input ../data/assessing_models_simulation/datasets/multiple_GenerationMixturefewersignaturespairedTMBcorBoneOsteosarcPCAWG_100_200_80_4_-12_NA_NA_NA_dataset2.RDS --output ../data/assessing_models_simulation/inference_results/TMB/nlminb/multiple_GenerationMixturefewersignaturespairedTMBcorBoneOsteosarcPCAWG_100_200_80_4_-12_singleREDM_NA_NA_NA_dataset2.RDS --model singleREDM --optimiser nlminb  --use_previous_run_startingvals T
[Fri Sep  9 16:38:24 2022]
Finished job 241.
40 of 299 steps (13%) done

[Fri Sep  9 16:38:24 2022]
rule inference_simulation_TMB_multiple:
    input: ../data/assessing_models_simulation/datasets/multiple_GenerationMixturefewersignaturespairedTMBcorBoneOsteosarcPCAWG_100_200_80_4_-12_NA_NA_NA_dataset2.RDS
    output: ../data/assessing_models_simulation/inference_results/TMB/nlminb/multiple_GenerationMixturefewersignaturespairedTMBcorBoneOsteosarcPCAWG_100_200_80_4_-12_diagREDM_NA_NA_NA_dataset2.RDS
    log: logs/inference/nlminb/simulation_GenerationMixturefewersignaturespairedTMBcorBoneOsteosarcPCAWG_100_200_80_4_-12_ModeldiagREDM_NA_NA_NA_dataset2.log
    jobid: 142
    wildcards: optimiser=nlminb, datasetgeneration=GenerationMixturefewersignaturespairedTMBcorBoneOsteosarcPCAWG, n=100, nlambda=200, lmbda=80, d=4, beta_intensity=-12, model=diagREDM, fixed_beta_intercept=NA, fixed_beta_slope=NA, sdRE_input=NA, itnum=2

Rscript 2_inference_TMB/run_TMB.R --input ../data/assessing_models_simulation/datasets/multiple_GenerationMixturefewersignaturespairedTMBcorBoneOsteosarcPCAWG_100_200_80_4_-12_NA_NA_NA_dataset2.RDS --output ../data/assessing_models_simulation/inference_results/TMB/nlminb/multiple_GenerationMixturefewersignaturespairedTMBcorBoneOsteosarcPCAWG_100_200_80_4_-12_diagREDM_NA_NA_NA_dataset2.RDS --model diagREDM --optimiser nlminb  --use_previous_run_startingvals T
[Fri Sep  9 16:38:37 2022]
Finished job 142.
41 of 299 steps (14%) done

[Fri Sep  9 16:38:37 2022]
rule inference_simulation_TMB_multiple:
    input: ../data/assessing_models_simulation/datasets/multiple_GenerationMixturefewersignaturespairedTMBcorBoneOsteosarcPCAWG_100_200_80_4_-12_NA_NA_NA_dataset2.RDS
    output: ../data/assessing_models_simulation/inference_results/TMB/nlminb/multiple_GenerationMixturefewersignaturespairedTMBcorBoneOsteosarcPCAWG_100_200_80_4_-12_fullREM_NA_NA_NA_dataset2.RDS
    log: logs/inference/nlminb/simulation_GenerationMixturefewersignaturespairedTMBcorBoneOsteosarcPCAWG_100_200_80_4_-12_ModelfullREM_NA_NA_NA_dataset2.log
    jobid: 43
    wildcards: optimiser=nlminb, datasetgeneration=GenerationMixturefewersignaturespairedTMBcorBoneOsteosarcPCAWG, n=100, nlambda=200, lmbda=80, d=4, beta_intensity=-12, model=fullREM, fixed_beta_intercept=NA, fixed_beta_slope=NA, sdRE_input=NA, itnum=2

Rscript 2_inference_TMB/run_TMB.R --input ../data/assessing_models_simulation/datasets/multiple_GenerationMixturefewersignaturespairedTMBcorBoneOsteosarcPCAWG_100_200_80_4_-12_NA_NA_NA_dataset2.RDS --output ../data/assessing_models_simulation/inference_results/TMB/nlminb/multiple_GenerationMixturefewersignaturespairedTMBcorBoneOsteosarcPCAWG_100_200_80_4_-12_fullREM_NA_NA_NA_dataset2.RDS --model fullREM --optimiser nlminb  --use_previous_run_startingvals T
[Fri Sep  9 16:38:43 2022]
Finished job 43.
42 of 299 steps (14%) done

[Fri Sep  9 16:38:43 2022]
rule simulate_for_comparison_multiple:
    input: ../data/assessing_models_simulation/GenerationMixturefewersignaturespairedTMBcorBoneOsteosarcPCAWG
    output: ../data/assessing_models_simulation/datasets/multiple_GenerationMixturefewersignaturespairedTMBcorBoneOsteosarcPCAWG_100_200_80_4_-12_NA_NA_NA_dataset1.RDS
    jobid: 339
    wildcards: datasetgeneration=GenerationMixturefewersignaturespairedTMBcorBoneOsteosarcPCAWG, n=100, nlambda=200, lmbda=80, d=4, beta_intensity=-12, fixed_beta_intercept=NA, fixed_beta_slope=NA, sdRE_input=NA, itnum=1

Rscript --vanilla 3_analysis/simulation_model_assessment/generate_datasets_simulations/GenerationMixturefewersignaturespairedTMBcorBoneOsteosarcPCAWG.R --input ../data/assessing_models_simulation/GenerationMixturefewersignaturespairedTMBcorBoneOsteosarcPCAWG --d 4 --n 100 --nlambda 200 --lambda 80 --beta_gamma_shape -12 --outfile ../data/assessing_models_simulation/datasets/multiple_GenerationMixturefewersignaturespairedTMBcorBoneOsteosarcPCAWG_100_200_80_4_-12_NA_NA_NA_dataset1.RDS --beta_intercept_input NA --beta_slope_input NA --sdRE_input NA
[Fri Sep  9 16:38:44 2022]
Finished job 339.
43 of 299 steps (14%) done

[Fri Sep  9 16:38:44 2022]
rule inference_simulation_TMB_multiple:
    input: ../data/assessing_models_simulation/datasets/multiple_GenerationMixturefewersignaturespairedTMBcorBoneOsteosarcPCAWG_100_200_80_4_-12_NA_NA_NA_dataset1.RDS
    output: ../data/assessing_models_simulation/inference_results/TMB/nlminb/multiple_GenerationMixturefewersignaturespairedTMBcorBoneOsteosarcPCAWG_100_200_80_4_-12_singleREDM_NA_NA_NA_dataset1.RDS
    log: logs/inference/nlminb/simulation_GenerationMixturefewersignaturespairedTMBcorBoneOsteosarcPCAWG_100_200_80_4_-12_ModelsingleREDM_NA_NA_NA_dataset1.log
    jobid: 240
    wildcards: optimiser=nlminb, datasetgeneration=GenerationMixturefewersignaturespairedTMBcorBoneOsteosarcPCAWG, n=100, nlambda=200, lmbda=80, d=4, beta_intensity=-12, model=singleREDM, fixed_beta_intercept=NA, fixed_beta_slope=NA, sdRE_input=NA, itnum=1

Rscript 2_inference_TMB/run_TMB.R --input ../data/assessing_models_simulation/datasets/multiple_GenerationMixturefewersignaturespairedTMBcorBoneOsteosarcPCAWG_100_200_80_4_-12_NA_NA_NA_dataset1.RDS --output ../data/assessing_models_simulation/inference_results/TMB/nlminb/multiple_GenerationMixturefewersignaturespairedTMBcorBoneOsteosarcPCAWG_100_200_80_4_-12_singleREDM_NA_NA_NA_dataset1.RDS --model singleREDM --optimiser nlminb  --use_previous_run_startingvals T
[Fri Sep  9 16:38:49 2022]
Finished job 240.
44 of 299 steps (15%) done

[Fri Sep  9 16:38:49 2022]
rule inference_simulation_TMB_multiple:
    input: ../data/assessing_models_simulation/datasets/multiple_GenerationMixturefewersignaturespairedTMBcorBoneOsteosarcPCAWG_100_200_80_4_-12_NA_NA_NA_dataset1.RDS
    output: ../data/assessing_models_simulation/inference_results/TMB/nlminb/multiple_GenerationMixturefewersignaturespairedTMBcorBoneOsteosarcPCAWG_100_200_80_4_-12_diagREDM_NA_NA_NA_dataset1.RDS
    log: logs/inference/nlminb/simulation_GenerationMixturefewersignaturespairedTMBcorBoneOsteosarcPCAWG_100_200_80_4_-12_ModeldiagREDM_NA_NA_NA_dataset1.log
    jobid: 141
    wildcards: optimiser=nlminb, datasetgeneration=GenerationMixturefewersignaturespairedTMBcorBoneOsteosarcPCAWG, n=100, nlambda=200, lmbda=80, d=4, beta_intensity=-12, model=diagREDM, fixed_beta_intercept=NA, fixed_beta_slope=NA, sdRE_input=NA, itnum=1

Rscript 2_inference_TMB/run_TMB.R --input ../data/assessing_models_simulation/datasets/multiple_GenerationMixturefewersignaturespairedTMBcorBoneOsteosarcPCAWG_100_200_80_4_-12_NA_NA_NA_dataset1.RDS --output ../data/assessing_models_simulation/inference_results/TMB/nlminb/multiple_GenerationMixturefewersignaturespairedTMBcorBoneOsteosarcPCAWG_100_200_80_4_-12_diagREDM_NA_NA_NA_dataset1.RDS --model diagREDM --optimiser nlminb  --use_previous_run_startingvals T
[Fri Sep  9 16:39:01 2022]
Error in rule inference_simulation_TMB_multiple:
    jobid: 141
    output: ../data/assessing_models_simulation/inference_results/TMB/nlminb/multiple_GenerationMixturefewersignaturespairedTMBcorBoneOsteosarcPCAWG_100_200_80_4_-12_diagREDM_NA_NA_NA_dataset1.RDS
    log: logs/inference/nlminb/simulation_GenerationMixturefewersignaturespairedTMBcorBoneOsteosarcPCAWG_100_200_80_4_-12_ModeldiagREDM_NA_NA_NA_dataset1.log (check log file(s) for error message)
    shell:
        Rscript 2_inference_TMB/run_TMB.R --input ../data/assessing_models_simulation/datasets/multiple_GenerationMixturefewersignaturespairedTMBcorBoneOsteosarcPCAWG_100_200_80_4_-12_NA_NA_NA_dataset1.RDS --output ../data/assessing_models_simulation/inference_results/TMB/nlminb/multiple_GenerationMixturefewersignaturespairedTMBcorBoneOsteosarcPCAWG_100_200_80_4_-12_diagREDM_NA_NA_NA_dataset1.RDS --model diagREDM --optimiser nlminb  --use_previous_run_startingvals T

Shutting down, this might take some time.
Exiting because a job execution failed. Look above for error message
Complete log: /Users/morril01/Documents/PhD/GlobalDA/code/.snakemake/log/2022-09-09T163448.262614.snakemake.log
