Building DAG of jobs...
Using shell: /usr/local/bin/bash
Provided cores: 1
Rules claiming more threads will be scaled down.
Job counts:
	count	jobs
	1	all
	1	analyse_simulation_TMB_multiple
	1	analyse_simulation_TMB_multiple_integrate
	6614	inference_simulation_TMB_multiple
	6617

[Wed Aug 31 16:45:36 2022]
rule inference_simulation_TMB_multiple:
    input: ../data/assessing_models_simulation/datasets/multiple_GenerationJnormChangingNmBTwoLambdasOneChangingBeta_100_120_80_6_0.6_NA_NA_NA_dataset6.RDS
    output: ../data/assessing_models_simulation/inference_results/TMB/nlminb/multiple_GenerationJnormChangingNmBTwoLambdasOneChangingBeta_100_120_80_6_0.6_fullREDMsinglelambda_NA_NA_NA_dataset6.RDS
    log: logs/inference/nlminb/simulation_GenerationJnormChangingNmBTwoLambdasOneChangingBeta_100_120_80_6_0.6_ModelfullREDMsinglelambda_NA_NA_NA_dataset6.log
    jobid: 26312
    wildcards: optimiser=nlminb, datasetgeneration=GenerationJnormChangingNmBTwoLambdasOneChangingBeta, n=100, nlambda=120, lmbda=80, d=6, beta_intensity=0.6, model=fullREDMsinglelambda, fixed_beta_intercept=NA, fixed_beta_slope=NA, sdRE_input=NA, itnum=6

Rscript 2_inference_TMB/run_TMB.R --input ../data/assessing_models_simulation/datasets/multiple_GenerationJnormChangingNmBTwoLambdasOneChangingBeta_100_120_80_6_0.6_NA_NA_NA_dataset6.RDS --output ../data/assessing_models_simulation/inference_results/TMB/nlminb/multiple_GenerationJnormChangingNmBTwoLambdasOneChangingBeta_100_120_80_6_0.6_fullREDMsinglelambda_NA_NA_NA_dataset6.RDS --model fullREDMsinglelambda --optimiser nlminb  --use_previous_run_startingvals T
[Wed Aug 31 16:46:01 2022]
Finished job 26312.
1 of 6617 steps (0.02%) done

[Wed Aug 31 16:46:01 2022]
rule inference_simulation_TMB_multiple:
    input: ../data/assessing_models_simulation/datasets/multiple_GenerationJnormChangingNmBTwoLambdasOneChangingBeta_100_120_80_6_0.3_NA_NA_NA_dataset7.RDS
    output: ../data/assessing_models_simulation/inference_results/TMB/nlminb/multiple_GenerationJnormChangingNmBTwoLambdasOneChangingBeta_100_120_80_6_0.3_fullREDMsinglelambda_NA_NA_NA_dataset7.RDS
    log: logs/inference/nlminb/simulation_GenerationJnormChangingNmBTwoLambdasOneChangingBeta_100_120_80_6_0.3_ModelfullREDMsinglelambda_NA_NA_NA_dataset7.log
    jobid: 26303
    wildcards: optimiser=nlminb, datasetgeneration=GenerationJnormChangingNmBTwoLambdasOneChangingBeta, n=100, nlambda=120, lmbda=80, d=6, beta_intensity=0.3, model=fullREDMsinglelambda, fixed_beta_intercept=NA, fixed_beta_slope=NA, sdRE_input=NA, itnum=7

Rscript 2_inference_TMB/run_TMB.R --input ../data/assessing_models_simulation/datasets/multiple_GenerationJnormChangingNmBTwoLambdasOneChangingBeta_100_120_80_6_0.3_NA_NA_NA_dataset7.RDS --output ../data/assessing_models_simulation/inference_results/TMB/nlminb/multiple_GenerationJnormChangingNmBTwoLambdasOneChangingBeta_100_120_80_6_0.3_fullREDMsinglelambda_NA_NA_NA_dataset7.RDS --model fullREDMsinglelambda --optimiser nlminb  --use_previous_run_startingvals T
[Wed Aug 31 16:46:29 2022]
Finished job 26303.
2 of 6617 steps (0.03%) done

[Wed Aug 31 16:46:29 2022]
rule inference_simulation_TMB_multiple:
    input: ../data/assessing_models_simulation/datasets/multiple_GenerationJnormChangingNmBTwoLambdasOneChangingBeta_100_120_80_6_0.6_NA_NA_NA_dataset1.RDS
    output: ../data/assessing_models_simulation/inference_results/TMB/nlminb/multiple_GenerationJnormChangingNmBTwoLambdasOneChangingBeta_100_120_80_6_0.6_fullREDMsinglelambda_NA_NA_NA_dataset1.RDS
    log: logs/inference/nlminb/simulation_GenerationJnormChangingNmBTwoLambdasOneChangingBeta_100_120_80_6_0.6_ModelfullREDMsinglelambda_NA_NA_NA_dataset1.log
    jobid: 26307
    wildcards: optimiser=nlminb, datasetgeneration=GenerationJnormChangingNmBTwoLambdasOneChangingBeta, n=100, nlambda=120, lmbda=80, d=6, beta_intensity=0.6, model=fullREDMsinglelambda, fixed_beta_intercept=NA, fixed_beta_slope=NA, sdRE_input=NA, itnum=1

Rscript 2_inference_TMB/run_TMB.R --input ../data/assessing_models_simulation/datasets/multiple_GenerationJnormChangingNmBTwoLambdasOneChangingBeta_100_120_80_6_0.6_NA_NA_NA_dataset1.RDS --output ../data/assessing_models_simulation/inference_results/TMB/nlminb/multiple_GenerationJnormChangingNmBTwoLambdasOneChangingBeta_100_120_80_6_0.6_fullREDMsinglelambda_NA_NA_NA_dataset1.RDS --model fullREDMsinglelambda --optimiser nlminb  --use_previous_run_startingvals T
[Wed Aug 31 16:47:00 2022]
Error in rule inference_simulation_TMB_multiple:
    jobid: 26307
    output: ../data/assessing_models_simulation/inference_results/TMB/nlminb/multiple_GenerationJnormChangingNmBTwoLambdasOneChangingBeta_100_120_80_6_0.6_fullREDMsinglelambda_NA_NA_NA_dataset1.RDS
    log: logs/inference/nlminb/simulation_GenerationJnormChangingNmBTwoLambdasOneChangingBeta_100_120_80_6_0.6_ModelfullREDMsinglelambda_NA_NA_NA_dataset1.log (check log file(s) for error message)
    shell:
        Rscript 2_inference_TMB/run_TMB.R --input ../data/assessing_models_simulation/datasets/multiple_GenerationJnormChangingNmBTwoLambdasOneChangingBeta_100_120_80_6_0.6_NA_NA_NA_dataset1.RDS --output ../data/assessing_models_simulation/inference_results/TMB/nlminb/multiple_GenerationJnormChangingNmBTwoLambdasOneChangingBeta_100_120_80_6_0.6_fullREDMsinglelambda_NA_NA_NA_dataset1.RDS --model fullREDMsinglelambda --optimiser nlminb  --use_previous_run_startingvals T

Shutting down, this might take some time.
Exiting because a job execution failed. Look above for error message
Complete log: /Users/morril01/Documents/PhD/GlobalDA/code/.snakemake/log/2022-08-31T164337.200336.snakemake.log
