Building DAG of jobs...
Using shell: /usr/local/bin/bash
Provided cores: 1
Rules claiming more threads will be scaled down.
Job counts:
	count	jobs
	1	all
	3	analyse_simulation_TMB_multiple
	1	analyse_simulation_TMB_multiple_integrate
	2428	inference_simulation_TMB_multiple
	809	simulate_for_comparison_multiple
	3242

[Fri Aug 26 07:52:53 2022]
rule inference_simulation_TMB_multiple:
    input: ../data/assessing_models_simulation/datasets/multiple_GenerationJnormChangingNmBTwoLambdasOneChangingBeta_20_120_80_6_0.6_NA_NA_NA_dataset2.RDS
    output: ../data/assessing_models_simulation/inference_results/TMB/nlminb/multiple_GenerationJnormChangingNmBTwoLambdasOneChangingBeta_20_120_80_6_0.6_fullREM_NA_NA_NA_dataset2.RDS
    log: logs/inference/nlminb/simulation_GenerationJnormChangingNmBTwoLambdasOneChangingBeta_20_120_80_6_0.6_ModelfullREM_NA_NA_NA_dataset2.log
    jobid: 1107
    wildcards: optimiser=nlminb, datasetgeneration=GenerationJnormChangingNmBTwoLambdasOneChangingBeta, n=20, nlambda=120, lmbda=80, d=6, beta_intensity=0.6, model=fullREM, fixed_beta_intercept=NA, fixed_beta_slope=NA, sdRE_input=NA, itnum=2

Rscript 2_inference_TMB/run_TMB.R --input ../data/assessing_models_simulation/datasets/multiple_GenerationJnormChangingNmBTwoLambdasOneChangingBeta_20_120_80_6_0.6_NA_NA_NA_dataset2.RDS --output ../data/assessing_models_simulation/inference_results/TMB/nlminb/multiple_GenerationJnormChangingNmBTwoLambdasOneChangingBeta_20_120_80_6_0.6_fullREM_NA_NA_NA_dataset2.RDS --model fullREM --optimiser nlminb  --use_previous_run_startingvals T
[Fri Aug 26 07:52:56 2022]
Finished job 1107.
1 of 3242 steps (0.03%) done

[Fri Aug 26 07:52:56 2022]
rule simulate_for_comparison_multiple:
    input: ../data/assessing_models_simulation/GenerationJnormChangingNmBTwoLambdasOneChangingBeta
    output: ../data/assessing_models_simulation/datasets/multiple_GenerationJnormChangingNmBTwoLambdasOneChangingBeta_20_160_80_3_0.3_NA_NA_NA_dataset5.RDS
    jobid: 21610
    wildcards: datasetgeneration=GenerationJnormChangingNmBTwoLambdasOneChangingBeta, n=20, nlambda=160, lmbda=80, d=3, beta_intensity=0.3, fixed_beta_intercept=NA, fixed_beta_slope=NA, sdRE_input=NA, itnum=5

Rscript --vanilla 3_analysis/simulation_model_assessment/generate_datasets_simulations/GenerationJnormChangingNmBTwoLambdasOneChangingBeta.R --input ../data/assessing_models_simulation/GenerationJnormChangingNmBTwoLambdasOneChangingBeta --d 3 --n 20 --nlambda 160 --lambda 80 --beta_gamma_shape 0.3 --outfile ../data/assessing_models_simulation/datasets/multiple_GenerationJnormChangingNmBTwoLambdasOneChangingBeta_20_160_80_3_0.3_NA_NA_NA_dataset5.RDS --beta_intercept_input NA --beta_slope_input NA --sdRE_input NA
[Fri Aug 26 07:52:58 2022]
Finished job 21610.
2 of 3242 steps (0.06%) done

[Fri Aug 26 07:52:58 2022]
rule inference_simulation_TMB_multiple:
    input: ../data/assessing_models_simulation/datasets/multiple_GenerationJnormChangingNmBTwoLambdasOneChangingBeta_20_160_80_3_0.3_NA_NA_NA_dataset5.RDS
    output: ../data/assessing_models_simulation/inference_results/TMB/nlminb/multiple_GenerationJnormChangingNmBTwoLambdasOneChangingBeta_20_160_80_3_0.3_singleREDM_NA_NA_NA_dataset5.RDS
    log: logs/inference/nlminb/simulation_GenerationJnormChangingNmBTwoLambdasOneChangingBeta_20_160_80_3_0.3_ModelsingleREDM_NA_NA_NA_dataset5.log
    jobid: 14890
    wildcards: optimiser=nlminb, datasetgeneration=GenerationJnormChangingNmBTwoLambdasOneChangingBeta, n=20, nlambda=160, lmbda=80, d=3, beta_intensity=0.3, model=singleREDM, fixed_beta_intercept=NA, fixed_beta_slope=NA, sdRE_input=NA, itnum=5

Rscript 2_inference_TMB/run_TMB.R --input ../data/assessing_models_simulation/datasets/multiple_GenerationJnormChangingNmBTwoLambdasOneChangingBeta_20_160_80_3_0.3_NA_NA_NA_dataset5.RDS --output ../data/assessing_models_simulation/inference_results/TMB/nlminb/multiple_GenerationJnormChangingNmBTwoLambdasOneChangingBeta_20_160_80_3_0.3_singleREDM_NA_NA_NA_dataset5.RDS --model singleREDM --optimiser nlminb  --use_previous_run_startingvals T
[Fri Aug 26 07:53:00 2022]
Finished job 14890.
3 of 3242 steps (0.09%) done

[Fri Aug 26 07:53:00 2022]
rule inference_simulation_TMB_multiple:
    input: ../data/assessing_models_simulation/datasets/multiple_GenerationJnormChangingNmBTwoLambdasOneChangingBeta_20_160_80_3_0.3_NA_NA_NA_dataset5.RDS
    output: ../data/assessing_models_simulation/inference_results/TMB/nlminb/multiple_GenerationJnormChangingNmBTwoLambdasOneChangingBeta_20_160_80_3_0.3_fullREM_NA_NA_NA_dataset5.RDS
    log: logs/inference/nlminb/simulation_GenerationJnormChangingNmBTwoLambdasOneChangingBeta_20_160_80_3_0.3_ModelfullREM_NA_NA_NA_dataset5.log
    jobid: 1450
    wildcards: optimiser=nlminb, datasetgeneration=GenerationJnormChangingNmBTwoLambdasOneChangingBeta, n=20, nlambda=160, lmbda=80, d=3, beta_intensity=0.3, model=fullREM, fixed_beta_intercept=NA, fixed_beta_slope=NA, sdRE_input=NA, itnum=5

Rscript 2_inference_TMB/run_TMB.R --input ../data/assessing_models_simulation/datasets/multiple_GenerationJnormChangingNmBTwoLambdasOneChangingBeta_20_160_80_3_0.3_NA_NA_NA_dataset5.RDS --output ../data/assessing_models_simulation/inference_results/TMB/nlminb/multiple_GenerationJnormChangingNmBTwoLambdasOneChangingBeta_20_160_80_3_0.3_fullREM_NA_NA_NA_dataset5.RDS --model fullREM --optimiser nlminb  --use_previous_run_startingvals T
[Fri Aug 26 07:53:02 2022]
Finished job 1450.
4 of 3242 steps (0.12%) done

[Fri Aug 26 07:53:02 2022]
rule inference_simulation_TMB_multiple:
    input: ../data/assessing_models_simulation/datasets/multiple_GenerationJnormChangingNmBTwoLambdasOneChangingBeta_20_160_80_3_0.3_NA_NA_NA_dataset5.RDS
    output: ../data/assessing_models_simulation/inference_results/TMB/nlminb/multiple_GenerationJnormChangingNmBTwoLambdasOneChangingBeta_20_160_80_3_0.3_diagREDM_NA_NA_NA_dataset5.RDS
    log: logs/inference/nlminb/simulation_GenerationJnormChangingNmBTwoLambdasOneChangingBeta_20_160_80_3_0.3_ModeldiagREDM_NA_NA_NA_dataset5.log
    jobid: 8170
    wildcards: optimiser=nlminb, datasetgeneration=GenerationJnormChangingNmBTwoLambdasOneChangingBeta, n=20, nlambda=160, lmbda=80, d=3, beta_intensity=0.3, model=diagREDM, fixed_beta_intercept=NA, fixed_beta_slope=NA, sdRE_input=NA, itnum=5

Rscript 2_inference_TMB/run_TMB.R --input ../data/assessing_models_simulation/datasets/multiple_GenerationJnormChangingNmBTwoLambdasOneChangingBeta_20_160_80_3_0.3_NA_NA_NA_dataset5.RDS --output ../data/assessing_models_simulation/inference_results/TMB/nlminb/multiple_GenerationJnormChangingNmBTwoLambdasOneChangingBeta_20_160_80_3_0.3_diagREDM_NA_NA_NA_dataset5.RDS --model diagREDM --optimiser nlminb  --use_previous_run_startingvals T
[Fri Aug 26 07:53:04 2022]
Finished job 8170.
5 of 3242 steps (0.15%) done

[Fri Aug 26 07:53:04 2022]
rule simulate_for_comparison_multiple:
    input: ../data/assessing_models_simulation/GenerationJnormChangingNmBTwoLambdasOneChangingBeta
    output: ../data/assessing_models_simulation/datasets/multiple_GenerationJnormChangingNmBTwoLambdasOneChangingBeta_20_160_80_5_0.3_NA_NA_NA_dataset3.RDS
    jobid: 21748
    wildcards: datasetgeneration=GenerationJnormChangingNmBTwoLambdasOneChangingBeta, n=20, nlambda=160, lmbda=80, d=5, beta_intensity=0.3, fixed_beta_intercept=NA, fixed_beta_slope=NA, sdRE_input=NA, itnum=3

Rscript --vanilla 3_analysis/simulation_model_assessment/generate_datasets_simulations/GenerationJnormChangingNmBTwoLambdasOneChangingBeta.R --input ../data/assessing_models_simulation/GenerationJnormChangingNmBTwoLambdasOneChangingBeta --d 5 --n 20 --nlambda 160 --lambda 80 --beta_gamma_shape 0.3 --outfile ../data/assessing_models_simulation/datasets/multiple_GenerationJnormChangingNmBTwoLambdasOneChangingBeta_20_160_80_5_0.3_NA_NA_NA_dataset3.RDS --beta_intercept_input NA --beta_slope_input NA --sdRE_input NA
[Fri Aug 26 07:53:06 2022]
Finished job 21748.
6 of 3242 steps (0.19%) done

[Fri Aug 26 07:53:06 2022]
rule inference_simulation_TMB_multiple:
    input: ../data/assessing_models_simulation/datasets/multiple_GenerationJnormChangingNmBTwoLambdasOneChangingBeta_20_160_80_5_0.3_NA_NA_NA_dataset3.RDS
    output: ../data/assessing_models_simulation/inference_results/TMB/nlminb/multiple_GenerationJnormChangingNmBTwoLambdasOneChangingBeta_20_160_80_5_0.3_singleREDM_NA_NA_NA_dataset3.RDS
    log: logs/inference/nlminb/simulation_GenerationJnormChangingNmBTwoLambdasOneChangingBeta_20_160_80_5_0.3_ModelsingleREDM_NA_NA_NA_dataset3.log
    jobid: 15028
    wildcards: optimiser=nlminb, datasetgeneration=GenerationJnormChangingNmBTwoLambdasOneChangingBeta, n=20, nlambda=160, lmbda=80, d=5, beta_intensity=0.3, model=singleREDM, fixed_beta_intercept=NA, fixed_beta_slope=NA, sdRE_input=NA, itnum=3

Rscript 2_inference_TMB/run_TMB.R --input ../data/assessing_models_simulation/datasets/multiple_GenerationJnormChangingNmBTwoLambdasOneChangingBeta_20_160_80_5_0.3_NA_NA_NA_dataset3.RDS --output ../data/assessing_models_simulation/inference_results/TMB/nlminb/multiple_GenerationJnormChangingNmBTwoLambdasOneChangingBeta_20_160_80_5_0.3_singleREDM_NA_NA_NA_dataset3.RDS --model singleREDM --optimiser nlminb  --use_previous_run_startingvals T
[Fri Aug 26 07:53:08 2022]
Finished job 15028.
7 of 3242 steps (0.22%) done

[Fri Aug 26 07:53:08 2022]
rule inference_simulation_TMB_multiple:
    input: ../data/assessing_models_simulation/datasets/multiple_GenerationJnormChangingNmBTwoLambdasOneChangingBeta_20_160_80_5_0.3_NA_NA_NA_dataset3.RDS
    output: ../data/assessing_models_simulation/inference_results/TMB/nlminb/multiple_GenerationJnormChangingNmBTwoLambdasOneChangingBeta_20_160_80_5_0.3_fullREM_NA_NA_NA_dataset3.RDS
    log: logs/inference/nlminb/simulation_GenerationJnormChangingNmBTwoLambdasOneChangingBeta_20_160_80_5_0.3_ModelfullREM_NA_NA_NA_dataset3.log
    jobid: 1588
    wildcards: optimiser=nlminb, datasetgeneration=GenerationJnormChangingNmBTwoLambdasOneChangingBeta, n=20, nlambda=160, lmbda=80, d=5, beta_intensity=0.3, model=fullREM, fixed_beta_intercept=NA, fixed_beta_slope=NA, sdRE_input=NA, itnum=3

Rscript 2_inference_TMB/run_TMB.R --input ../data/assessing_models_simulation/datasets/multiple_GenerationJnormChangingNmBTwoLambdasOneChangingBeta_20_160_80_5_0.3_NA_NA_NA_dataset3.RDS --output ../data/assessing_models_simulation/inference_results/TMB/nlminb/multiple_GenerationJnormChangingNmBTwoLambdasOneChangingBeta_20_160_80_5_0.3_fullREM_NA_NA_NA_dataset3.RDS --model fullREM --optimiser nlminb  --use_previous_run_startingvals T
[Fri Aug 26 07:53:11 2022]
Finished job 1588.
8 of 3242 steps (0.25%) done

[Fri Aug 26 07:53:11 2022]
rule inference_simulation_TMB_multiple:
    input: ../data/assessing_models_simulation/datasets/multiple_GenerationJnormChangingNmBTwoLambdasOneChangingBeta_20_160_80_5_0.3_NA_NA_NA_dataset3.RDS
    output: ../data/assessing_models_simulation/inference_results/TMB/nlminb/multiple_GenerationJnormChangingNmBTwoLambdasOneChangingBeta_20_160_80_5_0.3_diagREDM_NA_NA_NA_dataset3.RDS
    log: logs/inference/nlminb/simulation_GenerationJnormChangingNmBTwoLambdasOneChangingBeta_20_160_80_5_0.3_ModeldiagREDM_NA_NA_NA_dataset3.log
    jobid: 8308
    wildcards: optimiser=nlminb, datasetgeneration=GenerationJnormChangingNmBTwoLambdasOneChangingBeta, n=20, nlambda=160, lmbda=80, d=5, beta_intensity=0.3, model=diagREDM, fixed_beta_intercept=NA, fixed_beta_slope=NA, sdRE_input=NA, itnum=3

Rscript 2_inference_TMB/run_TMB.R --input ../data/assessing_models_simulation/datasets/multiple_GenerationJnormChangingNmBTwoLambdasOneChangingBeta_20_160_80_5_0.3_NA_NA_NA_dataset3.RDS --output ../data/assessing_models_simulation/inference_results/TMB/nlminb/multiple_GenerationJnormChangingNmBTwoLambdasOneChangingBeta_20_160_80_5_0.3_diagREDM_NA_NA_NA_dataset3.RDS --model diagREDM --optimiser nlminb  --use_previous_run_startingvals T
[Fri Aug 26 07:53:14 2022]
Finished job 8308.
9 of 3242 steps (0.28%) done

[Fri Aug 26 07:53:14 2022]
rule simulate_for_comparison_multiple:
    input: ../data/assessing_models_simulation/GenerationJnormChangingNmBTwoLambdasOneChangingBeta
    output: ../data/assessing_models_simulation/datasets/multiple_GenerationJnormChangingNmBTwoLambdasOneChangingBeta_30_80_80_4_4_NA_NA_NA_dataset7.RDS
    jobid: 22542
    wildcards: datasetgeneration=GenerationJnormChangingNmBTwoLambdasOneChangingBeta, n=30, nlambda=80, lmbda=80, d=4, beta_intensity=4, fixed_beta_intercept=NA, fixed_beta_slope=NA, sdRE_input=NA, itnum=7

Rscript --vanilla 3_analysis/simulation_model_assessment/generate_datasets_simulations/GenerationJnormChangingNmBTwoLambdasOneChangingBeta.R --input ../data/assessing_models_simulation/GenerationJnormChangingNmBTwoLambdasOneChangingBeta --d 4 --n 30 --nlambda 80 --lambda 80 --beta_gamma_shape 4 --outfile ../data/assessing_models_simulation/datasets/multiple_GenerationJnormChangingNmBTwoLambdasOneChangingBeta_30_80_80_4_4_NA_NA_NA_dataset7.RDS --beta_intercept_input NA --beta_slope_input NA --sdRE_input NA
[Fri Aug 26 07:53:16 2022]
Finished job 22542.
10 of 3242 steps (0.31%) done

[Fri Aug 26 07:53:16 2022]
rule inference_simulation_TMB_multiple:
    input: ../data/assessing_models_simulation/datasets/multiple_GenerationJnormChangingNmBTwoLambdasOneChangingBeta_30_80_80_4_4_NA_NA_NA_dataset7.RDS
    output: ../data/assessing_models_simulation/inference_results/TMB/nlminb/multiple_GenerationJnormChangingNmBTwoLambdasOneChangingBeta_30_80_80_4_4_singleREDM_NA_NA_NA_dataset7.RDS
    log: logs/inference/nlminb/simulation_GenerationJnormChangingNmBTwoLambdasOneChangingBeta_30_80_80_4_4_ModelsingleREDM_NA_NA_NA_dataset7.log
    jobid: 15822
    wildcards: optimiser=nlminb, datasetgeneration=GenerationJnormChangingNmBTwoLambdasOneChangingBeta, n=30, nlambda=80, lmbda=80, d=4, beta_intensity=4, model=singleREDM, fixed_beta_intercept=NA, fixed_beta_slope=NA, sdRE_input=NA, itnum=7

Rscript 2_inference_TMB/run_TMB.R --input ../data/assessing_models_simulation/datasets/multiple_GenerationJnormChangingNmBTwoLambdasOneChangingBeta_30_80_80_4_4_NA_NA_NA_dataset7.RDS --output ../data/assessing_models_simulation/inference_results/TMB/nlminb/multiple_GenerationJnormChangingNmBTwoLambdasOneChangingBeta_30_80_80_4_4_singleREDM_NA_NA_NA_dataset7.RDS --model singleREDM --optimiser nlminb  --use_previous_run_startingvals T
[Fri Aug 26 07:53:19 2022]
Finished job 15822.
11 of 3242 steps (0.34%) done

[Fri Aug 26 07:53:19 2022]
rule inference_simulation_TMB_multiple:
    input: ../data/assessing_models_simulation/datasets/multiple_GenerationJnormChangingNmBTwoLambdasOneChangingBeta_30_80_80_4_4_NA_NA_NA_dataset7.RDS
    output: ../data/assessing_models_simulation/inference_results/TMB/nlminb/multiple_GenerationJnormChangingNmBTwoLambdasOneChangingBeta_30_80_80_4_4_fullREM_NA_NA_NA_dataset7.RDS
    log: logs/inference/nlminb/simulation_GenerationJnormChangingNmBTwoLambdasOneChangingBeta_30_80_80_4_4_ModelfullREM_NA_NA_NA_dataset7.log
    jobid: 2382
    wildcards: optimiser=nlminb, datasetgeneration=GenerationJnormChangingNmBTwoLambdasOneChangingBeta, n=30, nlambda=80, lmbda=80, d=4, beta_intensity=4, model=fullREM, fixed_beta_intercept=NA, fixed_beta_slope=NA, sdRE_input=NA, itnum=7

Rscript 2_inference_TMB/run_TMB.R --input ../data/assessing_models_simulation/datasets/multiple_GenerationJnormChangingNmBTwoLambdasOneChangingBeta_30_80_80_4_4_NA_NA_NA_dataset7.RDS --output ../data/assessing_models_simulation/inference_results/TMB/nlminb/multiple_GenerationJnormChangingNmBTwoLambdasOneChangingBeta_30_80_80_4_4_fullREM_NA_NA_NA_dataset7.RDS --model fullREM --optimiser nlminb  --use_previous_run_startingvals T
[Fri Aug 26 07:53:21 2022]
Finished job 2382.
12 of 3242 steps (0.37%) done

[Fri Aug 26 07:53:21 2022]
rule inference_simulation_TMB_multiple:
    input: ../data/assessing_models_simulation/datasets/multiple_GenerationJnormChangingNmBTwoLambdasOneChangingBeta_30_80_80_4_4_NA_NA_NA_dataset7.RDS
    output: ../data/assessing_models_simulation/inference_results/TMB/nlminb/multiple_GenerationJnormChangingNmBTwoLambdasOneChangingBeta_30_80_80_4_4_diagREDM_NA_NA_NA_dataset7.RDS
    log: logs/inference/nlminb/simulation_GenerationJnormChangingNmBTwoLambdasOneChangingBeta_30_80_80_4_4_ModeldiagREDM_NA_NA_NA_dataset7.log
    jobid: 9102
    wildcards: optimiser=nlminb, datasetgeneration=GenerationJnormChangingNmBTwoLambdasOneChangingBeta, n=30, nlambda=80, lmbda=80, d=4, beta_intensity=4, model=diagREDM, fixed_beta_intercept=NA, fixed_beta_slope=NA, sdRE_input=NA, itnum=7

Rscript 2_inference_TMB/run_TMB.R --input ../data/assessing_models_simulation/datasets/multiple_GenerationJnormChangingNmBTwoLambdasOneChangingBeta_30_80_80_4_4_NA_NA_NA_dataset7.RDS --output ../data/assessing_models_simulation/inference_results/TMB/nlminb/multiple_GenerationJnormChangingNmBTwoLambdasOneChangingBeta_30_80_80_4_4_diagREDM_NA_NA_NA_dataset7.RDS --model diagREDM --optimiser nlminb  --use_previous_run_startingvals T
[Fri Aug 26 07:53:24 2022]
Finished job 9102.
13 of 3242 steps (0.40%) done

[Fri Aug 26 07:53:24 2022]
rule simulate_for_comparison_multiple:
    input: ../data/assessing_models_simulation/GenerationJnormChangingNmBTwoLambdasOneChangingBeta
    output: ../data/assessing_models_simulation/datasets/multiple_GenerationJnormChangingNmBTwoLambdasOneChangingBeta_50_40_80_4_0_NA_NA_NA_dataset6.RDS
    jobid: 23601
    wildcards: datasetgeneration=GenerationJnormChangingNmBTwoLambdasOneChangingBeta, n=50, nlambda=40, lmbda=80, d=4, beta_intensity=0, fixed_beta_intercept=NA, fixed_beta_slope=NA, sdRE_input=NA, itnum=6

Rscript --vanilla 3_analysis/simulation_model_assessment/generate_datasets_simulations/GenerationJnormChangingNmBTwoLambdasOneChangingBeta.R --input ../data/assessing_models_simulation/GenerationJnormChangingNmBTwoLambdasOneChangingBeta --d 4 --n 50 --nlambda 40 --lambda 80 --beta_gamma_shape 0 --outfile ../data/assessing_models_simulation/datasets/multiple_GenerationJnormChangingNmBTwoLambdasOneChangingBeta_50_40_80_4_0_NA_NA_NA_dataset6.RDS --beta_intercept_input NA --beta_slope_input NA --sdRE_input NA
[Fri Aug 26 07:53:26 2022]
Finished job 23601.
14 of 3242 steps (0.43%) done

[Fri Aug 26 07:53:26 2022]
rule inference_simulation_TMB_multiple:
    input: ../data/assessing_models_simulation/datasets/multiple_GenerationJnormChangingNmBTwoLambdasOneChangingBeta_50_40_80_4_0_NA_NA_NA_dataset6.RDS
    output: ../data/assessing_models_simulation/inference_results/TMB/nlminb/multiple_GenerationJnormChangingNmBTwoLambdasOneChangingBeta_50_40_80_4_0_fullREM_NA_NA_NA_dataset6.RDS
    log: logs/inference/nlminb/simulation_GenerationJnormChangingNmBTwoLambdasOneChangingBeta_50_40_80_4_0_ModelfullREM_NA_NA_NA_dataset6.log
    jobid: 3441
    wildcards: optimiser=nlminb, datasetgeneration=GenerationJnormChangingNmBTwoLambdasOneChangingBeta, n=50, nlambda=40, lmbda=80, d=4, beta_intensity=0, model=fullREM, fixed_beta_intercept=NA, fixed_beta_slope=NA, sdRE_input=NA, itnum=6

Rscript 2_inference_TMB/run_TMB.R --input ../data/assessing_models_simulation/datasets/multiple_GenerationJnormChangingNmBTwoLambdasOneChangingBeta_50_40_80_4_0_NA_NA_NA_dataset6.RDS --output ../data/assessing_models_simulation/inference_results/TMB/nlminb/multiple_GenerationJnormChangingNmBTwoLambdasOneChangingBeta_50_40_80_4_0_fullREM_NA_NA_NA_dataset6.RDS --model fullREM --optimiser nlminb  --use_previous_run_startingvals T
[Fri Aug 26 07:53:29 2022]
Finished job 3441.
15 of 3242 steps (0.46%) done

[Fri Aug 26 07:53:29 2022]
rule inference_simulation_TMB_multiple:
    input: ../data/assessing_models_simulation/datasets/multiple_GenerationJnormChangingNmBTwoLambdasOneChangingBeta_50_40_80_4_0_NA_NA_NA_dataset6.RDS
    output: ../data/assessing_models_simulation/inference_results/TMB/nlminb/multiple_GenerationJnormChangingNmBTwoLambdasOneChangingBeta_50_40_80_4_0_diagREDM_NA_NA_NA_dataset6.RDS
    log: logs/inference/nlminb/simulation_GenerationJnormChangingNmBTwoLambdasOneChangingBeta_50_40_80_4_0_ModeldiagREDM_NA_NA_NA_dataset6.log
    jobid: 10161
    wildcards: optimiser=nlminb, datasetgeneration=GenerationJnormChangingNmBTwoLambdasOneChangingBeta, n=50, nlambda=40, lmbda=80, d=4, beta_intensity=0, model=diagREDM, fixed_beta_intercept=NA, fixed_beta_slope=NA, sdRE_input=NA, itnum=6

Rscript 2_inference_TMB/run_TMB.R --input ../data/assessing_models_simulation/datasets/multiple_GenerationJnormChangingNmBTwoLambdasOneChangingBeta_50_40_80_4_0_NA_NA_NA_dataset6.RDS --output ../data/assessing_models_simulation/inference_results/TMB/nlminb/multiple_GenerationJnormChangingNmBTwoLambdasOneChangingBeta_50_40_80_4_0_diagREDM_NA_NA_NA_dataset6.RDS --model diagREDM --optimiser nlminb  --use_previous_run_startingvals T
[Fri Aug 26 07:53:34 2022]
Finished job 10161.
16 of 3242 steps (0.49%) done

[Fri Aug 26 07:53:34 2022]
rule inference_simulation_TMB_multiple:
    input: ../data/assessing_models_simulation/datasets/multiple_GenerationJnormChangingNmBTwoLambdasOneChangingBeta_50_40_80_4_0_NA_NA_NA_dataset6.RDS
    output: ../data/assessing_models_simulation/inference_results/TMB/nlminb/multiple_GenerationJnormChangingNmBTwoLambdasOneChangingBeta_50_40_80_4_0_singleREDM_NA_NA_NA_dataset6.RDS
    log: logs/inference/nlminb/simulation_GenerationJnormChangingNmBTwoLambdasOneChangingBeta_50_40_80_4_0_ModelsingleREDM_NA_NA_NA_dataset6.log
    jobid: 16881
    wildcards: optimiser=nlminb, datasetgeneration=GenerationJnormChangingNmBTwoLambdasOneChangingBeta, n=50, nlambda=40, lmbda=80, d=4, beta_intensity=0, model=singleREDM, fixed_beta_intercept=NA, fixed_beta_slope=NA, sdRE_input=NA, itnum=6

Rscript 2_inference_TMB/run_TMB.R --input ../data/assessing_models_simulation/datasets/multiple_GenerationJnormChangingNmBTwoLambdasOneChangingBeta_50_40_80_4_0_NA_NA_NA_dataset6.RDS --output ../data/assessing_models_simulation/inference_results/TMB/nlminb/multiple_GenerationJnormChangingNmBTwoLambdasOneChangingBeta_50_40_80_4_0_singleREDM_NA_NA_NA_dataset6.RDS --model singleREDM --optimiser nlminb  --use_previous_run_startingvals T
[Fri Aug 26 07:53:37 2022]
Finished job 16881.
17 of 3242 steps (0.52%) done

[Fri Aug 26 07:53:37 2022]
rule simulate_for_comparison_multiple:
    input: ../data/assessing_models_simulation/GenerationJnormChangingNmBTwoLambdasOneChangingBeta
    output: ../data/assessing_models_simulation/datasets/multiple_GenerationJnormChangingNmBTwoLambdasOneChangingBeta_50_40_80_6_0_NA_NA_NA_dataset4.RDS
    jobid: 23739
    wildcards: datasetgeneration=GenerationJnormChangingNmBTwoLambdasOneChangingBeta, n=50, nlambda=40, lmbda=80, d=6, beta_intensity=0, fixed_beta_intercept=NA, fixed_beta_slope=NA, sdRE_input=NA, itnum=4

Rscript --vanilla 3_analysis/simulation_model_assessment/generate_datasets_simulations/GenerationJnormChangingNmBTwoLambdasOneChangingBeta.R --input ../data/assessing_models_simulation/GenerationJnormChangingNmBTwoLambdasOneChangingBeta --d 6 --n 50 --nlambda 40 --lambda 80 --beta_gamma_shape 0 --outfile ../data/assessing_models_simulation/datasets/multiple_GenerationJnormChangingNmBTwoLambdasOneChangingBeta_50_40_80_6_0_NA_NA_NA_dataset4.RDS --beta_intercept_input NA --beta_slope_input NA --sdRE_input NA
[Fri Aug 26 07:53:38 2022]
Finished job 23739.
18 of 3242 steps (0.56%) done

[Fri Aug 26 07:53:38 2022]
rule inference_simulation_TMB_multiple:
    input: ../data/assessing_models_simulation/datasets/multiple_GenerationJnormChangingNmBTwoLambdasOneChangingBeta_50_40_80_6_0_NA_NA_NA_dataset4.RDS
    output: ../data/assessing_models_simulation/inference_results/TMB/nlminb/multiple_GenerationJnormChangingNmBTwoLambdasOneChangingBeta_50_40_80_6_0_fullREM_NA_NA_NA_dataset4.RDS
    log: logs/inference/nlminb/simulation_GenerationJnormChangingNmBTwoLambdasOneChangingBeta_50_40_80_6_0_ModelfullREM_NA_NA_NA_dataset4.log
    jobid: 3579
    wildcards: optimiser=nlminb, datasetgeneration=GenerationJnormChangingNmBTwoLambdasOneChangingBeta, n=50, nlambda=40, lmbda=80, d=6, beta_intensity=0, model=fullREM, fixed_beta_intercept=NA, fixed_beta_slope=NA, sdRE_input=NA, itnum=4

Rscript 2_inference_TMB/run_TMB.R --input ../data/assessing_models_simulation/datasets/multiple_GenerationJnormChangingNmBTwoLambdasOneChangingBeta_50_40_80_6_0_NA_NA_NA_dataset4.RDS --output ../data/assessing_models_simulation/inference_results/TMB/nlminb/multiple_GenerationJnormChangingNmBTwoLambdasOneChangingBeta_50_40_80_6_0_fullREM_NA_NA_NA_dataset4.RDS --model fullREM --optimiser nlminb  --use_previous_run_startingvals T
[Fri Aug 26 07:53:42 2022]
Finished job 3579.
19 of 3242 steps (0.59%) done

[Fri Aug 26 07:53:42 2022]
rule inference_simulation_TMB_multiple:
    input: ../data/assessing_models_simulation/datasets/multiple_GenerationJnormChangingNmBTwoLambdasOneChangingBeta_50_40_80_6_0_NA_NA_NA_dataset4.RDS
    output: ../data/assessing_models_simulation/inference_results/TMB/nlminb/multiple_GenerationJnormChangingNmBTwoLambdasOneChangingBeta_50_40_80_6_0_diagREDM_NA_NA_NA_dataset4.RDS
    log: logs/inference/nlminb/simulation_GenerationJnormChangingNmBTwoLambdasOneChangingBeta_50_40_80_6_0_ModeldiagREDM_NA_NA_NA_dataset4.log
    jobid: 10299
    wildcards: optimiser=nlminb, datasetgeneration=GenerationJnormChangingNmBTwoLambdasOneChangingBeta, n=50, nlambda=40, lmbda=80, d=6, beta_intensity=0, model=diagREDM, fixed_beta_intercept=NA, fixed_beta_slope=NA, sdRE_input=NA, itnum=4

Rscript 2_inference_TMB/run_TMB.R --input ../data/assessing_models_simulation/datasets/multiple_GenerationJnormChangingNmBTwoLambdasOneChangingBeta_50_40_80_6_0_NA_NA_NA_dataset4.RDS --output ../data/assessing_models_simulation/inference_results/TMB/nlminb/multiple_GenerationJnormChangingNmBTwoLambdasOneChangingBeta_50_40_80_6_0_diagREDM_NA_NA_NA_dataset4.RDS --model diagREDM --optimiser nlminb  --use_previous_run_startingvals T
[Fri Aug 26 07:53:50 2022]
Finished job 10299.
20 of 3242 steps (0.62%) done

[Fri Aug 26 07:53:50 2022]
rule inference_simulation_TMB_multiple:
    input: ../data/assessing_models_simulation/datasets/multiple_GenerationJnormChangingNmBTwoLambdasOneChangingBeta_50_40_80_6_0_NA_NA_NA_dataset4.RDS
    output: ../data/assessing_models_simulation/inference_results/TMB/nlminb/multiple_GenerationJnormChangingNmBTwoLambdasOneChangingBeta_50_40_80_6_0_singleREDM_NA_NA_NA_dataset4.RDS
    log: logs/inference/nlminb/simulation_GenerationJnormChangingNmBTwoLambdasOneChangingBeta_50_40_80_6_0_ModelsingleREDM_NA_NA_NA_dataset4.log
    jobid: 17019
    wildcards: optimiser=nlminb, datasetgeneration=GenerationJnormChangingNmBTwoLambdasOneChangingBeta, n=50, nlambda=40, lmbda=80, d=6, beta_intensity=0, model=singleREDM, fixed_beta_intercept=NA, fixed_beta_slope=NA, sdRE_input=NA, itnum=4

Rscript 2_inference_TMB/run_TMB.R --input ../data/assessing_models_simulation/datasets/multiple_GenerationJnormChangingNmBTwoLambdasOneChangingBeta_50_40_80_6_0_NA_NA_NA_dataset4.RDS --output ../data/assessing_models_simulation/inference_results/TMB/nlminb/multiple_GenerationJnormChangingNmBTwoLambdasOneChangingBeta_50_40_80_6_0_singleREDM_NA_NA_NA_dataset4.RDS --model singleREDM --optimiser nlminb  --use_previous_run_startingvals T
[Fri Aug 26 07:53:54 2022]
Finished job 17019.
21 of 3242 steps (0.65%) done

[Fri Aug 26 07:53:54 2022]
rule simulate_for_comparison_multiple:
    input: ../data/assessing_models_simulation/GenerationJnormChangingNmBTwoLambdasOneChangingBeta
    output: ../data/assessing_models_simulation/datasets/multiple_GenerationJnormChangingNmBTwoLambdasOneChangingBeta_50_40_80_6_4_NA_NA_NA_dataset0.RDS
    jobid: 23795
    wildcards: datasetgeneration=GenerationJnormChangingNmBTwoLambdasOneChangingBeta, n=50, nlambda=40, lmbda=80, d=6, beta_intensity=4, fixed_beta_intercept=NA, fixed_beta_slope=NA, sdRE_input=NA, itnum=0

Rscript --vanilla 3_analysis/simulation_model_assessment/generate_datasets_simulations/GenerationJnormChangingNmBTwoLambdasOneChangingBeta.R --input ../data/assessing_models_simulation/GenerationJnormChangingNmBTwoLambdasOneChangingBeta --d 6 --n 50 --nlambda 40 --lambda 80 --beta_gamma_shape 4 --outfile ../data/assessing_models_simulation/datasets/multiple_GenerationJnormChangingNmBTwoLambdasOneChangingBeta_50_40_80_6_4_NA_NA_NA_dataset0.RDS --beta_intercept_input NA --beta_slope_input NA --sdRE_input NA
[Fri Aug 26 07:53:56 2022]
Finished job 23795.
22 of 3242 steps (0.68%) done

[Fri Aug 26 07:53:56 2022]
rule inference_simulation_TMB_multiple:
    input: ../data/assessing_models_simulation/datasets/multiple_GenerationJnormChangingNmBTwoLambdasOneChangingBeta_50_40_80_6_4_NA_NA_NA_dataset0.RDS
    output: ../data/assessing_models_simulation/inference_results/TMB/nlminb/multiple_GenerationJnormChangingNmBTwoLambdasOneChangingBeta_50_40_80_6_4_fullREM_NA_NA_NA_dataset0.RDS
    log: logs/inference/nlminb/simulation_GenerationJnormChangingNmBTwoLambdasOneChangingBeta_50_40_80_6_4_ModelfullREM_NA_NA_NA_dataset0.log
    jobid: 3635
    wildcards: optimiser=nlminb, datasetgeneration=GenerationJnormChangingNmBTwoLambdasOneChangingBeta, n=50, nlambda=40, lmbda=80, d=6, beta_intensity=4, model=fullREM, fixed_beta_intercept=NA, fixed_beta_slope=NA, sdRE_input=NA, itnum=0

Rscript 2_inference_TMB/run_TMB.R --input ../data/assessing_models_simulation/datasets/multiple_GenerationJnormChangingNmBTwoLambdasOneChangingBeta_50_40_80_6_4_NA_NA_NA_dataset0.RDS --output ../data/assessing_models_simulation/inference_results/TMB/nlminb/multiple_GenerationJnormChangingNmBTwoLambdasOneChangingBeta_50_40_80_6_4_fullREM_NA_NA_NA_dataset0.RDS --model fullREM --optimiser nlminb  --use_previous_run_startingvals T
[Fri Aug 26 07:54:00 2022]
Error in rule inference_simulation_TMB_multiple:
    jobid: 3635
    output: ../data/assessing_models_simulation/inference_results/TMB/nlminb/multiple_GenerationJnormChangingNmBTwoLambdasOneChangingBeta_50_40_80_6_4_fullREM_NA_NA_NA_dataset0.RDS
    log: logs/inference/nlminb/simulation_GenerationJnormChangingNmBTwoLambdasOneChangingBeta_50_40_80_6_4_ModelfullREM_NA_NA_NA_dataset0.log (check log file(s) for error message)
    shell:
        Rscript 2_inference_TMB/run_TMB.R --input ../data/assessing_models_simulation/datasets/multiple_GenerationJnormChangingNmBTwoLambdasOneChangingBeta_50_40_80_6_4_NA_NA_NA_dataset0.RDS --output ../data/assessing_models_simulation/inference_results/TMB/nlminb/multiple_GenerationJnormChangingNmBTwoLambdasOneChangingBeta_50_40_80_6_4_fullREM_NA_NA_NA_dataset0.RDS --model fullREM --optimiser nlminb  --use_previous_run_startingvals T

Shutting down, this might take some time.
Exiting because a job execution failed. Look above for error message
Complete log: /Users/morril01/Documents/PhD/GlobalDA/code/.snakemake/log/2022-08-26T075141.898478.snakemake.log
