Building DAG of jobs...
Using shell: /usr/local/bin/bash
Provided cores: 1
Rules claiming more threads will be scaled down.
Job counts:
	count	jobs
	1	all
	408	inference_simulation_TMB_multiple_LRT
	409

[Sat Sep 10 20:09:17 2022]
rule inference_simulation_TMB_multiple_LRT:
    input: ../data/assessing_models_simulation/datasets/multiple_GenerationMixturefewersignaturespairedKidneyRCCPCAWG_50_200_80_4_0_NA_NA_NA_dataset14.RDS
    output: ../data/assessing_models_simulation/inference_results/TMB_LRT/nlminb/multiple_GenerationMixturefewersignaturespairedKidneyRCCPCAWG_50_200_80_4_0_diagREDMsinglelambda_NA_NA_NA_dataset14.RDS
    log: logs/inference/nlminb/simulation_GenerationMixturefewersignaturespairedKidneyRCCPCAWG_50_200_80_4_0_ModeldiagREDMsinglelambda_NA_NA_NA_dataset14.log
    jobid: 475
    wildcards: optimiser=nlminb, datasetgeneration=GenerationMixturefewersignaturespairedKidneyRCCPCAWG, n=50, nlambda=200, lmbda=80, d=4, beta_intensity=0, model=diagREDMsinglelambda, fixed_beta_intercept=NA, fixed_beta_slope=NA, sdRE_input=NA, itnum=14

Rscript 2_inference_TMB/run_TMB.R --return_opt_bool T --input ../data/assessing_models_simulation/datasets/multiple_GenerationMixturefewersignaturespairedKidneyRCCPCAWG_50_200_80_4_0_NA_NA_NA_dataset14.RDS --output ../data/assessing_models_simulation/inference_results/TMB_LRT/nlminb/multiple_GenerationMixturefewersignaturespairedKidneyRCCPCAWG_50_200_80_4_0_diagREDMsinglelambda_NA_NA_NA_dataset14.RDS --model diagREDMsinglelambda --optimiser nlminb  --use_previous_run_startingvals T
[Sat Sep 10 20:09:20 2022]
Finished job 475.
1 of 409 steps (0.24%) done

[Sat Sep 10 20:09:20 2022]
rule inference_simulation_TMB_multiple_LRT:
    input: ../data/assessing_models_simulation/datasets/multiple_GenerationMixturefewersignaturespairedKidneyRCCPCAWG_50_200_80_4_-8_NA_NA_NA_dataset19.RDS
    output: ../data/assessing_models_simulation/inference_results/TMB_LRT/nlminb/multiple_GenerationMixturefewersignaturespairedKidneyRCCPCAWG_50_200_80_4_-8_diagREDMsinglelambda_NA_NA_NA_dataset19.RDS
    log: logs/inference/nlminb/simulation_GenerationMixturefewersignaturespairedKidneyRCCPCAWG_50_200_80_4_-8_ModeldiagREDMsinglelambda_NA_NA_NA_dataset19.log
    jobid: 240
    wildcards: optimiser=nlminb, datasetgeneration=GenerationMixturefewersignaturespairedKidneyRCCPCAWG, n=50, nlambda=200, lmbda=80, d=4, beta_intensity=-8, model=diagREDMsinglelambda, fixed_beta_intercept=NA, fixed_beta_slope=NA, sdRE_input=NA, itnum=19

Rscript 2_inference_TMB/run_TMB.R --return_opt_bool T --input ../data/assessing_models_simulation/datasets/multiple_GenerationMixturefewersignaturespairedKidneyRCCPCAWG_50_200_80_4_-8_NA_NA_NA_dataset19.RDS --output ../data/assessing_models_simulation/inference_results/TMB_LRT/nlminb/multiple_GenerationMixturefewersignaturespairedKidneyRCCPCAWG_50_200_80_4_-8_diagREDMsinglelambda_NA_NA_NA_dataset19.RDS --model diagREDMsinglelambda --optimiser nlminb  --use_previous_run_startingvals T
[Sat Sep 10 20:09:25 2022]
Finished job 240.
2 of 409 steps (0.49%) done

[Sat Sep 10 20:09:25 2022]
rule inference_simulation_TMB_multiple_LRT:
    input: ../data/assessing_models_simulation/datasets/multiple_GenerationMixturefewersignaturespairedKidneyRCCPCAWG_50_200_80_4_-1_NA_NA_NA_dataset4.RDS
    output: ../data/assessing_models_simulation/inference_results/TMB_LRT/nlminb/multiple_GenerationMixturefewersignaturespairedKidneyRCCPCAWG_50_200_80_4_-1_diagREDMsinglelambda_NA_NA_NA_dataset4.RDS
    log: logs/inference/nlminb/simulation_GenerationMixturefewersignaturespairedKidneyRCCPCAWG_50_200_80_4_-1_ModeldiagREDMsinglelambda_NA_NA_NA_dataset4.log
    jobid: 405
    wildcards: optimiser=nlminb, datasetgeneration=GenerationMixturefewersignaturespairedKidneyRCCPCAWG, n=50, nlambda=200, lmbda=80, d=4, beta_intensity=-1, model=diagREDMsinglelambda, fixed_beta_intercept=NA, fixed_beta_slope=NA, sdRE_input=NA, itnum=4

Rscript 2_inference_TMB/run_TMB.R --return_opt_bool T --input ../data/assessing_models_simulation/datasets/multiple_GenerationMixturefewersignaturespairedKidneyRCCPCAWG_50_200_80_4_-1_NA_NA_NA_dataset4.RDS --output ../data/assessing_models_simulation/inference_results/TMB_LRT/nlminb/multiple_GenerationMixturefewersignaturespairedKidneyRCCPCAWG_50_200_80_4_-1_diagREDMsinglelambda_NA_NA_NA_dataset4.RDS --model diagREDMsinglelambda --optimiser nlminb  --use_previous_run_startingvals T
[Sat Sep 10 20:09:29 2022]
Finished job 405.
3 of 409 steps (0.73%) done

[Sat Sep 10 20:09:29 2022]
rule inference_simulation_TMB_multiple_LRT:
    input: ../data/assessing_models_simulation/datasets/multiple_GenerationMixturefewersignaturespairedKidneyRCCPCAWG_50_200_80_4_-10_NA_NA_NA_dataset0.RDS
    output: ../data/assessing_models_simulation/inference_results/TMB_LRT/nlminb/multiple_GenerationMixturefewersignaturespairedKidneyRCCPCAWG_50_200_80_4_-10_diagREDMsinglelambda_NA_NA_NA_dataset0.RDS
    log: logs/inference/nlminb/simulation_GenerationMixturefewersignaturespairedKidneyRCCPCAWG_50_200_80_4_-10_ModeldiagREDMsinglelambda_NA_NA_NA_dataset0.log
    jobid: 161
    wildcards: optimiser=nlminb, datasetgeneration=GenerationMixturefewersignaturespairedKidneyRCCPCAWG, n=50, nlambda=200, lmbda=80, d=4, beta_intensity=-10, model=diagREDMsinglelambda, fixed_beta_intercept=NA, fixed_beta_slope=NA, sdRE_input=NA, itnum=0

Rscript 2_inference_TMB/run_TMB.R --return_opt_bool T --input ../data/assessing_models_simulation/datasets/multiple_GenerationMixturefewersignaturespairedKidneyRCCPCAWG_50_200_80_4_-10_NA_NA_NA_dataset0.RDS --output ../data/assessing_models_simulation/inference_results/TMB_LRT/nlminb/multiple_GenerationMixturefewersignaturespairedKidneyRCCPCAWG_50_200_80_4_-10_diagREDMsinglelambda_NA_NA_NA_dataset0.RDS --model diagREDMsinglelambda --optimiser nlminb  --use_previous_run_startingvals T
[Sat Sep 10 20:09:35 2022]
Finished job 161.
4 of 409 steps (0.98%) done

[Sat Sep 10 20:09:35 2022]
rule inference_simulation_TMB_multiple_LRT:
    input: ../data/assessing_models_simulation/datasets/multiple_GenerationMixturefewersignaturespairedKidneyRCCPCAWG_50_200_80_4_-10_NA_NA_NA_dataset0.RDS
    output: ../data/assessing_models_simulation/inference_results/TMB_LRT/nlminb/multiple_GenerationMixturefewersignaturespairedKidneyRCCPCAWG_50_200_80_4_-10_diagREDMreducedmodel_NA_NA_NA_dataset0.RDS
    log: logs/inference/nlminb/simulation_GenerationMixturefewersignaturespairedKidneyRCCPCAWG_50_200_80_4_-10_ModeldiagREDMreducedmodel_NA_NA_NA_dataset0.log
    jobid: 141
    wildcards: optimiser=nlminb, datasetgeneration=GenerationMixturefewersignaturespairedKidneyRCCPCAWG, n=50, nlambda=200, lmbda=80, d=4, beta_intensity=-10, model=diagREDMreducedmodel, fixed_beta_intercept=NA, fixed_beta_slope=NA, sdRE_input=NA, itnum=0

Rscript 2_inference_TMB/run_TMB.R --return_opt_bool T --input ../data/assessing_models_simulation/datasets/multiple_GenerationMixturefewersignaturespairedKidneyRCCPCAWG_50_200_80_4_-10_NA_NA_NA_dataset0.RDS --output ../data/assessing_models_simulation/inference_results/TMB_LRT/nlminb/multiple_GenerationMixturefewersignaturespairedKidneyRCCPCAWG_50_200_80_4_-10_diagREDMreducedmodel_NA_NA_NA_dataset0.RDS --model diagREDMreducedmodel --optimiser nlminb  --use_previous_run_startingvals T
[Sat Sep 10 20:09:41 2022]
Finished job 141.
5 of 409 steps (1%) done

[Sat Sep 10 20:09:41 2022]
rule inference_simulation_TMB_multiple_LRT:
    input: ../data/assessing_models_simulation/datasets/multiple_GenerationMixturefewersignaturespairedKidneyRCCPCAWG_50_200_80_4_0_NA_NA_NA_dataset11.RDS
    output: ../data/assessing_models_simulation/inference_results/TMB_LRT/nlminb/multiple_GenerationMixturefewersignaturespairedKidneyRCCPCAWG_50_200_80_4_0_diagREDMreducedmodel_NA_NA_NA_dataset11.RDS
    log: logs/inference/nlminb/simulation_GenerationMixturefewersignaturespairedKidneyRCCPCAWG_50_200_80_4_0_ModeldiagREDMreducedmodel_NA_NA_NA_dataset11.log
    jobid: 452
    wildcards: optimiser=nlminb, datasetgeneration=GenerationMixturefewersignaturespairedKidneyRCCPCAWG, n=50, nlambda=200, lmbda=80, d=4, beta_intensity=0, model=diagREDMreducedmodel, fixed_beta_intercept=NA, fixed_beta_slope=NA, sdRE_input=NA, itnum=11

Rscript 2_inference_TMB/run_TMB.R --return_opt_bool T --input ../data/assessing_models_simulation/datasets/multiple_GenerationMixturefewersignaturespairedKidneyRCCPCAWG_50_200_80_4_0_NA_NA_NA_dataset11.RDS --output ../data/assessing_models_simulation/inference_results/TMB_LRT/nlminb/multiple_GenerationMixturefewersignaturespairedKidneyRCCPCAWG_50_200_80_4_0_diagREDMreducedmodel_NA_NA_NA_dataset11.RDS --model diagREDMreducedmodel --optimiser nlminb  --use_previous_run_startingvals T
[Sat Sep 10 20:09:45 2022]
Finished job 452.
6 of 409 steps (1%) done

[Sat Sep 10 20:09:45 2022]
rule inference_simulation_TMB_multiple_LRT:
    input: ../data/assessing_models_simulation/datasets/multiple_GenerationMixturefewersignaturespairedKidneyRCCPCAWG_50_200_80_4_-10_NA_NA_NA_dataset0.RDS
    output: ../data/assessing_models_simulation/inference_results/TMB_LRT/nlminb/multiple_GenerationMixturefewersignaturespairedKidneyRCCPCAWG_50_200_80_4_-10_diagREDM_NA_NA_NA_dataset0.RDS
    log: logs/inference/nlminb/simulation_GenerationMixturefewersignaturespairedKidneyRCCPCAWG_50_200_80_4_-10_ModeldiagREDM_NA_NA_NA_dataset0.log
    jobid: 121
    wildcards: optimiser=nlminb, datasetgeneration=GenerationMixturefewersignaturespairedKidneyRCCPCAWG, n=50, nlambda=200, lmbda=80, d=4, beta_intensity=-10, model=diagREDM, fixed_beta_intercept=NA, fixed_beta_slope=NA, sdRE_input=NA, itnum=0

Rscript 2_inference_TMB/run_TMB.R --return_opt_bool T --input ../data/assessing_models_simulation/datasets/multiple_GenerationMixturefewersignaturespairedKidneyRCCPCAWG_50_200_80_4_-10_NA_NA_NA_dataset0.RDS --output ../data/assessing_models_simulation/inference_results/TMB_LRT/nlminb/multiple_GenerationMixturefewersignaturespairedKidneyRCCPCAWG_50_200_80_4_-10_diagREDM_NA_NA_NA_dataset0.RDS --model diagREDM --optimiser nlminb  --use_previous_run_startingvals T
Waiting at most 5 seconds for missing files.
MissingOutputException in line 544 of /Users/morril01/Documents/PhD/GlobalDA/code/Snakefile:
Missing files after 5 seconds:
../data/assessing_models_simulation/inference_results/TMB_LRT/nlminb/multiple_GenerationMixturefewersignaturespairedKidneyRCCPCAWG_50_200_80_4_-10_diagREDM_NA_NA_NA_dataset0.RDS
This might be due to filesystem latency. If that is the case, consider to increase the wait time with --latency-wait.
Shutting down, this might take some time.
Exiting because a job execution failed. Look above for error message
Complete log: /Users/morril01/Documents/PhD/GlobalDA/code/.snakemake/log/2022-09-10T200912.240386.snakemake.log
