Building DAG of jobs...
Using shell: /usr/local/bin/bash
Provided cores: 1
Rules claiming more threads will be scaled down.
Job counts:
	count	jobs
	1	all
	1	analyse_simulation_TMB_multiple
	1	analyse_simulation_TMB_multiple_integrate
	6335	inference_simulation_TMB_multiple
	6338

[Thu Sep  1 21:49:31 2022]
rule inference_simulation_TMB_multiple:
    input: ../data/assessing_models_simulation/datasets/multiple_GenerationJnormChangingNmBTwoLambdasOneChangingBeta_100_160_80_5_0.01_NA_NA_NA_dataset4.RDS
    output: ../data/assessing_models_simulation/inference_results/TMB/nlminb/multiple_GenerationJnormChangingNmBTwoLambdasOneChangingBeta_100_160_80_5_0.01_fullREDMsinglelambda_NA_NA_NA_dataset4.RDS
    log: logs/inference/nlminb/simulation_GenerationJnormChangingNmBTwoLambdasOneChangingBeta_100_160_80_5_0.01_ModelfullREDMsinglelambda_NA_NA_NA_dataset4.log
    jobid: 26760
    wildcards: optimiser=nlminb, datasetgeneration=GenerationJnormChangingNmBTwoLambdasOneChangingBeta, n=100, nlambda=160, lmbda=80, d=5, beta_intensity=0.01, model=fullREDMsinglelambda, fixed_beta_intercept=NA, fixed_beta_slope=NA, sdRE_input=NA, itnum=4

Rscript 2_inference_TMB/run_TMB.R --input ../data/assessing_models_simulation/datasets/multiple_GenerationJnormChangingNmBTwoLambdasOneChangingBeta_100_160_80_5_0.01_NA_NA_NA_dataset4.RDS --output ../data/assessing_models_simulation/inference_results/TMB/nlminb/multiple_GenerationJnormChangingNmBTwoLambdasOneChangingBeta_100_160_80_5_0.01_fullREDMsinglelambda_NA_NA_NA_dataset4.RDS --model fullREDMsinglelambda --optimiser nlminb  --use_previous_run_startingvals T
[Thu Sep  1 21:49:40 2022]
Finished job 26760.
1 of 6338 steps (0.02%) done

[Thu Sep  1 21:49:40 2022]
rule inference_simulation_TMB_multiple:
    input: ../data/assessing_models_simulation/datasets/multiple_GenerationJnormChangingNmBTwoLambdasOneChangingBeta_100_140_80_5_0.1_NA_NA_NA_dataset0.RDS
    output: ../data/assessing_models_simulation/inference_results/TMB/nlminb/multiple_GenerationJnormChangingNmBTwoLambdasOneChangingBeta_100_140_80_5_0.1_fullREDMsinglelambda_NA_NA_NA_dataset0.RDS
    log: logs/inference/nlminb/simulation_GenerationJnormChangingNmBTwoLambdasOneChangingBeta_100_140_80_5_0.1_ModelfullREDMsinglelambda_NA_NA_NA_dataset0.log
    jobid: 26486
    wildcards: optimiser=nlminb, datasetgeneration=GenerationJnormChangingNmBTwoLambdasOneChangingBeta, n=100, nlambda=140, lmbda=80, d=5, beta_intensity=0.1, model=fullREDMsinglelambda, fixed_beta_intercept=NA, fixed_beta_slope=NA, sdRE_input=NA, itnum=0

Rscript 2_inference_TMB/run_TMB.R --input ../data/assessing_models_simulation/datasets/multiple_GenerationJnormChangingNmBTwoLambdasOneChangingBeta_100_140_80_5_0.1_NA_NA_NA_dataset0.RDS --output ../data/assessing_models_simulation/inference_results/TMB/nlminb/multiple_GenerationJnormChangingNmBTwoLambdasOneChangingBeta_100_140_80_5_0.1_fullREDMsinglelambda_NA_NA_NA_dataset0.RDS --model fullREDMsinglelambda --optimiser nlminb  --use_previous_run_startingvals T
[Thu Sep  1 21:49:51 2022]
Finished job 26486.
2 of 6338 steps (0.03%) done

[Thu Sep  1 21:49:51 2022]
rule inference_simulation_TMB_multiple:
    input: ../data/assessing_models_simulation/datasets/multiple_GenerationJnormChangingNmBTwoLambdasOneChangingBeta_100_140_80_5_0.01_NA_NA_NA_dataset7.RDS
    output: ../data/assessing_models_simulation/inference_results/TMB/nlminb/multiple_GenerationJnormChangingNmBTwoLambdasOneChangingBeta_100_140_80_5_0.01_fullREDMsinglelambda_NA_NA_NA_dataset7.RDS
    log: logs/inference/nlminb/simulation_GenerationJnormChangingNmBTwoLambdasOneChangingBeta_100_140_80_5_0.01_ModelfullREDMsinglelambda_NA_NA_NA_dataset7.log
    jobid: 26483
    wildcards: optimiser=nlminb, datasetgeneration=GenerationJnormChangingNmBTwoLambdasOneChangingBeta, n=100, nlambda=140, lmbda=80, d=5, beta_intensity=0.01, model=fullREDMsinglelambda, fixed_beta_intercept=NA, fixed_beta_slope=NA, sdRE_input=NA, itnum=7

Rscript 2_inference_TMB/run_TMB.R --input ../data/assessing_models_simulation/datasets/multiple_GenerationJnormChangingNmBTwoLambdasOneChangingBeta_100_140_80_5_0.01_NA_NA_NA_dataset7.RDS --output ../data/assessing_models_simulation/inference_results/TMB/nlminb/multiple_GenerationJnormChangingNmBTwoLambdasOneChangingBeta_100_140_80_5_0.01_fullREDMsinglelambda_NA_NA_NA_dataset7.RDS --model fullREDMsinglelambda --optimiser nlminb  --use_previous_run_startingvals T
[Thu Sep  1 21:50:03 2022]
Finished job 26483.
3 of 6338 steps (0.05%) done

[Thu Sep  1 21:50:04 2022]
rule inference_simulation_TMB_multiple:
    input: ../data/assessing_models_simulation/datasets/multiple_GenerationJnormChangingNmBTwoLambdasOneChangingBeta_100_160_80_5_0.01_NA_NA_NA_dataset6.RDS
    output: ../data/assessing_models_simulation/inference_results/TMB/nlminb/multiple_GenerationJnormChangingNmBTwoLambdasOneChangingBeta_100_160_80_5_0.01_fullREDMsinglelambda_NA_NA_NA_dataset6.RDS
    log: logs/inference/nlminb/simulation_GenerationJnormChangingNmBTwoLambdasOneChangingBeta_100_160_80_5_0.01_ModelfullREDMsinglelambda_NA_NA_NA_dataset6.log
    jobid: 26762
    wildcards: optimiser=nlminb, datasetgeneration=GenerationJnormChangingNmBTwoLambdasOneChangingBeta, n=100, nlambda=160, lmbda=80, d=5, beta_intensity=0.01, model=fullREDMsinglelambda, fixed_beta_intercept=NA, fixed_beta_slope=NA, sdRE_input=NA, itnum=6

Rscript 2_inference_TMB/run_TMB.R --input ../data/assessing_models_simulation/datasets/multiple_GenerationJnormChangingNmBTwoLambdasOneChangingBeta_100_160_80_5_0.01_NA_NA_NA_dataset6.RDS --output ../data/assessing_models_simulation/inference_results/TMB/nlminb/multiple_GenerationJnormChangingNmBTwoLambdasOneChangingBeta_100_160_80_5_0.01_fullREDMsinglelambda_NA_NA_NA_dataset6.RDS --model fullREDMsinglelambda --optimiser nlminb  --use_previous_run_startingvals T
[Thu Sep  1 21:50:15 2022]
Finished job 26762.
4 of 6338 steps (0.06%) done

[Thu Sep  1 21:50:15 2022]
rule inference_simulation_TMB_multiple:
    input: ../data/assessing_models_simulation/datasets/multiple_GenerationJnormChangingNmBTwoLambdasOneChangingBeta_100_160_80_5_0.1_NA_NA_NA_dataset4.RDS
    output: ../data/assessing_models_simulation/inference_results/TMB/nlminb/multiple_GenerationJnormChangingNmBTwoLambdasOneChangingBeta_100_160_80_5_0.1_fullREDMsinglelambda_NA_NA_NA_dataset4.RDS
    log: logs/inference/nlminb/simulation_GenerationJnormChangingNmBTwoLambdasOneChangingBeta_100_160_80_5_0.1_ModelfullREDMsinglelambda_NA_NA_NA_dataset4.log
    jobid: 26770
    wildcards: optimiser=nlminb, datasetgeneration=GenerationJnormChangingNmBTwoLambdasOneChangingBeta, n=100, nlambda=160, lmbda=80, d=5, beta_intensity=0.1, model=fullREDMsinglelambda, fixed_beta_intercept=NA, fixed_beta_slope=NA, sdRE_input=NA, itnum=4

Rscript 2_inference_TMB/run_TMB.R --input ../data/assessing_models_simulation/datasets/multiple_GenerationJnormChangingNmBTwoLambdasOneChangingBeta_100_160_80_5_0.1_NA_NA_NA_dataset4.RDS --output ../data/assessing_models_simulation/inference_results/TMB/nlminb/multiple_GenerationJnormChangingNmBTwoLambdasOneChangingBeta_100_160_80_5_0.1_fullREDMsinglelambda_NA_NA_NA_dataset4.RDS --model fullREDMsinglelambda --optimiser nlminb  --use_previous_run_startingvals T
[Thu Sep  1 21:50:27 2022]
Error in rule inference_simulation_TMB_multiple:
    jobid: 26770
    output: ../data/assessing_models_simulation/inference_results/TMB/nlminb/multiple_GenerationJnormChangingNmBTwoLambdasOneChangingBeta_100_160_80_5_0.1_fullREDMsinglelambda_NA_NA_NA_dataset4.RDS
    log: logs/inference/nlminb/simulation_GenerationJnormChangingNmBTwoLambdasOneChangingBeta_100_160_80_5_0.1_ModelfullREDMsinglelambda_NA_NA_NA_dataset4.log (check log file(s) for error message)
    shell:
        Rscript 2_inference_TMB/run_TMB.R --input ../data/assessing_models_simulation/datasets/multiple_GenerationJnormChangingNmBTwoLambdasOneChangingBeta_100_160_80_5_0.1_NA_NA_NA_dataset4.RDS --output ../data/assessing_models_simulation/inference_results/TMB/nlminb/multiple_GenerationJnormChangingNmBTwoLambdasOneChangingBeta_100_160_80_5_0.1_fullREDMsinglelambda_NA_NA_NA_dataset4.RDS --model fullREDMsinglelambda --optimiser nlminb  --use_previous_run_startingvals T

Shutting down, this might take some time.
Exiting because a job execution failed. Look above for error message
Complete log: /Users/morril01/Documents/PhD/GlobalDA/code/.snakemake/log/2022-09-01T214756.893906.snakemake.log
