Building DAG of jobs...
Using shell: /usr/local/bin/bash
Provided cores: 1
Rules claiming more threads will be scaled down.
Job counts:
	count	jobs
	1	all
	3	analyse_simulation_TMB_multiple
	1	analyse_simulation_TMB_multiple_integrate
	19164	inference_simulation_TMB_multiple
	6387	simulate_for_comparison_multiple
	25556

[Tue Aug  9 18:48:58 2022]
rule inference_simulation_TMB_multiple:
    input: ../data/assessing_models_simulation/datasets/multiple_GenerationJnormChangingNmBTwoLambdasOneChangingBeta_50_140_80_4_4_NA_NA_NA_dataset1.RDS
    output: ../data/assessing_models_simulation/inference_results/TMB/nlminb/multiple_GenerationJnormChangingNmBTwoLambdasOneChangingBeta_50_140_80_4_4_singleREDM_NA_NA_NA_dataset1.RDS
    log: logs/inference/nlminb/simulation_GenerationJnormChangingNmBTwoLambdasOneChangingBeta_50_140_80_4_4_ModelsingleREDM_NA_NA_NA_dataset1.log
    jobid: 18056
    wildcards: optimiser=nlminb, datasetgeneration=GenerationJnormChangingNmBTwoLambdasOneChangingBeta, n=50, nlambda=140, lmbda=80, d=4, beta_intensity=4, model=singleREDM, fixed_beta_intercept=NA, fixed_beta_slope=NA, sdRE_input=NA, itnum=1

Rscript 2_inference_TMB/run_TMB.R --input ../data/assessing_models_simulation/datasets/multiple_GenerationJnormChangingNmBTwoLambdasOneChangingBeta_50_140_80_4_4_NA_NA_NA_dataset1.RDS --output ../data/assessing_models_simulation/inference_results/TMB/nlminb/multiple_GenerationJnormChangingNmBTwoLambdasOneChangingBeta_50_140_80_4_4_singleREDM_NA_NA_NA_dataset1.RDS --model singleREDM --optimiser nlminb  --use_previous_run_startingvals T
[Tue Aug  9 18:49:01 2022]
Finished job 18056.
1 of 25556 steps (0.00%) done

[Tue Aug  9 18:49:01 2022]
rule inference_simulation_TMB_multiple:
    input: ../data/assessing_models_simulation/datasets/multiple_GenerationJnormChangingNmBTwoLambdasOneChangingBeta_50_140_80_4_4_NA_NA_NA_dataset1.RDS
    output: ../data/assessing_models_simulation/inference_results/TMB/nlminb/multiple_GenerationJnormChangingNmBTwoLambdasOneChangingBeta_50_140_80_4_4_fullREM_NA_NA_NA_dataset1.RDS
    log: logs/inference/nlminb/simulation_GenerationJnormChangingNmBTwoLambdasOneChangingBeta_50_140_80_4_4_ModelfullREM_NA_NA_NA_dataset1.log
    jobid: 4616
    wildcards: optimiser=nlminb, datasetgeneration=GenerationJnormChangingNmBTwoLambdasOneChangingBeta, n=50, nlambda=140, lmbda=80, d=4, beta_intensity=4, model=fullREM, fixed_beta_intercept=NA, fixed_beta_slope=NA, sdRE_input=NA, itnum=1

Rscript 2_inference_TMB/run_TMB.R --input ../data/assessing_models_simulation/datasets/multiple_GenerationJnormChangingNmBTwoLambdasOneChangingBeta_50_140_80_4_4_NA_NA_NA_dataset1.RDS --output ../data/assessing_models_simulation/inference_results/TMB/nlminb/multiple_GenerationJnormChangingNmBTwoLambdasOneChangingBeta_50_140_80_4_4_fullREM_NA_NA_NA_dataset1.RDS --model fullREM --optimiser nlminb  --use_previous_run_startingvals T
[Tue Aug  9 18:49:04 2022]
Finished job 4616.
2 of 25556 steps (0.01%) done

[Tue Aug  9 18:49:04 2022]
rule inference_simulation_TMB_multiple:
    input: ../data/assessing_models_simulation/datasets/multiple_GenerationJnormChangingNmBTwoLambdasOneChangingBeta_50_140_80_4_4_NA_NA_NA_dataset1.RDS
    output: ../data/assessing_models_simulation/inference_results/TMB/nlminb/multiple_GenerationJnormChangingNmBTwoLambdasOneChangingBeta_50_140_80_4_4_diagREDM_NA_NA_NA_dataset1.RDS
    log: logs/inference/nlminb/simulation_GenerationJnormChangingNmBTwoLambdasOneChangingBeta_50_140_80_4_4_ModeldiagREDM_NA_NA_NA_dataset1.log
    jobid: 11336
    wildcards: optimiser=nlminb, datasetgeneration=GenerationJnormChangingNmBTwoLambdasOneChangingBeta, n=50, nlambda=140, lmbda=80, d=4, beta_intensity=4, model=diagREDM, fixed_beta_intercept=NA, fixed_beta_slope=NA, sdRE_input=NA, itnum=1

Rscript 2_inference_TMB/run_TMB.R --input ../data/assessing_models_simulation/datasets/multiple_GenerationJnormChangingNmBTwoLambdasOneChangingBeta_50_140_80_4_4_NA_NA_NA_dataset1.RDS --output ../data/assessing_models_simulation/inference_results/TMB/nlminb/multiple_GenerationJnormChangingNmBTwoLambdasOneChangingBeta_50_140_80_4_4_diagREDM_NA_NA_NA_dataset1.RDS --model diagREDM --optimiser nlminb  --use_previous_run_startingvals T
[Tue Aug  9 18:49:08 2022]
Finished job 11336.
3 of 25556 steps (0.01%) done

[Tue Aug  9 18:49:09 2022]
rule simulate_for_comparison_multiple:
    input: ../data/assessing_models_simulation/GenerationJnormChangingNmBTwoLambdasOneChangingBeta
    output: ../data/assessing_models_simulation/datasets/multiple_GenerationJnormChangingNmBTwoLambdasOneChangingBeta_50_80_80_4_0.1_NA_NA_NA_dataset2.RDS
    jobid: 24177
    wildcards: datasetgeneration=GenerationJnormChangingNmBTwoLambdasOneChangingBeta, n=50, nlambda=80, lmbda=80, d=4, beta_intensity=0.1, fixed_beta_intercept=NA, fixed_beta_slope=NA, sdRE_input=NA, itnum=2

Rscript --vanilla 3_analysis/simulation_model_assessment/generate_datasets_simulations/GenerationJnormChangingNmBTwoLambdasOneChangingBeta.R --input ../data/assessing_models_simulation/GenerationJnormChangingNmBTwoLambdasOneChangingBeta --d 4 --n 50 --nlambda 80 --lambda 80 --beta_gamma_shape 0.1 --outfile ../data/assessing_models_simulation/datasets/multiple_GenerationJnormChangingNmBTwoLambdasOneChangingBeta_50_80_80_4_0.1_NA_NA_NA_dataset2.RDS --beta_intercept_input NA --beta_slope_input NA --sdRE_input NA
[Tue Aug  9 18:49:11 2022]
Finished job 24177.
4 of 25556 steps (0.02%) done

[Tue Aug  9 18:49:11 2022]
rule inference_simulation_TMB_multiple:
    input: ../data/assessing_models_simulation/datasets/multiple_GenerationJnormChangingNmBTwoLambdasOneChangingBeta_50_80_80_4_0.1_NA_NA_NA_dataset2.RDS
    output: ../data/assessing_models_simulation/inference_results/TMB/nlminb/multiple_GenerationJnormChangingNmBTwoLambdasOneChangingBeta_50_80_80_4_0.1_diagREDM_NA_NA_NA_dataset2.RDS
    log: logs/inference/nlminb/simulation_GenerationJnormChangingNmBTwoLambdasOneChangingBeta_50_80_80_4_0.1_ModeldiagREDM_NA_NA_NA_dataset2.log
    jobid: 10737
    wildcards: optimiser=nlminb, datasetgeneration=GenerationJnormChangingNmBTwoLambdasOneChangingBeta, n=50, nlambda=80, lmbda=80, d=4, beta_intensity=0.1, model=diagREDM, fixed_beta_intercept=NA, fixed_beta_slope=NA, sdRE_input=NA, itnum=2

Rscript 2_inference_TMB/run_TMB.R --input ../data/assessing_models_simulation/datasets/multiple_GenerationJnormChangingNmBTwoLambdasOneChangingBeta_50_80_80_4_0.1_NA_NA_NA_dataset2.RDS --output ../data/assessing_models_simulation/inference_results/TMB/nlminb/multiple_GenerationJnormChangingNmBTwoLambdasOneChangingBeta_50_80_80_4_0.1_diagREDM_NA_NA_NA_dataset2.RDS --model diagREDM --optimiser nlminb  --use_previous_run_startingvals T
[Tue Aug  9 18:49:15 2022]
Finished job 10737.
5 of 25556 steps (0.02%) done

[Tue Aug  9 18:49:15 2022]
rule inference_simulation_TMB_multiple:
    input: ../data/assessing_models_simulation/datasets/multiple_GenerationJnormChangingNmBTwoLambdasOneChangingBeta_50_80_80_4_0.1_NA_NA_NA_dataset2.RDS
    output: ../data/assessing_models_simulation/inference_results/TMB/nlminb/multiple_GenerationJnormChangingNmBTwoLambdasOneChangingBeta_50_80_80_4_0.1_singleREDM_NA_NA_NA_dataset2.RDS
    log: logs/inference/nlminb/simulation_GenerationJnormChangingNmBTwoLambdasOneChangingBeta_50_80_80_4_0.1_ModelsingleREDM_NA_NA_NA_dataset2.log
    jobid: 17457
    wildcards: optimiser=nlminb, datasetgeneration=GenerationJnormChangingNmBTwoLambdasOneChangingBeta, n=50, nlambda=80, lmbda=80, d=4, beta_intensity=0.1, model=singleREDM, fixed_beta_intercept=NA, fixed_beta_slope=NA, sdRE_input=NA, itnum=2

Rscript 2_inference_TMB/run_TMB.R --input ../data/assessing_models_simulation/datasets/multiple_GenerationJnormChangingNmBTwoLambdasOneChangingBeta_50_80_80_4_0.1_NA_NA_NA_dataset2.RDS --output ../data/assessing_models_simulation/inference_results/TMB/nlminb/multiple_GenerationJnormChangingNmBTwoLambdasOneChangingBeta_50_80_80_4_0.1_singleREDM_NA_NA_NA_dataset2.RDS --model singleREDM --optimiser nlminb  --use_previous_run_startingvals T
[Tue Aug  9 18:49:18 2022]
Finished job 17457.
6 of 25556 steps (0.02%) done

[Tue Aug  9 18:49:18 2022]
rule inference_simulation_TMB_multiple:
    input: ../data/assessing_models_simulation/datasets/multiple_GenerationJnormChangingNmBTwoLambdasOneChangingBeta_50_80_80_4_0.1_NA_NA_NA_dataset2.RDS
    output: ../data/assessing_models_simulation/inference_results/TMB/nlminb/multiple_GenerationJnormChangingNmBTwoLambdasOneChangingBeta_50_80_80_4_0.1_fullREM_NA_NA_NA_dataset2.RDS
    log: logs/inference/nlminb/simulation_GenerationJnormChangingNmBTwoLambdasOneChangingBeta_50_80_80_4_0.1_ModelfullREM_NA_NA_NA_dataset2.log
    jobid: 4017
    wildcards: optimiser=nlminb, datasetgeneration=GenerationJnormChangingNmBTwoLambdasOneChangingBeta, n=50, nlambda=80, lmbda=80, d=4, beta_intensity=0.1, model=fullREM, fixed_beta_intercept=NA, fixed_beta_slope=NA, sdRE_input=NA, itnum=2

Rscript 2_inference_TMB/run_TMB.R --input ../data/assessing_models_simulation/datasets/multiple_GenerationJnormChangingNmBTwoLambdasOneChangingBeta_50_80_80_4_0.1_NA_NA_NA_dataset2.RDS --output ../data/assessing_models_simulation/inference_results/TMB/nlminb/multiple_GenerationJnormChangingNmBTwoLambdasOneChangingBeta_50_80_80_4_0.1_fullREM_NA_NA_NA_dataset2.RDS --model fullREM --optimiser nlminb  --use_previous_run_startingvals T
[Tue Aug  9 18:49:21 2022]
Finished job 4017.
7 of 25556 steps (0.03%) done

[Tue Aug  9 18:49:21 2022]
rule simulate_for_comparison_multiple:
    input: ../data/assessing_models_simulation/GenerationJnormChangingNmBTwoLambdasOneChangingBeta
    output: ../data/assessing_models_simulation/datasets/multiple_GenerationJnormChangingNmBTwoLambdasOneChangingBeta_30_140_80_4_0.1_NA_NA_NA_dataset6.RDS
    jobid: 23061
    wildcards: datasetgeneration=GenerationJnormChangingNmBTwoLambdasOneChangingBeta, n=30, nlambda=140, lmbda=80, d=4, beta_intensity=0.1, fixed_beta_intercept=NA, fixed_beta_slope=NA, sdRE_input=NA, itnum=6

Rscript --vanilla 3_analysis/simulation_model_assessment/generate_datasets_simulations/GenerationJnormChangingNmBTwoLambdasOneChangingBeta.R --input ../data/assessing_models_simulation/GenerationJnormChangingNmBTwoLambdasOneChangingBeta --d 4 --n 30 --nlambda 140 --lambda 80 --beta_gamma_shape 0.1 --outfile ../data/assessing_models_simulation/datasets/multiple_GenerationJnormChangingNmBTwoLambdasOneChangingBeta_30_140_80_4_0.1_NA_NA_NA_dataset6.RDS --beta_intercept_input NA --beta_slope_input NA --sdRE_input NA
[Tue Aug  9 18:49:23 2022]
Finished job 23061.
8 of 25556 steps (0.03%) done

[Tue Aug  9 18:49:23 2022]
rule inference_simulation_TMB_multiple:
    input: ../data/assessing_models_simulation/datasets/multiple_GenerationJnormChangingNmBTwoLambdasOneChangingBeta_30_140_80_4_0.1_NA_NA_NA_dataset6.RDS
    output: ../data/assessing_models_simulation/inference_results/TMB/nlminb/multiple_GenerationJnormChangingNmBTwoLambdasOneChangingBeta_30_140_80_4_0.1_diagREDM_NA_NA_NA_dataset6.RDS
    log: logs/inference/nlminb/simulation_GenerationJnormChangingNmBTwoLambdasOneChangingBeta_30_140_80_4_0.1_ModeldiagREDM_NA_NA_NA_dataset6.log
    jobid: 9621
    wildcards: optimiser=nlminb, datasetgeneration=GenerationJnormChangingNmBTwoLambdasOneChangingBeta, n=30, nlambda=140, lmbda=80, d=4, beta_intensity=0.1, model=diagREDM, fixed_beta_intercept=NA, fixed_beta_slope=NA, sdRE_input=NA, itnum=6

Rscript 2_inference_TMB/run_TMB.R --input ../data/assessing_models_simulation/datasets/multiple_GenerationJnormChangingNmBTwoLambdasOneChangingBeta_30_140_80_4_0.1_NA_NA_NA_dataset6.RDS --output ../data/assessing_models_simulation/inference_results/TMB/nlminb/multiple_GenerationJnormChangingNmBTwoLambdasOneChangingBeta_30_140_80_4_0.1_diagREDM_NA_NA_NA_dataset6.RDS --model diagREDM --optimiser nlminb  --use_previous_run_startingvals T
[Tue Aug  9 18:49:26 2022]
Finished job 9621.
9 of 25556 steps (0.04%) done

[Tue Aug  9 18:49:26 2022]
rule inference_simulation_TMB_multiple:
    input: ../data/assessing_models_simulation/datasets/multiple_GenerationJnormChangingNmBTwoLambdasOneChangingBeta_30_140_80_4_0.1_NA_NA_NA_dataset6.RDS
    output: ../data/assessing_models_simulation/inference_results/TMB/nlminb/multiple_GenerationJnormChangingNmBTwoLambdasOneChangingBeta_30_140_80_4_0.1_singleREDM_NA_NA_NA_dataset6.RDS
    log: logs/inference/nlminb/simulation_GenerationJnormChangingNmBTwoLambdasOneChangingBeta_30_140_80_4_0.1_ModelsingleREDM_NA_NA_NA_dataset6.log
    jobid: 16341
    wildcards: optimiser=nlminb, datasetgeneration=GenerationJnormChangingNmBTwoLambdasOneChangingBeta, n=30, nlambda=140, lmbda=80, d=4, beta_intensity=0.1, model=singleREDM, fixed_beta_intercept=NA, fixed_beta_slope=NA, sdRE_input=NA, itnum=6

Rscript 2_inference_TMB/run_TMB.R --input ../data/assessing_models_simulation/datasets/multiple_GenerationJnormChangingNmBTwoLambdasOneChangingBeta_30_140_80_4_0.1_NA_NA_NA_dataset6.RDS --output ../data/assessing_models_simulation/inference_results/TMB/nlminb/multiple_GenerationJnormChangingNmBTwoLambdasOneChangingBeta_30_140_80_4_0.1_singleREDM_NA_NA_NA_dataset6.RDS --model singleREDM --optimiser nlminb  --use_previous_run_startingvals T
[Tue Aug  9 18:49:28 2022]
Finished job 16341.
10 of 25556 steps (0.04%) done

[Tue Aug  9 18:49:28 2022]
rule inference_simulation_TMB_multiple:
    input: ../data/assessing_models_simulation/datasets/multiple_GenerationJnormChangingNmBTwoLambdasOneChangingBeta_30_140_80_4_0.1_NA_NA_NA_dataset6.RDS
    output: ../data/assessing_models_simulation/inference_results/TMB/nlminb/multiple_GenerationJnormChangingNmBTwoLambdasOneChangingBeta_30_140_80_4_0.1_fullREM_NA_NA_NA_dataset6.RDS
    log: logs/inference/nlminb/simulation_GenerationJnormChangingNmBTwoLambdasOneChangingBeta_30_140_80_4_0.1_ModelfullREM_NA_NA_NA_dataset6.log
    jobid: 2901
    wildcards: optimiser=nlminb, datasetgeneration=GenerationJnormChangingNmBTwoLambdasOneChangingBeta, n=30, nlambda=140, lmbda=80, d=4, beta_intensity=0.1, model=fullREM, fixed_beta_intercept=NA, fixed_beta_slope=NA, sdRE_input=NA, itnum=6

Rscript 2_inference_TMB/run_TMB.R --input ../data/assessing_models_simulation/datasets/multiple_GenerationJnormChangingNmBTwoLambdasOneChangingBeta_30_140_80_4_0.1_NA_NA_NA_dataset6.RDS --output ../data/assessing_models_simulation/inference_results/TMB/nlminb/multiple_GenerationJnormChangingNmBTwoLambdasOneChangingBeta_30_140_80_4_0.1_fullREM_NA_NA_NA_dataset6.RDS --model fullREM --optimiser nlminb  --use_previous_run_startingvals T
[Tue Aug  9 18:49:31 2022]
Finished job 2901.
11 of 25556 steps (0.04%) done

[Tue Aug  9 18:49:31 2022]
rule simulate_for_comparison_multiple:
    input: ../data/assessing_models_simulation/GenerationJnormChangingNmBTwoLambdasOneChangingBeta
    output: ../data/assessing_models_simulation/datasets/multiple_GenerationJnormChangingNmBTwoLambdasOneChangingBeta_30_140_80_6_0.1_NA_NA_NA_dataset4.RDS
    jobid: 23199
    wildcards: datasetgeneration=GenerationJnormChangingNmBTwoLambdasOneChangingBeta, n=30, nlambda=140, lmbda=80, d=6, beta_intensity=0.1, fixed_beta_intercept=NA, fixed_beta_slope=NA, sdRE_input=NA, itnum=4

Rscript --vanilla 3_analysis/simulation_model_assessment/generate_datasets_simulations/GenerationJnormChangingNmBTwoLambdasOneChangingBeta.R --input ../data/assessing_models_simulation/GenerationJnormChangingNmBTwoLambdasOneChangingBeta --d 6 --n 30 --nlambda 140 --lambda 80 --beta_gamma_shape 0.1 --outfile ../data/assessing_models_simulation/datasets/multiple_GenerationJnormChangingNmBTwoLambdasOneChangingBeta_30_140_80_6_0.1_NA_NA_NA_dataset4.RDS --beta_intercept_input NA --beta_slope_input NA --sdRE_input NA
[Tue Aug  9 18:49:33 2022]
Finished job 23199.
12 of 25556 steps (0.05%) done

[Tue Aug  9 18:49:34 2022]
rule inference_simulation_TMB_multiple:
    input: ../data/assessing_models_simulation/datasets/multiple_GenerationJnormChangingNmBTwoLambdasOneChangingBeta_30_140_80_6_0.1_NA_NA_NA_dataset4.RDS
    output: ../data/assessing_models_simulation/inference_results/TMB/nlminb/multiple_GenerationJnormChangingNmBTwoLambdasOneChangingBeta_30_140_80_6_0.1_diagREDM_NA_NA_NA_dataset4.RDS
    log: logs/inference/nlminb/simulation_GenerationJnormChangingNmBTwoLambdasOneChangingBeta_30_140_80_6_0.1_ModeldiagREDM_NA_NA_NA_dataset4.log
    jobid: 9759
    wildcards: optimiser=nlminb, datasetgeneration=GenerationJnormChangingNmBTwoLambdasOneChangingBeta, n=30, nlambda=140, lmbda=80, d=6, beta_intensity=0.1, model=diagREDM, fixed_beta_intercept=NA, fixed_beta_slope=NA, sdRE_input=NA, itnum=4

Rscript 2_inference_TMB/run_TMB.R --input ../data/assessing_models_simulation/datasets/multiple_GenerationJnormChangingNmBTwoLambdasOneChangingBeta_30_140_80_6_0.1_NA_NA_NA_dataset4.RDS --output ../data/assessing_models_simulation/inference_results/TMB/nlminb/multiple_GenerationJnormChangingNmBTwoLambdasOneChangingBeta_30_140_80_6_0.1_diagREDM_NA_NA_NA_dataset4.RDS --model diagREDM --optimiser nlminb  --use_previous_run_startingvals T
[Tue Aug  9 18:49:39 2022]
Finished job 9759.
13 of 25556 steps (0.05%) done

[Tue Aug  9 18:49:39 2022]
rule inference_simulation_TMB_multiple:
    input: ../data/assessing_models_simulation/datasets/multiple_GenerationJnormChangingNmBTwoLambdasOneChangingBeta_30_140_80_6_0.1_NA_NA_NA_dataset4.RDS
    output: ../data/assessing_models_simulation/inference_results/TMB/nlminb/multiple_GenerationJnormChangingNmBTwoLambdasOneChangingBeta_30_140_80_6_0.1_singleREDM_NA_NA_NA_dataset4.RDS
    log: logs/inference/nlminb/simulation_GenerationJnormChangingNmBTwoLambdasOneChangingBeta_30_140_80_6_0.1_ModelsingleREDM_NA_NA_NA_dataset4.log
    jobid: 16479
    wildcards: optimiser=nlminb, datasetgeneration=GenerationJnormChangingNmBTwoLambdasOneChangingBeta, n=30, nlambda=140, lmbda=80, d=6, beta_intensity=0.1, model=singleREDM, fixed_beta_intercept=NA, fixed_beta_slope=NA, sdRE_input=NA, itnum=4

Rscript 2_inference_TMB/run_TMB.R --input ../data/assessing_models_simulation/datasets/multiple_GenerationJnormChangingNmBTwoLambdasOneChangingBeta_30_140_80_6_0.1_NA_NA_NA_dataset4.RDS --output ../data/assessing_models_simulation/inference_results/TMB/nlminb/multiple_GenerationJnormChangingNmBTwoLambdasOneChangingBeta_30_140_80_6_0.1_singleREDM_NA_NA_NA_dataset4.RDS --model singleREDM --optimiser nlminb  --use_previous_run_startingvals T
[Tue Aug  9 18:49:42 2022]
Finished job 16479.
14 of 25556 steps (0.05%) done

[Tue Aug  9 18:49:42 2022]
rule inference_simulation_TMB_multiple:
    input: ../data/assessing_models_simulation/datasets/multiple_GenerationJnormChangingNmBTwoLambdasOneChangingBeta_30_140_80_6_0.1_NA_NA_NA_dataset4.RDS
    output: ../data/assessing_models_simulation/inference_results/TMB/nlminb/multiple_GenerationJnormChangingNmBTwoLambdasOneChangingBeta_30_140_80_6_0.1_fullREM_NA_NA_NA_dataset4.RDS
    log: logs/inference/nlminb/simulation_GenerationJnormChangingNmBTwoLambdasOneChangingBeta_30_140_80_6_0.1_ModelfullREM_NA_NA_NA_dataset4.log
    jobid: 3039
    wildcards: optimiser=nlminb, datasetgeneration=GenerationJnormChangingNmBTwoLambdasOneChangingBeta, n=30, nlambda=140, lmbda=80, d=6, beta_intensity=0.1, model=fullREM, fixed_beta_intercept=NA, fixed_beta_slope=NA, sdRE_input=NA, itnum=4

Rscript 2_inference_TMB/run_TMB.R --input ../data/assessing_models_simulation/datasets/multiple_GenerationJnormChangingNmBTwoLambdasOneChangingBeta_30_140_80_6_0.1_NA_NA_NA_dataset4.RDS --output ../data/assessing_models_simulation/inference_results/TMB/nlminb/multiple_GenerationJnormChangingNmBTwoLambdasOneChangingBeta_30_140_80_6_0.1_fullREM_NA_NA_NA_dataset4.RDS --model fullREM --optimiser nlminb  --use_previous_run_startingvals T
[Tue Aug  9 18:49:46 2022]
Finished job 3039.
15 of 25556 steps (0.06%) done

[Tue Aug  9 18:49:46 2022]
rule simulate_for_comparison_multiple:
    input: ../data/assessing_models_simulation/GenerationJnormChangingNmBTwoLambdasOneChangingBeta
    output: ../data/assessing_models_simulation/datasets/multiple_GenerationJnormChangingNmBTwoLambdasOneChangingBeta_100_40_80_5_0_NA_NA_NA_dataset7.RDS
    jobid: 25352
    wildcards: datasetgeneration=GenerationJnormChangingNmBTwoLambdasOneChangingBeta, n=100, nlambda=40, lmbda=80, d=5, beta_intensity=0, fixed_beta_intercept=NA, fixed_beta_slope=NA, sdRE_input=NA, itnum=7

Rscript --vanilla 3_analysis/simulation_model_assessment/generate_datasets_simulations/GenerationJnormChangingNmBTwoLambdasOneChangingBeta.R --input ../data/assessing_models_simulation/GenerationJnormChangingNmBTwoLambdasOneChangingBeta --d 5 --n 100 --nlambda 40 --lambda 80 --beta_gamma_shape 0 --outfile ../data/assessing_models_simulation/datasets/multiple_GenerationJnormChangingNmBTwoLambdasOneChangingBeta_100_40_80_5_0_NA_NA_NA_dataset7.RDS --beta_intercept_input NA --beta_slope_input NA --sdRE_input NA
[Tue Aug  9 18:49:48 2022]
Finished job 25352.
16 of 25556 steps (0.06%) done

[Tue Aug  9 18:49:48 2022]
rule inference_simulation_TMB_multiple:
    input: ../data/assessing_models_simulation/datasets/multiple_GenerationJnormChangingNmBTwoLambdasOneChangingBeta_100_40_80_5_0_NA_NA_NA_dataset7.RDS
    output: ../data/assessing_models_simulation/inference_results/TMB/nlminb/multiple_GenerationJnormChangingNmBTwoLambdasOneChangingBeta_100_40_80_5_0_diagREDM_NA_NA_NA_dataset7.RDS
    log: logs/inference/nlminb/simulation_GenerationJnormChangingNmBTwoLambdasOneChangingBeta_100_40_80_5_0_ModeldiagREDM_NA_NA_NA_dataset7.log
    jobid: 11912
    wildcards: optimiser=nlminb, datasetgeneration=GenerationJnormChangingNmBTwoLambdasOneChangingBeta, n=100, nlambda=40, lmbda=80, d=5, beta_intensity=0, model=diagREDM, fixed_beta_intercept=NA, fixed_beta_slope=NA, sdRE_input=NA, itnum=7

Rscript 2_inference_TMB/run_TMB.R --input ../data/assessing_models_simulation/datasets/multiple_GenerationJnormChangingNmBTwoLambdasOneChangingBeta_100_40_80_5_0_NA_NA_NA_dataset7.RDS --output ../data/assessing_models_simulation/inference_results/TMB/nlminb/multiple_GenerationJnormChangingNmBTwoLambdasOneChangingBeta_100_40_80_5_0_diagREDM_NA_NA_NA_dataset7.RDS --model diagREDM --optimiser nlminb  --use_previous_run_startingvals T
[Tue Aug  9 18:49:58 2022]
Finished job 11912.
17 of 25556 steps (0.07%) done

[Tue Aug  9 18:49:58 2022]
rule inference_simulation_TMB_multiple:
    input: ../data/assessing_models_simulation/datasets/multiple_GenerationJnormChangingNmBTwoLambdasOneChangingBeta_100_40_80_5_0_NA_NA_NA_dataset7.RDS
    output: ../data/assessing_models_simulation/inference_results/TMB/nlminb/multiple_GenerationJnormChangingNmBTwoLambdasOneChangingBeta_100_40_80_5_0_singleREDM_NA_NA_NA_dataset7.RDS
    log: logs/inference/nlminb/simulation_GenerationJnormChangingNmBTwoLambdasOneChangingBeta_100_40_80_5_0_ModelsingleREDM_NA_NA_NA_dataset7.log
    jobid: 18632
    wildcards: optimiser=nlminb, datasetgeneration=GenerationJnormChangingNmBTwoLambdasOneChangingBeta, n=100, nlambda=40, lmbda=80, d=5, beta_intensity=0, model=singleREDM, fixed_beta_intercept=NA, fixed_beta_slope=NA, sdRE_input=NA, itnum=7

Rscript 2_inference_TMB/run_TMB.R --input ../data/assessing_models_simulation/datasets/multiple_GenerationJnormChangingNmBTwoLambdasOneChangingBeta_100_40_80_5_0_NA_NA_NA_dataset7.RDS --output ../data/assessing_models_simulation/inference_results/TMB/nlminb/multiple_GenerationJnormChangingNmBTwoLambdasOneChangingBeta_100_40_80_5_0_singleREDM_NA_NA_NA_dataset7.RDS --model singleREDM --optimiser nlminb  --use_previous_run_startingvals T
[Tue Aug  9 18:50:03 2022]
Finished job 18632.
18 of 25556 steps (0.07%) done

[Tue Aug  9 18:50:03 2022]
rule inference_simulation_TMB_multiple:
    input: ../data/assessing_models_simulation/datasets/multiple_GenerationJnormChangingNmBTwoLambdasOneChangingBeta_100_40_80_5_0_NA_NA_NA_dataset7.RDS
    output: ../data/assessing_models_simulation/inference_results/TMB/nlminb/multiple_GenerationJnormChangingNmBTwoLambdasOneChangingBeta_100_40_80_5_0_fullREM_NA_NA_NA_dataset7.RDS
    log: logs/inference/nlminb/simulation_GenerationJnormChangingNmBTwoLambdasOneChangingBeta_100_40_80_5_0_ModelfullREM_NA_NA_NA_dataset7.log
    jobid: 5192
    wildcards: optimiser=nlminb, datasetgeneration=GenerationJnormChangingNmBTwoLambdasOneChangingBeta, n=100, nlambda=40, lmbda=80, d=5, beta_intensity=0, model=fullREM, fixed_beta_intercept=NA, fixed_beta_slope=NA, sdRE_input=NA, itnum=7

Rscript 2_inference_TMB/run_TMB.R --input ../data/assessing_models_simulation/datasets/multiple_GenerationJnormChangingNmBTwoLambdasOneChangingBeta_100_40_80_5_0_NA_NA_NA_dataset7.RDS --output ../data/assessing_models_simulation/inference_results/TMB/nlminb/multiple_GenerationJnormChangingNmBTwoLambdasOneChangingBeta_100_40_80_5_0_fullREM_NA_NA_NA_dataset7.RDS --model fullREM --optimiser nlminb  --use_previous_run_startingvals T
[Tue Aug  9 18:50:07 2022]
Finished job 5192.
19 of 25556 steps (0.07%) done

[Tue Aug  9 18:50:07 2022]
rule simulate_for_comparison_multiple:
    input: ../data/assessing_models_simulation/GenerationJnormChangingNmBTwoLambdasOneChangingBeta
    output: ../data/assessing_models_simulation/datasets/multiple_GenerationJnormChangingNmBTwoLambdasOneChangingBeta_20_160_80_3_0.2_NA_NA_NA_dataset6.RDS
    jobid: 21601
    wildcards: datasetgeneration=GenerationJnormChangingNmBTwoLambdasOneChangingBeta, n=20, nlambda=160, lmbda=80, d=3, beta_intensity=0.2, fixed_beta_intercept=NA, fixed_beta_slope=NA, sdRE_input=NA, itnum=6

Rscript --vanilla 3_analysis/simulation_model_assessment/generate_datasets_simulations/GenerationJnormChangingNmBTwoLambdasOneChangingBeta.R --input ../data/assessing_models_simulation/GenerationJnormChangingNmBTwoLambdasOneChangingBeta --d 3 --n 20 --nlambda 160 --lambda 80 --beta_gamma_shape 0.2 --outfile ../data/assessing_models_simulation/datasets/multiple_GenerationJnormChangingNmBTwoLambdasOneChangingBeta_20_160_80_3_0.2_NA_NA_NA_dataset6.RDS --beta_intercept_input NA --beta_slope_input NA --sdRE_input NA
[Tue Aug  9 18:50:09 2022]
Finished job 21601.
20 of 25556 steps (0.08%) done

[Tue Aug  9 18:50:09 2022]
rule inference_simulation_TMB_multiple:
    input: ../data/assessing_models_simulation/datasets/multiple_GenerationJnormChangingNmBTwoLambdasOneChangingBeta_20_160_80_3_0.2_NA_NA_NA_dataset6.RDS
    output: ../data/assessing_models_simulation/inference_results/TMB/nlminb/multiple_GenerationJnormChangingNmBTwoLambdasOneChangingBeta_20_160_80_3_0.2_diagREDM_NA_NA_NA_dataset6.RDS
    log: logs/inference/nlminb/simulation_GenerationJnormChangingNmBTwoLambdasOneChangingBeta_20_160_80_3_0.2_ModeldiagREDM_NA_NA_NA_dataset6.log
    jobid: 8161
    wildcards: optimiser=nlminb, datasetgeneration=GenerationJnormChangingNmBTwoLambdasOneChangingBeta, n=20, nlambda=160, lmbda=80, d=3, beta_intensity=0.2, model=diagREDM, fixed_beta_intercept=NA, fixed_beta_slope=NA, sdRE_input=NA, itnum=6

Rscript 2_inference_TMB/run_TMB.R --input ../data/assessing_models_simulation/datasets/multiple_GenerationJnormChangingNmBTwoLambdasOneChangingBeta_20_160_80_3_0.2_NA_NA_NA_dataset6.RDS --output ../data/assessing_models_simulation/inference_results/TMB/nlminb/multiple_GenerationJnormChangingNmBTwoLambdasOneChangingBeta_20_160_80_3_0.2_diagREDM_NA_NA_NA_dataset6.RDS --model diagREDM --optimiser nlminb  --use_previous_run_startingvals T
[Tue Aug  9 18:50:12 2022]
Finished job 8161.
21 of 25556 steps (0.08%) done

[Tue Aug  9 18:50:12 2022]
rule inference_simulation_TMB_multiple:
    input: ../data/assessing_models_simulation/datasets/multiple_GenerationJnormChangingNmBTwoLambdasOneChangingBeta_20_160_80_3_0.2_NA_NA_NA_dataset6.RDS
    output: ../data/assessing_models_simulation/inference_results/TMB/nlminb/multiple_GenerationJnormChangingNmBTwoLambdasOneChangingBeta_20_160_80_3_0.2_singleREDM_NA_NA_NA_dataset6.RDS
    log: logs/inference/nlminb/simulation_GenerationJnormChangingNmBTwoLambdasOneChangingBeta_20_160_80_3_0.2_ModelsingleREDM_NA_NA_NA_dataset6.log
    jobid: 14881
    wildcards: optimiser=nlminb, datasetgeneration=GenerationJnormChangingNmBTwoLambdasOneChangingBeta, n=20, nlambda=160, lmbda=80, d=3, beta_intensity=0.2, model=singleREDM, fixed_beta_intercept=NA, fixed_beta_slope=NA, sdRE_input=NA, itnum=6

Rscript 2_inference_TMB/run_TMB.R --input ../data/assessing_models_simulation/datasets/multiple_GenerationJnormChangingNmBTwoLambdasOneChangingBeta_20_160_80_3_0.2_NA_NA_NA_dataset6.RDS --output ../data/assessing_models_simulation/inference_results/TMB/nlminb/multiple_GenerationJnormChangingNmBTwoLambdasOneChangingBeta_20_160_80_3_0.2_singleREDM_NA_NA_NA_dataset6.RDS --model singleREDM --optimiser nlminb  --use_previous_run_startingvals T
[Tue Aug  9 18:50:14 2022]
Finished job 14881.
22 of 25556 steps (0.09%) done

[Tue Aug  9 18:50:14 2022]
rule inference_simulation_TMB_multiple:
    input: ../data/assessing_models_simulation/datasets/multiple_GenerationJnormChangingNmBTwoLambdasOneChangingBeta_20_160_80_3_0.2_NA_NA_NA_dataset6.RDS
    output: ../data/assessing_models_simulation/inference_results/TMB/nlminb/multiple_GenerationJnormChangingNmBTwoLambdasOneChangingBeta_20_160_80_3_0.2_fullREM_NA_NA_NA_dataset6.RDS
    log: logs/inference/nlminb/simulation_GenerationJnormChangingNmBTwoLambdasOneChangingBeta_20_160_80_3_0.2_ModelfullREM_NA_NA_NA_dataset6.log
    jobid: 1441
    wildcards: optimiser=nlminb, datasetgeneration=GenerationJnormChangingNmBTwoLambdasOneChangingBeta, n=20, nlambda=160, lmbda=80, d=3, beta_intensity=0.2, model=fullREM, fixed_beta_intercept=NA, fixed_beta_slope=NA, sdRE_input=NA, itnum=6

Rscript 2_inference_TMB/run_TMB.R --input ../data/assessing_models_simulation/datasets/multiple_GenerationJnormChangingNmBTwoLambdasOneChangingBeta_20_160_80_3_0.2_NA_NA_NA_dataset6.RDS --output ../data/assessing_models_simulation/inference_results/TMB/nlminb/multiple_GenerationJnormChangingNmBTwoLambdasOneChangingBeta_20_160_80_3_0.2_fullREM_NA_NA_NA_dataset6.RDS --model fullREM --optimiser nlminb  --use_previous_run_startingvals T
[Tue Aug  9 18:50:16 2022]
Finished job 1441.
23 of 25556 steps (0.09%) done

[Tue Aug  9 18:50:16 2022]
rule simulate_for_comparison_multiple:
    input: ../data/assessing_models_simulation/GenerationJnormChangingNmBTwoLambdasOneChangingBeta
    output: ../data/assessing_models_simulation/datasets/multiple_GenerationJnormChangingNmBTwoLambdasOneChangingBeta_20_160_80_6_0.2_NA_NA_NA_dataset3.RDS
    jobid: 21808
    wildcards: datasetgeneration=GenerationJnormChangingNmBTwoLambdasOneChangingBeta, n=20, nlambda=160, lmbda=80, d=6, beta_intensity=0.2, fixed_beta_intercept=NA, fixed_beta_slope=NA, sdRE_input=NA, itnum=3

Rscript --vanilla 3_analysis/simulation_model_assessment/generate_datasets_simulations/GenerationJnormChangingNmBTwoLambdasOneChangingBeta.R --input ../data/assessing_models_simulation/GenerationJnormChangingNmBTwoLambdasOneChangingBeta --d 6 --n 20 --nlambda 160 --lambda 80 --beta_gamma_shape 0.2 --outfile ../data/assessing_models_simulation/datasets/multiple_GenerationJnormChangingNmBTwoLambdasOneChangingBeta_20_160_80_6_0.2_NA_NA_NA_dataset3.RDS --beta_intercept_input NA --beta_slope_input NA --sdRE_input NA
[Tue Aug  9 18:50:18 2022]
Finished job 21808.
24 of 25556 steps (0.09%) done

[Tue Aug  9 18:50:18 2022]
rule inference_simulation_TMB_multiple:
    input: ../data/assessing_models_simulation/datasets/multiple_GenerationJnormChangingNmBTwoLambdasOneChangingBeta_20_160_80_6_0.2_NA_NA_NA_dataset3.RDS
    output: ../data/assessing_models_simulation/inference_results/TMB/nlminb/multiple_GenerationJnormChangingNmBTwoLambdasOneChangingBeta_20_160_80_6_0.2_diagREDM_NA_NA_NA_dataset3.RDS
    log: logs/inference/nlminb/simulation_GenerationJnormChangingNmBTwoLambdasOneChangingBeta_20_160_80_6_0.2_ModeldiagREDM_NA_NA_NA_dataset3.log
    jobid: 8368
    wildcards: optimiser=nlminb, datasetgeneration=GenerationJnormChangingNmBTwoLambdasOneChangingBeta, n=20, nlambda=160, lmbda=80, d=6, beta_intensity=0.2, model=diagREDM, fixed_beta_intercept=NA, fixed_beta_slope=NA, sdRE_input=NA, itnum=3

Rscript 2_inference_TMB/run_TMB.R --input ../data/assessing_models_simulation/datasets/multiple_GenerationJnormChangingNmBTwoLambdasOneChangingBeta_20_160_80_6_0.2_NA_NA_NA_dataset3.RDS --output ../data/assessing_models_simulation/inference_results/TMB/nlminb/multiple_GenerationJnormChangingNmBTwoLambdasOneChangingBeta_20_160_80_6_0.2_diagREDM_NA_NA_NA_dataset3.RDS --model diagREDM --optimiser nlminb  --use_previous_run_startingvals T
[Tue Aug  9 18:50:22 2022]
Finished job 8368.
25 of 25556 steps (0.10%) done

[Tue Aug  9 18:50:22 2022]
rule inference_simulation_TMB_multiple:
    input: ../data/assessing_models_simulation/datasets/multiple_GenerationJnormChangingNmBTwoLambdasOneChangingBeta_20_160_80_6_0.2_NA_NA_NA_dataset3.RDS
    output: ../data/assessing_models_simulation/inference_results/TMB/nlminb/multiple_GenerationJnormChangingNmBTwoLambdasOneChangingBeta_20_160_80_6_0.2_singleREDM_NA_NA_NA_dataset3.RDS
    log: logs/inference/nlminb/simulation_GenerationJnormChangingNmBTwoLambdasOneChangingBeta_20_160_80_6_0.2_ModelsingleREDM_NA_NA_NA_dataset3.log
    jobid: 15088
    wildcards: optimiser=nlminb, datasetgeneration=GenerationJnormChangingNmBTwoLambdasOneChangingBeta, n=20, nlambda=160, lmbda=80, d=6, beta_intensity=0.2, model=singleREDM, fixed_beta_intercept=NA, fixed_beta_slope=NA, sdRE_input=NA, itnum=3

Rscript 2_inference_TMB/run_TMB.R --input ../data/assessing_models_simulation/datasets/multiple_GenerationJnormChangingNmBTwoLambdasOneChangingBeta_20_160_80_6_0.2_NA_NA_NA_dataset3.RDS --output ../data/assessing_models_simulation/inference_results/TMB/nlminb/multiple_GenerationJnormChangingNmBTwoLambdasOneChangingBeta_20_160_80_6_0.2_singleREDM_NA_NA_NA_dataset3.RDS --model singleREDM --optimiser nlminb  --use_previous_run_startingvals T
[Tue Aug  9 18:50:24 2022]
Finished job 15088.
26 of 25556 steps (0.10%) done

[Tue Aug  9 18:50:25 2022]
rule inference_simulation_TMB_multiple:
    input: ../data/assessing_models_simulation/datasets/multiple_GenerationJnormChangingNmBTwoLambdasOneChangingBeta_20_160_80_6_0.2_NA_NA_NA_dataset3.RDS
    output: ../data/assessing_models_simulation/inference_results/TMB/nlminb/multiple_GenerationJnormChangingNmBTwoLambdasOneChangingBeta_20_160_80_6_0.2_fullREM_NA_NA_NA_dataset3.RDS
    log: logs/inference/nlminb/simulation_GenerationJnormChangingNmBTwoLambdasOneChangingBeta_20_160_80_6_0.2_ModelfullREM_NA_NA_NA_dataset3.log
    jobid: 1648
    wildcards: optimiser=nlminb, datasetgeneration=GenerationJnormChangingNmBTwoLambdasOneChangingBeta, n=20, nlambda=160, lmbda=80, d=6, beta_intensity=0.2, model=fullREM, fixed_beta_intercept=NA, fixed_beta_slope=NA, sdRE_input=NA, itnum=3

Rscript 2_inference_TMB/run_TMB.R --input ../data/assessing_models_simulation/datasets/multiple_GenerationJnormChangingNmBTwoLambdasOneChangingBeta_20_160_80_6_0.2_NA_NA_NA_dataset3.RDS --output ../data/assessing_models_simulation/inference_results/TMB/nlminb/multiple_GenerationJnormChangingNmBTwoLambdasOneChangingBeta_20_160_80_6_0.2_fullREM_NA_NA_NA_dataset3.RDS --model fullREM --optimiser nlminb  --use_previous_run_startingvals T
[Tue Aug  9 18:50:28 2022]
Finished job 1648.
27 of 25556 steps (0.11%) done

[Tue Aug  9 18:50:28 2022]
rule simulate_for_comparison_multiple:
    input: ../data/assessing_models_simulation/GenerationJnormChangingNmBTwoLambdasOneChangingBeta
    output: ../data/assessing_models_simulation/datasets/multiple_GenerationJnormChangingNmBTwoLambdasOneChangingBeta_100_120_80_5_0.1_NA_NA_NA_dataset6.RDS
    jobid: 26211
    wildcards: datasetgeneration=GenerationJnormChangingNmBTwoLambdasOneChangingBeta, n=100, nlambda=120, lmbda=80, d=5, beta_intensity=0.1, fixed_beta_intercept=NA, fixed_beta_slope=NA, sdRE_input=NA, itnum=6

Rscript --vanilla 3_analysis/simulation_model_assessment/generate_datasets_simulations/GenerationJnormChangingNmBTwoLambdasOneChangingBeta.R --input ../data/assessing_models_simulation/GenerationJnormChangingNmBTwoLambdasOneChangingBeta --d 5 --n 100 --nlambda 120 --lambda 80 --beta_gamma_shape 0.1 --outfile ../data/assessing_models_simulation/datasets/multiple_GenerationJnormChangingNmBTwoLambdasOneChangingBeta_100_120_80_5_0.1_NA_NA_NA_dataset6.RDS --beta_intercept_input NA --beta_slope_input NA --sdRE_input NA
[Tue Aug  9 18:50:30 2022]
Finished job 26211.
28 of 25556 steps (0.11%) done

[Tue Aug  9 18:50:30 2022]
rule inference_simulation_TMB_multiple:
    input: ../data/assessing_models_simulation/datasets/multiple_GenerationJnormChangingNmBTwoLambdasOneChangingBeta_100_120_80_5_0.1_NA_NA_NA_dataset6.RDS
    output: ../data/assessing_models_simulation/inference_results/TMB/nlminb/multiple_GenerationJnormChangingNmBTwoLambdasOneChangingBeta_100_120_80_5_0.1_diagREDM_NA_NA_NA_dataset6.RDS
    log: logs/inference/nlminb/simulation_GenerationJnormChangingNmBTwoLambdasOneChangingBeta_100_120_80_5_0.1_ModeldiagREDM_NA_NA_NA_dataset6.log
    jobid: 12771
    wildcards: optimiser=nlminb, datasetgeneration=GenerationJnormChangingNmBTwoLambdasOneChangingBeta, n=100, nlambda=120, lmbda=80, d=5, beta_intensity=0.1, model=diagREDM, fixed_beta_intercept=NA, fixed_beta_slope=NA, sdRE_input=NA, itnum=6

Rscript 2_inference_TMB/run_TMB.R --input ../data/assessing_models_simulation/datasets/multiple_GenerationJnormChangingNmBTwoLambdasOneChangingBeta_100_120_80_5_0.1_NA_NA_NA_dataset6.RDS --output ../data/assessing_models_simulation/inference_results/TMB/nlminb/multiple_GenerationJnormChangingNmBTwoLambdasOneChangingBeta_100_120_80_5_0.1_diagREDM_NA_NA_NA_dataset6.RDS --model diagREDM --optimiser nlminb  --use_previous_run_startingvals T
[Tue Aug  9 18:50:40 2022]
Finished job 12771.
29 of 25556 steps (0.11%) done

[Tue Aug  9 18:50:40 2022]
rule inference_simulation_TMB_multiple:
    input: ../data/assessing_models_simulation/datasets/multiple_GenerationJnormChangingNmBTwoLambdasOneChangingBeta_100_120_80_5_0.1_NA_NA_NA_dataset6.RDS
    output: ../data/assessing_models_simulation/inference_results/TMB/nlminb/multiple_GenerationJnormChangingNmBTwoLambdasOneChangingBeta_100_120_80_5_0.1_singleREDM_NA_NA_NA_dataset6.RDS
    log: logs/inference/nlminb/simulation_GenerationJnormChangingNmBTwoLambdasOneChangingBeta_100_120_80_5_0.1_ModelsingleREDM_NA_NA_NA_dataset6.log
    jobid: 19491
    wildcards: optimiser=nlminb, datasetgeneration=GenerationJnormChangingNmBTwoLambdasOneChangingBeta, n=100, nlambda=120, lmbda=80, d=5, beta_intensity=0.1, model=singleREDM, fixed_beta_intercept=NA, fixed_beta_slope=NA, sdRE_input=NA, itnum=6

Rscript 2_inference_TMB/run_TMB.R --input ../data/assessing_models_simulation/datasets/multiple_GenerationJnormChangingNmBTwoLambdasOneChangingBeta_100_120_80_5_0.1_NA_NA_NA_dataset6.RDS --output ../data/assessing_models_simulation/inference_results/TMB/nlminb/multiple_GenerationJnormChangingNmBTwoLambdasOneChangingBeta_100_120_80_5_0.1_singleREDM_NA_NA_NA_dataset6.RDS --model singleREDM --optimiser nlminb  --use_previous_run_startingvals T
[Tue Aug  9 18:50:45 2022]
Finished job 19491.
30 of 25556 steps (0.12%) done

[Tue Aug  9 18:50:46 2022]
rule inference_simulation_TMB_multiple:
    input: ../data/assessing_models_simulation/datasets/multiple_GenerationJnormChangingNmBTwoLambdasOneChangingBeta_100_120_80_5_0.1_NA_NA_NA_dataset6.RDS
    output: ../data/assessing_models_simulation/inference_results/TMB/nlminb/multiple_GenerationJnormChangingNmBTwoLambdasOneChangingBeta_100_120_80_5_0.1_fullREM_NA_NA_NA_dataset6.RDS
    log: logs/inference/nlminb/simulation_GenerationJnormChangingNmBTwoLambdasOneChangingBeta_100_120_80_5_0.1_ModelfullREM_NA_NA_NA_dataset6.log
    jobid: 6051
    wildcards: optimiser=nlminb, datasetgeneration=GenerationJnormChangingNmBTwoLambdasOneChangingBeta, n=100, nlambda=120, lmbda=80, d=5, beta_intensity=0.1, model=fullREM, fixed_beta_intercept=NA, fixed_beta_slope=NA, sdRE_input=NA, itnum=6

Rscript 2_inference_TMB/run_TMB.R --input ../data/assessing_models_simulation/datasets/multiple_GenerationJnormChangingNmBTwoLambdasOneChangingBeta_100_120_80_5_0.1_NA_NA_NA_dataset6.RDS --output ../data/assessing_models_simulation/inference_results/TMB/nlminb/multiple_GenerationJnormChangingNmBTwoLambdasOneChangingBeta_100_120_80_5_0.1_fullREM_NA_NA_NA_dataset6.RDS --model fullREM --optimiser nlminb  --use_previous_run_startingvals T
[Tue Aug  9 18:50:50 2022]
Finished job 6051.
31 of 25556 steps (0.12%) done

[Tue Aug  9 18:50:50 2022]
rule simulate_for_comparison_multiple:
    input: ../data/assessing_models_simulation/GenerationJnormChangingNmBTwoLambdasOneChangingBeta
    output: ../data/assessing_models_simulation/datasets/multiple_GenerationJnormChangingNmBTwoLambdasOneChangingBeta_100_120_80_6_0.1_NA_NA_NA_dataset5.RDS
    jobid: 26280
    wildcards: datasetgeneration=GenerationJnormChangingNmBTwoLambdasOneChangingBeta, n=100, nlambda=120, lmbda=80, d=6, beta_intensity=0.1, fixed_beta_intercept=NA, fixed_beta_slope=NA, sdRE_input=NA, itnum=5

Rscript --vanilla 3_analysis/simulation_model_assessment/generate_datasets_simulations/GenerationJnormChangingNmBTwoLambdasOneChangingBeta.R --input ../data/assessing_models_simulation/GenerationJnormChangingNmBTwoLambdasOneChangingBeta --d 6 --n 100 --nlambda 120 --lambda 80 --beta_gamma_shape 0.1 --outfile ../data/assessing_models_simulation/datasets/multiple_GenerationJnormChangingNmBTwoLambdasOneChangingBeta_100_120_80_6_0.1_NA_NA_NA_dataset5.RDS --beta_intercept_input NA --beta_slope_input NA --sdRE_input NA
[Tue Aug  9 18:50:52 2022]
Finished job 26280.
32 of 25556 steps (0.13%) done

[Tue Aug  9 18:50:52 2022]
rule inference_simulation_TMB_multiple:
    input: ../data/assessing_models_simulation/datasets/multiple_GenerationJnormChangingNmBTwoLambdasOneChangingBeta_100_120_80_6_0.1_NA_NA_NA_dataset5.RDS
    output: ../data/assessing_models_simulation/inference_results/TMB/nlminb/multiple_GenerationJnormChangingNmBTwoLambdasOneChangingBeta_100_120_80_6_0.1_diagREDM_NA_NA_NA_dataset5.RDS
    log: logs/inference/nlminb/simulation_GenerationJnormChangingNmBTwoLambdasOneChangingBeta_100_120_80_6_0.1_ModeldiagREDM_NA_NA_NA_dataset5.log
    jobid: 12840
    wildcards: optimiser=nlminb, datasetgeneration=GenerationJnormChangingNmBTwoLambdasOneChangingBeta, n=100, nlambda=120, lmbda=80, d=6, beta_intensity=0.1, model=diagREDM, fixed_beta_intercept=NA, fixed_beta_slope=NA, sdRE_input=NA, itnum=5

Rscript 2_inference_TMB/run_TMB.R --input ../data/assessing_models_simulation/datasets/multiple_GenerationJnormChangingNmBTwoLambdasOneChangingBeta_100_120_80_6_0.1_NA_NA_NA_dataset5.RDS --output ../data/assessing_models_simulation/inference_results/TMB/nlminb/multiple_GenerationJnormChangingNmBTwoLambdasOneChangingBeta_100_120_80_6_0.1_diagREDM_NA_NA_NA_dataset5.RDS --model diagREDM --optimiser nlminb  --use_previous_run_startingvals T
[Tue Aug  9 18:51:08 2022]
Finished job 12840.
33 of 25556 steps (0.13%) done

[Tue Aug  9 18:51:08 2022]
rule inference_simulation_TMB_multiple:
    input: ../data/assessing_models_simulation/datasets/multiple_GenerationJnormChangingNmBTwoLambdasOneChangingBeta_100_120_80_6_0.1_NA_NA_NA_dataset5.RDS
    output: ../data/assessing_models_simulation/inference_results/TMB/nlminb/multiple_GenerationJnormChangingNmBTwoLambdasOneChangingBeta_100_120_80_6_0.1_singleREDM_NA_NA_NA_dataset5.RDS
    log: logs/inference/nlminb/simulation_GenerationJnormChangingNmBTwoLambdasOneChangingBeta_100_120_80_6_0.1_ModelsingleREDM_NA_NA_NA_dataset5.log
    jobid: 19560
    wildcards: optimiser=nlminb, datasetgeneration=GenerationJnormChangingNmBTwoLambdasOneChangingBeta, n=100, nlambda=120, lmbda=80, d=6, beta_intensity=0.1, model=singleREDM, fixed_beta_intercept=NA, fixed_beta_slope=NA, sdRE_input=NA, itnum=5

Rscript 2_inference_TMB/run_TMB.R --input ../data/assessing_models_simulation/datasets/multiple_GenerationJnormChangingNmBTwoLambdasOneChangingBeta_100_120_80_6_0.1_NA_NA_NA_dataset5.RDS --output ../data/assessing_models_simulation/inference_results/TMB/nlminb/multiple_GenerationJnormChangingNmBTwoLambdasOneChangingBeta_100_120_80_6_0.1_singleREDM_NA_NA_NA_dataset5.RDS --model singleREDM --optimiser nlminb  --use_previous_run_startingvals T
[Tue Aug  9 18:51:14 2022]
Finished job 19560.
34 of 25556 steps (0.13%) done

[Tue Aug  9 18:51:15 2022]
rule inference_simulation_TMB_multiple:
    input: ../data/assessing_models_simulation/datasets/multiple_GenerationJnormChangingNmBTwoLambdasOneChangingBeta_100_120_80_6_0.1_NA_NA_NA_dataset5.RDS
    output: ../data/assessing_models_simulation/inference_results/TMB/nlminb/multiple_GenerationJnormChangingNmBTwoLambdasOneChangingBeta_100_120_80_6_0.1_fullREM_NA_NA_NA_dataset5.RDS
    log: logs/inference/nlminb/simulation_GenerationJnormChangingNmBTwoLambdasOneChangingBeta_100_120_80_6_0.1_ModelfullREM_NA_NA_NA_dataset5.log
    jobid: 6120
    wildcards: optimiser=nlminb, datasetgeneration=GenerationJnormChangingNmBTwoLambdasOneChangingBeta, n=100, nlambda=120, lmbda=80, d=6, beta_intensity=0.1, model=fullREM, fixed_beta_intercept=NA, fixed_beta_slope=NA, sdRE_input=NA, itnum=5

Rscript 2_inference_TMB/run_TMB.R --input ../data/assessing_models_simulation/datasets/multiple_GenerationJnormChangingNmBTwoLambdasOneChangingBeta_100_120_80_6_0.1_NA_NA_NA_dataset5.RDS --output ../data/assessing_models_simulation/inference_results/TMB/nlminb/multiple_GenerationJnormChangingNmBTwoLambdasOneChangingBeta_100_120_80_6_0.1_fullREM_NA_NA_NA_dataset5.RDS --model fullREM --optimiser nlminb  --use_previous_run_startingvals T
[Tue Aug  9 18:51:21 2022]
Finished job 6120.
35 of 25556 steps (0.14%) done

[Tue Aug  9 18:51:21 2022]
rule simulate_for_comparison_multiple:
    input: ../data/assessing_models_simulation/GenerationJnormChangingNmBTwoLambdasOneChangingBeta
    output: ../data/assessing_models_simulation/datasets/multiple_GenerationJnormChangingNmBTwoLambdasOneChangingBeta_30_80_80_3_0.1_NA_NA_NA_dataset7.RDS
    jobid: 22432
    wildcards: datasetgeneration=GenerationJnormChangingNmBTwoLambdasOneChangingBeta, n=30, nlambda=80, lmbda=80, d=3, beta_intensity=0.1, fixed_beta_intercept=NA, fixed_beta_slope=NA, sdRE_input=NA, itnum=7

Rscript --vanilla 3_analysis/simulation_model_assessment/generate_datasets_simulations/GenerationJnormChangingNmBTwoLambdasOneChangingBeta.R --input ../data/assessing_models_simulation/GenerationJnormChangingNmBTwoLambdasOneChangingBeta --d 3 --n 30 --nlambda 80 --lambda 80 --beta_gamma_shape 0.1 --outfile ../data/assessing_models_simulation/datasets/multiple_GenerationJnormChangingNmBTwoLambdasOneChangingBeta_30_80_80_3_0.1_NA_NA_NA_dataset7.RDS --beta_intercept_input NA --beta_slope_input NA --sdRE_input NA
[Tue Aug  9 18:51:24 2022]
Finished job 22432.
36 of 25556 steps (0.14%) done

[Tue Aug  9 18:51:24 2022]
rule inference_simulation_TMB_multiple:
    input: ../data/assessing_models_simulation/datasets/multiple_GenerationJnormChangingNmBTwoLambdasOneChangingBeta_30_80_80_3_0.1_NA_NA_NA_dataset7.RDS
    output: ../data/assessing_models_simulation/inference_results/TMB/nlminb/multiple_GenerationJnormChangingNmBTwoLambdasOneChangingBeta_30_80_80_3_0.1_diagREDM_NA_NA_NA_dataset7.RDS
    log: logs/inference/nlminb/simulation_GenerationJnormChangingNmBTwoLambdasOneChangingBeta_30_80_80_3_0.1_ModeldiagREDM_NA_NA_NA_dataset7.log
    jobid: 8992
    wildcards: optimiser=nlminb, datasetgeneration=GenerationJnormChangingNmBTwoLambdasOneChangingBeta, n=30, nlambda=80, lmbda=80, d=3, beta_intensity=0.1, model=diagREDM, fixed_beta_intercept=NA, fixed_beta_slope=NA, sdRE_input=NA, itnum=7

Rscript 2_inference_TMB/run_TMB.R --input ../data/assessing_models_simulation/datasets/multiple_GenerationJnormChangingNmBTwoLambdasOneChangingBeta_30_80_80_3_0.1_NA_NA_NA_dataset7.RDS --output ../data/assessing_models_simulation/inference_results/TMB/nlminb/multiple_GenerationJnormChangingNmBTwoLambdasOneChangingBeta_30_80_80_3_0.1_diagREDM_NA_NA_NA_dataset7.RDS --model diagREDM --optimiser nlminb  --use_previous_run_startingvals T
[Tue Aug  9 18:51:27 2022]
Finished job 8992.
37 of 25556 steps (0.14%) done

[Tue Aug  9 18:51:27 2022]
rule inference_simulation_TMB_multiple:
    input: ../data/assessing_models_simulation/datasets/multiple_GenerationJnormChangingNmBTwoLambdasOneChangingBeta_30_80_80_3_0.1_NA_NA_NA_dataset7.RDS
    output: ../data/assessing_models_simulation/inference_results/TMB/nlminb/multiple_GenerationJnormChangingNmBTwoLambdasOneChangingBeta_30_80_80_3_0.1_singleREDM_NA_NA_NA_dataset7.RDS
    log: logs/inference/nlminb/simulation_GenerationJnormChangingNmBTwoLambdasOneChangingBeta_30_80_80_3_0.1_ModelsingleREDM_NA_NA_NA_dataset7.log
    jobid: 15712
    wildcards: optimiser=nlminb, datasetgeneration=GenerationJnormChangingNmBTwoLambdasOneChangingBeta, n=30, nlambda=80, lmbda=80, d=3, beta_intensity=0.1, model=singleREDM, fixed_beta_intercept=NA, fixed_beta_slope=NA, sdRE_input=NA, itnum=7

Rscript 2_inference_TMB/run_TMB.R --input ../data/assessing_models_simulation/datasets/multiple_GenerationJnormChangingNmBTwoLambdasOneChangingBeta_30_80_80_3_0.1_NA_NA_NA_dataset7.RDS --output ../data/assessing_models_simulation/inference_results/TMB/nlminb/multiple_GenerationJnormChangingNmBTwoLambdasOneChangingBeta_30_80_80_3_0.1_singleREDM_NA_NA_NA_dataset7.RDS --model singleREDM --optimiser nlminb  --use_previous_run_startingvals T
[Tue Aug  9 18:51:29 2022]
Finished job 15712.
38 of 25556 steps (0.15%) done

[Tue Aug  9 18:51:29 2022]
rule inference_simulation_TMB_multiple:
    input: ../data/assessing_models_simulation/datasets/multiple_GenerationJnormChangingNmBTwoLambdasOneChangingBeta_30_80_80_3_0.1_NA_NA_NA_dataset7.RDS
    output: ../data/assessing_models_simulation/inference_results/TMB/nlminb/multiple_GenerationJnormChangingNmBTwoLambdasOneChangingBeta_30_80_80_3_0.1_fullREM_NA_NA_NA_dataset7.RDS
    log: logs/inference/nlminb/simulation_GenerationJnormChangingNmBTwoLambdasOneChangingBeta_30_80_80_3_0.1_ModelfullREM_NA_NA_NA_dataset7.log
    jobid: 2272
    wildcards: optimiser=nlminb, datasetgeneration=GenerationJnormChangingNmBTwoLambdasOneChangingBeta, n=30, nlambda=80, lmbda=80, d=3, beta_intensity=0.1, model=fullREM, fixed_beta_intercept=NA, fixed_beta_slope=NA, sdRE_input=NA, itnum=7

Rscript 2_inference_TMB/run_TMB.R --input ../data/assessing_models_simulation/datasets/multiple_GenerationJnormChangingNmBTwoLambdasOneChangingBeta_30_80_80_3_0.1_NA_NA_NA_dataset7.RDS --output ../data/assessing_models_simulation/inference_results/TMB/nlminb/multiple_GenerationJnormChangingNmBTwoLambdasOneChangingBeta_30_80_80_3_0.1_fullREM_NA_NA_NA_dataset7.RDS --model fullREM --optimiser nlminb  --use_previous_run_startingvals T
[Tue Aug  9 18:51:31 2022]
Finished job 2272.
39 of 25556 steps (0.15%) done

[Tue Aug  9 18:51:31 2022]
rule simulate_for_comparison_multiple:
    input: ../data/assessing_models_simulation/GenerationJnormChangingNmBTwoLambdasOneChangingBeta
    output: ../data/assessing_models_simulation/datasets/multiple_GenerationJnormChangingNmBTwoLambdasOneChangingBeta_50_140_80_5_0.1_NA_NA_NA_dataset8.RDS
    jobid: 24813
    wildcards: datasetgeneration=GenerationJnormChangingNmBTwoLambdasOneChangingBeta, n=50, nlambda=140, lmbda=80, d=5, beta_intensity=0.1, fixed_beta_intercept=NA, fixed_beta_slope=NA, sdRE_input=NA, itnum=8

Rscript --vanilla 3_analysis/simulation_model_assessment/generate_datasets_simulations/GenerationJnormChangingNmBTwoLambdasOneChangingBeta.R --input ../data/assessing_models_simulation/GenerationJnormChangingNmBTwoLambdasOneChangingBeta --d 5 --n 50 --nlambda 140 --lambda 80 --beta_gamma_shape 0.1 --outfile ../data/assessing_models_simulation/datasets/multiple_GenerationJnormChangingNmBTwoLambdasOneChangingBeta_50_140_80_5_0.1_NA_NA_NA_dataset8.RDS --beta_intercept_input NA --beta_slope_input NA --sdRE_input NA
[Tue Aug  9 18:51:33 2022]
Finished job 24813.
40 of 25556 steps (0.16%) done

[Tue Aug  9 18:51:33 2022]
rule inference_simulation_TMB_multiple:
    input: ../data/assessing_models_simulation/datasets/multiple_GenerationJnormChangingNmBTwoLambdasOneChangingBeta_50_140_80_5_0.1_NA_NA_NA_dataset8.RDS
    output: ../data/assessing_models_simulation/inference_results/TMB/nlminb/multiple_GenerationJnormChangingNmBTwoLambdasOneChangingBeta_50_140_80_5_0.1_diagREDM_NA_NA_NA_dataset8.RDS
    log: logs/inference/nlminb/simulation_GenerationJnormChangingNmBTwoLambdasOneChangingBeta_50_140_80_5_0.1_ModeldiagREDM_NA_NA_NA_dataset8.log
    jobid: 11373
    wildcards: optimiser=nlminb, datasetgeneration=GenerationJnormChangingNmBTwoLambdasOneChangingBeta, n=50, nlambda=140, lmbda=80, d=5, beta_intensity=0.1, model=diagREDM, fixed_beta_intercept=NA, fixed_beta_slope=NA, sdRE_input=NA, itnum=8

Rscript 2_inference_TMB/run_TMB.R --input ../data/assessing_models_simulation/datasets/multiple_GenerationJnormChangingNmBTwoLambdasOneChangingBeta_50_140_80_5_0.1_NA_NA_NA_dataset8.RDS --output ../data/assessing_models_simulation/inference_results/TMB/nlminb/multiple_GenerationJnormChangingNmBTwoLambdasOneChangingBeta_50_140_80_5_0.1_diagREDM_NA_NA_NA_dataset8.RDS --model diagREDM --optimiser nlminb  --use_previous_run_startingvals T
[Tue Aug  9 18:51:39 2022]
Finished job 11373.
41 of 25556 steps (0.16%) done

[Tue Aug  9 18:51:40 2022]
rule inference_simulation_TMB_multiple:
    input: ../data/assessing_models_simulation/datasets/multiple_GenerationJnormChangingNmBTwoLambdasOneChangingBeta_50_140_80_5_0.1_NA_NA_NA_dataset8.RDS
    output: ../data/assessing_models_simulation/inference_results/TMB/nlminb/multiple_GenerationJnormChangingNmBTwoLambdasOneChangingBeta_50_140_80_5_0.1_singleREDM_NA_NA_NA_dataset8.RDS
    log: logs/inference/nlminb/simulation_GenerationJnormChangingNmBTwoLambdasOneChangingBeta_50_140_80_5_0.1_ModelsingleREDM_NA_NA_NA_dataset8.log
    jobid: 18093
    wildcards: optimiser=nlminb, datasetgeneration=GenerationJnormChangingNmBTwoLambdasOneChangingBeta, n=50, nlambda=140, lmbda=80, d=5, beta_intensity=0.1, model=singleREDM, fixed_beta_intercept=NA, fixed_beta_slope=NA, sdRE_input=NA, itnum=8

Rscript 2_inference_TMB/run_TMB.R --input ../data/assessing_models_simulation/datasets/multiple_GenerationJnormChangingNmBTwoLambdasOneChangingBeta_50_140_80_5_0.1_NA_NA_NA_dataset8.RDS --output ../data/assessing_models_simulation/inference_results/TMB/nlminb/multiple_GenerationJnormChangingNmBTwoLambdasOneChangingBeta_50_140_80_5_0.1_singleREDM_NA_NA_NA_dataset8.RDS --model singleREDM --optimiser nlminb  --use_previous_run_startingvals T
[Tue Aug  9 18:51:43 2022]
Finished job 18093.
42 of 25556 steps (0.16%) done

[Tue Aug  9 18:51:43 2022]
rule inference_simulation_TMB_multiple:
    input: ../data/assessing_models_simulation/datasets/multiple_GenerationJnormChangingNmBTwoLambdasOneChangingBeta_50_140_80_5_0.1_NA_NA_NA_dataset8.RDS
    output: ../data/assessing_models_simulation/inference_results/TMB/nlminb/multiple_GenerationJnormChangingNmBTwoLambdasOneChangingBeta_50_140_80_5_0.1_fullREM_NA_NA_NA_dataset8.RDS
    log: logs/inference/nlminb/simulation_GenerationJnormChangingNmBTwoLambdasOneChangingBeta_50_140_80_5_0.1_ModelfullREM_NA_NA_NA_dataset8.log
    jobid: 4653
    wildcards: optimiser=nlminb, datasetgeneration=GenerationJnormChangingNmBTwoLambdasOneChangingBeta, n=50, nlambda=140, lmbda=80, d=5, beta_intensity=0.1, model=fullREM, fixed_beta_intercept=NA, fixed_beta_slope=NA, sdRE_input=NA, itnum=8

Rscript 2_inference_TMB/run_TMB.R --input ../data/assessing_models_simulation/datasets/multiple_GenerationJnormChangingNmBTwoLambdasOneChangingBeta_50_140_80_5_0.1_NA_NA_NA_dataset8.RDS --output ../data/assessing_models_simulation/inference_results/TMB/nlminb/multiple_GenerationJnormChangingNmBTwoLambdasOneChangingBeta_50_140_80_5_0.1_fullREM_NA_NA_NA_dataset8.RDS --model fullREM --optimiser nlminb  --use_previous_run_startingvals T
[Tue Aug  9 18:51:46 2022]
Finished job 4653.
43 of 25556 steps (0.17%) done

[Tue Aug  9 18:51:46 2022]
rule simulate_for_comparison_multiple:
    input: ../data/assessing_models_simulation/GenerationJnormChangingNmBTwoLambdasOneChangingBeta
    output: ../data/assessing_models_simulation/datasets/multiple_GenerationJnormChangingNmBTwoLambdasOneChangingBeta_20_140_80_6_0.01_NA_NA_NA_dataset9.RDS
    jobid: 21514
    wildcards: datasetgeneration=GenerationJnormChangingNmBTwoLambdasOneChangingBeta, n=20, nlambda=140, lmbda=80, d=6, beta_intensity=0.01, fixed_beta_intercept=NA, fixed_beta_slope=NA, sdRE_input=NA, itnum=9

Rscript --vanilla 3_analysis/simulation_model_assessment/generate_datasets_simulations/GenerationJnormChangingNmBTwoLambdasOneChangingBeta.R --input ../data/assessing_models_simulation/GenerationJnormChangingNmBTwoLambdasOneChangingBeta --d 6 --n 20 --nlambda 140 --lambda 80 --beta_gamma_shape 0.01 --outfile ../data/assessing_models_simulation/datasets/multiple_GenerationJnormChangingNmBTwoLambdasOneChangingBeta_20_140_80_6_0.01_NA_NA_NA_dataset9.RDS --beta_intercept_input NA --beta_slope_input NA --sdRE_input NA
[Tue Aug  9 18:51:48 2022]
Finished job 21514.
44 of 25556 steps (0.17%) done

[Tue Aug  9 18:51:48 2022]
rule inference_simulation_TMB_multiple:
    input: ../data/assessing_models_simulation/datasets/multiple_GenerationJnormChangingNmBTwoLambdasOneChangingBeta_20_140_80_6_0.01_NA_NA_NA_dataset9.RDS
    output: ../data/assessing_models_simulation/inference_results/TMB/nlminb/multiple_GenerationJnormChangingNmBTwoLambdasOneChangingBeta_20_140_80_6_0.01_diagREDM_NA_NA_NA_dataset9.RDS
    log: logs/inference/nlminb/simulation_GenerationJnormChangingNmBTwoLambdasOneChangingBeta_20_140_80_6_0.01_ModeldiagREDM_NA_NA_NA_dataset9.log
    jobid: 8074
    wildcards: optimiser=nlminb, datasetgeneration=GenerationJnormChangingNmBTwoLambdasOneChangingBeta, n=20, nlambda=140, lmbda=80, d=6, beta_intensity=0.01, model=diagREDM, fixed_beta_intercept=NA, fixed_beta_slope=NA, sdRE_input=NA, itnum=9

Rscript 2_inference_TMB/run_TMB.R --input ../data/assessing_models_simulation/datasets/multiple_GenerationJnormChangingNmBTwoLambdasOneChangingBeta_20_140_80_6_0.01_NA_NA_NA_dataset9.RDS --output ../data/assessing_models_simulation/inference_results/TMB/nlminb/multiple_GenerationJnormChangingNmBTwoLambdasOneChangingBeta_20_140_80_6_0.01_diagREDM_NA_NA_NA_dataset9.RDS --model diagREDM --optimiser nlminb  --use_previous_run_startingvals T
[Tue Aug  9 18:51:52 2022]
Finished job 8074.
45 of 25556 steps (0.18%) done

[Tue Aug  9 18:51:52 2022]
rule inference_simulation_TMB_multiple:
    input: ../data/assessing_models_simulation/datasets/multiple_GenerationJnormChangingNmBTwoLambdasOneChangingBeta_20_140_80_6_0.01_NA_NA_NA_dataset9.RDS
    output: ../data/assessing_models_simulation/inference_results/TMB/nlminb/multiple_GenerationJnormChangingNmBTwoLambdasOneChangingBeta_20_140_80_6_0.01_singleREDM_NA_NA_NA_dataset9.RDS
    log: logs/inference/nlminb/simulation_GenerationJnormChangingNmBTwoLambdasOneChangingBeta_20_140_80_6_0.01_ModelsingleREDM_NA_NA_NA_dataset9.log
    jobid: 14794
    wildcards: optimiser=nlminb, datasetgeneration=GenerationJnormChangingNmBTwoLambdasOneChangingBeta, n=20, nlambda=140, lmbda=80, d=6, beta_intensity=0.01, model=singleREDM, fixed_beta_intercept=NA, fixed_beta_slope=NA, sdRE_input=NA, itnum=9

Rscript 2_inference_TMB/run_TMB.R --input ../data/assessing_models_simulation/datasets/multiple_GenerationJnormChangingNmBTwoLambdasOneChangingBeta_20_140_80_6_0.01_NA_NA_NA_dataset9.RDS --output ../data/assessing_models_simulation/inference_results/TMB/nlminb/multiple_GenerationJnormChangingNmBTwoLambdasOneChangingBeta_20_140_80_6_0.01_singleREDM_NA_NA_NA_dataset9.RDS --model singleREDM --optimiser nlminb  --use_previous_run_startingvals T
[Tue Aug  9 18:51:55 2022]
Finished job 14794.
46 of 25556 steps (0.18%) done

[Tue Aug  9 18:51:55 2022]
rule inference_simulation_TMB_multiple:
    input: ../data/assessing_models_simulation/datasets/multiple_GenerationJnormChangingNmBTwoLambdasOneChangingBeta_20_140_80_6_0.01_NA_NA_NA_dataset9.RDS
    output: ../data/assessing_models_simulation/inference_results/TMB/nlminb/multiple_GenerationJnormChangingNmBTwoLambdasOneChangingBeta_20_140_80_6_0.01_fullREM_NA_NA_NA_dataset9.RDS
    log: logs/inference/nlminb/simulation_GenerationJnormChangingNmBTwoLambdasOneChangingBeta_20_140_80_6_0.01_ModelfullREM_NA_NA_NA_dataset9.log
    jobid: 1354
    wildcards: optimiser=nlminb, datasetgeneration=GenerationJnormChangingNmBTwoLambdasOneChangingBeta, n=20, nlambda=140, lmbda=80, d=6, beta_intensity=0.01, model=fullREM, fixed_beta_intercept=NA, fixed_beta_slope=NA, sdRE_input=NA, itnum=9

Rscript 2_inference_TMB/run_TMB.R --input ../data/assessing_models_simulation/datasets/multiple_GenerationJnormChangingNmBTwoLambdasOneChangingBeta_20_140_80_6_0.01_NA_NA_NA_dataset9.RDS --output ../data/assessing_models_simulation/inference_results/TMB/nlminb/multiple_GenerationJnormChangingNmBTwoLambdasOneChangingBeta_20_140_80_6_0.01_fullREM_NA_NA_NA_dataset9.RDS --model fullREM --optimiser nlminb  --use_previous_run_startingvals T
[Tue Aug  9 18:51:58 2022]
Finished job 1354.
47 of 25556 steps (0.18%) done

[Tue Aug  9 18:51:58 2022]
rule simulate_for_comparison_multiple:
    input: ../data/assessing_models_simulation/GenerationJnormChangingNmBTwoLambdasOneChangingBeta
    output: ../data/assessing_models_simulation/datasets/multiple_GenerationJnormChangingNmBTwoLambdasOneChangingBeta_20_40_80_4_0.3_NA_NA_NA_dataset5.RDS
    jobid: 20280
    wildcards: datasetgeneration=GenerationJnormChangingNmBTwoLambdasOneChangingBeta, n=20, nlambda=40, lmbda=80, d=4, beta_intensity=0.3, fixed_beta_intercept=NA, fixed_beta_slope=NA, sdRE_input=NA, itnum=5

Rscript --vanilla 3_analysis/simulation_model_assessment/generate_datasets_simulations/GenerationJnormChangingNmBTwoLambdasOneChangingBeta.R --input ../data/assessing_models_simulation/GenerationJnormChangingNmBTwoLambdasOneChangingBeta --d 4 --n 20 --nlambda 40 --lambda 80 --beta_gamma_shape 0.3 --outfile ../data/assessing_models_simulation/datasets/multiple_GenerationJnormChangingNmBTwoLambdasOneChangingBeta_20_40_80_4_0.3_NA_NA_NA_dataset5.RDS --beta_intercept_input NA --beta_slope_input NA --sdRE_input NA
[Tue Aug  9 18:52:00 2022]
Finished job 20280.
48 of 25556 steps (0.19%) done

[Tue Aug  9 18:52:00 2022]
rule inference_simulation_TMB_multiple:
    input: ../data/assessing_models_simulation/datasets/multiple_GenerationJnormChangingNmBTwoLambdasOneChangingBeta_20_40_80_4_0.3_NA_NA_NA_dataset5.RDS
    output: ../data/assessing_models_simulation/inference_results/TMB/nlminb/multiple_GenerationJnormChangingNmBTwoLambdasOneChangingBeta_20_40_80_4_0.3_diagREDM_NA_NA_NA_dataset5.RDS
    log: logs/inference/nlminb/simulation_GenerationJnormChangingNmBTwoLambdasOneChangingBeta_20_40_80_4_0.3_ModeldiagREDM_NA_NA_NA_dataset5.log
    jobid: 6840
    wildcards: optimiser=nlminb, datasetgeneration=GenerationJnormChangingNmBTwoLambdasOneChangingBeta, n=20, nlambda=40, lmbda=80, d=4, beta_intensity=0.3, model=diagREDM, fixed_beta_intercept=NA, fixed_beta_slope=NA, sdRE_input=NA, itnum=5

Rscript 2_inference_TMB/run_TMB.R --input ../data/assessing_models_simulation/datasets/multiple_GenerationJnormChangingNmBTwoLambdasOneChangingBeta_20_40_80_4_0.3_NA_NA_NA_dataset5.RDS --output ../data/assessing_models_simulation/inference_results/TMB/nlminb/multiple_GenerationJnormChangingNmBTwoLambdasOneChangingBeta_20_40_80_4_0.3_diagREDM_NA_NA_NA_dataset5.RDS --model diagREDM --optimiser nlminb  --use_previous_run_startingvals T
[Tue Aug  9 18:52:03 2022]
Finished job 6840.
49 of 25556 steps (0.19%) done

[Tue Aug  9 18:52:03 2022]
rule inference_simulation_TMB_multiple:
    input: ../data/assessing_models_simulation/datasets/multiple_GenerationJnormChangingNmBTwoLambdasOneChangingBeta_20_40_80_4_0.3_NA_NA_NA_dataset5.RDS
    output: ../data/assessing_models_simulation/inference_results/TMB/nlminb/multiple_GenerationJnormChangingNmBTwoLambdasOneChangingBeta_20_40_80_4_0.3_singleREDM_NA_NA_NA_dataset5.RDS
    log: logs/inference/nlminb/simulation_GenerationJnormChangingNmBTwoLambdasOneChangingBeta_20_40_80_4_0.3_ModelsingleREDM_NA_NA_NA_dataset5.log
    jobid: 13560
    wildcards: optimiser=nlminb, datasetgeneration=GenerationJnormChangingNmBTwoLambdasOneChangingBeta, n=20, nlambda=40, lmbda=80, d=4, beta_intensity=0.3, model=singleREDM, fixed_beta_intercept=NA, fixed_beta_slope=NA, sdRE_input=NA, itnum=5

Rscript 2_inference_TMB/run_TMB.R --input ../data/assessing_models_simulation/datasets/multiple_GenerationJnormChangingNmBTwoLambdasOneChangingBeta_20_40_80_4_0.3_NA_NA_NA_dataset5.RDS --output ../data/assessing_models_simulation/inference_results/TMB/nlminb/multiple_GenerationJnormChangingNmBTwoLambdasOneChangingBeta_20_40_80_4_0.3_singleREDM_NA_NA_NA_dataset5.RDS --model singleREDM --optimiser nlminb  --use_previous_run_startingvals T
[Tue Aug  9 18:52:05 2022]
Finished job 13560.
50 of 25556 steps (0.20%) done

[Tue Aug  9 18:52:05 2022]
rule inference_simulation_TMB_multiple:
    input: ../data/assessing_models_simulation/datasets/multiple_GenerationJnormChangingNmBTwoLambdasOneChangingBeta_20_40_80_4_0.3_NA_NA_NA_dataset5.RDS
    output: ../data/assessing_models_simulation/inference_results/TMB/nlminb/multiple_GenerationJnormChangingNmBTwoLambdasOneChangingBeta_20_40_80_4_0.3_fullREM_NA_NA_NA_dataset5.RDS
    log: logs/inference/nlminb/simulation_GenerationJnormChangingNmBTwoLambdasOneChangingBeta_20_40_80_4_0.3_ModelfullREM_NA_NA_NA_dataset5.log
    jobid: 120
    wildcards: optimiser=nlminb, datasetgeneration=GenerationJnormChangingNmBTwoLambdasOneChangingBeta, n=20, nlambda=40, lmbda=80, d=4, beta_intensity=0.3, model=fullREM, fixed_beta_intercept=NA, fixed_beta_slope=NA, sdRE_input=NA, itnum=5

Rscript 2_inference_TMB/run_TMB.R --input ../data/assessing_models_simulation/datasets/multiple_GenerationJnormChangingNmBTwoLambdasOneChangingBeta_20_40_80_4_0.3_NA_NA_NA_dataset5.RDS --output ../data/assessing_models_simulation/inference_results/TMB/nlminb/multiple_GenerationJnormChangingNmBTwoLambdasOneChangingBeta_20_40_80_4_0.3_fullREM_NA_NA_NA_dataset5.RDS --model fullREM --optimiser nlminb  --use_previous_run_startingvals T
[Tue Aug  9 18:52:08 2022]
Finished job 120.
51 of 25556 steps (0.20%) done

[Tue Aug  9 18:52:08 2022]
rule simulate_for_comparison_multiple:
    input: ../data/assessing_models_simulation/GenerationJnormChangingNmBTwoLambdasOneChangingBeta
    output: ../data/assessing_models_simulation/datasets/multiple_GenerationJnormChangingNmBTwoLambdasOneChangingBeta_20_40_80_5_0.3_NA_NA_NA_dataset4.RDS
    jobid: 20349
    wildcards: datasetgeneration=GenerationJnormChangingNmBTwoLambdasOneChangingBeta, n=20, nlambda=40, lmbda=80, d=5, beta_intensity=0.3, fixed_beta_intercept=NA, fixed_beta_slope=NA, sdRE_input=NA, itnum=4

Rscript --vanilla 3_analysis/simulation_model_assessment/generate_datasets_simulations/GenerationJnormChangingNmBTwoLambdasOneChangingBeta.R --input ../data/assessing_models_simulation/GenerationJnormChangingNmBTwoLambdasOneChangingBeta --d 5 --n 20 --nlambda 40 --lambda 80 --beta_gamma_shape 0.3 --outfile ../data/assessing_models_simulation/datasets/multiple_GenerationJnormChangingNmBTwoLambdasOneChangingBeta_20_40_80_5_0.3_NA_NA_NA_dataset4.RDS --beta_intercept_input NA --beta_slope_input NA --sdRE_input NA
[Tue Aug  9 18:52:10 2022]
Finished job 20349.
52 of 25556 steps (0.20%) done

[Tue Aug  9 18:52:10 2022]
rule inference_simulation_TMB_multiple:
    input: ../data/assessing_models_simulation/datasets/multiple_GenerationJnormChangingNmBTwoLambdasOneChangingBeta_20_40_80_5_0.3_NA_NA_NA_dataset4.RDS
    output: ../data/assessing_models_simulation/inference_results/TMB/nlminb/multiple_GenerationJnormChangingNmBTwoLambdasOneChangingBeta_20_40_80_5_0.3_diagREDM_NA_NA_NA_dataset4.RDS
    log: logs/inference/nlminb/simulation_GenerationJnormChangingNmBTwoLambdasOneChangingBeta_20_40_80_5_0.3_ModeldiagREDM_NA_NA_NA_dataset4.log
    jobid: 6909
    wildcards: optimiser=nlminb, datasetgeneration=GenerationJnormChangingNmBTwoLambdasOneChangingBeta, n=20, nlambda=40, lmbda=80, d=5, beta_intensity=0.3, model=diagREDM, fixed_beta_intercept=NA, fixed_beta_slope=NA, sdRE_input=NA, itnum=4

Rscript 2_inference_TMB/run_TMB.R --input ../data/assessing_models_simulation/datasets/multiple_GenerationJnormChangingNmBTwoLambdasOneChangingBeta_20_40_80_5_0.3_NA_NA_NA_dataset4.RDS --output ../data/assessing_models_simulation/inference_results/TMB/nlminb/multiple_GenerationJnormChangingNmBTwoLambdasOneChangingBeta_20_40_80_5_0.3_diagREDM_NA_NA_NA_dataset4.RDS --model diagREDM --optimiser nlminb  --use_previous_run_startingvals T
[Tue Aug  9 18:52:13 2022]
Finished job 6909.
53 of 25556 steps (0.21%) done

[Tue Aug  9 18:52:13 2022]
rule inference_simulation_TMB_multiple:
    input: ../data/assessing_models_simulation/datasets/multiple_GenerationJnormChangingNmBTwoLambdasOneChangingBeta_20_40_80_5_0.3_NA_NA_NA_dataset4.RDS
    output: ../data/assessing_models_simulation/inference_results/TMB/nlminb/multiple_GenerationJnormChangingNmBTwoLambdasOneChangingBeta_20_40_80_5_0.3_singleREDM_NA_NA_NA_dataset4.RDS
    log: logs/inference/nlminb/simulation_GenerationJnormChangingNmBTwoLambdasOneChangingBeta_20_40_80_5_0.3_ModelsingleREDM_NA_NA_NA_dataset4.log
    jobid: 13629
    wildcards: optimiser=nlminb, datasetgeneration=GenerationJnormChangingNmBTwoLambdasOneChangingBeta, n=20, nlambda=40, lmbda=80, d=5, beta_intensity=0.3, model=singleREDM, fixed_beta_intercept=NA, fixed_beta_slope=NA, sdRE_input=NA, itnum=4

Rscript 2_inference_TMB/run_TMB.R --input ../data/assessing_models_simulation/datasets/multiple_GenerationJnormChangingNmBTwoLambdasOneChangingBeta_20_40_80_5_0.3_NA_NA_NA_dataset4.RDS --output ../data/assessing_models_simulation/inference_results/TMB/nlminb/multiple_GenerationJnormChangingNmBTwoLambdasOneChangingBeta_20_40_80_5_0.3_singleREDM_NA_NA_NA_dataset4.RDS --model singleREDM --optimiser nlminb  --use_previous_run_startingvals T
[Tue Aug  9 18:52:15 2022]
Finished job 13629.
54 of 25556 steps (0.21%) done

[Tue Aug  9 18:52:15 2022]
rule inference_simulation_TMB_multiple:
    input: ../data/assessing_models_simulation/datasets/multiple_GenerationJnormChangingNmBTwoLambdasOneChangingBeta_20_40_80_5_0.3_NA_NA_NA_dataset4.RDS
    output: ../data/assessing_models_simulation/inference_results/TMB/nlminb/multiple_GenerationJnormChangingNmBTwoLambdasOneChangingBeta_20_40_80_5_0.3_fullREM_NA_NA_NA_dataset4.RDS
    log: logs/inference/nlminb/simulation_GenerationJnormChangingNmBTwoLambdasOneChangingBeta_20_40_80_5_0.3_ModelfullREM_NA_NA_NA_dataset4.log
    jobid: 189
    wildcards: optimiser=nlminb, datasetgeneration=GenerationJnormChangingNmBTwoLambdasOneChangingBeta, n=20, nlambda=40, lmbda=80, d=5, beta_intensity=0.3, model=fullREM, fixed_beta_intercept=NA, fixed_beta_slope=NA, sdRE_input=NA, itnum=4

Rscript 2_inference_TMB/run_TMB.R --input ../data/assessing_models_simulation/datasets/multiple_GenerationJnormChangingNmBTwoLambdasOneChangingBeta_20_40_80_5_0.3_NA_NA_NA_dataset4.RDS --output ../data/assessing_models_simulation/inference_results/TMB/nlminb/multiple_GenerationJnormChangingNmBTwoLambdasOneChangingBeta_20_40_80_5_0.3_fullREM_NA_NA_NA_dataset4.RDS --model fullREM --optimiser nlminb  --use_previous_run_startingvals T
[Tue Aug  9 18:52:18 2022]
Error in rule inference_simulation_TMB_multiple:
    jobid: 189
    output: ../data/assessing_models_simulation/inference_results/TMB/nlminb/multiple_GenerationJnormChangingNmBTwoLambdasOneChangingBeta_20_40_80_5_0.3_fullREM_NA_NA_NA_dataset4.RDS
    log: logs/inference/nlminb/simulation_GenerationJnormChangingNmBTwoLambdasOneChangingBeta_20_40_80_5_0.3_ModelfullREM_NA_NA_NA_dataset4.log (check log file(s) for error message)
    shell:
        Rscript 2_inference_TMB/run_TMB.R --input ../data/assessing_models_simulation/datasets/multiple_GenerationJnormChangingNmBTwoLambdasOneChangingBeta_20_40_80_5_0.3_NA_NA_NA_dataset4.RDS --output ../data/assessing_models_simulation/inference_results/TMB/nlminb/multiple_GenerationJnormChangingNmBTwoLambdasOneChangingBeta_20_40_80_5_0.3_fullREM_NA_NA_NA_dataset4.RDS --model fullREM --optimiser nlminb  --use_previous_run_startingvals T

Shutting down, this might take some time.
Exiting because a job execution failed. Look above for error message
Complete log: /Users/morril01/Documents/PhD/GlobalDA/code/.snakemake/log/2022-08-09T184816.910693.snakemake.log
