Building DAG of jobs...
Using shell: /usr/local/bin/bash
Provided cores: 1
Rules claiming more threads will be scaled down.
Job counts:
	count	jobs
	1	all
	732	inference_simulation_TMB_multiple_LRT
	733

[Sat Sep 10 18:42:54 2022]
rule inference_simulation_TMB_multiple_LRT:
    input: ../data/assessing_models_simulation/datasets/multiple_GenerationMixturefewersignaturespairedKidneyRCCPCAWG_100_200_80_4_-8_NA_NA_NA_dataset17.RDS
    output: ../data/assessing_models_simulation/inference_results/TMB_LRT/nlminb/multiple_GenerationMixturefewersignaturespairedKidneyRCCPCAWG_100_200_80_4_-8_diagREDM_NA_NA_NA_dataset17.RDS
    log: logs/inference/nlminb/simulation_GenerationMixturefewersignaturespairedKidneyRCCPCAWG_100_200_80_4_-8_ModeldiagREDM_NA_NA_NA_dataset17.log
    jobid: 858
    wildcards: optimiser=nlminb, datasetgeneration=GenerationMixturefewersignaturespairedKidneyRCCPCAWG, n=100, nlambda=200, lmbda=80, d=4, beta_intensity=-8, model=diagREDM, fixed_beta_intercept=NA, fixed_beta_slope=NA, sdRE_input=NA, itnum=17

Rscript 2_inference_TMB/run_TMB.R --return_opt_bool T --input ../data/assessing_models_simulation/datasets/multiple_GenerationMixturefewersignaturespairedKidneyRCCPCAWG_100_200_80_4_-8_NA_NA_NA_dataset17.RDS --output ../data/assessing_models_simulation/inference_results/TMB_LRT/nlminb/multiple_GenerationMixturefewersignaturespairedKidneyRCCPCAWG_100_200_80_4_-8_diagREDM_NA_NA_NA_dataset17.RDS --model diagREDM --optimiser nlminb  --use_previous_run_startingvals T
[Sat Sep 10 18:43:05 2022]
Finished job 858.
1 of 733 steps (0.14%) done

[Sat Sep 10 18:43:05 2022]
rule inference_simulation_TMB_multiple_LRT:
    input: ../data/assessing_models_simulation/datasets/multiple_GenerationMixturefewersignaturespairedKidneyRCCPCAWG_100_200_80_4_-10_NA_NA_NA_dataset9.RDS
    output: ../data/assessing_models_simulation/inference_results/TMB_LRT/nlminb/multiple_GenerationMixturefewersignaturespairedKidneyRCCPCAWG_100_200_80_4_-10_diagREDMreducedmodel_NA_NA_NA_dataset9.RDS
    log: logs/inference/nlminb/simulation_GenerationMixturefewersignaturespairedKidneyRCCPCAWG_100_200_80_4_-10_ModeldiagREDMreducedmodel_NA_NA_NA_dataset9.log
    jobid: 810
    wildcards: optimiser=nlminb, datasetgeneration=GenerationMixturefewersignaturespairedKidneyRCCPCAWG, n=100, nlambda=200, lmbda=80, d=4, beta_intensity=-10, model=diagREDMreducedmodel, fixed_beta_intercept=NA, fixed_beta_slope=NA, sdRE_input=NA, itnum=9

Rscript 2_inference_TMB/run_TMB.R --return_opt_bool T --input ../data/assessing_models_simulation/datasets/multiple_GenerationMixturefewersignaturespairedKidneyRCCPCAWG_100_200_80_4_-10_NA_NA_NA_dataset9.RDS --output ../data/assessing_models_simulation/inference_results/TMB_LRT/nlminb/multiple_GenerationMixturefewersignaturespairedKidneyRCCPCAWG_100_200_80_4_-10_diagREDMreducedmodel_NA_NA_NA_dataset9.RDS --model diagREDMreducedmodel --optimiser nlminb  --use_previous_run_startingvals T
Waiting at most 5 seconds for missing files.
MissingOutputException in line 544 of /Users/morril01/Documents/PhD/GlobalDA/code/Snakefile:
Missing files after 5 seconds:
../data/assessing_models_simulation/inference_results/TMB_LRT/nlminb/multiple_GenerationMixturefewersignaturespairedKidneyRCCPCAWG_100_200_80_4_-10_diagREDMreducedmodel_NA_NA_NA_dataset9.RDS
This might be due to filesystem latency. If that is the case, consider to increase the wait time with --latency-wait.
Shutting down, this might take some time.
Exiting because a job execution failed. Look above for error message
Complete log: /Users/morril01/Documents/PhD/GlobalDA/code/.snakemake/log/2022-09-10T184243.588047.snakemake.log
