Building DAG of jobs...
Using shell: /usr/local/bin/bash
Provided cores: 1
Rules claiming more threads will be scaled down.
Job counts:
	count	jobs
	1	all
	1	analyse_simulation_TMB_multiple
	1	analyse_simulation_TMB_multiple_integrate
	5732	inference_simulation_TMB_multiple
	5735

[Sun Sep  4 21:09:21 2022]
rule inference_simulation_TMB_multiple:
    input: ../data/assessing_models_simulation/datasets/multiple_GenerationJnormChangingNmBTwoLambdasOneChangingBeta_100_80_80_4_0.2_NA_NA_NA_dataset5.RDS
    output: ../data/assessing_models_simulation/inference_results/TMB/nlminb/multiple_GenerationJnormChangingNmBTwoLambdasOneChangingBeta_100_80_80_4_0.2_fullREDMsinglelambda_NA_NA_NA_dataset5.RDS
    log: logs/inference/nlminb/simulation_GenerationJnormChangingNmBTwoLambdasOneChangingBeta_100_80_80_4_0.2_ModelfullREDMsinglelambda_NA_NA_NA_dataset5.log
    jobid: 25871
    wildcards: optimiser=nlminb, datasetgeneration=GenerationJnormChangingNmBTwoLambdasOneChangingBeta, n=100, nlambda=80, lmbda=80, d=4, beta_intensity=0.2, model=fullREDMsinglelambda, fixed_beta_intercept=NA, fixed_beta_slope=NA, sdRE_input=NA, itnum=5

Rscript 2_inference_TMB/run_TMB.R --input ../data/assessing_models_simulation/datasets/multiple_GenerationJnormChangingNmBTwoLambdasOneChangingBeta_100_80_80_4_0.2_NA_NA_NA_dataset5.RDS --output ../data/assessing_models_simulation/inference_results/TMB/nlminb/multiple_GenerationJnormChangingNmBTwoLambdasOneChangingBeta_100_80_80_4_0.2_fullREDMsinglelambda_NA_NA_NA_dataset5.RDS --model fullREDMsinglelambda --optimiser nlminb  --use_previous_run_startingvals T
[Sun Sep  4 21:09:27 2022]
Finished job 25871.
1 of 5735 steps (0.02%) done

[Sun Sep  4 21:09:27 2022]
rule inference_simulation_TMB_multiple:
    input: ../data/assessing_models_simulation/datasets/multiple_GenerationJnormChangingNmBTwoLambdasOneChangingBeta_100_80_80_4_0.01_NA_NA_NA_dataset4.RDS
    output: ../data/assessing_models_simulation/inference_results/TMB/nlminb/multiple_GenerationJnormChangingNmBTwoLambdasOneChangingBeta_100_80_80_4_0.01_fullREDMsinglelambda_NA_NA_NA_dataset4.RDS
    log: logs/inference/nlminb/simulation_GenerationJnormChangingNmBTwoLambdasOneChangingBeta_100_80_80_4_0.01_ModelfullREDMsinglelambda_NA_NA_NA_dataset4.log
    jobid: 25850
    wildcards: optimiser=nlminb, datasetgeneration=GenerationJnormChangingNmBTwoLambdasOneChangingBeta, n=100, nlambda=80, lmbda=80, d=4, beta_intensity=0.01, model=fullREDMsinglelambda, fixed_beta_intercept=NA, fixed_beta_slope=NA, sdRE_input=NA, itnum=4

Rscript 2_inference_TMB/run_TMB.R --input ../data/assessing_models_simulation/datasets/multiple_GenerationJnormChangingNmBTwoLambdasOneChangingBeta_100_80_80_4_0.01_NA_NA_NA_dataset4.RDS --output ../data/assessing_models_simulation/inference_results/TMB/nlminb/multiple_GenerationJnormChangingNmBTwoLambdasOneChangingBeta_100_80_80_4_0.01_fullREDMsinglelambda_NA_NA_NA_dataset4.RDS --model fullREDMsinglelambda --optimiser nlminb  --use_previous_run_startingvals T
[Sun Sep  4 21:09:33 2022]
Finished job 25850.
2 of 5735 steps (0.03%) done

[Sun Sep  4 21:09:33 2022]
rule inference_simulation_TMB_multiple:
    input: ../data/assessing_models_simulation/datasets/multiple_GenerationJnormChangingNmBTwoLambdasOneChangingBeta_100_80_80_4_0.01_NA_NA_NA_dataset7.RDS
    output: ../data/assessing_models_simulation/inference_results/TMB/nlminb/multiple_GenerationJnormChangingNmBTwoLambdasOneChangingBeta_100_80_80_4_0.01_fullREDMsinglelambda_NA_NA_NA_dataset7.RDS
    log: logs/inference/nlminb/simulation_GenerationJnormChangingNmBTwoLambdasOneChangingBeta_100_80_80_4_0.01_ModelfullREDMsinglelambda_NA_NA_NA_dataset7.log
    jobid: 25853
    wildcards: optimiser=nlminb, datasetgeneration=GenerationJnormChangingNmBTwoLambdasOneChangingBeta, n=100, nlambda=80, lmbda=80, d=4, beta_intensity=0.01, model=fullREDMsinglelambda, fixed_beta_intercept=NA, fixed_beta_slope=NA, sdRE_input=NA, itnum=7

Rscript 2_inference_TMB/run_TMB.R --input ../data/assessing_models_simulation/datasets/multiple_GenerationJnormChangingNmBTwoLambdasOneChangingBeta_100_80_80_4_0.01_NA_NA_NA_dataset7.RDS --output ../data/assessing_models_simulation/inference_results/TMB/nlminb/multiple_GenerationJnormChangingNmBTwoLambdasOneChangingBeta_100_80_80_4_0.01_fullREDMsinglelambda_NA_NA_NA_dataset7.RDS --model fullREDMsinglelambda --optimiser nlminb  --use_previous_run_startingvals T
[Sun Sep  4 21:09:39 2022]
Finished job 25853.
3 of 5735 steps (0.05%) done

[Sun Sep  4 21:09:39 2022]
rule inference_simulation_TMB_multiple:
    input: ../data/assessing_models_simulation/datasets/multiple_GenerationJnormChangingNmBTwoLambdasOneChangingBeta_100_160_80_4_4_NA_NA_NA_dataset2.RDS
    output: ../data/assessing_models_simulation/inference_results/TMB/nlminb/multiple_GenerationJnormChangingNmBTwoLambdasOneChangingBeta_100_160_80_4_4_fullREDMsinglelambda_NA_NA_NA_dataset2.RDS
    log: logs/inference/nlminb/simulation_GenerationJnormChangingNmBTwoLambdasOneChangingBeta_100_160_80_4_4_ModelfullREDMsinglelambda_NA_NA_NA_dataset2.log
    jobid: 26738
    wildcards: optimiser=nlminb, datasetgeneration=GenerationJnormChangingNmBTwoLambdasOneChangingBeta, n=100, nlambda=160, lmbda=80, d=4, beta_intensity=4, model=fullREDMsinglelambda, fixed_beta_intercept=NA, fixed_beta_slope=NA, sdRE_input=NA, itnum=2

Rscript 2_inference_TMB/run_TMB.R --input ../data/assessing_models_simulation/datasets/multiple_GenerationJnormChangingNmBTwoLambdasOneChangingBeta_100_160_80_4_4_NA_NA_NA_dataset2.RDS --output ../data/assessing_models_simulation/inference_results/TMB/nlminb/multiple_GenerationJnormChangingNmBTwoLambdasOneChangingBeta_100_160_80_4_4_fullREDMsinglelambda_NA_NA_NA_dataset2.RDS --model fullREDMsinglelambda --optimiser nlminb  --use_previous_run_startingvals T
[Sun Sep  4 21:09:46 2022]
Finished job 26738.
4 of 5735 steps (0.07%) done

[Sun Sep  4 21:09:46 2022]
rule inference_simulation_TMB_multiple:
    input: ../data/assessing_models_simulation/datasets/multiple_GenerationJnormChangingNmBTwoLambdasOneChangingBeta_100_80_80_4_0.2_NA_NA_NA_dataset3.RDS
    output: ../data/assessing_models_simulation/inference_results/TMB/nlminb/multiple_GenerationJnormChangingNmBTwoLambdasOneChangingBeta_100_80_80_4_0.2_fullREDMsinglelambda_NA_NA_NA_dataset3.RDS
    log: logs/inference/nlminb/simulation_GenerationJnormChangingNmBTwoLambdasOneChangingBeta_100_80_80_4_0.2_ModelfullREDMsinglelambda_NA_NA_NA_dataset3.log
    jobid: 25869
    wildcards: optimiser=nlminb, datasetgeneration=GenerationJnormChangingNmBTwoLambdasOneChangingBeta, n=100, nlambda=80, lmbda=80, d=4, beta_intensity=0.2, model=fullREDMsinglelambda, fixed_beta_intercept=NA, fixed_beta_slope=NA, sdRE_input=NA, itnum=3

Rscript 2_inference_TMB/run_TMB.R --input ../data/assessing_models_simulation/datasets/multiple_GenerationJnormChangingNmBTwoLambdasOneChangingBeta_100_80_80_4_0.2_NA_NA_NA_dataset3.RDS --output ../data/assessing_models_simulation/inference_results/TMB/nlminb/multiple_GenerationJnormChangingNmBTwoLambdasOneChangingBeta_100_80_80_4_0.2_fullREDMsinglelambda_NA_NA_NA_dataset3.RDS --model fullREDMsinglelambda --optimiser nlminb  --use_previous_run_startingvals T
[Sun Sep  4 21:09:53 2022]
Finished job 25869.
5 of 5735 steps (0.09%) done

[Sun Sep  4 21:09:53 2022]
rule inference_simulation_TMB_multiple:
    input: ../data/assessing_models_simulation/datasets/multiple_GenerationJnormChangingNmBTwoLambdasOneChangingBeta_100_80_80_4_0.1_NA_NA_NA_dataset5.RDS
    output: ../data/assessing_models_simulation/inference_results/TMB/nlminb/multiple_GenerationJnormChangingNmBTwoLambdasOneChangingBeta_100_80_80_4_0.1_fullREDMsinglelambda_NA_NA_NA_dataset5.RDS
    log: logs/inference/nlminb/simulation_GenerationJnormChangingNmBTwoLambdasOneChangingBeta_100_80_80_4_0.1_ModelfullREDMsinglelambda_NA_NA_NA_dataset5.log
    jobid: 25861
    wildcards: optimiser=nlminb, datasetgeneration=GenerationJnormChangingNmBTwoLambdasOneChangingBeta, n=100, nlambda=80, lmbda=80, d=4, beta_intensity=0.1, model=fullREDMsinglelambda, fixed_beta_intercept=NA, fixed_beta_slope=NA, sdRE_input=NA, itnum=5

Rscript 2_inference_TMB/run_TMB.R --input ../data/assessing_models_simulation/datasets/multiple_GenerationJnormChangingNmBTwoLambdasOneChangingBeta_100_80_80_4_0.1_NA_NA_NA_dataset5.RDS --output ../data/assessing_models_simulation/inference_results/TMB/nlminb/multiple_GenerationJnormChangingNmBTwoLambdasOneChangingBeta_100_80_80_4_0.1_fullREDMsinglelambda_NA_NA_NA_dataset5.RDS --model fullREDMsinglelambda --optimiser nlminb  --use_previous_run_startingvals T
[Sun Sep  4 21:10:00 2022]
Finished job 25861.
6 of 5735 steps (0.10%) done

[Sun Sep  4 21:10:00 2022]
rule inference_simulation_TMB_multiple:
    input: ../data/assessing_models_simulation/datasets/multiple_GenerationJnormChangingNmBTwoLambdasOneChangingBeta_100_80_80_4_0.1_NA_NA_NA_dataset1.RDS
    output: ../data/assessing_models_simulation/inference_results/TMB/nlminb/multiple_GenerationJnormChangingNmBTwoLambdasOneChangingBeta_100_80_80_4_0.1_fullREDMsinglelambda_NA_NA_NA_dataset1.RDS
    log: logs/inference/nlminb/simulation_GenerationJnormChangingNmBTwoLambdasOneChangingBeta_100_80_80_4_0.1_ModelfullREDMsinglelambda_NA_NA_NA_dataset1.log
    jobid: 25857
    wildcards: optimiser=nlminb, datasetgeneration=GenerationJnormChangingNmBTwoLambdasOneChangingBeta, n=100, nlambda=80, lmbda=80, d=4, beta_intensity=0.1, model=fullREDMsinglelambda, fixed_beta_intercept=NA, fixed_beta_slope=NA, sdRE_input=NA, itnum=1

Rscript 2_inference_TMB/run_TMB.R --input ../data/assessing_models_simulation/datasets/multiple_GenerationJnormChangingNmBTwoLambdasOneChangingBeta_100_80_80_4_0.1_NA_NA_NA_dataset1.RDS --output ../data/assessing_models_simulation/inference_results/TMB/nlminb/multiple_GenerationJnormChangingNmBTwoLambdasOneChangingBeta_100_80_80_4_0.1_fullREDMsinglelambda_NA_NA_NA_dataset1.RDS --model fullREDMsinglelambda --optimiser nlminb  --use_previous_run_startingvals T
[Sun Sep  4 21:10:06 2022]
Finished job 25857.
7 of 5735 steps (0.12%) done

[Sun Sep  4 21:10:06 2022]
rule inference_simulation_TMB_multiple:
    input: ../data/assessing_models_simulation/datasets/multiple_GenerationJnormChangingNmBTwoLambdasOneChangingBeta_100_80_80_4_0.6_NA_NA_NA_dataset2.RDS
    output: ../data/assessing_models_simulation/inference_results/TMB/nlminb/multiple_GenerationJnormChangingNmBTwoLambdasOneChangingBeta_100_80_80_4_0.6_fullREDMsinglelambda_NA_NA_NA_dataset2.RDS
    log: logs/inference/nlminb/simulation_GenerationJnormChangingNmBTwoLambdasOneChangingBeta_100_80_80_4_0.6_ModelfullREDMsinglelambda_NA_NA_NA_dataset2.log
    jobid: 25888
    wildcards: optimiser=nlminb, datasetgeneration=GenerationJnormChangingNmBTwoLambdasOneChangingBeta, n=100, nlambda=80, lmbda=80, d=4, beta_intensity=0.6, model=fullREDMsinglelambda, fixed_beta_intercept=NA, fixed_beta_slope=NA, sdRE_input=NA, itnum=2

Rscript 2_inference_TMB/run_TMB.R --input ../data/assessing_models_simulation/datasets/multiple_GenerationJnormChangingNmBTwoLambdasOneChangingBeta_100_80_80_4_0.6_NA_NA_NA_dataset2.RDS --output ../data/assessing_models_simulation/inference_results/TMB/nlminb/multiple_GenerationJnormChangingNmBTwoLambdasOneChangingBeta_100_80_80_4_0.6_fullREDMsinglelambda_NA_NA_NA_dataset2.RDS --model fullREDMsinglelambda --optimiser nlminb  --use_previous_run_startingvals T
[Sun Sep  4 21:10:13 2022]
Error in rule inference_simulation_TMB_multiple:
    jobid: 25888
    output: ../data/assessing_models_simulation/inference_results/TMB/nlminb/multiple_GenerationJnormChangingNmBTwoLambdasOneChangingBeta_100_80_80_4_0.6_fullREDMsinglelambda_NA_NA_NA_dataset2.RDS
    log: logs/inference/nlminb/simulation_GenerationJnormChangingNmBTwoLambdasOneChangingBeta_100_80_80_4_0.6_ModelfullREDMsinglelambda_NA_NA_NA_dataset2.log (check log file(s) for error message)
    shell:
        Rscript 2_inference_TMB/run_TMB.R --input ../data/assessing_models_simulation/datasets/multiple_GenerationJnormChangingNmBTwoLambdasOneChangingBeta_100_80_80_4_0.6_NA_NA_NA_dataset2.RDS --output ../data/assessing_models_simulation/inference_results/TMB/nlminb/multiple_GenerationJnormChangingNmBTwoLambdasOneChangingBeta_100_80_80_4_0.6_fullREDMsinglelambda_NA_NA_NA_dataset2.RDS --model fullREDMsinglelambda --optimiser nlminb  --use_previous_run_startingvals T

Shutting down, this might take some time.
Exiting because a job execution failed. Look above for error message
Complete log: /Users/morril01/Documents/PhD/GlobalDA/code/.snakemake/log/2022-09-04T210749.333237.snakemake.log
