Building DAG of jobs...
Using shell: /usr/local/bin/bash
Provided cores: 1
Rules claiming more threads will be scaled down.
Job counts:
	count	jobs
	1	all
	1	analyse_simulation_TMB_multiple_integrate
	2

[Mon Feb 21 22:39:14 2022]
rule analyse_simulation_TMB_multiple_integrate:
    input: ../results/results_TMB/simulated_datasets/mixed_effects_models_multiple/GenerationMixturefewersignaturespairedObsNmObsDMCNSGBMPCAWG/GenerationMixturefewersignaturespairedObsNmObsDMCNSGBMPCAWG_fullREM/GenerationMixturefewersignaturespairedObsNmObsDMCNSGBMPCAWG_fullREM_results_info.txt, ../results/results_TMB/simulated_datasets/mixed_effects_models_multiple/GenerationMixturefewersignaturespairedObsNmObsDMCNSGBMPCAWG/GenerationMixturefewersignaturespairedObsNmObsDMCNSGBMPCAWG_fullREDMsinglelambda/GenerationMixturefewersignaturespairedObsNmObsDMCNSGBMPCAWG_fullREDMsinglelambda_results_info.txt, ../results/results_TMB/simulated_datasets/mixed_effects_models_multiple/GenerationMixturefewersignaturespairedObsNmObsDMCNSGBMPCAWG/GenerationMixturefewersignaturespairedObsNmObsDMCNSGBMPCAWG_diagREDMsinglelambda/GenerationMixturefewersignaturespairedObsNmObsDMCNSGBMPCAWG_diagREDMsinglelambda_results_info.txt, ../results/results_TMB/simulated_datasets/mixed_effects_models_multiple/GenerationMixturefewersignaturespairedObsNmObsDMCNSGBMPCAWG/GenerationMixturefewersignaturespairedObsNmObsDMCNSGBMPCAWG_diagREDM/GenerationMixturefewersignaturespairedObsNmObsDMCNSGBMPCAWG_diagREDM_results_info.txt, ../results/results_TMB/simulated_datasets/mixed_effects_models_multiple/GenerationMixturefewersignaturespairedObsNmObsDMCNSGBMPCAWG/GenerationMixturefewersignaturespairedObsNmObsDMCNSGBMPCAWG_singleREDM/GenerationMixturefewersignaturespairedObsNmObsDMCNSGBMPCAWG_singleREDM_results_info.txt
    output: ../data/assessing_models_simulation/summaries_synthetic_DA/GenerationMixturefewersignaturespairedObsNmObsDMCNSGBMPCAWG.RDS
    jobid: 5
    wildcards: datasetgeneration=GenerationMixturefewersignaturespairedObsNmObsDMCNSGBMPCAWG

Rscript 3_analysis/simulation_model_assessment/analyse_inference_simulations/analyse_inference_simulations_integrate.R --input '../results/results_TMB/simulated_datasets/mixed_effects_models_multiple/GenerationMixturefewersignaturespairedObsNmObsDMCNSGBMPCAWG/GenerationMixturefewersignaturespairedObsNmObsDMCNSGBMPCAWG_fullREM/GenerationMixturefewersignaturespairedObsNmObsDMCNSGBMPCAWG_fullREM_results_info.txt ../results/results_TMB/simulated_datasets/mixed_effects_models_multiple/GenerationMixturefewersignaturespairedObsNmObsDMCNSGBMPCAWG/GenerationMixturefewersignaturespairedObsNmObsDMCNSGBMPCAWG_fullREDMsinglelambda/GenerationMixturefewersignaturespairedObsNmObsDMCNSGBMPCAWG_fullREDMsinglelambda_results_info.txt ../results/results_TMB/simulated_datasets/mixed_effects_models_multiple/GenerationMixturefewersignaturespairedObsNmObsDMCNSGBMPCAWG/GenerationMixturefewersignaturespairedObsNmObsDMCNSGBMPCAWG_diagREDMsinglelambda/GenerationMixturefewersignaturespairedObsNmObsDMCNSGBMPCAWG_diagREDMsinglelambda_results_info.txt ../results/results_TMB/simulated_datasets/mixed_effects_models_multiple/GenerationMixturefewersignaturespairedObsNmObsDMCNSGBMPCAWG/GenerationMixturefewersignaturespairedObsNmObsDMCNSGBMPCAWG_diagREDM/GenerationMixturefewersignaturespairedObsNmObsDMCNSGBMPCAWG_diagREDM_results_info.txt ../results/results_TMB/simulated_datasets/mixed_effects_models_multiple/GenerationMixturefewersignaturespairedObsNmObsDMCNSGBMPCAWG/GenerationMixturefewersignaturespairedObsNmObsDMCNSGBMPCAWG_singleREDM/GenerationMixturefewersignaturespairedObsNmObsDMCNSGBMPCAWG_singleREDM_results_info.txt' --generation GenerationMixturefewersignaturespairedObsNmObsDMCNSGBMPCAWG
[Mon Feb 21 22:39:15 2022]
Error in rule analyse_simulation_TMB_multiple_integrate:
    jobid: 5
    output: ../data/assessing_models_simulation/summaries_synthetic_DA/GenerationMixturefewersignaturespairedObsNmObsDMCNSGBMPCAWG.RDS
    shell:
        Rscript 3_analysis/simulation_model_assessment/analyse_inference_simulations/analyse_inference_simulations_integrate.R --input '../results/results_TMB/simulated_datasets/mixed_effects_models_multiple/GenerationMixturefewersignaturespairedObsNmObsDMCNSGBMPCAWG/GenerationMixturefewersignaturespairedObsNmObsDMCNSGBMPCAWG_fullREM/GenerationMixturefewersignaturespairedObsNmObsDMCNSGBMPCAWG_fullREM_results_info.txt ../results/results_TMB/simulated_datasets/mixed_effects_models_multiple/GenerationMixturefewersignaturespairedObsNmObsDMCNSGBMPCAWG/GenerationMixturefewersignaturespairedObsNmObsDMCNSGBMPCAWG_fullREDMsinglelambda/GenerationMixturefewersignaturespairedObsNmObsDMCNSGBMPCAWG_fullREDMsinglelambda_results_info.txt ../results/results_TMB/simulated_datasets/mixed_effects_models_multiple/GenerationMixturefewersignaturespairedObsNmObsDMCNSGBMPCAWG/GenerationMixturefewersignaturespairedObsNmObsDMCNSGBMPCAWG_diagREDMsinglelambda/GenerationMixturefewersignaturespairedObsNmObsDMCNSGBMPCAWG_diagREDMsinglelambda_results_info.txt ../results/results_TMB/simulated_datasets/mixed_effects_models_multiple/GenerationMixturefewersignaturespairedObsNmObsDMCNSGBMPCAWG/GenerationMixturefewersignaturespairedObsNmObsDMCNSGBMPCAWG_diagREDM/GenerationMixturefewersignaturespairedObsNmObsDMCNSGBMPCAWG_diagREDM_results_info.txt ../results/results_TMB/simulated_datasets/mixed_effects_models_multiple/GenerationMixturefewersignaturespairedObsNmObsDMCNSGBMPCAWG/GenerationMixturefewersignaturespairedObsNmObsDMCNSGBMPCAWG_singleREDM/GenerationMixturefewersignaturespairedObsNmObsDMCNSGBMPCAWG_singleREDM_results_info.txt' --generation GenerationMixturefewersignaturespairedObsNmObsDMCNSGBMPCAWG

Shutting down, this might take some time.
Exiting because a job execution failed. Look above for error message
Complete log: /Users/morril01/Documents/PhD/GlobalDA/code/.snakemake/log/2022-02-21T223901.213797.snakemake.log
