Building DAG of jobs...
Using shell: /usr/local/bin/bash
Provided cores: 1
Rules claiming more threads will be scaled down.
Job counts:
	count	jobs
	1	all
	3	analyse_simulation_TMB_multiple
	1	analyse_simulation_TMB_multiple_integrate
	14990	inference_simulation_TMB_multiple
	4996	simulate_for_comparison_multiple
	19991

[Mon Aug 22 16:54:27 2022]
rule inference_simulation_TMB_multiple:
    input: ../data/assessing_models_simulation/datasets/multiple_GenerationJnormChangingNmBTwoLambdasOneChangingBeta_30_40_80_6_0.2_NA_NA_NA_dataset9.RDS
    output: ../data/assessing_models_simulation/inference_results/TMB/nlminb/multiple_GenerationJnormChangingNmBTwoLambdasOneChangingBeta_30_40_80_6_0.2_fullREM_NA_NA_NA_dataset9.RDS
    log: logs/inference/nlminb/simulation_GenerationJnormChangingNmBTwoLambdasOneChangingBeta_30_40_80_6_0.2_ModelfullREM_NA_NA_NA_dataset9.log
    jobid: 1934
    wildcards: optimiser=nlminb, datasetgeneration=GenerationJnormChangingNmBTwoLambdasOneChangingBeta, n=30, nlambda=40, lmbda=80, d=6, beta_intensity=0.2, model=fullREM, fixed_beta_intercept=NA, fixed_beta_slope=NA, sdRE_input=NA, itnum=9

Rscript 2_inference_TMB/run_TMB.R --input ../data/assessing_models_simulation/datasets/multiple_GenerationJnormChangingNmBTwoLambdasOneChangingBeta_30_40_80_6_0.2_NA_NA_NA_dataset9.RDS --output ../data/assessing_models_simulation/inference_results/TMB/nlminb/multiple_GenerationJnormChangingNmBTwoLambdasOneChangingBeta_30_40_80_6_0.2_fullREM_NA_NA_NA_dataset9.RDS --model fullREM --optimiser nlminb  --use_previous_run_startingvals T
[Mon Aug 22 16:54:31 2022]
Finished job 1934.
1 of 19991 steps (0.01%) done

[Mon Aug 22 16:54:31 2022]
rule inference_simulation_TMB_multiple:
    input: ../data/assessing_models_simulation/datasets/multiple_GenerationJnormChangingNmBTwoLambdasOneChangingBeta_30_40_80_6_0.2_NA_NA_NA_dataset9.RDS
    output: ../data/assessing_models_simulation/inference_results/TMB/nlminb/multiple_GenerationJnormChangingNmBTwoLambdasOneChangingBeta_30_40_80_6_0.2_diagREDM_NA_NA_NA_dataset9.RDS
    log: logs/inference/nlminb/simulation_GenerationJnormChangingNmBTwoLambdasOneChangingBeta_30_40_80_6_0.2_ModeldiagREDM_NA_NA_NA_dataset9.log
    jobid: 8654
    wildcards: optimiser=nlminb, datasetgeneration=GenerationJnormChangingNmBTwoLambdasOneChangingBeta, n=30, nlambda=40, lmbda=80, d=6, beta_intensity=0.2, model=diagREDM, fixed_beta_intercept=NA, fixed_beta_slope=NA, sdRE_input=NA, itnum=9

Rscript 2_inference_TMB/run_TMB.R --input ../data/assessing_models_simulation/datasets/multiple_GenerationJnormChangingNmBTwoLambdasOneChangingBeta_30_40_80_6_0.2_NA_NA_NA_dataset9.RDS --output ../data/assessing_models_simulation/inference_results/TMB/nlminb/multiple_GenerationJnormChangingNmBTwoLambdasOneChangingBeta_30_40_80_6_0.2_diagREDM_NA_NA_NA_dataset9.RDS --model diagREDM --optimiser nlminb  --use_previous_run_startingvals T
Waiting at most 5 seconds for missing files.
MissingOutputException in line 515 of /Users/morril01/Documents/PhD/GlobalDA/code/Snakefile:
Missing files after 5 seconds:
../data/assessing_models_simulation/inference_results/TMB/nlminb/multiple_GenerationJnormChangingNmBTwoLambdasOneChangingBeta_30_40_80_6_0.2_diagREDM_NA_NA_NA_dataset9.RDS
This might be due to filesystem latency. If that is the case, consider to increase the wait time with --latency-wait.
Shutting down, this might take some time.
Exiting because a job execution failed. Look above for error message
Complete log: /Users/morril01/Documents/PhD/GlobalDA/code/.snakemake/log/2022-08-22T165347.349321.snakemake.log
