Building DAG of jobs...
Using shell: /usr/local/bin/bash
Provided cores: 1
Rules claiming more threads will be scaled down.
Job counts:
	count	jobs
	1	all
	3	analyse_simulation_TMB_multiple
	1	analyse_simulation_TMB_multiple_integrate
	15877	inference_simulation_TMB_multiple
	5292	simulate_for_comparison_multiple
	21174

[Wed Aug 17 18:15:56 2022]
rule inference_simulation_TMB_multiple:
    input: ../data/assessing_models_simulation/datasets/multiple_GenerationJnormChangingNmBTwoLambdasOneChangingBeta_20_80_80_4_0.01_NA_NA_NA_dataset9.RDS
    output: ../data/assessing_models_simulation/inference_results/TMB/nlminb/multiple_GenerationJnormChangingNmBTwoLambdasOneChangingBeta_20_80_80_4_0.01_diagREDM_NA_NA_NA_dataset9.RDS
    log: logs/inference/nlminb/simulation_GenerationJnormChangingNmBTwoLambdasOneChangingBeta_20_80_80_4_0.01_ModeldiagREDM_NA_NA_NA_dataset9.log
    jobid: 7374
    wildcards: optimiser=nlminb, datasetgeneration=GenerationJnormChangingNmBTwoLambdasOneChangingBeta, n=20, nlambda=80, lmbda=80, d=4, beta_intensity=0.01, model=diagREDM, fixed_beta_intercept=NA, fixed_beta_slope=NA, sdRE_input=NA, itnum=9

Rscript 2_inference_TMB/run_TMB.R --input ../data/assessing_models_simulation/datasets/multiple_GenerationJnormChangingNmBTwoLambdasOneChangingBeta_20_80_80_4_0.01_NA_NA_NA_dataset9.RDS --output ../data/assessing_models_simulation/inference_results/TMB/nlminb/multiple_GenerationJnormChangingNmBTwoLambdasOneChangingBeta_20_80_80_4_0.01_diagREDM_NA_NA_NA_dataset9.RDS --model diagREDM --optimiser nlminb  --use_previous_run_startingvals T
[Wed Aug 17 18:15:59 2022]
Finished job 7374.
1 of 21174 steps (0.00%) done

[Wed Aug 17 18:15:59 2022]
rule simulate_for_comparison_multiple:
    input: ../data/assessing_models_simulation/GenerationJnormChangingNmBTwoLambdasOneChangingBeta
    output: ../data/assessing_models_simulation/datasets/multiple_GenerationJnormChangingNmBTwoLambdasOneChangingBeta_20_140_80_6_0_NA_NA_NA_dataset7.RDS
    jobid: 21502
    wildcards: datasetgeneration=GenerationJnormChangingNmBTwoLambdasOneChangingBeta, n=20, nlambda=140, lmbda=80, d=6, beta_intensity=0, fixed_beta_intercept=NA, fixed_beta_slope=NA, sdRE_input=NA, itnum=7

Rscript --vanilla 3_analysis/simulation_model_assessment/generate_datasets_simulations/GenerationJnormChangingNmBTwoLambdasOneChangingBeta.R --input ../data/assessing_models_simulation/GenerationJnormChangingNmBTwoLambdasOneChangingBeta --d 6 --n 20 --nlambda 140 --lambda 80 --beta_gamma_shape 0 --outfile ../data/assessing_models_simulation/datasets/multiple_GenerationJnormChangingNmBTwoLambdasOneChangingBeta_20_140_80_6_0_NA_NA_NA_dataset7.RDS --beta_intercept_input NA --beta_slope_input NA --sdRE_input NA
[Wed Aug 17 18:16:01 2022]
Finished job 21502.
2 of 21174 steps (0.01%) done

[Wed Aug 17 18:16:01 2022]
rule inference_simulation_TMB_multiple:
    input: ../data/assessing_models_simulation/datasets/multiple_GenerationJnormChangingNmBTwoLambdasOneChangingBeta_20_140_80_6_0_NA_NA_NA_dataset7.RDS
    output: ../data/assessing_models_simulation/inference_results/TMB/nlminb/multiple_GenerationJnormChangingNmBTwoLambdasOneChangingBeta_20_140_80_6_0_diagREDM_NA_NA_NA_dataset7.RDS
    log: logs/inference/nlminb/simulation_GenerationJnormChangingNmBTwoLambdasOneChangingBeta_20_140_80_6_0_ModeldiagREDM_NA_NA_NA_dataset7.log
    jobid: 8062
    wildcards: optimiser=nlminb, datasetgeneration=GenerationJnormChangingNmBTwoLambdasOneChangingBeta, n=20, nlambda=140, lmbda=80, d=6, beta_intensity=0, model=diagREDM, fixed_beta_intercept=NA, fixed_beta_slope=NA, sdRE_input=NA, itnum=7

Rscript 2_inference_TMB/run_TMB.R --input ../data/assessing_models_simulation/datasets/multiple_GenerationJnormChangingNmBTwoLambdasOneChangingBeta_20_140_80_6_0_NA_NA_NA_dataset7.RDS --output ../data/assessing_models_simulation/inference_results/TMB/nlminb/multiple_GenerationJnormChangingNmBTwoLambdasOneChangingBeta_20_140_80_6_0_diagREDM_NA_NA_NA_dataset7.RDS --model diagREDM --optimiser nlminb  --use_previous_run_startingvals T
[Wed Aug 17 18:16:05 2022]
Finished job 8062.
3 of 21174 steps (0.01%) done

[Wed Aug 17 18:16:05 2022]
rule inference_simulation_TMB_multiple:
    input: ../data/assessing_models_simulation/datasets/multiple_GenerationJnormChangingNmBTwoLambdasOneChangingBeta_20_140_80_6_0_NA_NA_NA_dataset7.RDS
    output: ../data/assessing_models_simulation/inference_results/TMB/nlminb/multiple_GenerationJnormChangingNmBTwoLambdasOneChangingBeta_20_140_80_6_0_fullREM_NA_NA_NA_dataset7.RDS
    log: logs/inference/nlminb/simulation_GenerationJnormChangingNmBTwoLambdasOneChangingBeta_20_140_80_6_0_ModelfullREM_NA_NA_NA_dataset7.log
    jobid: 1342
    wildcards: optimiser=nlminb, datasetgeneration=GenerationJnormChangingNmBTwoLambdasOneChangingBeta, n=20, nlambda=140, lmbda=80, d=6, beta_intensity=0, model=fullREM, fixed_beta_intercept=NA, fixed_beta_slope=NA, sdRE_input=NA, itnum=7

Rscript 2_inference_TMB/run_TMB.R --input ../data/assessing_models_simulation/datasets/multiple_GenerationJnormChangingNmBTwoLambdasOneChangingBeta_20_140_80_6_0_NA_NA_NA_dataset7.RDS --output ../data/assessing_models_simulation/inference_results/TMB/nlminb/multiple_GenerationJnormChangingNmBTwoLambdasOneChangingBeta_20_140_80_6_0_fullREM_NA_NA_NA_dataset7.RDS --model fullREM --optimiser nlminb  --use_previous_run_startingvals T
[Wed Aug 17 18:16:07 2022]
Finished job 1342.
4 of 21174 steps (0.02%) done

[Wed Aug 17 18:16:07 2022]
rule inference_simulation_TMB_multiple:
    input: ../data/assessing_models_simulation/datasets/multiple_GenerationJnormChangingNmBTwoLambdasOneChangingBeta_20_140_80_6_0_NA_NA_NA_dataset7.RDS
    output: ../data/assessing_models_simulation/inference_results/TMB/nlminb/multiple_GenerationJnormChangingNmBTwoLambdasOneChangingBeta_20_140_80_6_0_singleREDM_NA_NA_NA_dataset7.RDS
    log: logs/inference/nlminb/simulation_GenerationJnormChangingNmBTwoLambdasOneChangingBeta_20_140_80_6_0_ModelsingleREDM_NA_NA_NA_dataset7.log
    jobid: 14782
    wildcards: optimiser=nlminb, datasetgeneration=GenerationJnormChangingNmBTwoLambdasOneChangingBeta, n=20, nlambda=140, lmbda=80, d=6, beta_intensity=0, model=singleREDM, fixed_beta_intercept=NA, fixed_beta_slope=NA, sdRE_input=NA, itnum=7

Rscript 2_inference_TMB/run_TMB.R --input ../data/assessing_models_simulation/datasets/multiple_GenerationJnormChangingNmBTwoLambdasOneChangingBeta_20_140_80_6_0_NA_NA_NA_dataset7.RDS --output ../data/assessing_models_simulation/inference_results/TMB/nlminb/multiple_GenerationJnormChangingNmBTwoLambdasOneChangingBeta_20_140_80_6_0_singleREDM_NA_NA_NA_dataset7.RDS --model singleREDM --optimiser nlminb  --use_previous_run_startingvals T
[Wed Aug 17 18:16:10 2022]
Finished job 14782.
5 of 21174 steps (0.02%) done

[Wed Aug 17 18:16:10 2022]
rule simulate_for_comparison_multiple:
    input: ../data/assessing_models_simulation/GenerationJnormChangingNmBTwoLambdasOneChangingBeta
    output: ../data/assessing_models_simulation/datasets/multiple_GenerationJnormChangingNmBTwoLambdasOneChangingBeta_20_120_80_5_0.01_NA_NA_NA_dataset6.RDS
    jobid: 21161
    wildcards: datasetgeneration=GenerationJnormChangingNmBTwoLambdasOneChangingBeta, n=20, nlambda=120, lmbda=80, d=5, beta_intensity=0.01, fixed_beta_intercept=NA, fixed_beta_slope=NA, sdRE_input=NA, itnum=6

Rscript --vanilla 3_analysis/simulation_model_assessment/generate_datasets_simulations/GenerationJnormChangingNmBTwoLambdasOneChangingBeta.R --input ../data/assessing_models_simulation/GenerationJnormChangingNmBTwoLambdasOneChangingBeta --d 5 --n 20 --nlambda 120 --lambda 80 --beta_gamma_shape 0.01 --outfile ../data/assessing_models_simulation/datasets/multiple_GenerationJnormChangingNmBTwoLambdasOneChangingBeta_20_120_80_5_0.01_NA_NA_NA_dataset6.RDS --beta_intercept_input NA --beta_slope_input NA --sdRE_input NA
[Wed Aug 17 18:16:12 2022]
Finished job 21161.
6 of 21174 steps (0.03%) done

[Wed Aug 17 18:16:12 2022]
rule inference_simulation_TMB_multiple:
    input: ../data/assessing_models_simulation/datasets/multiple_GenerationJnormChangingNmBTwoLambdasOneChangingBeta_20_120_80_5_0.01_NA_NA_NA_dataset6.RDS
    output: ../data/assessing_models_simulation/inference_results/TMB/nlminb/multiple_GenerationJnormChangingNmBTwoLambdasOneChangingBeta_20_120_80_5_0.01_diagREDM_NA_NA_NA_dataset6.RDS
    log: logs/inference/nlminb/simulation_GenerationJnormChangingNmBTwoLambdasOneChangingBeta_20_120_80_5_0.01_ModeldiagREDM_NA_NA_NA_dataset6.log
    jobid: 7721
    wildcards: optimiser=nlminb, datasetgeneration=GenerationJnormChangingNmBTwoLambdasOneChangingBeta, n=20, nlambda=120, lmbda=80, d=5, beta_intensity=0.01, model=diagREDM, fixed_beta_intercept=NA, fixed_beta_slope=NA, sdRE_input=NA, itnum=6

Rscript 2_inference_TMB/run_TMB.R --input ../data/assessing_models_simulation/datasets/multiple_GenerationJnormChangingNmBTwoLambdasOneChangingBeta_20_120_80_5_0.01_NA_NA_NA_dataset6.RDS --output ../data/assessing_models_simulation/inference_results/TMB/nlminb/multiple_GenerationJnormChangingNmBTwoLambdasOneChangingBeta_20_120_80_5_0.01_diagREDM_NA_NA_NA_dataset6.RDS --model diagREDM --optimiser nlminb  --use_previous_run_startingvals T
[Wed Aug 17 18:16:16 2022]
Finished job 7721.
7 of 21174 steps (0.03%) done

[Wed Aug 17 18:16:16 2022]
rule inference_simulation_TMB_multiple:
    input: ../data/assessing_models_simulation/datasets/multiple_GenerationJnormChangingNmBTwoLambdasOneChangingBeta_20_120_80_5_0.01_NA_NA_NA_dataset6.RDS
    output: ../data/assessing_models_simulation/inference_results/TMB/nlminb/multiple_GenerationJnormChangingNmBTwoLambdasOneChangingBeta_20_120_80_5_0.01_fullREM_NA_NA_NA_dataset6.RDS
    log: logs/inference/nlminb/simulation_GenerationJnormChangingNmBTwoLambdasOneChangingBeta_20_120_80_5_0.01_ModelfullREM_NA_NA_NA_dataset6.log
    jobid: 1001
    wildcards: optimiser=nlminb, datasetgeneration=GenerationJnormChangingNmBTwoLambdasOneChangingBeta, n=20, nlambda=120, lmbda=80, d=5, beta_intensity=0.01, model=fullREM, fixed_beta_intercept=NA, fixed_beta_slope=NA, sdRE_input=NA, itnum=6

Rscript 2_inference_TMB/run_TMB.R --input ../data/assessing_models_simulation/datasets/multiple_GenerationJnormChangingNmBTwoLambdasOneChangingBeta_20_120_80_5_0.01_NA_NA_NA_dataset6.RDS --output ../data/assessing_models_simulation/inference_results/TMB/nlminb/multiple_GenerationJnormChangingNmBTwoLambdasOneChangingBeta_20_120_80_5_0.01_fullREM_NA_NA_NA_dataset6.RDS --model fullREM --optimiser nlminb  --use_previous_run_startingvals T
[Wed Aug 17 18:16:18 2022]
Finished job 1001.
8 of 21174 steps (0.04%) done

[Wed Aug 17 18:16:18 2022]
rule inference_simulation_TMB_multiple:
    input: ../data/assessing_models_simulation/datasets/multiple_GenerationJnormChangingNmBTwoLambdasOneChangingBeta_20_120_80_5_0.01_NA_NA_NA_dataset6.RDS
    output: ../data/assessing_models_simulation/inference_results/TMB/nlminb/multiple_GenerationJnormChangingNmBTwoLambdasOneChangingBeta_20_120_80_5_0.01_singleREDM_NA_NA_NA_dataset6.RDS
    log: logs/inference/nlminb/simulation_GenerationJnormChangingNmBTwoLambdasOneChangingBeta_20_120_80_5_0.01_ModelsingleREDM_NA_NA_NA_dataset6.log
    jobid: 14441
    wildcards: optimiser=nlminb, datasetgeneration=GenerationJnormChangingNmBTwoLambdasOneChangingBeta, n=20, nlambda=120, lmbda=80, d=5, beta_intensity=0.01, model=singleREDM, fixed_beta_intercept=NA, fixed_beta_slope=NA, sdRE_input=NA, itnum=6

Rscript 2_inference_TMB/run_TMB.R --input ../data/assessing_models_simulation/datasets/multiple_GenerationJnormChangingNmBTwoLambdasOneChangingBeta_20_120_80_5_0.01_NA_NA_NA_dataset6.RDS --output ../data/assessing_models_simulation/inference_results/TMB/nlminb/multiple_GenerationJnormChangingNmBTwoLambdasOneChangingBeta_20_120_80_5_0.01_singleREDM_NA_NA_NA_dataset6.RDS --model singleREDM --optimiser nlminb  --use_previous_run_startingvals T
[Wed Aug 17 18:16:20 2022]
Finished job 14441.
9 of 21174 steps (0.04%) done

[Wed Aug 17 18:16:20 2022]
rule simulate_for_comparison_multiple:
    input: ../data/assessing_models_simulation/GenerationJnormChangingNmBTwoLambdasOneChangingBeta
    output: ../data/assessing_models_simulation/datasets/multiple_GenerationJnormChangingNmBTwoLambdasOneChangingBeta_20_120_80_6_0.01_NA_NA_NA_dataset5.RDS
    jobid: 21230
    wildcards: datasetgeneration=GenerationJnormChangingNmBTwoLambdasOneChangingBeta, n=20, nlambda=120, lmbda=80, d=6, beta_intensity=0.01, fixed_beta_intercept=NA, fixed_beta_slope=NA, sdRE_input=NA, itnum=5

Rscript --vanilla 3_analysis/simulation_model_assessment/generate_datasets_simulations/GenerationJnormChangingNmBTwoLambdasOneChangingBeta.R --input ../data/assessing_models_simulation/GenerationJnormChangingNmBTwoLambdasOneChangingBeta --d 6 --n 20 --nlambda 120 --lambda 80 --beta_gamma_shape 0.01 --outfile ../data/assessing_models_simulation/datasets/multiple_GenerationJnormChangingNmBTwoLambdasOneChangingBeta_20_120_80_6_0.01_NA_NA_NA_dataset5.RDS --beta_intercept_input NA --beta_slope_input NA --sdRE_input NA
[Wed Aug 17 18:16:22 2022]
Finished job 21230.
10 of 21174 steps (0.05%) done

[Wed Aug 17 18:16:22 2022]
rule inference_simulation_TMB_multiple:
    input: ../data/assessing_models_simulation/datasets/multiple_GenerationJnormChangingNmBTwoLambdasOneChangingBeta_20_120_80_6_0.01_NA_NA_NA_dataset5.RDS
    output: ../data/assessing_models_simulation/inference_results/TMB/nlminb/multiple_GenerationJnormChangingNmBTwoLambdasOneChangingBeta_20_120_80_6_0.01_diagREDM_NA_NA_NA_dataset5.RDS
    log: logs/inference/nlminb/simulation_GenerationJnormChangingNmBTwoLambdasOneChangingBeta_20_120_80_6_0.01_ModeldiagREDM_NA_NA_NA_dataset5.log
    jobid: 7790
    wildcards: optimiser=nlminb, datasetgeneration=GenerationJnormChangingNmBTwoLambdasOneChangingBeta, n=20, nlambda=120, lmbda=80, d=6, beta_intensity=0.01, model=diagREDM, fixed_beta_intercept=NA, fixed_beta_slope=NA, sdRE_input=NA, itnum=5

Rscript 2_inference_TMB/run_TMB.R --input ../data/assessing_models_simulation/datasets/multiple_GenerationJnormChangingNmBTwoLambdasOneChangingBeta_20_120_80_6_0.01_NA_NA_NA_dataset5.RDS --output ../data/assessing_models_simulation/inference_results/TMB/nlminb/multiple_GenerationJnormChangingNmBTwoLambdasOneChangingBeta_20_120_80_6_0.01_diagREDM_NA_NA_NA_dataset5.RDS --model diagREDM --optimiser nlminb  --use_previous_run_startingvals T
[Wed Aug 17 18:16:26 2022]
Finished job 7790.
11 of 21174 steps (0.05%) done

[Wed Aug 17 18:16:26 2022]
rule inference_simulation_TMB_multiple:
    input: ../data/assessing_models_simulation/datasets/multiple_GenerationJnormChangingNmBTwoLambdasOneChangingBeta_20_120_80_6_0.01_NA_NA_NA_dataset5.RDS
    output: ../data/assessing_models_simulation/inference_results/TMB/nlminb/multiple_GenerationJnormChangingNmBTwoLambdasOneChangingBeta_20_120_80_6_0.01_fullREM_NA_NA_NA_dataset5.RDS
    log: logs/inference/nlminb/simulation_GenerationJnormChangingNmBTwoLambdasOneChangingBeta_20_120_80_6_0.01_ModelfullREM_NA_NA_NA_dataset5.log
    jobid: 1070
    wildcards: optimiser=nlminb, datasetgeneration=GenerationJnormChangingNmBTwoLambdasOneChangingBeta, n=20, nlambda=120, lmbda=80, d=6, beta_intensity=0.01, model=fullREM, fixed_beta_intercept=NA, fixed_beta_slope=NA, sdRE_input=NA, itnum=5

Rscript 2_inference_TMB/run_TMB.R --input ../data/assessing_models_simulation/datasets/multiple_GenerationJnormChangingNmBTwoLambdasOneChangingBeta_20_120_80_6_0.01_NA_NA_NA_dataset5.RDS --output ../data/assessing_models_simulation/inference_results/TMB/nlminb/multiple_GenerationJnormChangingNmBTwoLambdasOneChangingBeta_20_120_80_6_0.01_fullREM_NA_NA_NA_dataset5.RDS --model fullREM --optimiser nlminb  --use_previous_run_startingvals T
[Wed Aug 17 18:16:29 2022]
Finished job 1070.
12 of 21174 steps (0.06%) done

[Wed Aug 17 18:16:29 2022]
rule inference_simulation_TMB_multiple:
    input: ../data/assessing_models_simulation/datasets/multiple_GenerationJnormChangingNmBTwoLambdasOneChangingBeta_20_120_80_6_0.01_NA_NA_NA_dataset5.RDS
    output: ../data/assessing_models_simulation/inference_results/TMB/nlminb/multiple_GenerationJnormChangingNmBTwoLambdasOneChangingBeta_20_120_80_6_0.01_singleREDM_NA_NA_NA_dataset5.RDS
    log: logs/inference/nlminb/simulation_GenerationJnormChangingNmBTwoLambdasOneChangingBeta_20_120_80_6_0.01_ModelsingleREDM_NA_NA_NA_dataset5.log
    jobid: 14510
    wildcards: optimiser=nlminb, datasetgeneration=GenerationJnormChangingNmBTwoLambdasOneChangingBeta, n=20, nlambda=120, lmbda=80, d=6, beta_intensity=0.01, model=singleREDM, fixed_beta_intercept=NA, fixed_beta_slope=NA, sdRE_input=NA, itnum=5

Rscript 2_inference_TMB/run_TMB.R --input ../data/assessing_models_simulation/datasets/multiple_GenerationJnormChangingNmBTwoLambdasOneChangingBeta_20_120_80_6_0.01_NA_NA_NA_dataset5.RDS --output ../data/assessing_models_simulation/inference_results/TMB/nlminb/multiple_GenerationJnormChangingNmBTwoLambdasOneChangingBeta_20_120_80_6_0.01_singleREDM_NA_NA_NA_dataset5.RDS --model singleREDM --optimiser nlminb  --use_previous_run_startingvals T
[Wed Aug 17 18:16:32 2022]
Finished job 14510.
13 of 21174 steps (0.06%) done

[Wed Aug 17 18:16:32 2022]
rule simulate_for_comparison_multiple:
    input: ../data/assessing_models_simulation/GenerationJnormChangingNmBTwoLambdasOneChangingBeta
    output: ../data/assessing_models_simulation/datasets/multiple_GenerationJnormChangingNmBTwoLambdasOneChangingBeta_20_140_80_6_0_NA_NA_NA_dataset8.RDS
    jobid: 21503
    wildcards: datasetgeneration=GenerationJnormChangingNmBTwoLambdasOneChangingBeta, n=20, nlambda=140, lmbda=80, d=6, beta_intensity=0, fixed_beta_intercept=NA, fixed_beta_slope=NA, sdRE_input=NA, itnum=8

Rscript --vanilla 3_analysis/simulation_model_assessment/generate_datasets_simulations/GenerationJnormChangingNmBTwoLambdasOneChangingBeta.R --input ../data/assessing_models_simulation/GenerationJnormChangingNmBTwoLambdasOneChangingBeta --d 6 --n 20 --nlambda 140 --lambda 80 --beta_gamma_shape 0 --outfile ../data/assessing_models_simulation/datasets/multiple_GenerationJnormChangingNmBTwoLambdasOneChangingBeta_20_140_80_6_0_NA_NA_NA_dataset8.RDS --beta_intercept_input NA --beta_slope_input NA --sdRE_input NA
[Wed Aug 17 18:16:34 2022]
Finished job 21503.
14 of 21174 steps (0.07%) done

[Wed Aug 17 18:16:34 2022]
rule inference_simulation_TMB_multiple:
    input: ../data/assessing_models_simulation/datasets/multiple_GenerationJnormChangingNmBTwoLambdasOneChangingBeta_20_140_80_6_0_NA_NA_NA_dataset8.RDS
    output: ../data/assessing_models_simulation/inference_results/TMB/nlminb/multiple_GenerationJnormChangingNmBTwoLambdasOneChangingBeta_20_140_80_6_0_diagREDM_NA_NA_NA_dataset8.RDS
    log: logs/inference/nlminb/simulation_GenerationJnormChangingNmBTwoLambdasOneChangingBeta_20_140_80_6_0_ModeldiagREDM_NA_NA_NA_dataset8.log
    jobid: 8063
    wildcards: optimiser=nlminb, datasetgeneration=GenerationJnormChangingNmBTwoLambdasOneChangingBeta, n=20, nlambda=140, lmbda=80, d=6, beta_intensity=0, model=diagREDM, fixed_beta_intercept=NA, fixed_beta_slope=NA, sdRE_input=NA, itnum=8

Rscript 2_inference_TMB/run_TMB.R --input ../data/assessing_models_simulation/datasets/multiple_GenerationJnormChangingNmBTwoLambdasOneChangingBeta_20_140_80_6_0_NA_NA_NA_dataset8.RDS --output ../data/assessing_models_simulation/inference_results/TMB/nlminb/multiple_GenerationJnormChangingNmBTwoLambdasOneChangingBeta_20_140_80_6_0_diagREDM_NA_NA_NA_dataset8.RDS --model diagREDM --optimiser nlminb  --use_previous_run_startingvals T
[Wed Aug 17 18:16:38 2022]
Finished job 8063.
15 of 21174 steps (0.07%) done

[Wed Aug 17 18:16:38 2022]
rule inference_simulation_TMB_multiple:
    input: ../data/assessing_models_simulation/datasets/multiple_GenerationJnormChangingNmBTwoLambdasOneChangingBeta_20_140_80_6_0_NA_NA_NA_dataset8.RDS
    output: ../data/assessing_models_simulation/inference_results/TMB/nlminb/multiple_GenerationJnormChangingNmBTwoLambdasOneChangingBeta_20_140_80_6_0_fullREM_NA_NA_NA_dataset8.RDS
    log: logs/inference/nlminb/simulation_GenerationJnormChangingNmBTwoLambdasOneChangingBeta_20_140_80_6_0_ModelfullREM_NA_NA_NA_dataset8.log
    jobid: 1343
    wildcards: optimiser=nlminb, datasetgeneration=GenerationJnormChangingNmBTwoLambdasOneChangingBeta, n=20, nlambda=140, lmbda=80, d=6, beta_intensity=0, model=fullREM, fixed_beta_intercept=NA, fixed_beta_slope=NA, sdRE_input=NA, itnum=8

Rscript 2_inference_TMB/run_TMB.R --input ../data/assessing_models_simulation/datasets/multiple_GenerationJnormChangingNmBTwoLambdasOneChangingBeta_20_140_80_6_0_NA_NA_NA_dataset8.RDS --output ../data/assessing_models_simulation/inference_results/TMB/nlminb/multiple_GenerationJnormChangingNmBTwoLambdasOneChangingBeta_20_140_80_6_0_fullREM_NA_NA_NA_dataset8.RDS --model fullREM --optimiser nlminb  --use_previous_run_startingvals T
[Wed Aug 17 18:16:41 2022]
Finished job 1343.
16 of 21174 steps (0.08%) done

[Wed Aug 17 18:16:41 2022]
rule inference_simulation_TMB_multiple:
    input: ../data/assessing_models_simulation/datasets/multiple_GenerationJnormChangingNmBTwoLambdasOneChangingBeta_20_140_80_6_0_NA_NA_NA_dataset8.RDS
    output: ../data/assessing_models_simulation/inference_results/TMB/nlminb/multiple_GenerationJnormChangingNmBTwoLambdasOneChangingBeta_20_140_80_6_0_singleREDM_NA_NA_NA_dataset8.RDS
    log: logs/inference/nlminb/simulation_GenerationJnormChangingNmBTwoLambdasOneChangingBeta_20_140_80_6_0_ModelsingleREDM_NA_NA_NA_dataset8.log
    jobid: 14783
    wildcards: optimiser=nlminb, datasetgeneration=GenerationJnormChangingNmBTwoLambdasOneChangingBeta, n=20, nlambda=140, lmbda=80, d=6, beta_intensity=0, model=singleREDM, fixed_beta_intercept=NA, fixed_beta_slope=NA, sdRE_input=NA, itnum=8

Rscript 2_inference_TMB/run_TMB.R --input ../data/assessing_models_simulation/datasets/multiple_GenerationJnormChangingNmBTwoLambdasOneChangingBeta_20_140_80_6_0_NA_NA_NA_dataset8.RDS --output ../data/assessing_models_simulation/inference_results/TMB/nlminb/multiple_GenerationJnormChangingNmBTwoLambdasOneChangingBeta_20_140_80_6_0_singleREDM_NA_NA_NA_dataset8.RDS --model singleREDM --optimiser nlminb  --use_previous_run_startingvals T
[Wed Aug 17 18:16:44 2022]
Finished job 14783.
17 of 21174 steps (0.08%) done

[Wed Aug 17 18:16:44 2022]
rule simulate_for_comparison_multiple:
    input: ../data/assessing_models_simulation/GenerationJnormChangingNmBTwoLambdasOneChangingBeta
    output: ../data/assessing_models_simulation/datasets/multiple_GenerationJnormChangingNmBTwoLambdasOneChangingBeta_100_40_80_5_0.1_NA_NA_NA_dataset0.RDS
    jobid: 25365
    wildcards: datasetgeneration=GenerationJnormChangingNmBTwoLambdasOneChangingBeta, n=100, nlambda=40, lmbda=80, d=5, beta_intensity=0.1, fixed_beta_intercept=NA, fixed_beta_slope=NA, sdRE_input=NA, itnum=0

Rscript --vanilla 3_analysis/simulation_model_assessment/generate_datasets_simulations/GenerationJnormChangingNmBTwoLambdasOneChangingBeta.R --input ../data/assessing_models_simulation/GenerationJnormChangingNmBTwoLambdasOneChangingBeta --d 5 --n 100 --nlambda 40 --lambda 80 --beta_gamma_shape 0.1 --outfile ../data/assessing_models_simulation/datasets/multiple_GenerationJnormChangingNmBTwoLambdasOneChangingBeta_100_40_80_5_0.1_NA_NA_NA_dataset0.RDS --beta_intercept_input NA --beta_slope_input NA --sdRE_input NA
[Wed Aug 17 18:16:46 2022]
Finished job 25365.
18 of 21174 steps (0.09%) done

[Wed Aug 17 18:16:46 2022]
rule inference_simulation_TMB_multiple:
    input: ../data/assessing_models_simulation/datasets/multiple_GenerationJnormChangingNmBTwoLambdasOneChangingBeta_100_40_80_5_0.1_NA_NA_NA_dataset0.RDS
    output: ../data/assessing_models_simulation/inference_results/TMB/nlminb/multiple_GenerationJnormChangingNmBTwoLambdasOneChangingBeta_100_40_80_5_0.1_diagREDM_NA_NA_NA_dataset0.RDS
    log: logs/inference/nlminb/simulation_GenerationJnormChangingNmBTwoLambdasOneChangingBeta_100_40_80_5_0.1_ModeldiagREDM_NA_NA_NA_dataset0.log
    jobid: 11925
    wildcards: optimiser=nlminb, datasetgeneration=GenerationJnormChangingNmBTwoLambdasOneChangingBeta, n=100, nlambda=40, lmbda=80, d=5, beta_intensity=0.1, model=diagREDM, fixed_beta_intercept=NA, fixed_beta_slope=NA, sdRE_input=NA, itnum=0

Rscript 2_inference_TMB/run_TMB.R --input ../data/assessing_models_simulation/datasets/multiple_GenerationJnormChangingNmBTwoLambdasOneChangingBeta_100_40_80_5_0.1_NA_NA_NA_dataset0.RDS --output ../data/assessing_models_simulation/inference_results/TMB/nlminb/multiple_GenerationJnormChangingNmBTwoLambdasOneChangingBeta_100_40_80_5_0.1_diagREDM_NA_NA_NA_dataset0.RDS --model diagREDM --optimiser nlminb  --use_previous_run_startingvals T
[Wed Aug 17 18:16:58 2022]
Finished job 11925.
19 of 21174 steps (0.09%) done

[Wed Aug 17 18:16:58 2022]
rule inference_simulation_TMB_multiple:
    input: ../data/assessing_models_simulation/datasets/multiple_GenerationJnormChangingNmBTwoLambdasOneChangingBeta_100_40_80_5_0.1_NA_NA_NA_dataset0.RDS
    output: ../data/assessing_models_simulation/inference_results/TMB/nlminb/multiple_GenerationJnormChangingNmBTwoLambdasOneChangingBeta_100_40_80_5_0.1_fullREM_NA_NA_NA_dataset0.RDS
    log: logs/inference/nlminb/simulation_GenerationJnormChangingNmBTwoLambdasOneChangingBeta_100_40_80_5_0.1_ModelfullREM_NA_NA_NA_dataset0.log
    jobid: 5205
    wildcards: optimiser=nlminb, datasetgeneration=GenerationJnormChangingNmBTwoLambdasOneChangingBeta, n=100, nlambda=40, lmbda=80, d=5, beta_intensity=0.1, model=fullREM, fixed_beta_intercept=NA, fixed_beta_slope=NA, sdRE_input=NA, itnum=0

Rscript 2_inference_TMB/run_TMB.R --input ../data/assessing_models_simulation/datasets/multiple_GenerationJnormChangingNmBTwoLambdasOneChangingBeta_100_40_80_5_0.1_NA_NA_NA_dataset0.RDS --output ../data/assessing_models_simulation/inference_results/TMB/nlminb/multiple_GenerationJnormChangingNmBTwoLambdasOneChangingBeta_100_40_80_5_0.1_fullREM_NA_NA_NA_dataset0.RDS --model fullREM --optimiser nlminb  --use_previous_run_startingvals T
[Wed Aug 17 18:17:02 2022]
Finished job 5205.
20 of 21174 steps (0.09%) done

[Wed Aug 17 18:17:02 2022]
rule inference_simulation_TMB_multiple:
    input: ../data/assessing_models_simulation/datasets/multiple_GenerationJnormChangingNmBTwoLambdasOneChangingBeta_100_40_80_5_0.1_NA_NA_NA_dataset0.RDS
    output: ../data/assessing_models_simulation/inference_results/TMB/nlminb/multiple_GenerationJnormChangingNmBTwoLambdasOneChangingBeta_100_40_80_5_0.1_singleREDM_NA_NA_NA_dataset0.RDS
    log: logs/inference/nlminb/simulation_GenerationJnormChangingNmBTwoLambdasOneChangingBeta_100_40_80_5_0.1_ModelsingleREDM_NA_NA_NA_dataset0.log
    jobid: 18645
    wildcards: optimiser=nlminb, datasetgeneration=GenerationJnormChangingNmBTwoLambdasOneChangingBeta, n=100, nlambda=40, lmbda=80, d=5, beta_intensity=0.1, model=singleREDM, fixed_beta_intercept=NA, fixed_beta_slope=NA, sdRE_input=NA, itnum=0

Rscript 2_inference_TMB/run_TMB.R --input ../data/assessing_models_simulation/datasets/multiple_GenerationJnormChangingNmBTwoLambdasOneChangingBeta_100_40_80_5_0.1_NA_NA_NA_dataset0.RDS --output ../data/assessing_models_simulation/inference_results/TMB/nlminb/multiple_GenerationJnormChangingNmBTwoLambdasOneChangingBeta_100_40_80_5_0.1_singleREDM_NA_NA_NA_dataset0.RDS --model singleREDM --optimiser nlminb  --use_previous_run_startingvals T
[Wed Aug 17 18:17:07 2022]
Finished job 18645.
21 of 21174 steps (0.10%) done

[Wed Aug 17 18:17:07 2022]
rule simulate_for_comparison_multiple:
    input: ../data/assessing_models_simulation/GenerationJnormChangingNmBTwoLambdasOneChangingBeta
    output: ../data/assessing_models_simulation/datasets/multiple_GenerationJnormChangingNmBTwoLambdasOneChangingBeta_100_60_80_4_4_NA_NA_NA_dataset2.RDS
    jobid: 25617
    wildcards: datasetgeneration=GenerationJnormChangingNmBTwoLambdasOneChangingBeta, n=100, nlambda=60, lmbda=80, d=4, beta_intensity=4, fixed_beta_intercept=NA, fixed_beta_slope=NA, sdRE_input=NA, itnum=2

Rscript --vanilla 3_analysis/simulation_model_assessment/generate_datasets_simulations/GenerationJnormChangingNmBTwoLambdasOneChangingBeta.R --input ../data/assessing_models_simulation/GenerationJnormChangingNmBTwoLambdasOneChangingBeta --d 4 --n 100 --nlambda 60 --lambda 80 --beta_gamma_shape 4 --outfile ../data/assessing_models_simulation/datasets/multiple_GenerationJnormChangingNmBTwoLambdasOneChangingBeta_100_60_80_4_4_NA_NA_NA_dataset2.RDS --beta_intercept_input NA --beta_slope_input NA --sdRE_input NA
[Wed Aug 17 18:17:09 2022]
Finished job 25617.
22 of 21174 steps (0.10%) done

[Wed Aug 17 18:17:09 2022]
rule inference_simulation_TMB_multiple:
    input: ../data/assessing_models_simulation/datasets/multiple_GenerationJnormChangingNmBTwoLambdasOneChangingBeta_100_60_80_4_4_NA_NA_NA_dataset2.RDS
    output: ../data/assessing_models_simulation/inference_results/TMB/nlminb/multiple_GenerationJnormChangingNmBTwoLambdasOneChangingBeta_100_60_80_4_4_diagREDM_NA_NA_NA_dataset2.RDS
    log: logs/inference/nlminb/simulation_GenerationJnormChangingNmBTwoLambdasOneChangingBeta_100_60_80_4_4_ModeldiagREDM_NA_NA_NA_dataset2.log
    jobid: 12177
    wildcards: optimiser=nlminb, datasetgeneration=GenerationJnormChangingNmBTwoLambdasOneChangingBeta, n=100, nlambda=60, lmbda=80, d=4, beta_intensity=4, model=diagREDM, fixed_beta_intercept=NA, fixed_beta_slope=NA, sdRE_input=NA, itnum=2

Rscript 2_inference_TMB/run_TMB.R --input ../data/assessing_models_simulation/datasets/multiple_GenerationJnormChangingNmBTwoLambdasOneChangingBeta_100_60_80_4_4_NA_NA_NA_dataset2.RDS --output ../data/assessing_models_simulation/inference_results/TMB/nlminb/multiple_GenerationJnormChangingNmBTwoLambdasOneChangingBeta_100_60_80_4_4_diagREDM_NA_NA_NA_dataset2.RDS --model diagREDM --optimiser nlminb  --use_previous_run_startingvals T
[Wed Aug 17 18:17:17 2022]
Finished job 12177.
23 of 21174 steps (0.11%) done

[Wed Aug 17 18:17:17 2022]
rule inference_simulation_TMB_multiple:
    input: ../data/assessing_models_simulation/datasets/multiple_GenerationJnormChangingNmBTwoLambdasOneChangingBeta_100_60_80_4_4_NA_NA_NA_dataset2.RDS
    output: ../data/assessing_models_simulation/inference_results/TMB/nlminb/multiple_GenerationJnormChangingNmBTwoLambdasOneChangingBeta_100_60_80_4_4_fullREM_NA_NA_NA_dataset2.RDS
    log: logs/inference/nlminb/simulation_GenerationJnormChangingNmBTwoLambdasOneChangingBeta_100_60_80_4_4_ModelfullREM_NA_NA_NA_dataset2.log
    jobid: 5457
    wildcards: optimiser=nlminb, datasetgeneration=GenerationJnormChangingNmBTwoLambdasOneChangingBeta, n=100, nlambda=60, lmbda=80, d=4, beta_intensity=4, model=fullREM, fixed_beta_intercept=NA, fixed_beta_slope=NA, sdRE_input=NA, itnum=2

Rscript 2_inference_TMB/run_TMB.R --input ../data/assessing_models_simulation/datasets/multiple_GenerationJnormChangingNmBTwoLambdasOneChangingBeta_100_60_80_4_4_NA_NA_NA_dataset2.RDS --output ../data/assessing_models_simulation/inference_results/TMB/nlminb/multiple_GenerationJnormChangingNmBTwoLambdasOneChangingBeta_100_60_80_4_4_fullREM_NA_NA_NA_dataset2.RDS --model fullREM --optimiser nlminb  --use_previous_run_startingvals T
[Wed Aug 17 18:17:20 2022]
Finished job 5457.
24 of 21174 steps (0.11%) done

[Wed Aug 17 18:17:20 2022]
rule inference_simulation_TMB_multiple:
    input: ../data/assessing_models_simulation/datasets/multiple_GenerationJnormChangingNmBTwoLambdasOneChangingBeta_100_60_80_4_4_NA_NA_NA_dataset2.RDS
    output: ../data/assessing_models_simulation/inference_results/TMB/nlminb/multiple_GenerationJnormChangingNmBTwoLambdasOneChangingBeta_100_60_80_4_4_singleREDM_NA_NA_NA_dataset2.RDS
    log: logs/inference/nlminb/simulation_GenerationJnormChangingNmBTwoLambdasOneChangingBeta_100_60_80_4_4_ModelsingleREDM_NA_NA_NA_dataset2.log
    jobid: 18897
    wildcards: optimiser=nlminb, datasetgeneration=GenerationJnormChangingNmBTwoLambdasOneChangingBeta, n=100, nlambda=60, lmbda=80, d=4, beta_intensity=4, model=singleREDM, fixed_beta_intercept=NA, fixed_beta_slope=NA, sdRE_input=NA, itnum=2

Rscript 2_inference_TMB/run_TMB.R --input ../data/assessing_models_simulation/datasets/multiple_GenerationJnormChangingNmBTwoLambdasOneChangingBeta_100_60_80_4_4_NA_NA_NA_dataset2.RDS --output ../data/assessing_models_simulation/inference_results/TMB/nlminb/multiple_GenerationJnormChangingNmBTwoLambdasOneChangingBeta_100_60_80_4_4_singleREDM_NA_NA_NA_dataset2.RDS --model singleREDM --optimiser nlminb  --use_previous_run_startingvals T
[Wed Aug 17 18:17:24 2022]
Finished job 18897.
25 of 21174 steps (0.12%) done

[Wed Aug 17 18:17:24 2022]
rule simulate_for_comparison_multiple:
    input: ../data/assessing_models_simulation/GenerationJnormChangingNmBTwoLambdasOneChangingBeta
    output: ../data/assessing_models_simulation/datasets/multiple_GenerationJnormChangingNmBTwoLambdasOneChangingBeta_50_140_80_6_0.6_NA_NA_NA_dataset2.RDS
    jobid: 24907
    wildcards: datasetgeneration=GenerationJnormChangingNmBTwoLambdasOneChangingBeta, n=50, nlambda=140, lmbda=80, d=6, beta_intensity=0.6, fixed_beta_intercept=NA, fixed_beta_slope=NA, sdRE_input=NA, itnum=2

Rscript --vanilla 3_analysis/simulation_model_assessment/generate_datasets_simulations/GenerationJnormChangingNmBTwoLambdasOneChangingBeta.R --input ../data/assessing_models_simulation/GenerationJnormChangingNmBTwoLambdasOneChangingBeta --d 6 --n 50 --nlambda 140 --lambda 80 --beta_gamma_shape 0.6 --outfile ../data/assessing_models_simulation/datasets/multiple_GenerationJnormChangingNmBTwoLambdasOneChangingBeta_50_140_80_6_0.6_NA_NA_NA_dataset2.RDS --beta_intercept_input NA --beta_slope_input NA --sdRE_input NA
[Wed Aug 17 18:17:26 2022]
Finished job 24907.
26 of 21174 steps (0.12%) done

[Wed Aug 17 18:17:26 2022]
rule inference_simulation_TMB_multiple:
    input: ../data/assessing_models_simulation/datasets/multiple_GenerationJnormChangingNmBTwoLambdasOneChangingBeta_50_140_80_6_0.6_NA_NA_NA_dataset2.RDS
    output: ../data/assessing_models_simulation/inference_results/TMB/nlminb/multiple_GenerationJnormChangingNmBTwoLambdasOneChangingBeta_50_140_80_6_0.6_diagREDM_NA_NA_NA_dataset2.RDS
    log: logs/inference/nlminb/simulation_GenerationJnormChangingNmBTwoLambdasOneChangingBeta_50_140_80_6_0.6_ModeldiagREDM_NA_NA_NA_dataset2.log
    jobid: 11467
    wildcards: optimiser=nlminb, datasetgeneration=GenerationJnormChangingNmBTwoLambdasOneChangingBeta, n=50, nlambda=140, lmbda=80, d=6, beta_intensity=0.6, model=diagREDM, fixed_beta_intercept=NA, fixed_beta_slope=NA, sdRE_input=NA, itnum=2

Rscript 2_inference_TMB/run_TMB.R --input ../data/assessing_models_simulation/datasets/multiple_GenerationJnormChangingNmBTwoLambdasOneChangingBeta_50_140_80_6_0.6_NA_NA_NA_dataset2.RDS --output ../data/assessing_models_simulation/inference_results/TMB/nlminb/multiple_GenerationJnormChangingNmBTwoLambdasOneChangingBeta_50_140_80_6_0.6_diagREDM_NA_NA_NA_dataset2.RDS --model diagREDM --optimiser nlminb  --use_previous_run_startingvals T
[Wed Aug 17 18:17:34 2022]
Finished job 11467.
27 of 21174 steps (0.13%) done

[Wed Aug 17 18:17:34 2022]
rule inference_simulation_TMB_multiple:
    input: ../data/assessing_models_simulation/datasets/multiple_GenerationJnormChangingNmBTwoLambdasOneChangingBeta_50_140_80_6_0.6_NA_NA_NA_dataset2.RDS
    output: ../data/assessing_models_simulation/inference_results/TMB/nlminb/multiple_GenerationJnormChangingNmBTwoLambdasOneChangingBeta_50_140_80_6_0.6_fullREM_NA_NA_NA_dataset2.RDS
    log: logs/inference/nlminb/simulation_GenerationJnormChangingNmBTwoLambdasOneChangingBeta_50_140_80_6_0.6_ModelfullREM_NA_NA_NA_dataset2.log
    jobid: 4747
    wildcards: optimiser=nlminb, datasetgeneration=GenerationJnormChangingNmBTwoLambdasOneChangingBeta, n=50, nlambda=140, lmbda=80, d=6, beta_intensity=0.6, model=fullREM, fixed_beta_intercept=NA, fixed_beta_slope=NA, sdRE_input=NA, itnum=2

Rscript 2_inference_TMB/run_TMB.R --input ../data/assessing_models_simulation/datasets/multiple_GenerationJnormChangingNmBTwoLambdasOneChangingBeta_50_140_80_6_0.6_NA_NA_NA_dataset2.RDS --output ../data/assessing_models_simulation/inference_results/TMB/nlminb/multiple_GenerationJnormChangingNmBTwoLambdasOneChangingBeta_50_140_80_6_0.6_fullREM_NA_NA_NA_dataset2.RDS --model fullREM --optimiser nlminb  --use_previous_run_startingvals T
[Wed Aug 17 18:17:38 2022]
Finished job 4747.
28 of 21174 steps (0.13%) done

[Wed Aug 17 18:17:38 2022]
rule inference_simulation_TMB_multiple:
    input: ../data/assessing_models_simulation/datasets/multiple_GenerationJnormChangingNmBTwoLambdasOneChangingBeta_50_140_80_6_0.6_NA_NA_NA_dataset2.RDS
    output: ../data/assessing_models_simulation/inference_results/TMB/nlminb/multiple_GenerationJnormChangingNmBTwoLambdasOneChangingBeta_50_140_80_6_0.6_singleREDM_NA_NA_NA_dataset2.RDS
    log: logs/inference/nlminb/simulation_GenerationJnormChangingNmBTwoLambdasOneChangingBeta_50_140_80_6_0.6_ModelsingleREDM_NA_NA_NA_dataset2.log
    jobid: 18187
    wildcards: optimiser=nlminb, datasetgeneration=GenerationJnormChangingNmBTwoLambdasOneChangingBeta, n=50, nlambda=140, lmbda=80, d=6, beta_intensity=0.6, model=singleREDM, fixed_beta_intercept=NA, fixed_beta_slope=NA, sdRE_input=NA, itnum=2

Rscript 2_inference_TMB/run_TMB.R --input ../data/assessing_models_simulation/datasets/multiple_GenerationJnormChangingNmBTwoLambdasOneChangingBeta_50_140_80_6_0.6_NA_NA_NA_dataset2.RDS --output ../data/assessing_models_simulation/inference_results/TMB/nlminb/multiple_GenerationJnormChangingNmBTwoLambdasOneChangingBeta_50_140_80_6_0.6_singleREDM_NA_NA_NA_dataset2.RDS --model singleREDM --optimiser nlminb  --use_previous_run_startingvals T
[Wed Aug 17 18:17:42 2022]
Finished job 18187.
29 of 21174 steps (0.14%) done

[Wed Aug 17 18:17:42 2022]
rule simulate_for_comparison_multiple:
    input: ../data/assessing_models_simulation/GenerationJnormChangingNmBTwoLambdasOneChangingBeta
    output: ../data/assessing_models_simulation/datasets/multiple_GenerationJnormChangingNmBTwoLambdasOneChangingBeta_20_140_80_6_4_NA_NA_NA_dataset9.RDS
    jobid: 21564
    wildcards: datasetgeneration=GenerationJnormChangingNmBTwoLambdasOneChangingBeta, n=20, nlambda=140, lmbda=80, d=6, beta_intensity=4, fixed_beta_intercept=NA, fixed_beta_slope=NA, sdRE_input=NA, itnum=9

Rscript --vanilla 3_analysis/simulation_model_assessment/generate_datasets_simulations/GenerationJnormChangingNmBTwoLambdasOneChangingBeta.R --input ../data/assessing_models_simulation/GenerationJnormChangingNmBTwoLambdasOneChangingBeta --d 6 --n 20 --nlambda 140 --lambda 80 --beta_gamma_shape 4 --outfile ../data/assessing_models_simulation/datasets/multiple_GenerationJnormChangingNmBTwoLambdasOneChangingBeta_20_140_80_6_4_NA_NA_NA_dataset9.RDS --beta_intercept_input NA --beta_slope_input NA --sdRE_input NA
[Wed Aug 17 18:17:44 2022]
Finished job 21564.
30 of 21174 steps (0.14%) done

[Wed Aug 17 18:17:44 2022]
rule inference_simulation_TMB_multiple:
    input: ../data/assessing_models_simulation/datasets/multiple_GenerationJnormChangingNmBTwoLambdasOneChangingBeta_20_140_80_6_4_NA_NA_NA_dataset9.RDS
    output: ../data/assessing_models_simulation/inference_results/TMB/nlminb/multiple_GenerationJnormChangingNmBTwoLambdasOneChangingBeta_20_140_80_6_4_diagREDM_NA_NA_NA_dataset9.RDS
    log: logs/inference/nlminb/simulation_GenerationJnormChangingNmBTwoLambdasOneChangingBeta_20_140_80_6_4_ModeldiagREDM_NA_NA_NA_dataset9.log
    jobid: 8124
    wildcards: optimiser=nlminb, datasetgeneration=GenerationJnormChangingNmBTwoLambdasOneChangingBeta, n=20, nlambda=140, lmbda=80, d=6, beta_intensity=4, model=diagREDM, fixed_beta_intercept=NA, fixed_beta_slope=NA, sdRE_input=NA, itnum=9

Rscript 2_inference_TMB/run_TMB.R --input ../data/assessing_models_simulation/datasets/multiple_GenerationJnormChangingNmBTwoLambdasOneChangingBeta_20_140_80_6_4_NA_NA_NA_dataset9.RDS --output ../data/assessing_models_simulation/inference_results/TMB/nlminb/multiple_GenerationJnormChangingNmBTwoLambdasOneChangingBeta_20_140_80_6_4_diagREDM_NA_NA_NA_dataset9.RDS --model diagREDM --optimiser nlminb  --use_previous_run_startingvals T
[Wed Aug 17 18:17:48 2022]
Finished job 8124.
31 of 21174 steps (0.15%) done

[Wed Aug 17 18:17:48 2022]
rule inference_simulation_TMB_multiple:
    input: ../data/assessing_models_simulation/datasets/multiple_GenerationJnormChangingNmBTwoLambdasOneChangingBeta_20_140_80_6_4_NA_NA_NA_dataset9.RDS
    output: ../data/assessing_models_simulation/inference_results/TMB/nlminb/multiple_GenerationJnormChangingNmBTwoLambdasOneChangingBeta_20_140_80_6_4_fullREM_NA_NA_NA_dataset9.RDS
    log: logs/inference/nlminb/simulation_GenerationJnormChangingNmBTwoLambdasOneChangingBeta_20_140_80_6_4_ModelfullREM_NA_NA_NA_dataset9.log
    jobid: 1404
    wildcards: optimiser=nlminb, datasetgeneration=GenerationJnormChangingNmBTwoLambdasOneChangingBeta, n=20, nlambda=140, lmbda=80, d=6, beta_intensity=4, model=fullREM, fixed_beta_intercept=NA, fixed_beta_slope=NA, sdRE_input=NA, itnum=9

Rscript 2_inference_TMB/run_TMB.R --input ../data/assessing_models_simulation/datasets/multiple_GenerationJnormChangingNmBTwoLambdasOneChangingBeta_20_140_80_6_4_NA_NA_NA_dataset9.RDS --output ../data/assessing_models_simulation/inference_results/TMB/nlminb/multiple_GenerationJnormChangingNmBTwoLambdasOneChangingBeta_20_140_80_6_4_fullREM_NA_NA_NA_dataset9.RDS --model fullREM --optimiser nlminb  --use_previous_run_startingvals T
[Wed Aug 17 18:17:51 2022]
Error in rule inference_simulation_TMB_multiple:
    jobid: 1404
    output: ../data/assessing_models_simulation/inference_results/TMB/nlminb/multiple_GenerationJnormChangingNmBTwoLambdasOneChangingBeta_20_140_80_6_4_fullREM_NA_NA_NA_dataset9.RDS
    log: logs/inference/nlminb/simulation_GenerationJnormChangingNmBTwoLambdasOneChangingBeta_20_140_80_6_4_ModelfullREM_NA_NA_NA_dataset9.log (check log file(s) for error message)
    shell:
        Rscript 2_inference_TMB/run_TMB.R --input ../data/assessing_models_simulation/datasets/multiple_GenerationJnormChangingNmBTwoLambdasOneChangingBeta_20_140_80_6_4_NA_NA_NA_dataset9.RDS --output ../data/assessing_models_simulation/inference_results/TMB/nlminb/multiple_GenerationJnormChangingNmBTwoLambdasOneChangingBeta_20_140_80_6_4_fullREM_NA_NA_NA_dataset9.RDS --model fullREM --optimiser nlminb  --use_previous_run_startingvals T

Shutting down, this might take some time.
Exiting because a job execution failed. Look above for error message
Complete log: /Users/morril01/Documents/PhD/GlobalDA/code/.snakemake/log/2022-08-17T181515.708565.snakemake.log
