Building DAG of jobs...
Using shell: /usr/local/bin/bash
Provided cores: 1
Rules claiming more threads will be scaled down.
Job counts:
	count	jobs
	1	all
	187	inference_simulation_TMB_multiple_LRT
	188

[Sat Sep 10 21:23:37 2022]
rule inference_simulation_TMB_multiple_LRT:
    input: ../data/assessing_models_simulation/datasets/multiple_GenerationMixturefewersignaturespairedKidneyRCCPCAWG_50_200_80_4_-4_NA_NA_NA_dataset10.RDS
    output: ../data/assessing_models_simulation/inference_results/TMB_LRT/nlminb/multiple_GenerationMixturefewersignaturespairedKidneyRCCPCAWG_50_200_80_4_-4_diagREDMreducedmodel_NA_NA_NA_dataset10.RDS
    log: logs/inference/nlminb/simulation_GenerationMixturefewersignaturespairedKidneyRCCPCAWG_50_200_80_4_-4_ModeldiagREDMreducedmodel_NA_NA_NA_dataset10.log
    jobid: 271
    wildcards: optimiser=nlminb, datasetgeneration=GenerationMixturefewersignaturespairedKidneyRCCPCAWG, n=50, nlambda=200, lmbda=80, d=4, beta_intensity=-4, model=diagREDMreducedmodel, fixed_beta_intercept=NA, fixed_beta_slope=NA, sdRE_input=NA, itnum=10

Rscript 2_inference_TMB/run_TMB.R --return_opt_bool T --input ../data/assessing_models_simulation/datasets/multiple_GenerationMixturefewersignaturespairedKidneyRCCPCAWG_50_200_80_4_-4_NA_NA_NA_dataset10.RDS --output ../data/assessing_models_simulation/inference_results/TMB_LRT/nlminb/multiple_GenerationMixturefewersignaturespairedKidneyRCCPCAWG_50_200_80_4_-4_diagREDMreducedmodel_NA_NA_NA_dataset10.RDS --model diagREDMreducedmodel --optimiser nlminb  --use_previous_run_startingvals T
[Sat Sep 10 21:23:41 2022]
Finished job 271.
1 of 188 steps (0.53%) done

[Sat Sep 10 21:23:41 2022]
rule inference_simulation_TMB_multiple_LRT:
    input: ../data/assessing_models_simulation/datasets/multiple_GenerationMixturefewersignaturespairedKidneyRCCPCAWG_50_200_80_4_0_NA_NA_NA_dataset1.RDS
    output: ../data/assessing_models_simulation/inference_results/TMB_LRT/nlminb/multiple_GenerationMixturefewersignaturespairedKidneyRCCPCAWG_50_200_80_4_0_diagREDMreducedmodel_NA_NA_NA_dataset1.RDS
    log: logs/inference/nlminb/simulation_GenerationMixturefewersignaturespairedKidneyRCCPCAWG_50_200_80_4_0_ModeldiagREDMreducedmodel_NA_NA_NA_dataset1.log
    jobid: 442
    wildcards: optimiser=nlminb, datasetgeneration=GenerationMixturefewersignaturespairedKidneyRCCPCAWG, n=50, nlambda=200, lmbda=80, d=4, beta_intensity=0, model=diagREDMreducedmodel, fixed_beta_intercept=NA, fixed_beta_slope=NA, sdRE_input=NA, itnum=1

Rscript 2_inference_TMB/run_TMB.R --return_opt_bool T --input ../data/assessing_models_simulation/datasets/multiple_GenerationMixturefewersignaturespairedKidneyRCCPCAWG_50_200_80_4_0_NA_NA_NA_dataset1.RDS --output ../data/assessing_models_simulation/inference_results/TMB_LRT/nlminb/multiple_GenerationMixturefewersignaturespairedKidneyRCCPCAWG_50_200_80_4_0_diagREDMreducedmodel_NA_NA_NA_dataset1.RDS --model diagREDMreducedmodel --optimiser nlminb  --use_previous_run_startingvals T
[Sat Sep 10 21:23:45 2022]
Finished job 442.
2 of 188 steps (1%) done

[Sat Sep 10 21:23:45 2022]
rule inference_simulation_TMB_multiple_LRT:
    input: ../data/assessing_models_simulation/datasets/multiple_GenerationMixturefewersignaturespairedKidneyRCCPCAWG_50_200_80_4_-12_NA_NA_NA_dataset8.RDS
    output: ../data/assessing_models_simulation/inference_results/TMB_LRT/nlminb/multiple_GenerationMixturefewersignaturespairedKidneyRCCPCAWG_50_200_80_4_-12_diagREDM_NA_NA_NA_dataset8.RDS
    log: logs/inference/nlminb/simulation_GenerationMixturefewersignaturespairedKidneyRCCPCAWG_50_200_80_4_-12_ModeldiagREDM_NA_NA_NA_dataset8.log
    jobid: 69
    wildcards: optimiser=nlminb, datasetgeneration=GenerationMixturefewersignaturespairedKidneyRCCPCAWG, n=50, nlambda=200, lmbda=80, d=4, beta_intensity=-12, model=diagREDM, fixed_beta_intercept=NA, fixed_beta_slope=NA, sdRE_input=NA, itnum=8

Rscript 2_inference_TMB/run_TMB.R --return_opt_bool T --input ../data/assessing_models_simulation/datasets/multiple_GenerationMixturefewersignaturespairedKidneyRCCPCAWG_50_200_80_4_-12_NA_NA_NA_dataset8.RDS --output ../data/assessing_models_simulation/inference_results/TMB_LRT/nlminb/multiple_GenerationMixturefewersignaturespairedKidneyRCCPCAWG_50_200_80_4_-12_diagREDM_NA_NA_NA_dataset8.RDS --model diagREDM --optimiser nlminb  --use_previous_run_startingvals T
[Sat Sep 10 21:23:50 2022]
Error in rule inference_simulation_TMB_multiple_LRT:
    jobid: 69
    output: ../data/assessing_models_simulation/inference_results/TMB_LRT/nlminb/multiple_GenerationMixturefewersignaturespairedKidneyRCCPCAWG_50_200_80_4_-12_diagREDM_NA_NA_NA_dataset8.RDS
    log: logs/inference/nlminb/simulation_GenerationMixturefewersignaturespairedKidneyRCCPCAWG_50_200_80_4_-12_ModeldiagREDM_NA_NA_NA_dataset8.log (check log file(s) for error message)
    shell:
        Rscript 2_inference_TMB/run_TMB.R --return_opt_bool T --input ../data/assessing_models_simulation/datasets/multiple_GenerationMixturefewersignaturespairedKidneyRCCPCAWG_50_200_80_4_-12_NA_NA_NA_dataset8.RDS --output ../data/assessing_models_simulation/inference_results/TMB_LRT/nlminb/multiple_GenerationMixturefewersignaturespairedKidneyRCCPCAWG_50_200_80_4_-12_diagREDM_NA_NA_NA_dataset8.RDS --model diagREDM --optimiser nlminb  --use_previous_run_startingvals T

Shutting down, this might take some time.
Exiting because a job execution failed. Look above for error message
Complete log: /Users/morril01/Documents/PhD/GlobalDA/code/.snakemake/log/2022-09-10T212331.067528.snakemake.log
