Building DAG of jobs...
Using shell: /usr/local/bin/bash
Provided cores: 1
Rules claiming more threads will be scaled down.
Job counts:
	count	jobs
	1	all
	921	inference_simulation_TMB_multiple_LRT
	922

[Sat Sep 10 17:08:58 2022]
rule inference_simulation_TMB_multiple_LRT:
    input: ../data/assessing_models_simulation/datasets/multiple_GenerationMixturefewersignaturespairedKidneyRCCPCAWG_100_200_80_4_-1_NA_NA_NA_dataset15.RDS
    output: ../data/assessing_models_simulation/inference_results/TMB_LRT/nlminb/multiple_GenerationMixturefewersignaturespairedKidneyRCCPCAWG_100_200_80_4_-1_diagREDM_NA_NA_NA_dataset15.RDS
    log: logs/inference/nlminb/simulation_GenerationMixturefewersignaturespairedKidneyRCCPCAWG_100_200_80_4_-1_ModeldiagREDM_NA_NA_NA_dataset15.log
    jobid: 1036
    wildcards: optimiser=nlminb, datasetgeneration=GenerationMixturefewersignaturespairedKidneyRCCPCAWG, n=100, nlambda=200, lmbda=80, d=4, beta_intensity=-1, model=diagREDM, fixed_beta_intercept=NA, fixed_beta_slope=NA, sdRE_input=NA, itnum=15

Rscript 2_inference_TMB/run_TMB.R --return_opt_bool T --input ../data/assessing_models_simulation/datasets/multiple_GenerationMixturefewersignaturespairedKidneyRCCPCAWG_100_200_80_4_-1_NA_NA_NA_dataset15.RDS --output ../data/assessing_models_simulation/inference_results/TMB_LRT/nlminb/multiple_GenerationMixturefewersignaturespairedKidneyRCCPCAWG_100_200_80_4_-1_diagREDM_NA_NA_NA_dataset15.RDS --model diagREDM --optimiser nlminb  --use_previous_run_startingvals T
[Sat Sep 10 17:09:05 2022]
Finished job 1036.
1 of 922 steps (0.11%) done

[Sat Sep 10 17:09:05 2022]
rule inference_simulation_TMB_multiple_LRT:
    input: ../data/assessing_models_simulation/datasets/multiple_GenerationMixturefewersignaturespairedKidneyRCCPCAWG_100_200_80_4_-2_NA_NA_NA_dataset8.RDS
    output: ../data/assessing_models_simulation/inference_results/TMB_LRT/nlminb/multiple_GenerationMixturefewersignaturespairedKidneyRCCPCAWG_100_200_80_4_-2_diagREDMreducedmodel_NA_NA_NA_dataset8.RDS
    log: logs/inference/nlminb/simulation_GenerationMixturefewersignaturespairedKidneyRCCPCAWG_100_200_80_4_-2_ModeldiagREDMreducedmodel_NA_NA_NA_dataset8.log
    jobid: 989
    wildcards: optimiser=nlminb, datasetgeneration=GenerationMixturefewersignaturespairedKidneyRCCPCAWG, n=100, nlambda=200, lmbda=80, d=4, beta_intensity=-2, model=diagREDMreducedmodel, fixed_beta_intercept=NA, fixed_beta_slope=NA, sdRE_input=NA, itnum=8

Rscript 2_inference_TMB/run_TMB.R --return_opt_bool T --input ../data/assessing_models_simulation/datasets/multiple_GenerationMixturefewersignaturespairedKidneyRCCPCAWG_100_200_80_4_-2_NA_NA_NA_dataset8.RDS --output ../data/assessing_models_simulation/inference_results/TMB_LRT/nlminb/multiple_GenerationMixturefewersignaturespairedKidneyRCCPCAWG_100_200_80_4_-2_diagREDMreducedmodel_NA_NA_NA_dataset8.RDS --model diagREDMreducedmodel --optimiser nlminb  --use_previous_run_startingvals T
[Sat Sep 10 17:09:12 2022]
Error in rule inference_simulation_TMB_multiple_LRT:
    jobid: 989
    output: ../data/assessing_models_simulation/inference_results/TMB_LRT/nlminb/multiple_GenerationMixturefewersignaturespairedKidneyRCCPCAWG_100_200_80_4_-2_diagREDMreducedmodel_NA_NA_NA_dataset8.RDS
    log: logs/inference/nlminb/simulation_GenerationMixturefewersignaturespairedKidneyRCCPCAWG_100_200_80_4_-2_ModeldiagREDMreducedmodel_NA_NA_NA_dataset8.log (check log file(s) for error message)
    shell:
        Rscript 2_inference_TMB/run_TMB.R --return_opt_bool T --input ../data/assessing_models_simulation/datasets/multiple_GenerationMixturefewersignaturespairedKidneyRCCPCAWG_100_200_80_4_-2_NA_NA_NA_dataset8.RDS --output ../data/assessing_models_simulation/inference_results/TMB_LRT/nlminb/multiple_GenerationMixturefewersignaturespairedKidneyRCCPCAWG_100_200_80_4_-2_diagREDMreducedmodel_NA_NA_NA_dataset8.RDS --model diagREDMreducedmodel --optimiser nlminb  --use_previous_run_startingvals T

Shutting down, this might take some time.
Exiting because a job execution failed. Look above for error message
Complete log: /Users/morril01/Documents/PhD/GlobalDA/code/.snakemake/log/2022-09-10T170851.880972.snakemake.log
