Building DAG of jobs...
Using shell: /usr/local/bin/bash
Provided cores: 1
Rules claiming more threads will be scaled down.
Job counts:
	count	jobs
	1	all
	3	analyse_simulation_TMB_multiple
	1	analyse_simulation_TMB_multiple_integrate
	6972	inference_simulation_TMB_multiple
	2323	simulate_for_comparison_multiple
	9300

[Thu Aug 25 00:50:23 2022]
rule inference_simulation_TMB_multiple:
    input: ../data/assessing_models_simulation/datasets/multiple_GenerationJnormChangingNmBTwoLambdasOneChangingBeta_50_160_80_3_0.01_NA_NA_NA_dataset0.RDS
    output: ../data/assessing_models_simulation/inference_results/TMB/nlminb/multiple_GenerationJnormChangingNmBTwoLambdasOneChangingBeta_50_160_80_3_0.01_diagREDM_NA_NA_NA_dataset0.RDS
    log: logs/inference/nlminb/simulation_GenerationJnormChangingNmBTwoLambdasOneChangingBeta_50_160_80_3_0.01_ModeldiagREDM_NA_NA_NA_dataset0.log
    jobid: 11495
    wildcards: optimiser=nlminb, datasetgeneration=GenerationJnormChangingNmBTwoLambdasOneChangingBeta, n=50, nlambda=160, lmbda=80, d=3, beta_intensity=0.01, model=diagREDM, fixed_beta_intercept=NA, fixed_beta_slope=NA, sdRE_input=NA, itnum=0

Rscript 2_inference_TMB/run_TMB.R --input ../data/assessing_models_simulation/datasets/multiple_GenerationJnormChangingNmBTwoLambdasOneChangingBeta_50_160_80_3_0.01_NA_NA_NA_dataset0.RDS --output ../data/assessing_models_simulation/inference_results/TMB/nlminb/multiple_GenerationJnormChangingNmBTwoLambdasOneChangingBeta_50_160_80_3_0.01_diagREDM_NA_NA_NA_dataset0.RDS --model diagREDM --optimiser nlminb  --use_previous_run_startingvals T
[Thu Aug 25 00:50:26 2022]
Finished job 11495.
1 of 9300 steps (0.01%) done

[Thu Aug 25 00:50:26 2022]
rule inference_simulation_TMB_multiple:
    input: ../data/assessing_models_simulation/datasets/multiple_GenerationJnormChangingNmBTwoLambdasOneChangingBeta_50_160_80_3_0.01_NA_NA_NA_dataset0.RDS
    output: ../data/assessing_models_simulation/inference_results/TMB/nlminb/multiple_GenerationJnormChangingNmBTwoLambdasOneChangingBeta_50_160_80_3_0.01_fullREM_NA_NA_NA_dataset0.RDS
    log: logs/inference/nlminb/simulation_GenerationJnormChangingNmBTwoLambdasOneChangingBeta_50_160_80_3_0.01_ModelfullREM_NA_NA_NA_dataset0.log
    jobid: 4775
    wildcards: optimiser=nlminb, datasetgeneration=GenerationJnormChangingNmBTwoLambdasOneChangingBeta, n=50, nlambda=160, lmbda=80, d=3, beta_intensity=0.01, model=fullREM, fixed_beta_intercept=NA, fixed_beta_slope=NA, sdRE_input=NA, itnum=0

Rscript 2_inference_TMB/run_TMB.R --input ../data/assessing_models_simulation/datasets/multiple_GenerationJnormChangingNmBTwoLambdasOneChangingBeta_50_160_80_3_0.01_NA_NA_NA_dataset0.RDS --output ../data/assessing_models_simulation/inference_results/TMB/nlminb/multiple_GenerationJnormChangingNmBTwoLambdasOneChangingBeta_50_160_80_3_0.01_fullREM_NA_NA_NA_dataset0.RDS --model fullREM --optimiser nlminb  --use_previous_run_startingvals T
[Thu Aug 25 00:50:28 2022]
Finished job 4775.
2 of 9300 steps (0.02%) done

[Thu Aug 25 00:50:28 2022]
rule inference_simulation_TMB_multiple:
    input: ../data/assessing_models_simulation/datasets/multiple_GenerationJnormChangingNmBTwoLambdasOneChangingBeta_50_160_80_3_0.01_NA_NA_NA_dataset0.RDS
    output: ../data/assessing_models_simulation/inference_results/TMB/nlminb/multiple_GenerationJnormChangingNmBTwoLambdasOneChangingBeta_50_160_80_3_0.01_singleREDM_NA_NA_NA_dataset0.RDS
    log: logs/inference/nlminb/simulation_GenerationJnormChangingNmBTwoLambdasOneChangingBeta_50_160_80_3_0.01_ModelsingleREDM_NA_NA_NA_dataset0.log
    jobid: 18215
    wildcards: optimiser=nlminb, datasetgeneration=GenerationJnormChangingNmBTwoLambdasOneChangingBeta, n=50, nlambda=160, lmbda=80, d=3, beta_intensity=0.01, model=singleREDM, fixed_beta_intercept=NA, fixed_beta_slope=NA, sdRE_input=NA, itnum=0

Rscript 2_inference_TMB/run_TMB.R --input ../data/assessing_models_simulation/datasets/multiple_GenerationJnormChangingNmBTwoLambdasOneChangingBeta_50_160_80_3_0.01_NA_NA_NA_dataset0.RDS --output ../data/assessing_models_simulation/inference_results/TMB/nlminb/multiple_GenerationJnormChangingNmBTwoLambdasOneChangingBeta_50_160_80_3_0.01_singleREDM_NA_NA_NA_dataset0.RDS --model singleREDM --optimiser nlminb  --use_previous_run_startingvals T
[Thu Aug 25 00:50:31 2022]
Finished job 18215.
3 of 9300 steps (0.03%) done

[Thu Aug 25 00:50:31 2022]
rule simulate_for_comparison_multiple:
    input: ../data/assessing_models_simulation/GenerationJnormChangingNmBTwoLambdasOneChangingBeta
    output: ../data/assessing_models_simulation/datasets/multiple_GenerationJnormChangingNmBTwoLambdasOneChangingBeta_100_160_80_4_0.01_NA_NA_NA_dataset1.RDS
    jobid: 26686
    wildcards: datasetgeneration=GenerationJnormChangingNmBTwoLambdasOneChangingBeta, n=100, nlambda=160, lmbda=80, d=4, beta_intensity=0.01, fixed_beta_intercept=NA, fixed_beta_slope=NA, sdRE_input=NA, itnum=1

Rscript --vanilla 3_analysis/simulation_model_assessment/generate_datasets_simulations/GenerationJnormChangingNmBTwoLambdasOneChangingBeta.R --input ../data/assessing_models_simulation/GenerationJnormChangingNmBTwoLambdasOneChangingBeta --d 4 --n 100 --nlambda 160 --lambda 80 --beta_gamma_shape 0.01 --outfile ../data/assessing_models_simulation/datasets/multiple_GenerationJnormChangingNmBTwoLambdasOneChangingBeta_100_160_80_4_0.01_NA_NA_NA_dataset1.RDS --beta_intercept_input NA --beta_slope_input NA --sdRE_input NA
[Thu Aug 25 00:50:33 2022]
Finished job 26686.
4 of 9300 steps (0.04%) done

[Thu Aug 25 00:50:33 2022]
rule inference_simulation_TMB_multiple:
    input: ../data/assessing_models_simulation/datasets/multiple_GenerationJnormChangingNmBTwoLambdasOneChangingBeta_100_160_80_4_0.01_NA_NA_NA_dataset1.RDS
    output: ../data/assessing_models_simulation/inference_results/TMB/nlminb/multiple_GenerationJnormChangingNmBTwoLambdasOneChangingBeta_100_160_80_4_0.01_diagREDM_NA_NA_NA_dataset1.RDS
    log: logs/inference/nlminb/simulation_GenerationJnormChangingNmBTwoLambdasOneChangingBeta_100_160_80_4_0.01_ModeldiagREDM_NA_NA_NA_dataset1.log
    jobid: 13246
    wildcards: optimiser=nlminb, datasetgeneration=GenerationJnormChangingNmBTwoLambdasOneChangingBeta, n=100, nlambda=160, lmbda=80, d=4, beta_intensity=0.01, model=diagREDM, fixed_beta_intercept=NA, fixed_beta_slope=NA, sdRE_input=NA, itnum=1

Rscript 2_inference_TMB/run_TMB.R --input ../data/assessing_models_simulation/datasets/multiple_GenerationJnormChangingNmBTwoLambdasOneChangingBeta_100_160_80_4_0.01_NA_NA_NA_dataset1.RDS --output ../data/assessing_models_simulation/inference_results/TMB/nlminb/multiple_GenerationJnormChangingNmBTwoLambdasOneChangingBeta_100_160_80_4_0.01_diagREDM_NA_NA_NA_dataset1.RDS --model diagREDM --optimiser nlminb  --use_previous_run_startingvals T
[Thu Aug 25 00:50:41 2022]
Finished job 13246.
5 of 9300 steps (0.05%) done

[Thu Aug 25 00:50:41 2022]
rule inference_simulation_TMB_multiple:
    input: ../data/assessing_models_simulation/datasets/multiple_GenerationJnormChangingNmBTwoLambdasOneChangingBeta_100_160_80_4_0.01_NA_NA_NA_dataset1.RDS
    output: ../data/assessing_models_simulation/inference_results/TMB/nlminb/multiple_GenerationJnormChangingNmBTwoLambdasOneChangingBeta_100_160_80_4_0.01_fullREM_NA_NA_NA_dataset1.RDS
    log: logs/inference/nlminb/simulation_GenerationJnormChangingNmBTwoLambdasOneChangingBeta_100_160_80_4_0.01_ModelfullREM_NA_NA_NA_dataset1.log
    jobid: 6526
    wildcards: optimiser=nlminb, datasetgeneration=GenerationJnormChangingNmBTwoLambdasOneChangingBeta, n=100, nlambda=160, lmbda=80, d=4, beta_intensity=0.01, model=fullREM, fixed_beta_intercept=NA, fixed_beta_slope=NA, sdRE_input=NA, itnum=1

Rscript 2_inference_TMB/run_TMB.R --input ../data/assessing_models_simulation/datasets/multiple_GenerationJnormChangingNmBTwoLambdasOneChangingBeta_100_160_80_4_0.01_NA_NA_NA_dataset1.RDS --output ../data/assessing_models_simulation/inference_results/TMB/nlminb/multiple_GenerationJnormChangingNmBTwoLambdasOneChangingBeta_100_160_80_4_0.01_fullREM_NA_NA_NA_dataset1.RDS --model fullREM --optimiser nlminb  --use_previous_run_startingvals T
[Thu Aug 25 00:50:45 2022]
Finished job 6526.
6 of 9300 steps (0.06%) done

[Thu Aug 25 00:50:45 2022]
rule inference_simulation_TMB_multiple:
    input: ../data/assessing_models_simulation/datasets/multiple_GenerationJnormChangingNmBTwoLambdasOneChangingBeta_100_160_80_4_0.01_NA_NA_NA_dataset1.RDS
    output: ../data/assessing_models_simulation/inference_results/TMB/nlminb/multiple_GenerationJnormChangingNmBTwoLambdasOneChangingBeta_100_160_80_4_0.01_singleREDM_NA_NA_NA_dataset1.RDS
    log: logs/inference/nlminb/simulation_GenerationJnormChangingNmBTwoLambdasOneChangingBeta_100_160_80_4_0.01_ModelsingleREDM_NA_NA_NA_dataset1.log
    jobid: 19966
    wildcards: optimiser=nlminb, datasetgeneration=GenerationJnormChangingNmBTwoLambdasOneChangingBeta, n=100, nlambda=160, lmbda=80, d=4, beta_intensity=0.01, model=singleREDM, fixed_beta_intercept=NA, fixed_beta_slope=NA, sdRE_input=NA, itnum=1

Rscript 2_inference_TMB/run_TMB.R --input ../data/assessing_models_simulation/datasets/multiple_GenerationJnormChangingNmBTwoLambdasOneChangingBeta_100_160_80_4_0.01_NA_NA_NA_dataset1.RDS --output ../data/assessing_models_simulation/inference_results/TMB/nlminb/multiple_GenerationJnormChangingNmBTwoLambdasOneChangingBeta_100_160_80_4_0.01_singleREDM_NA_NA_NA_dataset1.RDS --model singleREDM --optimiser nlminb  --use_previous_run_startingvals T
[Thu Aug 25 00:50:49 2022]
Finished job 19966.
7 of 9300 steps (0.08%) done

[Thu Aug 25 00:50:49 2022]
rule simulate_for_comparison_multiple:
    input: ../data/assessing_models_simulation/GenerationJnormChangingNmBTwoLambdasOneChangingBeta
    output: ../data/assessing_models_simulation/datasets/multiple_GenerationJnormChangingNmBTwoLambdasOneChangingBeta_20_80_80_6_4_NA_NA_NA_dataset1.RDS
    jobid: 20996
    wildcards: datasetgeneration=GenerationJnormChangingNmBTwoLambdasOneChangingBeta, n=20, nlambda=80, lmbda=80, d=6, beta_intensity=4, fixed_beta_intercept=NA, fixed_beta_slope=NA, sdRE_input=NA, itnum=1

Rscript --vanilla 3_analysis/simulation_model_assessment/generate_datasets_simulations/GenerationJnormChangingNmBTwoLambdasOneChangingBeta.R --input ../data/assessing_models_simulation/GenerationJnormChangingNmBTwoLambdasOneChangingBeta --d 6 --n 20 --nlambda 80 --lambda 80 --beta_gamma_shape 4 --outfile ../data/assessing_models_simulation/datasets/multiple_GenerationJnormChangingNmBTwoLambdasOneChangingBeta_20_80_80_6_4_NA_NA_NA_dataset1.RDS --beta_intercept_input NA --beta_slope_input NA --sdRE_input NA
[Thu Aug 25 00:50:51 2022]
Finished job 20996.
8 of 9300 steps (0.09%) done

[Thu Aug 25 00:50:51 2022]
rule inference_simulation_TMB_multiple:
    input: ../data/assessing_models_simulation/datasets/multiple_GenerationJnormChangingNmBTwoLambdasOneChangingBeta_20_80_80_6_4_NA_NA_NA_dataset1.RDS
    output: ../data/assessing_models_simulation/inference_results/TMB/nlminb/multiple_GenerationJnormChangingNmBTwoLambdasOneChangingBeta_20_80_80_6_4_diagREDM_NA_NA_NA_dataset1.RDS
    log: logs/inference/nlminb/simulation_GenerationJnormChangingNmBTwoLambdasOneChangingBeta_20_80_80_6_4_ModeldiagREDM_NA_NA_NA_dataset1.log
    jobid: 7556
    wildcards: optimiser=nlminb, datasetgeneration=GenerationJnormChangingNmBTwoLambdasOneChangingBeta, n=20, nlambda=80, lmbda=80, d=6, beta_intensity=4, model=diagREDM, fixed_beta_intercept=NA, fixed_beta_slope=NA, sdRE_input=NA, itnum=1

Rscript 2_inference_TMB/run_TMB.R --input ../data/assessing_models_simulation/datasets/multiple_GenerationJnormChangingNmBTwoLambdasOneChangingBeta_20_80_80_6_4_NA_NA_NA_dataset1.RDS --output ../data/assessing_models_simulation/inference_results/TMB/nlminb/multiple_GenerationJnormChangingNmBTwoLambdasOneChangingBeta_20_80_80_6_4_diagREDM_NA_NA_NA_dataset1.RDS --model diagREDM --optimiser nlminb  --use_previous_run_startingvals T
[Thu Aug 25 00:50:57 2022]
Finished job 7556.
9 of 9300 steps (0.10%) done

[Thu Aug 25 00:50:57 2022]
rule inference_simulation_TMB_multiple:
    input: ../data/assessing_models_simulation/datasets/multiple_GenerationJnormChangingNmBTwoLambdasOneChangingBeta_20_80_80_6_4_NA_NA_NA_dataset1.RDS
    output: ../data/assessing_models_simulation/inference_results/TMB/nlminb/multiple_GenerationJnormChangingNmBTwoLambdasOneChangingBeta_20_80_80_6_4_fullREM_NA_NA_NA_dataset1.RDS
    log: logs/inference/nlminb/simulation_GenerationJnormChangingNmBTwoLambdasOneChangingBeta_20_80_80_6_4_ModelfullREM_NA_NA_NA_dataset1.log
    jobid: 836
    wildcards: optimiser=nlminb, datasetgeneration=GenerationJnormChangingNmBTwoLambdasOneChangingBeta, n=20, nlambda=80, lmbda=80, d=6, beta_intensity=4, model=fullREM, fixed_beta_intercept=NA, fixed_beta_slope=NA, sdRE_input=NA, itnum=1

Rscript 2_inference_TMB/run_TMB.R --input ../data/assessing_models_simulation/datasets/multiple_GenerationJnormChangingNmBTwoLambdasOneChangingBeta_20_80_80_6_4_NA_NA_NA_dataset1.RDS --output ../data/assessing_models_simulation/inference_results/TMB/nlminb/multiple_GenerationJnormChangingNmBTwoLambdasOneChangingBeta_20_80_80_6_4_fullREM_NA_NA_NA_dataset1.RDS --model fullREM --optimiser nlminb  --use_previous_run_startingvals T
[Thu Aug 25 00:51:00 2022]
Error in rule inference_simulation_TMB_multiple:
    jobid: 836
    output: ../data/assessing_models_simulation/inference_results/TMB/nlminb/multiple_GenerationJnormChangingNmBTwoLambdasOneChangingBeta_20_80_80_6_4_fullREM_NA_NA_NA_dataset1.RDS
    log: logs/inference/nlminb/simulation_GenerationJnormChangingNmBTwoLambdasOneChangingBeta_20_80_80_6_4_ModelfullREM_NA_NA_NA_dataset1.log (check log file(s) for error message)
    shell:
        Rscript 2_inference_TMB/run_TMB.R --input ../data/assessing_models_simulation/datasets/multiple_GenerationJnormChangingNmBTwoLambdasOneChangingBeta_20_80_80_6_4_NA_NA_NA_dataset1.RDS --output ../data/assessing_models_simulation/inference_results/TMB/nlminb/multiple_GenerationJnormChangingNmBTwoLambdasOneChangingBeta_20_80_80_6_4_fullREM_NA_NA_NA_dataset1.RDS --model fullREM --optimiser nlminb  --use_previous_run_startingvals T

Shutting down, this might take some time.
Exiting because a job execution failed. Look above for error message
Complete log: /Users/morril01/Documents/PhD/GlobalDA/code/.snakemake/log/2022-08-25T004941.199414.snakemake.log
