Building DAG of jobs...
Using shell: /usr/local/bin/bash
Provided cores: 1
Rules claiming more threads will be scaled down.
Job counts:
	count	jobs
	1	all
	3	analyse_simulation_TMB_multiple
	1	analyse_simulation_TMB_multiple_integrate
	27	inference_simulation_TMB_multiple
	8	simulate_for_comparison_multiple
	40

[Fri Sep  9 17:07:01 2022]
rule inference_simulation_TMB_multiple:
    input: ../data/assessing_models_simulation/datasets/multiple_GenerationMixturefewersignaturespairedTMBcorBoneOsteosarcPCAWG_100_200_80_4_-10_NA_NA_NA_dataset0.RDS
    output: ../data/assessing_models_simulation/inference_results/TMB/nlminb/multiple_GenerationMixturefewersignaturespairedTMBcorBoneOsteosarcPCAWG_100_200_80_4_-10_fullREM_NA_NA_NA_dataset0.RDS
    log: logs/inference/nlminb/simulation_GenerationMixturefewersignaturespairedTMBcorBoneOsteosarcPCAWG_100_200_80_4_-10_ModelfullREM_NA_NA_NA_dataset0.log
    jobid: 44
    wildcards: optimiser=nlminb, datasetgeneration=GenerationMixturefewersignaturespairedTMBcorBoneOsteosarcPCAWG, n=100, nlambda=200, lmbda=80, d=4, beta_intensity=-10, model=fullREM, fixed_beta_intercept=NA, fixed_beta_slope=NA, sdRE_input=NA, itnum=0

Rscript 2_inference_TMB/run_TMB.R --input ../data/assessing_models_simulation/datasets/multiple_GenerationMixturefewersignaturespairedTMBcorBoneOsteosarcPCAWG_100_200_80_4_-10_NA_NA_NA_dataset0.RDS --output ../data/assessing_models_simulation/inference_results/TMB/nlminb/multiple_GenerationMixturefewersignaturespairedTMBcorBoneOsteosarcPCAWG_100_200_80_4_-10_fullREM_NA_NA_NA_dataset0.RDS --model fullREM --optimiser nlminb  --use_previous_run_startingvals T
[Fri Sep  9 17:07:05 2022]
Finished job 44.
1 of 40 steps (2%) done

[Fri Sep  9 17:07:05 2022]
rule inference_simulation_TMB_multiple:
    input: ../data/assessing_models_simulation/datasets/multiple_GenerationMixturefewersignaturespairedTMBcorBoneOsteosarcPCAWG_100_200_80_4_-10_NA_NA_NA_dataset0.RDS
    output: ../data/assessing_models_simulation/inference_results/TMB/nlminb/multiple_GenerationMixturefewersignaturespairedTMBcorBoneOsteosarcPCAWG_100_200_80_4_-10_diagREDM_NA_NA_NA_dataset0.RDS
    log: logs/inference/nlminb/simulation_GenerationMixturefewersignaturespairedTMBcorBoneOsteosarcPCAWG_100_200_80_4_-10_ModeldiagREDM_NA_NA_NA_dataset0.log
    jobid: 143
    wildcards: optimiser=nlminb, datasetgeneration=GenerationMixturefewersignaturespairedTMBcorBoneOsteosarcPCAWG, n=100, nlambda=200, lmbda=80, d=4, beta_intensity=-10, model=diagREDM, fixed_beta_intercept=NA, fixed_beta_slope=NA, sdRE_input=NA, itnum=0

Rscript 2_inference_TMB/run_TMB.R --input ../data/assessing_models_simulation/datasets/multiple_GenerationMixturefewersignaturespairedTMBcorBoneOsteosarcPCAWG_100_200_80_4_-10_NA_NA_NA_dataset0.RDS --output ../data/assessing_models_simulation/inference_results/TMB/nlminb/multiple_GenerationMixturefewersignaturespairedTMBcorBoneOsteosarcPCAWG_100_200_80_4_-10_diagREDM_NA_NA_NA_dataset0.RDS --model diagREDM --optimiser nlminb  --use_previous_run_startingvals T
[Fri Sep  9 17:07:13 2022]
Finished job 143.
2 of 40 steps (5%) done

[Fri Sep  9 17:07:13 2022]
rule inference_simulation_TMB_multiple:
    input: ../data/assessing_models_simulation/datasets/multiple_GenerationMixturefewersignaturespairedTMBcorBoneOsteosarcPCAWG_100_200_80_4_-10_NA_NA_NA_dataset0.RDS
    output: ../data/assessing_models_simulation/inference_results/TMB/nlminb/multiple_GenerationMixturefewersignaturespairedTMBcorBoneOsteosarcPCAWG_100_200_80_4_-10_singleREDM_NA_NA_NA_dataset0.RDS
    log: logs/inference/nlminb/simulation_GenerationMixturefewersignaturespairedTMBcorBoneOsteosarcPCAWG_100_200_80_4_-10_ModelsingleREDM_NA_NA_NA_dataset0.log
    jobid: 242
    wildcards: optimiser=nlminb, datasetgeneration=GenerationMixturefewersignaturespairedTMBcorBoneOsteosarcPCAWG, n=100, nlambda=200, lmbda=80, d=4, beta_intensity=-10, model=singleREDM, fixed_beta_intercept=NA, fixed_beta_slope=NA, sdRE_input=NA, itnum=0

Rscript 2_inference_TMB/run_TMB.R --input ../data/assessing_models_simulation/datasets/multiple_GenerationMixturefewersignaturespairedTMBcorBoneOsteosarcPCAWG_100_200_80_4_-10_NA_NA_NA_dataset0.RDS --output ../data/assessing_models_simulation/inference_results/TMB/nlminb/multiple_GenerationMixturefewersignaturespairedTMBcorBoneOsteosarcPCAWG_100_200_80_4_-10_singleREDM_NA_NA_NA_dataset0.RDS --model singleREDM --optimiser nlminb  --use_previous_run_startingvals T
[Fri Sep  9 17:07:17 2022]
Finished job 242.
3 of 40 steps (8%) done

[Fri Sep  9 17:07:17 2022]
rule simulate_for_comparison_multiple:
    input: ../data/assessing_models_simulation/GenerationMixturefewersignaturespairedTMBcorBoneOsteosarcPCAWG
    output: ../data/assessing_models_simulation/datasets/multiple_GenerationMixturefewersignaturespairedTMBcorBoneOsteosarcPCAWG_100_200_80_4_-1_NA_NA_NA_dataset0.RDS
    jobid: 353
    wildcards: datasetgeneration=GenerationMixturefewersignaturespairedTMBcorBoneOsteosarcPCAWG, n=100, nlambda=200, lmbda=80, d=4, beta_intensity=-1, fixed_beta_intercept=NA, fixed_beta_slope=NA, sdRE_input=NA, itnum=0

Rscript --vanilla 3_analysis/simulation_model_assessment/generate_datasets_simulations/GenerationMixturefewersignaturespairedTMBcorBoneOsteosarcPCAWG.R --input ../data/assessing_models_simulation/GenerationMixturefewersignaturespairedTMBcorBoneOsteosarcPCAWG --d 4 --n 100 --nlambda 200 --lambda 80 --beta_gamma_shape -1 --outfile ../data/assessing_models_simulation/datasets/multiple_GenerationMixturefewersignaturespairedTMBcorBoneOsteosarcPCAWG_100_200_80_4_-1_NA_NA_NA_dataset0.RDS --beta_intercept_input NA --beta_slope_input NA --sdRE_input NA
[Fri Sep  9 17:07:17 2022]
Finished job 353.
4 of 40 steps (10%) done

[Fri Sep  9 17:07:17 2022]
rule inference_simulation_TMB_multiple:
    input: ../data/assessing_models_simulation/datasets/multiple_GenerationMixturefewersignaturespairedTMBcorBoneOsteosarcPCAWG_100_200_80_4_-1_NA_NA_NA_dataset0.RDS
    output: ../data/assessing_models_simulation/inference_results/TMB/nlminb/multiple_GenerationMixturefewersignaturespairedTMBcorBoneOsteosarcPCAWG_100_200_80_4_-1_fullREM_NA_NA_NA_dataset0.RDS
    log: logs/inference/nlminb/simulation_GenerationMixturefewersignaturespairedTMBcorBoneOsteosarcPCAWG_100_200_80_4_-1_ModelfullREM_NA_NA_NA_dataset0.log
    jobid: 56
    wildcards: optimiser=nlminb, datasetgeneration=GenerationMixturefewersignaturespairedTMBcorBoneOsteosarcPCAWG, n=100, nlambda=200, lmbda=80, d=4, beta_intensity=-1, model=fullREM, fixed_beta_intercept=NA, fixed_beta_slope=NA, sdRE_input=NA, itnum=0

Rscript 2_inference_TMB/run_TMB.R --input ../data/assessing_models_simulation/datasets/multiple_GenerationMixturefewersignaturespairedTMBcorBoneOsteosarcPCAWG_100_200_80_4_-1_NA_NA_NA_dataset0.RDS --output ../data/assessing_models_simulation/inference_results/TMB/nlminb/multiple_GenerationMixturefewersignaturespairedTMBcorBoneOsteosarcPCAWG_100_200_80_4_-1_fullREM_NA_NA_NA_dataset0.RDS --model fullREM --optimiser nlminb  --use_previous_run_startingvals T
[Fri Sep  9 17:07:21 2022]
Finished job 56.
5 of 40 steps (12%) done

[Fri Sep  9 17:07:21 2022]
rule inference_simulation_TMB_multiple:
    input: ../data/assessing_models_simulation/datasets/multiple_GenerationMixturefewersignaturespairedTMBcorBoneOsteosarcPCAWG_100_200_80_4_-1_NA_NA_NA_dataset0.RDS
    output: ../data/assessing_models_simulation/inference_results/TMB/nlminb/multiple_GenerationMixturefewersignaturespairedTMBcorBoneOsteosarcPCAWG_100_200_80_4_-1_diagREDM_NA_NA_NA_dataset0.RDS
    log: logs/inference/nlminb/simulation_GenerationMixturefewersignaturespairedTMBcorBoneOsteosarcPCAWG_100_200_80_4_-1_ModeldiagREDM_NA_NA_NA_dataset0.log
    jobid: 155
    wildcards: optimiser=nlminb, datasetgeneration=GenerationMixturefewersignaturespairedTMBcorBoneOsteosarcPCAWG, n=100, nlambda=200, lmbda=80, d=4, beta_intensity=-1, model=diagREDM, fixed_beta_intercept=NA, fixed_beta_slope=NA, sdRE_input=NA, itnum=0

Rscript 2_inference_TMB/run_TMB.R --input ../data/assessing_models_simulation/datasets/multiple_GenerationMixturefewersignaturespairedTMBcorBoneOsteosarcPCAWG_100_200_80_4_-1_NA_NA_NA_dataset0.RDS --output ../data/assessing_models_simulation/inference_results/TMB/nlminb/multiple_GenerationMixturefewersignaturespairedTMBcorBoneOsteosarcPCAWG_100_200_80_4_-1_diagREDM_NA_NA_NA_dataset0.RDS --model diagREDM --optimiser nlminb  --use_previous_run_startingvals T
[Fri Sep  9 17:07:28 2022]
Finished job 155.
6 of 40 steps (15%) done

[Fri Sep  9 17:07:28 2022]
rule inference_simulation_TMB_multiple:
    input: ../data/assessing_models_simulation/datasets/multiple_GenerationMixturefewersignaturespairedTMBcorBoneOsteosarcPCAWG_100_200_80_4_-1_NA_NA_NA_dataset0.RDS
    output: ../data/assessing_models_simulation/inference_results/TMB/nlminb/multiple_GenerationMixturefewersignaturespairedTMBcorBoneOsteosarcPCAWG_100_200_80_4_-1_singleREDM_NA_NA_NA_dataset0.RDS
    log: logs/inference/nlminb/simulation_GenerationMixturefewersignaturespairedTMBcorBoneOsteosarcPCAWG_100_200_80_4_-1_ModelsingleREDM_NA_NA_NA_dataset0.log
    jobid: 254
    wildcards: optimiser=nlminb, datasetgeneration=GenerationMixturefewersignaturespairedTMBcorBoneOsteosarcPCAWG, n=100, nlambda=200, lmbda=80, d=4, beta_intensity=-1, model=singleREDM, fixed_beta_intercept=NA, fixed_beta_slope=NA, sdRE_input=NA, itnum=0

Rscript 2_inference_TMB/run_TMB.R --input ../data/assessing_models_simulation/datasets/multiple_GenerationMixturefewersignaturespairedTMBcorBoneOsteosarcPCAWG_100_200_80_4_-1_NA_NA_NA_dataset0.RDS --output ../data/assessing_models_simulation/inference_results/TMB/nlminb/multiple_GenerationMixturefewersignaturespairedTMBcorBoneOsteosarcPCAWG_100_200_80_4_-1_singleREDM_NA_NA_NA_dataset0.RDS --model singleREDM --optimiser nlminb  --use_previous_run_startingvals T
[Fri Sep  9 17:07:31 2022]
Finished job 254.
7 of 40 steps (18%) done

[Fri Sep  9 17:07:31 2022]
rule simulate_for_comparison_multiple:
    input: ../data/assessing_models_simulation/GenerationMixturefewersignaturespairedTMBcorBoneOsteosarcPCAWG
    output: ../data/assessing_models_simulation/datasets/multiple_GenerationMixturefewersignaturespairedTMBcorBoneOsteosarcPCAWG_100_200_80_4_-8_NA_NA_NA_dataset1.RDS
    jobid: 345
    wildcards: datasetgeneration=GenerationMixturefewersignaturespairedTMBcorBoneOsteosarcPCAWG, n=100, nlambda=200, lmbda=80, d=4, beta_intensity=-8, fixed_beta_intercept=NA, fixed_beta_slope=NA, sdRE_input=NA, itnum=1

Rscript --vanilla 3_analysis/simulation_model_assessment/generate_datasets_simulations/GenerationMixturefewersignaturespairedTMBcorBoneOsteosarcPCAWG.R --input ../data/assessing_models_simulation/GenerationMixturefewersignaturespairedTMBcorBoneOsteosarcPCAWG --d 4 --n 100 --nlambda 200 --lambda 80 --beta_gamma_shape -8 --outfile ../data/assessing_models_simulation/datasets/multiple_GenerationMixturefewersignaturespairedTMBcorBoneOsteosarcPCAWG_100_200_80_4_-8_NA_NA_NA_dataset1.RDS --beta_intercept_input NA --beta_slope_input NA --sdRE_input NA
[Fri Sep  9 17:07:32 2022]
Finished job 345.
8 of 40 steps (20%) done

[Fri Sep  9 17:07:32 2022]
rule inference_simulation_TMB_multiple:
    input: ../data/assessing_models_simulation/datasets/multiple_GenerationMixturefewersignaturespairedTMBcorBoneOsteosarcPCAWG_100_200_80_4_-8_NA_NA_NA_dataset1.RDS
    output: ../data/assessing_models_simulation/inference_results/TMB/nlminb/multiple_GenerationMixturefewersignaturespairedTMBcorBoneOsteosarcPCAWG_100_200_80_4_-8_fullREM_NA_NA_NA_dataset1.RDS
    log: logs/inference/nlminb/simulation_GenerationMixturefewersignaturespairedTMBcorBoneOsteosarcPCAWG_100_200_80_4_-8_ModelfullREM_NA_NA_NA_dataset1.log
    jobid: 48
    wildcards: optimiser=nlminb, datasetgeneration=GenerationMixturefewersignaturespairedTMBcorBoneOsteosarcPCAWG, n=100, nlambda=200, lmbda=80, d=4, beta_intensity=-8, model=fullREM, fixed_beta_intercept=NA, fixed_beta_slope=NA, sdRE_input=NA, itnum=1

Rscript 2_inference_TMB/run_TMB.R --input ../data/assessing_models_simulation/datasets/multiple_GenerationMixturefewersignaturespairedTMBcorBoneOsteosarcPCAWG_100_200_80_4_-8_NA_NA_NA_dataset1.RDS --output ../data/assessing_models_simulation/inference_results/TMB/nlminb/multiple_GenerationMixturefewersignaturespairedTMBcorBoneOsteosarcPCAWG_100_200_80_4_-8_fullREM_NA_NA_NA_dataset1.RDS --model fullREM --optimiser nlminb  --use_previous_run_startingvals T
[Fri Sep  9 17:07:35 2022]
Finished job 48.
9 of 40 steps (22%) done

[Fri Sep  9 17:07:35 2022]
rule inference_simulation_TMB_multiple:
    input: ../data/assessing_models_simulation/datasets/multiple_GenerationMixturefewersignaturespairedTMBcorBoneOsteosarcPCAWG_100_200_80_4_-8_NA_NA_NA_dataset1.RDS
    output: ../data/assessing_models_simulation/inference_results/TMB/nlminb/multiple_GenerationMixturefewersignaturespairedTMBcorBoneOsteosarcPCAWG_100_200_80_4_-8_singleREDM_NA_NA_NA_dataset1.RDS
    log: logs/inference/nlminb/simulation_GenerationMixturefewersignaturespairedTMBcorBoneOsteosarcPCAWG_100_200_80_4_-8_ModelsingleREDM_NA_NA_NA_dataset1.log
    jobid: 246
    wildcards: optimiser=nlminb, datasetgeneration=GenerationMixturefewersignaturespairedTMBcorBoneOsteosarcPCAWG, n=100, nlambda=200, lmbda=80, d=4, beta_intensity=-8, model=singleREDM, fixed_beta_intercept=NA, fixed_beta_slope=NA, sdRE_input=NA, itnum=1

Rscript 2_inference_TMB/run_TMB.R --input ../data/assessing_models_simulation/datasets/multiple_GenerationMixturefewersignaturespairedTMBcorBoneOsteosarcPCAWG_100_200_80_4_-8_NA_NA_NA_dataset1.RDS --output ../data/assessing_models_simulation/inference_results/TMB/nlminb/multiple_GenerationMixturefewersignaturespairedTMBcorBoneOsteosarcPCAWG_100_200_80_4_-8_singleREDM_NA_NA_NA_dataset1.RDS --model singleREDM --optimiser nlminb  --use_previous_run_startingvals T
[Fri Sep  9 17:07:39 2022]
Finished job 246.
10 of 40 steps (25%) done

[Fri Sep  9 17:07:39 2022]
rule inference_simulation_TMB_multiple:
    input: ../data/assessing_models_simulation/datasets/multiple_GenerationMixturefewersignaturespairedTMBcorBoneOsteosarcPCAWG_100_200_80_4_-8_NA_NA_NA_dataset1.RDS
    output: ../data/assessing_models_simulation/inference_results/TMB/nlminb/multiple_GenerationMixturefewersignaturespairedTMBcorBoneOsteosarcPCAWG_100_200_80_4_-8_diagREDM_NA_NA_NA_dataset1.RDS
    log: logs/inference/nlminb/simulation_GenerationMixturefewersignaturespairedTMBcorBoneOsteosarcPCAWG_100_200_80_4_-8_ModeldiagREDM_NA_NA_NA_dataset1.log
    jobid: 147
    wildcards: optimiser=nlminb, datasetgeneration=GenerationMixturefewersignaturespairedTMBcorBoneOsteosarcPCAWG, n=100, nlambda=200, lmbda=80, d=4, beta_intensity=-8, model=diagREDM, fixed_beta_intercept=NA, fixed_beta_slope=NA, sdRE_input=NA, itnum=1

Rscript 2_inference_TMB/run_TMB.R --input ../data/assessing_models_simulation/datasets/multiple_GenerationMixturefewersignaturespairedTMBcorBoneOsteosarcPCAWG_100_200_80_4_-8_NA_NA_NA_dataset1.RDS --output ../data/assessing_models_simulation/inference_results/TMB/nlminb/multiple_GenerationMixturefewersignaturespairedTMBcorBoneOsteosarcPCAWG_100_200_80_4_-8_diagREDM_NA_NA_NA_dataset1.RDS --model diagREDM --optimiser nlminb  --use_previous_run_startingvals T
[Fri Sep  9 17:07:47 2022]
Error in rule inference_simulation_TMB_multiple:
    jobid: 147
    output: ../data/assessing_models_simulation/inference_results/TMB/nlminb/multiple_GenerationMixturefewersignaturespairedTMBcorBoneOsteosarcPCAWG_100_200_80_4_-8_diagREDM_NA_NA_NA_dataset1.RDS
    log: logs/inference/nlminb/simulation_GenerationMixturefewersignaturespairedTMBcorBoneOsteosarcPCAWG_100_200_80_4_-8_ModeldiagREDM_NA_NA_NA_dataset1.log (check log file(s) for error message)
    shell:
        Rscript 2_inference_TMB/run_TMB.R --input ../data/assessing_models_simulation/datasets/multiple_GenerationMixturefewersignaturespairedTMBcorBoneOsteosarcPCAWG_100_200_80_4_-8_NA_NA_NA_dataset1.RDS --output ../data/assessing_models_simulation/inference_results/TMB/nlminb/multiple_GenerationMixturefewersignaturespairedTMBcorBoneOsteosarcPCAWG_100_200_80_4_-8_diagREDM_NA_NA_NA_dataset1.RDS --model diagREDM --optimiser nlminb  --use_previous_run_startingvals T

Shutting down, this might take some time.
Exiting because a job execution failed. Look above for error message
Complete log: /Users/morril01/Documents/PhD/GlobalDA/code/.snakemake/log/2022-09-09T170659.746126.snakemake.log
