Building DAG of jobs...
Using shell: /usr/local/bin/bash
Provided cores: 1
Rules claiming more threads will be scaled down.
Job counts:
	count	jobs
	1	all
	3	analyse_simulation_TMB_multiple
	1	analyse_simulation_TMB_multiple_integrate
	14647	inference_simulation_TMB_multiple
	4882	simulate_for_comparison_multiple
	19534

[Mon Aug 22 17:33:00 2022]
rule inference_simulation_TMB_multiple:
    input: ../data/assessing_models_simulation/datasets/multiple_GenerationJnormChangingNmBTwoLambdasOneChangingBeta_20_80_80_5_4_NA_NA_NA_dataset1.RDS
    output: ../data/assessing_models_simulation/inference_results/TMB/nlminb/multiple_GenerationJnormChangingNmBTwoLambdasOneChangingBeta_20_80_80_5_4_fullREM_NA_NA_NA_dataset1.RDS
    log: logs/inference/nlminb/simulation_GenerationJnormChangingNmBTwoLambdasOneChangingBeta_20_80_80_5_4_ModelfullREM_NA_NA_NA_dataset1.log
    jobid: 766
    wildcards: optimiser=nlminb, datasetgeneration=GenerationJnormChangingNmBTwoLambdasOneChangingBeta, n=20, nlambda=80, lmbda=80, d=5, beta_intensity=4, model=fullREM, fixed_beta_intercept=NA, fixed_beta_slope=NA, sdRE_input=NA, itnum=1

Rscript 2_inference_TMB/run_TMB.R --input ../data/assessing_models_simulation/datasets/multiple_GenerationJnormChangingNmBTwoLambdasOneChangingBeta_20_80_80_5_4_NA_NA_NA_dataset1.RDS --output ../data/assessing_models_simulation/inference_results/TMB/nlminb/multiple_GenerationJnormChangingNmBTwoLambdasOneChangingBeta_20_80_80_5_4_fullREM_NA_NA_NA_dataset1.RDS --model fullREM --optimiser nlminb  --use_previous_run_startingvals T
[Mon Aug 22 17:33:02 2022]
Finished job 766.
1 of 19534 steps (0.01%) done

[Mon Aug 22 17:33:02 2022]
rule simulate_for_comparison_multiple:
    input: ../data/assessing_models_simulation/GenerationJnormChangingNmBTwoLambdasOneChangingBeta
    output: ../data/assessing_models_simulation/datasets/multiple_GenerationJnormChangingNmBTwoLambdasOneChangingBeta_30_80_80_4_0.1_NA_NA_NA_dataset5.RDS
    jobid: 22500
    wildcards: datasetgeneration=GenerationJnormChangingNmBTwoLambdasOneChangingBeta, n=30, nlambda=80, lmbda=80, d=4, beta_intensity=0.1, fixed_beta_intercept=NA, fixed_beta_slope=NA, sdRE_input=NA, itnum=5

Rscript --vanilla 3_analysis/simulation_model_assessment/generate_datasets_simulations/GenerationJnormChangingNmBTwoLambdasOneChangingBeta.R --input ../data/assessing_models_simulation/GenerationJnormChangingNmBTwoLambdasOneChangingBeta --d 4 --n 30 --nlambda 80 --lambda 80 --beta_gamma_shape 0.1 --outfile ../data/assessing_models_simulation/datasets/multiple_GenerationJnormChangingNmBTwoLambdasOneChangingBeta_30_80_80_4_0.1_NA_NA_NA_dataset5.RDS --beta_intercept_input NA --beta_slope_input NA --sdRE_input NA
[Mon Aug 22 17:33:04 2022]
Finished job 22500.
2 of 19534 steps (0.01%) done

[Mon Aug 22 17:33:04 2022]
rule inference_simulation_TMB_multiple:
    input: ../data/assessing_models_simulation/datasets/multiple_GenerationJnormChangingNmBTwoLambdasOneChangingBeta_30_80_80_4_0.1_NA_NA_NA_dataset5.RDS
    output: ../data/assessing_models_simulation/inference_results/TMB/nlminb/multiple_GenerationJnormChangingNmBTwoLambdasOneChangingBeta_30_80_80_4_0.1_singleREDM_NA_NA_NA_dataset5.RDS
    log: logs/inference/nlminb/simulation_GenerationJnormChangingNmBTwoLambdasOneChangingBeta_30_80_80_4_0.1_ModelsingleREDM_NA_NA_NA_dataset5.log
    jobid: 15780
    wildcards: optimiser=nlminb, datasetgeneration=GenerationJnormChangingNmBTwoLambdasOneChangingBeta, n=30, nlambda=80, lmbda=80, d=4, beta_intensity=0.1, model=singleREDM, fixed_beta_intercept=NA, fixed_beta_slope=NA, sdRE_input=NA, itnum=5

Rscript 2_inference_TMB/run_TMB.R --input ../data/assessing_models_simulation/datasets/multiple_GenerationJnormChangingNmBTwoLambdasOneChangingBeta_30_80_80_4_0.1_NA_NA_NA_dataset5.RDS --output ../data/assessing_models_simulation/inference_results/TMB/nlminb/multiple_GenerationJnormChangingNmBTwoLambdasOneChangingBeta_30_80_80_4_0.1_singleREDM_NA_NA_NA_dataset5.RDS --model singleREDM --optimiser nlminb  --use_previous_run_startingvals T
[Mon Aug 22 17:33:07 2022]
Finished job 15780.
3 of 19534 steps (0.02%) done

[Mon Aug 22 17:33:07 2022]
rule inference_simulation_TMB_multiple:
    input: ../data/assessing_models_simulation/datasets/multiple_GenerationJnormChangingNmBTwoLambdasOneChangingBeta_30_80_80_4_0.1_NA_NA_NA_dataset5.RDS
    output: ../data/assessing_models_simulation/inference_results/TMB/nlminb/multiple_GenerationJnormChangingNmBTwoLambdasOneChangingBeta_30_80_80_4_0.1_fullREM_NA_NA_NA_dataset5.RDS
    log: logs/inference/nlminb/simulation_GenerationJnormChangingNmBTwoLambdasOneChangingBeta_30_80_80_4_0.1_ModelfullREM_NA_NA_NA_dataset5.log
    jobid: 2340
    wildcards: optimiser=nlminb, datasetgeneration=GenerationJnormChangingNmBTwoLambdasOneChangingBeta, n=30, nlambda=80, lmbda=80, d=4, beta_intensity=0.1, model=fullREM, fixed_beta_intercept=NA, fixed_beta_slope=NA, sdRE_input=NA, itnum=5

Rscript 2_inference_TMB/run_TMB.R --input ../data/assessing_models_simulation/datasets/multiple_GenerationJnormChangingNmBTwoLambdasOneChangingBeta_30_80_80_4_0.1_NA_NA_NA_dataset5.RDS --output ../data/assessing_models_simulation/inference_results/TMB/nlminb/multiple_GenerationJnormChangingNmBTwoLambdasOneChangingBeta_30_80_80_4_0.1_fullREM_NA_NA_NA_dataset5.RDS --model fullREM --optimiser nlminb  --use_previous_run_startingvals T
[Mon Aug 22 17:33:09 2022]
Finished job 2340.
4 of 19534 steps (0.02%) done

[Mon Aug 22 17:33:09 2022]
rule inference_simulation_TMB_multiple:
    input: ../data/assessing_models_simulation/datasets/multiple_GenerationJnormChangingNmBTwoLambdasOneChangingBeta_30_80_80_4_0.1_NA_NA_NA_dataset5.RDS
    output: ../data/assessing_models_simulation/inference_results/TMB/nlminb/multiple_GenerationJnormChangingNmBTwoLambdasOneChangingBeta_30_80_80_4_0.1_diagREDM_NA_NA_NA_dataset5.RDS
    log: logs/inference/nlminb/simulation_GenerationJnormChangingNmBTwoLambdasOneChangingBeta_30_80_80_4_0.1_ModeldiagREDM_NA_NA_NA_dataset5.log
    jobid: 9060
    wildcards: optimiser=nlminb, datasetgeneration=GenerationJnormChangingNmBTwoLambdasOneChangingBeta, n=30, nlambda=80, lmbda=80, d=4, beta_intensity=0.1, model=diagREDM, fixed_beta_intercept=NA, fixed_beta_slope=NA, sdRE_input=NA, itnum=5

Rscript 2_inference_TMB/run_TMB.R --input ../data/assessing_models_simulation/datasets/multiple_GenerationJnormChangingNmBTwoLambdasOneChangingBeta_30_80_80_4_0.1_NA_NA_NA_dataset5.RDS --output ../data/assessing_models_simulation/inference_results/TMB/nlminb/multiple_GenerationJnormChangingNmBTwoLambdasOneChangingBeta_30_80_80_4_0.1_diagREDM_NA_NA_NA_dataset5.RDS --model diagREDM --optimiser nlminb  --use_previous_run_startingvals T
[Mon Aug 22 17:33:12 2022]
Finished job 9060.
5 of 19534 steps (0.03%) done

[Mon Aug 22 17:33:12 2022]
rule simulate_for_comparison_multiple:
    input: ../data/assessing_models_simulation/GenerationJnormChangingNmBTwoLambdasOneChangingBeta
    output: ../data/assessing_models_simulation/datasets/multiple_GenerationJnormChangingNmBTwoLambdasOneChangingBeta_30_80_80_5_0.1_NA_NA_NA_dataset4.RDS
    jobid: 22569
    wildcards: datasetgeneration=GenerationJnormChangingNmBTwoLambdasOneChangingBeta, n=30, nlambda=80, lmbda=80, d=5, beta_intensity=0.1, fixed_beta_intercept=NA, fixed_beta_slope=NA, sdRE_input=NA, itnum=4

Rscript --vanilla 3_analysis/simulation_model_assessment/generate_datasets_simulations/GenerationJnormChangingNmBTwoLambdasOneChangingBeta.R --input ../data/assessing_models_simulation/GenerationJnormChangingNmBTwoLambdasOneChangingBeta --d 5 --n 30 --nlambda 80 --lambda 80 --beta_gamma_shape 0.1 --outfile ../data/assessing_models_simulation/datasets/multiple_GenerationJnormChangingNmBTwoLambdasOneChangingBeta_30_80_80_5_0.1_NA_NA_NA_dataset4.RDS --beta_intercept_input NA --beta_slope_input NA --sdRE_input NA
[Mon Aug 22 17:33:14 2022]
Finished job 22569.
6 of 19534 steps (0.03%) done

[Mon Aug 22 17:33:14 2022]
rule inference_simulation_TMB_multiple:
    input: ../data/assessing_models_simulation/datasets/multiple_GenerationJnormChangingNmBTwoLambdasOneChangingBeta_30_80_80_5_0.1_NA_NA_NA_dataset4.RDS
    output: ../data/assessing_models_simulation/inference_results/TMB/nlminb/multiple_GenerationJnormChangingNmBTwoLambdasOneChangingBeta_30_80_80_5_0.1_singleREDM_NA_NA_NA_dataset4.RDS
    log: logs/inference/nlminb/simulation_GenerationJnormChangingNmBTwoLambdasOneChangingBeta_30_80_80_5_0.1_ModelsingleREDM_NA_NA_NA_dataset4.log
    jobid: 15849
    wildcards: optimiser=nlminb, datasetgeneration=GenerationJnormChangingNmBTwoLambdasOneChangingBeta, n=30, nlambda=80, lmbda=80, d=5, beta_intensity=0.1, model=singleREDM, fixed_beta_intercept=NA, fixed_beta_slope=NA, sdRE_input=NA, itnum=4

Rscript 2_inference_TMB/run_TMB.R --input ../data/assessing_models_simulation/datasets/multiple_GenerationJnormChangingNmBTwoLambdasOneChangingBeta_30_80_80_5_0.1_NA_NA_NA_dataset4.RDS --output ../data/assessing_models_simulation/inference_results/TMB/nlminb/multiple_GenerationJnormChangingNmBTwoLambdasOneChangingBeta_30_80_80_5_0.1_singleREDM_NA_NA_NA_dataset4.RDS --model singleREDM --optimiser nlminb  --use_previous_run_startingvals T
[Mon Aug 22 17:33:17 2022]
Finished job 15849.
7 of 19534 steps (0.04%) done

[Mon Aug 22 17:33:17 2022]
rule inference_simulation_TMB_multiple:
    input: ../data/assessing_models_simulation/datasets/multiple_GenerationJnormChangingNmBTwoLambdasOneChangingBeta_30_80_80_5_0.1_NA_NA_NA_dataset4.RDS
    output: ../data/assessing_models_simulation/inference_results/TMB/nlminb/multiple_GenerationJnormChangingNmBTwoLambdasOneChangingBeta_30_80_80_5_0.1_fullREM_NA_NA_NA_dataset4.RDS
    log: logs/inference/nlminb/simulation_GenerationJnormChangingNmBTwoLambdasOneChangingBeta_30_80_80_5_0.1_ModelfullREM_NA_NA_NA_dataset4.log
    jobid: 2409
    wildcards: optimiser=nlminb, datasetgeneration=GenerationJnormChangingNmBTwoLambdasOneChangingBeta, n=30, nlambda=80, lmbda=80, d=5, beta_intensity=0.1, model=fullREM, fixed_beta_intercept=NA, fixed_beta_slope=NA, sdRE_input=NA, itnum=4

Rscript 2_inference_TMB/run_TMB.R --input ../data/assessing_models_simulation/datasets/multiple_GenerationJnormChangingNmBTwoLambdasOneChangingBeta_30_80_80_5_0.1_NA_NA_NA_dataset4.RDS --output ../data/assessing_models_simulation/inference_results/TMB/nlminb/multiple_GenerationJnormChangingNmBTwoLambdasOneChangingBeta_30_80_80_5_0.1_fullREM_NA_NA_NA_dataset4.RDS --model fullREM --optimiser nlminb  --use_previous_run_startingvals T
[Mon Aug 22 17:33:20 2022]
Finished job 2409.
8 of 19534 steps (0.04%) done

[Mon Aug 22 17:33:20 2022]
rule inference_simulation_TMB_multiple:
    input: ../data/assessing_models_simulation/datasets/multiple_GenerationJnormChangingNmBTwoLambdasOneChangingBeta_30_80_80_5_0.1_NA_NA_NA_dataset4.RDS
    output: ../data/assessing_models_simulation/inference_results/TMB/nlminb/multiple_GenerationJnormChangingNmBTwoLambdasOneChangingBeta_30_80_80_5_0.1_diagREDM_NA_NA_NA_dataset4.RDS
    log: logs/inference/nlminb/simulation_GenerationJnormChangingNmBTwoLambdasOneChangingBeta_30_80_80_5_0.1_ModeldiagREDM_NA_NA_NA_dataset4.log
    jobid: 9129
    wildcards: optimiser=nlminb, datasetgeneration=GenerationJnormChangingNmBTwoLambdasOneChangingBeta, n=30, nlambda=80, lmbda=80, d=5, beta_intensity=0.1, model=diagREDM, fixed_beta_intercept=NA, fixed_beta_slope=NA, sdRE_input=NA, itnum=4

Rscript 2_inference_TMB/run_TMB.R --input ../data/assessing_models_simulation/datasets/multiple_GenerationJnormChangingNmBTwoLambdasOneChangingBeta_30_80_80_5_0.1_NA_NA_NA_dataset4.RDS --output ../data/assessing_models_simulation/inference_results/TMB/nlminb/multiple_GenerationJnormChangingNmBTwoLambdasOneChangingBeta_30_80_80_5_0.1_diagREDM_NA_NA_NA_dataset4.RDS --model diagREDM --optimiser nlminb  --use_previous_run_startingvals T
[Mon Aug 22 17:33:24 2022]
Finished job 9129.
9 of 19534 steps (0.05%) done

[Mon Aug 22 17:33:24 2022]
rule simulate_for_comparison_multiple:
    input: ../data/assessing_models_simulation/GenerationJnormChangingNmBTwoLambdasOneChangingBeta
    output: ../data/assessing_models_simulation/datasets/multiple_GenerationJnormChangingNmBTwoLambdasOneChangingBeta_30_140_80_3_0.2_NA_NA_NA_dataset3.RDS
    jobid: 22998
    wildcards: datasetgeneration=GenerationJnormChangingNmBTwoLambdasOneChangingBeta, n=30, nlambda=140, lmbda=80, d=3, beta_intensity=0.2, fixed_beta_intercept=NA, fixed_beta_slope=NA, sdRE_input=NA, itnum=3

Rscript --vanilla 3_analysis/simulation_model_assessment/generate_datasets_simulations/GenerationJnormChangingNmBTwoLambdasOneChangingBeta.R --input ../data/assessing_models_simulation/GenerationJnormChangingNmBTwoLambdasOneChangingBeta --d 3 --n 30 --nlambda 140 --lambda 80 --beta_gamma_shape 0.2 --outfile ../data/assessing_models_simulation/datasets/multiple_GenerationJnormChangingNmBTwoLambdasOneChangingBeta_30_140_80_3_0.2_NA_NA_NA_dataset3.RDS --beta_intercept_input NA --beta_slope_input NA --sdRE_input NA
[Mon Aug 22 17:33:26 2022]
Finished job 22998.
10 of 19534 steps (0.05%) done

[Mon Aug 22 17:33:26 2022]
rule inference_simulation_TMB_multiple:
    input: ../data/assessing_models_simulation/datasets/multiple_GenerationJnormChangingNmBTwoLambdasOneChangingBeta_30_140_80_3_0.2_NA_NA_NA_dataset3.RDS
    output: ../data/assessing_models_simulation/inference_results/TMB/nlminb/multiple_GenerationJnormChangingNmBTwoLambdasOneChangingBeta_30_140_80_3_0.2_singleREDM_NA_NA_NA_dataset3.RDS
    log: logs/inference/nlminb/simulation_GenerationJnormChangingNmBTwoLambdasOneChangingBeta_30_140_80_3_0.2_ModelsingleREDM_NA_NA_NA_dataset3.log
    jobid: 16278
    wildcards: optimiser=nlminb, datasetgeneration=GenerationJnormChangingNmBTwoLambdasOneChangingBeta, n=30, nlambda=140, lmbda=80, d=3, beta_intensity=0.2, model=singleREDM, fixed_beta_intercept=NA, fixed_beta_slope=NA, sdRE_input=NA, itnum=3

Rscript 2_inference_TMB/run_TMB.R --input ../data/assessing_models_simulation/datasets/multiple_GenerationJnormChangingNmBTwoLambdasOneChangingBeta_30_140_80_3_0.2_NA_NA_NA_dataset3.RDS --output ../data/assessing_models_simulation/inference_results/TMB/nlminb/multiple_GenerationJnormChangingNmBTwoLambdasOneChangingBeta_30_140_80_3_0.2_singleREDM_NA_NA_NA_dataset3.RDS --model singleREDM --optimiser nlminb  --use_previous_run_startingvals T
[Mon Aug 22 17:33:28 2022]
Finished job 16278.
11 of 19534 steps (0.06%) done

[Mon Aug 22 17:33:28 2022]
rule inference_simulation_TMB_multiple:
    input: ../data/assessing_models_simulation/datasets/multiple_GenerationJnormChangingNmBTwoLambdasOneChangingBeta_30_140_80_3_0.2_NA_NA_NA_dataset3.RDS
    output: ../data/assessing_models_simulation/inference_results/TMB/nlminb/multiple_GenerationJnormChangingNmBTwoLambdasOneChangingBeta_30_140_80_3_0.2_fullREM_NA_NA_NA_dataset3.RDS
    log: logs/inference/nlminb/simulation_GenerationJnormChangingNmBTwoLambdasOneChangingBeta_30_140_80_3_0.2_ModelfullREM_NA_NA_NA_dataset3.log
    jobid: 2838
    wildcards: optimiser=nlminb, datasetgeneration=GenerationJnormChangingNmBTwoLambdasOneChangingBeta, n=30, nlambda=140, lmbda=80, d=3, beta_intensity=0.2, model=fullREM, fixed_beta_intercept=NA, fixed_beta_slope=NA, sdRE_input=NA, itnum=3

Rscript 2_inference_TMB/run_TMB.R --input ../data/assessing_models_simulation/datasets/multiple_GenerationJnormChangingNmBTwoLambdasOneChangingBeta_30_140_80_3_0.2_NA_NA_NA_dataset3.RDS --output ../data/assessing_models_simulation/inference_results/TMB/nlminb/multiple_GenerationJnormChangingNmBTwoLambdasOneChangingBeta_30_140_80_3_0.2_fullREM_NA_NA_NA_dataset3.RDS --model fullREM --optimiser nlminb  --use_previous_run_startingvals T
[Mon Aug 22 17:33:30 2022]
Finished job 2838.
12 of 19534 steps (0.06%) done

[Mon Aug 22 17:33:30 2022]
rule inference_simulation_TMB_multiple:
    input: ../data/assessing_models_simulation/datasets/multiple_GenerationJnormChangingNmBTwoLambdasOneChangingBeta_30_140_80_3_0.2_NA_NA_NA_dataset3.RDS
    output: ../data/assessing_models_simulation/inference_results/TMB/nlminb/multiple_GenerationJnormChangingNmBTwoLambdasOneChangingBeta_30_140_80_3_0.2_diagREDM_NA_NA_NA_dataset3.RDS
    log: logs/inference/nlminb/simulation_GenerationJnormChangingNmBTwoLambdasOneChangingBeta_30_140_80_3_0.2_ModeldiagREDM_NA_NA_NA_dataset3.log
    jobid: 9558
    wildcards: optimiser=nlminb, datasetgeneration=GenerationJnormChangingNmBTwoLambdasOneChangingBeta, n=30, nlambda=140, lmbda=80, d=3, beta_intensity=0.2, model=diagREDM, fixed_beta_intercept=NA, fixed_beta_slope=NA, sdRE_input=NA, itnum=3

Rscript 2_inference_TMB/run_TMB.R --input ../data/assessing_models_simulation/datasets/multiple_GenerationJnormChangingNmBTwoLambdasOneChangingBeta_30_140_80_3_0.2_NA_NA_NA_dataset3.RDS --output ../data/assessing_models_simulation/inference_results/TMB/nlminb/multiple_GenerationJnormChangingNmBTwoLambdasOneChangingBeta_30_140_80_3_0.2_diagREDM_NA_NA_NA_dataset3.RDS --model diagREDM --optimiser nlminb  --use_previous_run_startingvals T
[Mon Aug 22 17:33:32 2022]
Finished job 9558.
13 of 19534 steps (0.07%) done

[Mon Aug 22 17:33:33 2022]
rule simulate_for_comparison_multiple:
    input: ../data/assessing_models_simulation/GenerationJnormChangingNmBTwoLambdasOneChangingBeta
    output: ../data/assessing_models_simulation/datasets/multiple_GenerationJnormChangingNmBTwoLambdasOneChangingBeta_30_140_80_4_0.2_NA_NA_NA_dataset4.RDS
    jobid: 23069
    wildcards: datasetgeneration=GenerationJnormChangingNmBTwoLambdasOneChangingBeta, n=30, nlambda=140, lmbda=80, d=4, beta_intensity=0.2, fixed_beta_intercept=NA, fixed_beta_slope=NA, sdRE_input=NA, itnum=4

Rscript --vanilla 3_analysis/simulation_model_assessment/generate_datasets_simulations/GenerationJnormChangingNmBTwoLambdasOneChangingBeta.R --input ../data/assessing_models_simulation/GenerationJnormChangingNmBTwoLambdasOneChangingBeta --d 4 --n 30 --nlambda 140 --lambda 80 --beta_gamma_shape 0.2 --outfile ../data/assessing_models_simulation/datasets/multiple_GenerationJnormChangingNmBTwoLambdasOneChangingBeta_30_140_80_4_0.2_NA_NA_NA_dataset4.RDS --beta_intercept_input NA --beta_slope_input NA --sdRE_input NA
[Mon Aug 22 17:33:34 2022]
Finished job 23069.
14 of 19534 steps (0.07%) done

[Mon Aug 22 17:33:35 2022]
rule inference_simulation_TMB_multiple:
    input: ../data/assessing_models_simulation/datasets/multiple_GenerationJnormChangingNmBTwoLambdasOneChangingBeta_30_140_80_4_0.2_NA_NA_NA_dataset4.RDS
    output: ../data/assessing_models_simulation/inference_results/TMB/nlminb/multiple_GenerationJnormChangingNmBTwoLambdasOneChangingBeta_30_140_80_4_0.2_singleREDM_NA_NA_NA_dataset4.RDS
    log: logs/inference/nlminb/simulation_GenerationJnormChangingNmBTwoLambdasOneChangingBeta_30_140_80_4_0.2_ModelsingleREDM_NA_NA_NA_dataset4.log
    jobid: 16349
    wildcards: optimiser=nlminb, datasetgeneration=GenerationJnormChangingNmBTwoLambdasOneChangingBeta, n=30, nlambda=140, lmbda=80, d=4, beta_intensity=0.2, model=singleREDM, fixed_beta_intercept=NA, fixed_beta_slope=NA, sdRE_input=NA, itnum=4

Rscript 2_inference_TMB/run_TMB.R --input ../data/assessing_models_simulation/datasets/multiple_GenerationJnormChangingNmBTwoLambdasOneChangingBeta_30_140_80_4_0.2_NA_NA_NA_dataset4.RDS --output ../data/assessing_models_simulation/inference_results/TMB/nlminb/multiple_GenerationJnormChangingNmBTwoLambdasOneChangingBeta_30_140_80_4_0.2_singleREDM_NA_NA_NA_dataset4.RDS --model singleREDM --optimiser nlminb  --use_previous_run_startingvals T
[Mon Aug 22 17:33:37 2022]
Finished job 16349.
15 of 19534 steps (0.08%) done

[Mon Aug 22 17:33:37 2022]
rule inference_simulation_TMB_multiple:
    input: ../data/assessing_models_simulation/datasets/multiple_GenerationJnormChangingNmBTwoLambdasOneChangingBeta_30_140_80_4_0.2_NA_NA_NA_dataset4.RDS
    output: ../data/assessing_models_simulation/inference_results/TMB/nlminb/multiple_GenerationJnormChangingNmBTwoLambdasOneChangingBeta_30_140_80_4_0.2_fullREM_NA_NA_NA_dataset4.RDS
    log: logs/inference/nlminb/simulation_GenerationJnormChangingNmBTwoLambdasOneChangingBeta_30_140_80_4_0.2_ModelfullREM_NA_NA_NA_dataset4.log
    jobid: 2909
    wildcards: optimiser=nlminb, datasetgeneration=GenerationJnormChangingNmBTwoLambdasOneChangingBeta, n=30, nlambda=140, lmbda=80, d=4, beta_intensity=0.2, model=fullREM, fixed_beta_intercept=NA, fixed_beta_slope=NA, sdRE_input=NA, itnum=4

Rscript 2_inference_TMB/run_TMB.R --input ../data/assessing_models_simulation/datasets/multiple_GenerationJnormChangingNmBTwoLambdasOneChangingBeta_30_140_80_4_0.2_NA_NA_NA_dataset4.RDS --output ../data/assessing_models_simulation/inference_results/TMB/nlminb/multiple_GenerationJnormChangingNmBTwoLambdasOneChangingBeta_30_140_80_4_0.2_fullREM_NA_NA_NA_dataset4.RDS --model fullREM --optimiser nlminb  --use_previous_run_startingvals T
[Mon Aug 22 17:33:39 2022]
Finished job 2909.
16 of 19534 steps (0.08%) done

[Mon Aug 22 17:33:39 2022]
rule inference_simulation_TMB_multiple:
    input: ../data/assessing_models_simulation/datasets/multiple_GenerationJnormChangingNmBTwoLambdasOneChangingBeta_30_140_80_4_0.2_NA_NA_NA_dataset4.RDS
    output: ../data/assessing_models_simulation/inference_results/TMB/nlminb/multiple_GenerationJnormChangingNmBTwoLambdasOneChangingBeta_30_140_80_4_0.2_diagREDM_NA_NA_NA_dataset4.RDS
    log: logs/inference/nlminb/simulation_GenerationJnormChangingNmBTwoLambdasOneChangingBeta_30_140_80_4_0.2_ModeldiagREDM_NA_NA_NA_dataset4.log
    jobid: 9629
    wildcards: optimiser=nlminb, datasetgeneration=GenerationJnormChangingNmBTwoLambdasOneChangingBeta, n=30, nlambda=140, lmbda=80, d=4, beta_intensity=0.2, model=diagREDM, fixed_beta_intercept=NA, fixed_beta_slope=NA, sdRE_input=NA, itnum=4

Rscript 2_inference_TMB/run_TMB.R --input ../data/assessing_models_simulation/datasets/multiple_GenerationJnormChangingNmBTwoLambdasOneChangingBeta_30_140_80_4_0.2_NA_NA_NA_dataset4.RDS --output ../data/assessing_models_simulation/inference_results/TMB/nlminb/multiple_GenerationJnormChangingNmBTwoLambdasOneChangingBeta_30_140_80_4_0.2_diagREDM_NA_NA_NA_dataset4.RDS --model diagREDM --optimiser nlminb  --use_previous_run_startingvals T
[Mon Aug 22 17:33:43 2022]
Finished job 9629.
17 of 19534 steps (0.09%) done

[Mon Aug 22 17:33:43 2022]
rule simulate_for_comparison_multiple:
    input: ../data/assessing_models_simulation/GenerationJnormChangingNmBTwoLambdasOneChangingBeta
    output: ../data/assessing_models_simulation/datasets/multiple_GenerationJnormChangingNmBTwoLambdasOneChangingBeta_30_140_80_5_0.2_NA_NA_NA_dataset5.RDS
    jobid: 23140
    wildcards: datasetgeneration=GenerationJnormChangingNmBTwoLambdasOneChangingBeta, n=30, nlambda=140, lmbda=80, d=5, beta_intensity=0.2, fixed_beta_intercept=NA, fixed_beta_slope=NA, sdRE_input=NA, itnum=5

Rscript --vanilla 3_analysis/simulation_model_assessment/generate_datasets_simulations/GenerationJnormChangingNmBTwoLambdasOneChangingBeta.R --input ../data/assessing_models_simulation/GenerationJnormChangingNmBTwoLambdasOneChangingBeta --d 5 --n 30 --nlambda 140 --lambda 80 --beta_gamma_shape 0.2 --outfile ../data/assessing_models_simulation/datasets/multiple_GenerationJnormChangingNmBTwoLambdasOneChangingBeta_30_140_80_5_0.2_NA_NA_NA_dataset5.RDS --beta_intercept_input NA --beta_slope_input NA --sdRE_input NA
[Mon Aug 22 17:33:45 2022]
Finished job 23140.
18 of 19534 steps (0.09%) done

[Mon Aug 22 17:33:45 2022]
rule inference_simulation_TMB_multiple:
    input: ../data/assessing_models_simulation/datasets/multiple_GenerationJnormChangingNmBTwoLambdasOneChangingBeta_30_140_80_5_0.2_NA_NA_NA_dataset5.RDS
    output: ../data/assessing_models_simulation/inference_results/TMB/nlminb/multiple_GenerationJnormChangingNmBTwoLambdasOneChangingBeta_30_140_80_5_0.2_singleREDM_NA_NA_NA_dataset5.RDS
    log: logs/inference/nlminb/simulation_GenerationJnormChangingNmBTwoLambdasOneChangingBeta_30_140_80_5_0.2_ModelsingleREDM_NA_NA_NA_dataset5.log
    jobid: 16420
    wildcards: optimiser=nlminb, datasetgeneration=GenerationJnormChangingNmBTwoLambdasOneChangingBeta, n=30, nlambda=140, lmbda=80, d=5, beta_intensity=0.2, model=singleREDM, fixed_beta_intercept=NA, fixed_beta_slope=NA, sdRE_input=NA, itnum=5

Rscript 2_inference_TMB/run_TMB.R --input ../data/assessing_models_simulation/datasets/multiple_GenerationJnormChangingNmBTwoLambdasOneChangingBeta_30_140_80_5_0.2_NA_NA_NA_dataset5.RDS --output ../data/assessing_models_simulation/inference_results/TMB/nlminb/multiple_GenerationJnormChangingNmBTwoLambdasOneChangingBeta_30_140_80_5_0.2_singleREDM_NA_NA_NA_dataset5.RDS --model singleREDM --optimiser nlminb  --use_previous_run_startingvals T
[Mon Aug 22 17:33:47 2022]
Finished job 16420.
19 of 19534 steps (0.10%) done

[Mon Aug 22 17:33:47 2022]
rule inference_simulation_TMB_multiple:
    input: ../data/assessing_models_simulation/datasets/multiple_GenerationJnormChangingNmBTwoLambdasOneChangingBeta_30_140_80_5_0.2_NA_NA_NA_dataset5.RDS
    output: ../data/assessing_models_simulation/inference_results/TMB/nlminb/multiple_GenerationJnormChangingNmBTwoLambdasOneChangingBeta_30_140_80_5_0.2_fullREM_NA_NA_NA_dataset5.RDS
    log: logs/inference/nlminb/simulation_GenerationJnormChangingNmBTwoLambdasOneChangingBeta_30_140_80_5_0.2_ModelfullREM_NA_NA_NA_dataset5.log
    jobid: 2980
    wildcards: optimiser=nlminb, datasetgeneration=GenerationJnormChangingNmBTwoLambdasOneChangingBeta, n=30, nlambda=140, lmbda=80, d=5, beta_intensity=0.2, model=fullREM, fixed_beta_intercept=NA, fixed_beta_slope=NA, sdRE_input=NA, itnum=5

Rscript 2_inference_TMB/run_TMB.R --input ../data/assessing_models_simulation/datasets/multiple_GenerationJnormChangingNmBTwoLambdasOneChangingBeta_30_140_80_5_0.2_NA_NA_NA_dataset5.RDS --output ../data/assessing_models_simulation/inference_results/TMB/nlminb/multiple_GenerationJnormChangingNmBTwoLambdasOneChangingBeta_30_140_80_5_0.2_fullREM_NA_NA_NA_dataset5.RDS --model fullREM --optimiser nlminb  --use_previous_run_startingvals T
[Mon Aug 22 17:33:50 2022]
Finished job 2980.
20 of 19534 steps (0.10%) done

[Mon Aug 22 17:33:50 2022]
rule inference_simulation_TMB_multiple:
    input: ../data/assessing_models_simulation/datasets/multiple_GenerationJnormChangingNmBTwoLambdasOneChangingBeta_30_140_80_5_0.2_NA_NA_NA_dataset5.RDS
    output: ../data/assessing_models_simulation/inference_results/TMB/nlminb/multiple_GenerationJnormChangingNmBTwoLambdasOneChangingBeta_30_140_80_5_0.2_diagREDM_NA_NA_NA_dataset5.RDS
    log: logs/inference/nlminb/simulation_GenerationJnormChangingNmBTwoLambdasOneChangingBeta_30_140_80_5_0.2_ModeldiagREDM_NA_NA_NA_dataset5.log
    jobid: 9700
    wildcards: optimiser=nlminb, datasetgeneration=GenerationJnormChangingNmBTwoLambdasOneChangingBeta, n=30, nlambda=140, lmbda=80, d=5, beta_intensity=0.2, model=diagREDM, fixed_beta_intercept=NA, fixed_beta_slope=NA, sdRE_input=NA, itnum=5

Rscript 2_inference_TMB/run_TMB.R --input ../data/assessing_models_simulation/datasets/multiple_GenerationJnormChangingNmBTwoLambdasOneChangingBeta_30_140_80_5_0.2_NA_NA_NA_dataset5.RDS --output ../data/assessing_models_simulation/inference_results/TMB/nlminb/multiple_GenerationJnormChangingNmBTwoLambdasOneChangingBeta_30_140_80_5_0.2_diagREDM_NA_NA_NA_dataset5.RDS --model diagREDM --optimiser nlminb  --use_previous_run_startingvals T
[Mon Aug 22 17:33:55 2022]
Finished job 9700.
21 of 19534 steps (0.11%) done

[Mon Aug 22 17:33:55 2022]
rule simulate_for_comparison_multiple:
    input: ../data/assessing_models_simulation/GenerationJnormChangingNmBTwoLambdasOneChangingBeta
    output: ../data/assessing_models_simulation/datasets/multiple_GenerationJnormChangingNmBTwoLambdasOneChangingBeta_20_40_80_3_0_NA_NA_NA_dataset1.RDS
    jobid: 20166
    wildcards: datasetgeneration=GenerationJnormChangingNmBTwoLambdasOneChangingBeta, n=20, nlambda=40, lmbda=80, d=3, beta_intensity=0, fixed_beta_intercept=NA, fixed_beta_slope=NA, sdRE_input=NA, itnum=1

Rscript --vanilla 3_analysis/simulation_model_assessment/generate_datasets_simulations/GenerationJnormChangingNmBTwoLambdasOneChangingBeta.R --input ../data/assessing_models_simulation/GenerationJnormChangingNmBTwoLambdasOneChangingBeta --d 3 --n 20 --nlambda 40 --lambda 80 --beta_gamma_shape 0 --outfile ../data/assessing_models_simulation/datasets/multiple_GenerationJnormChangingNmBTwoLambdasOneChangingBeta_20_40_80_3_0_NA_NA_NA_dataset1.RDS --beta_intercept_input NA --beta_slope_input NA --sdRE_input NA
[Mon Aug 22 17:33:57 2022]
Finished job 20166.
22 of 19534 steps (0.11%) done

[Mon Aug 22 17:33:57 2022]
rule inference_simulation_TMB_multiple:
    input: ../data/assessing_models_simulation/datasets/multiple_GenerationJnormChangingNmBTwoLambdasOneChangingBeta_20_40_80_3_0_NA_NA_NA_dataset1.RDS
    output: ../data/assessing_models_simulation/inference_results/TMB/nlminb/multiple_GenerationJnormChangingNmBTwoLambdasOneChangingBeta_20_40_80_3_0_singleREDM_NA_NA_NA_dataset1.RDS
    log: logs/inference/nlminb/simulation_GenerationJnormChangingNmBTwoLambdasOneChangingBeta_20_40_80_3_0_ModelsingleREDM_NA_NA_NA_dataset1.log
    jobid: 13446
    wildcards: optimiser=nlminb, datasetgeneration=GenerationJnormChangingNmBTwoLambdasOneChangingBeta, n=20, nlambda=40, lmbda=80, d=3, beta_intensity=0, model=singleREDM, fixed_beta_intercept=NA, fixed_beta_slope=NA, sdRE_input=NA, itnum=1

Rscript 2_inference_TMB/run_TMB.R --input ../data/assessing_models_simulation/datasets/multiple_GenerationJnormChangingNmBTwoLambdasOneChangingBeta_20_40_80_3_0_NA_NA_NA_dataset1.RDS --output ../data/assessing_models_simulation/inference_results/TMB/nlminb/multiple_GenerationJnormChangingNmBTwoLambdasOneChangingBeta_20_40_80_3_0_singleREDM_NA_NA_NA_dataset1.RDS --model singleREDM --optimiser nlminb  --use_previous_run_startingvals T
[Mon Aug 22 17:33:59 2022]
Finished job 13446.
23 of 19534 steps (0.12%) done

[Mon Aug 22 17:33:59 2022]
rule inference_simulation_TMB_multiple:
    input: ../data/assessing_models_simulation/datasets/multiple_GenerationJnormChangingNmBTwoLambdasOneChangingBeta_20_40_80_3_0_NA_NA_NA_dataset1.RDS
    output: ../data/assessing_models_simulation/inference_results/TMB/nlminb/multiple_GenerationJnormChangingNmBTwoLambdasOneChangingBeta_20_40_80_3_0_fullREM_NA_NA_NA_dataset1.RDS
    log: logs/inference/nlminb/simulation_GenerationJnormChangingNmBTwoLambdasOneChangingBeta_20_40_80_3_0_ModelfullREM_NA_NA_NA_dataset1.log
    jobid: 6
    wildcards: optimiser=nlminb, datasetgeneration=GenerationJnormChangingNmBTwoLambdasOneChangingBeta, n=20, nlambda=40, lmbda=80, d=3, beta_intensity=0, model=fullREM, fixed_beta_intercept=NA, fixed_beta_slope=NA, sdRE_input=NA, itnum=1

Rscript 2_inference_TMB/run_TMB.R --input ../data/assessing_models_simulation/datasets/multiple_GenerationJnormChangingNmBTwoLambdasOneChangingBeta_20_40_80_3_0_NA_NA_NA_dataset1.RDS --output ../data/assessing_models_simulation/inference_results/TMB/nlminb/multiple_GenerationJnormChangingNmBTwoLambdasOneChangingBeta_20_40_80_3_0_fullREM_NA_NA_NA_dataset1.RDS --model fullREM --optimiser nlminb  --use_previous_run_startingvals T
[Mon Aug 22 17:34:01 2022]
Finished job 6.
24 of 19534 steps (0.12%) done

[Mon Aug 22 17:34:01 2022]
rule inference_simulation_TMB_multiple:
    input: ../data/assessing_models_simulation/datasets/multiple_GenerationJnormChangingNmBTwoLambdasOneChangingBeta_20_40_80_3_0_NA_NA_NA_dataset1.RDS
    output: ../data/assessing_models_simulation/inference_results/TMB/nlminb/multiple_GenerationJnormChangingNmBTwoLambdasOneChangingBeta_20_40_80_3_0_diagREDM_NA_NA_NA_dataset1.RDS
    log: logs/inference/nlminb/simulation_GenerationJnormChangingNmBTwoLambdasOneChangingBeta_20_40_80_3_0_ModeldiagREDM_NA_NA_NA_dataset1.log
    jobid: 6726
    wildcards: optimiser=nlminb, datasetgeneration=GenerationJnormChangingNmBTwoLambdasOneChangingBeta, n=20, nlambda=40, lmbda=80, d=3, beta_intensity=0, model=diagREDM, fixed_beta_intercept=NA, fixed_beta_slope=NA, sdRE_input=NA, itnum=1

Rscript 2_inference_TMB/run_TMB.R --input ../data/assessing_models_simulation/datasets/multiple_GenerationJnormChangingNmBTwoLambdasOneChangingBeta_20_40_80_3_0_NA_NA_NA_dataset1.RDS --output ../data/assessing_models_simulation/inference_results/TMB/nlminb/multiple_GenerationJnormChangingNmBTwoLambdasOneChangingBeta_20_40_80_3_0_diagREDM_NA_NA_NA_dataset1.RDS --model diagREDM --optimiser nlminb  --use_previous_run_startingvals T
[Mon Aug 22 17:34:03 2022]
Finished job 6726.
25 of 19534 steps (0.13%) done

[Mon Aug 22 17:34:03 2022]
rule simulate_for_comparison_multiple:
    input: ../data/assessing_models_simulation/GenerationJnormChangingNmBTwoLambdasOneChangingBeta
    output: ../data/assessing_models_simulation/datasets/multiple_GenerationJnormChangingNmBTwoLambdasOneChangingBeta_30_140_80_6_0.2_NA_NA_NA_dataset6.RDS
    jobid: 23211
    wildcards: datasetgeneration=GenerationJnormChangingNmBTwoLambdasOneChangingBeta, n=30, nlambda=140, lmbda=80, d=6, beta_intensity=0.2, fixed_beta_intercept=NA, fixed_beta_slope=NA, sdRE_input=NA, itnum=6

Rscript --vanilla 3_analysis/simulation_model_assessment/generate_datasets_simulations/GenerationJnormChangingNmBTwoLambdasOneChangingBeta.R --input ../data/assessing_models_simulation/GenerationJnormChangingNmBTwoLambdasOneChangingBeta --d 6 --n 30 --nlambda 140 --lambda 80 --beta_gamma_shape 0.2 --outfile ../data/assessing_models_simulation/datasets/multiple_GenerationJnormChangingNmBTwoLambdasOneChangingBeta_30_140_80_6_0.2_NA_NA_NA_dataset6.RDS --beta_intercept_input NA --beta_slope_input NA --sdRE_input NA
[Mon Aug 22 17:34:05 2022]
Finished job 23211.
26 of 19534 steps (0.13%) done

[Mon Aug 22 17:34:05 2022]
rule inference_simulation_TMB_multiple:
    input: ../data/assessing_models_simulation/datasets/multiple_GenerationJnormChangingNmBTwoLambdasOneChangingBeta_30_140_80_6_0.2_NA_NA_NA_dataset6.RDS
    output: ../data/assessing_models_simulation/inference_results/TMB/nlminb/multiple_GenerationJnormChangingNmBTwoLambdasOneChangingBeta_30_140_80_6_0.2_singleREDM_NA_NA_NA_dataset6.RDS
    log: logs/inference/nlminb/simulation_GenerationJnormChangingNmBTwoLambdasOneChangingBeta_30_140_80_6_0.2_ModelsingleREDM_NA_NA_NA_dataset6.log
    jobid: 16491
    wildcards: optimiser=nlminb, datasetgeneration=GenerationJnormChangingNmBTwoLambdasOneChangingBeta, n=30, nlambda=140, lmbda=80, d=6, beta_intensity=0.2, model=singleREDM, fixed_beta_intercept=NA, fixed_beta_slope=NA, sdRE_input=NA, itnum=6

Rscript 2_inference_TMB/run_TMB.R --input ../data/assessing_models_simulation/datasets/multiple_GenerationJnormChangingNmBTwoLambdasOneChangingBeta_30_140_80_6_0.2_NA_NA_NA_dataset6.RDS --output ../data/assessing_models_simulation/inference_results/TMB/nlminb/multiple_GenerationJnormChangingNmBTwoLambdasOneChangingBeta_30_140_80_6_0.2_singleREDM_NA_NA_NA_dataset6.RDS --model singleREDM --optimiser nlminb  --use_previous_run_startingvals T
[Mon Aug 22 17:34:08 2022]
Finished job 16491.
27 of 19534 steps (0.14%) done

[Mon Aug 22 17:34:08 2022]
rule inference_simulation_TMB_multiple:
    input: ../data/assessing_models_simulation/datasets/multiple_GenerationJnormChangingNmBTwoLambdasOneChangingBeta_30_140_80_6_0.2_NA_NA_NA_dataset6.RDS
    output: ../data/assessing_models_simulation/inference_results/TMB/nlminb/multiple_GenerationJnormChangingNmBTwoLambdasOneChangingBeta_30_140_80_6_0.2_fullREM_NA_NA_NA_dataset6.RDS
    log: logs/inference/nlminb/simulation_GenerationJnormChangingNmBTwoLambdasOneChangingBeta_30_140_80_6_0.2_ModelfullREM_NA_NA_NA_dataset6.log
    jobid: 3051
    wildcards: optimiser=nlminb, datasetgeneration=GenerationJnormChangingNmBTwoLambdasOneChangingBeta, n=30, nlambda=140, lmbda=80, d=6, beta_intensity=0.2, model=fullREM, fixed_beta_intercept=NA, fixed_beta_slope=NA, sdRE_input=NA, itnum=6

Rscript 2_inference_TMB/run_TMB.R --input ../data/assessing_models_simulation/datasets/multiple_GenerationJnormChangingNmBTwoLambdasOneChangingBeta_30_140_80_6_0.2_NA_NA_NA_dataset6.RDS --output ../data/assessing_models_simulation/inference_results/TMB/nlminb/multiple_GenerationJnormChangingNmBTwoLambdasOneChangingBeta_30_140_80_6_0.2_fullREM_NA_NA_NA_dataset6.RDS --model fullREM --optimiser nlminb  --use_previous_run_startingvals T
[Mon Aug 22 17:34:12 2022]
Finished job 3051.
28 of 19534 steps (0.14%) done

[Mon Aug 22 17:34:12 2022]
rule inference_simulation_TMB_multiple:
    input: ../data/assessing_models_simulation/datasets/multiple_GenerationJnormChangingNmBTwoLambdasOneChangingBeta_30_140_80_6_0.2_NA_NA_NA_dataset6.RDS
    output: ../data/assessing_models_simulation/inference_results/TMB/nlminb/multiple_GenerationJnormChangingNmBTwoLambdasOneChangingBeta_30_140_80_6_0.2_diagREDM_NA_NA_NA_dataset6.RDS
    log: logs/inference/nlminb/simulation_GenerationJnormChangingNmBTwoLambdasOneChangingBeta_30_140_80_6_0.2_ModeldiagREDM_NA_NA_NA_dataset6.log
    jobid: 9771
    wildcards: optimiser=nlminb, datasetgeneration=GenerationJnormChangingNmBTwoLambdasOneChangingBeta, n=30, nlambda=140, lmbda=80, d=6, beta_intensity=0.2, model=diagREDM, fixed_beta_intercept=NA, fixed_beta_slope=NA, sdRE_input=NA, itnum=6

Rscript 2_inference_TMB/run_TMB.R --input ../data/assessing_models_simulation/datasets/multiple_GenerationJnormChangingNmBTwoLambdasOneChangingBeta_30_140_80_6_0.2_NA_NA_NA_dataset6.RDS --output ../data/assessing_models_simulation/inference_results/TMB/nlminb/multiple_GenerationJnormChangingNmBTwoLambdasOneChangingBeta_30_140_80_6_0.2_diagREDM_NA_NA_NA_dataset6.RDS --model diagREDM --optimiser nlminb  --use_previous_run_startingvals T
[Mon Aug 22 17:34:17 2022]
Finished job 9771.
29 of 19534 steps (0.15%) done

[Mon Aug 22 17:34:17 2022]
rule simulate_for_comparison_multiple:
    input: ../data/assessing_models_simulation/GenerationJnormChangingNmBTwoLambdasOneChangingBeta
    output: ../data/assessing_models_simulation/datasets/multiple_GenerationJnormChangingNmBTwoLambdasOneChangingBeta_50_140_80_5_0_NA_NA_NA_dataset6.RDS
    jobid: 24791
    wildcards: datasetgeneration=GenerationJnormChangingNmBTwoLambdasOneChangingBeta, n=50, nlambda=140, lmbda=80, d=5, beta_intensity=0, fixed_beta_intercept=NA, fixed_beta_slope=NA, sdRE_input=NA, itnum=6

Rscript --vanilla 3_analysis/simulation_model_assessment/generate_datasets_simulations/GenerationJnormChangingNmBTwoLambdasOneChangingBeta.R --input ../data/assessing_models_simulation/GenerationJnormChangingNmBTwoLambdasOneChangingBeta --d 5 --n 50 --nlambda 140 --lambda 80 --beta_gamma_shape 0 --outfile ../data/assessing_models_simulation/datasets/multiple_GenerationJnormChangingNmBTwoLambdasOneChangingBeta_50_140_80_5_0_NA_NA_NA_dataset6.RDS --beta_intercept_input NA --beta_slope_input NA --sdRE_input NA
[Mon Aug 22 17:34:19 2022]
Finished job 24791.
30 of 19534 steps (0.15%) done

[Mon Aug 22 17:34:19 2022]
rule inference_simulation_TMB_multiple:
    input: ../data/assessing_models_simulation/datasets/multiple_GenerationJnormChangingNmBTwoLambdasOneChangingBeta_50_140_80_5_0_NA_NA_NA_dataset6.RDS
    output: ../data/assessing_models_simulation/inference_results/TMB/nlminb/multiple_GenerationJnormChangingNmBTwoLambdasOneChangingBeta_50_140_80_5_0_singleREDM_NA_NA_NA_dataset6.RDS
    log: logs/inference/nlminb/simulation_GenerationJnormChangingNmBTwoLambdasOneChangingBeta_50_140_80_5_0_ModelsingleREDM_NA_NA_NA_dataset6.log
    jobid: 18071
    wildcards: optimiser=nlminb, datasetgeneration=GenerationJnormChangingNmBTwoLambdasOneChangingBeta, n=50, nlambda=140, lmbda=80, d=5, beta_intensity=0, model=singleREDM, fixed_beta_intercept=NA, fixed_beta_slope=NA, sdRE_input=NA, itnum=6

Rscript 2_inference_TMB/run_TMB.R --input ../data/assessing_models_simulation/datasets/multiple_GenerationJnormChangingNmBTwoLambdasOneChangingBeta_50_140_80_5_0_NA_NA_NA_dataset6.RDS --output ../data/assessing_models_simulation/inference_results/TMB/nlminb/multiple_GenerationJnormChangingNmBTwoLambdasOneChangingBeta_50_140_80_5_0_singleREDM_NA_NA_NA_dataset6.RDS --model singleREDM --optimiser nlminb  --use_previous_run_startingvals T
[Mon Aug 22 17:34:22 2022]
Finished job 18071.
31 of 19534 steps (0.16%) done

[Mon Aug 22 17:34:22 2022]
rule inference_simulation_TMB_multiple:
    input: ../data/assessing_models_simulation/datasets/multiple_GenerationJnormChangingNmBTwoLambdasOneChangingBeta_50_140_80_5_0_NA_NA_NA_dataset6.RDS
    output: ../data/assessing_models_simulation/inference_results/TMB/nlminb/multiple_GenerationJnormChangingNmBTwoLambdasOneChangingBeta_50_140_80_5_0_fullREM_NA_NA_NA_dataset6.RDS
    log: logs/inference/nlminb/simulation_GenerationJnormChangingNmBTwoLambdasOneChangingBeta_50_140_80_5_0_ModelfullREM_NA_NA_NA_dataset6.log
    jobid: 4631
    wildcards: optimiser=nlminb, datasetgeneration=GenerationJnormChangingNmBTwoLambdasOneChangingBeta, n=50, nlambda=140, lmbda=80, d=5, beta_intensity=0, model=fullREM, fixed_beta_intercept=NA, fixed_beta_slope=NA, sdRE_input=NA, itnum=6

Rscript 2_inference_TMB/run_TMB.R --input ../data/assessing_models_simulation/datasets/multiple_GenerationJnormChangingNmBTwoLambdasOneChangingBeta_50_140_80_5_0_NA_NA_NA_dataset6.RDS --output ../data/assessing_models_simulation/inference_results/TMB/nlminb/multiple_GenerationJnormChangingNmBTwoLambdasOneChangingBeta_50_140_80_5_0_fullREM_NA_NA_NA_dataset6.RDS --model fullREM --optimiser nlminb  --use_previous_run_startingvals T
[Mon Aug 22 17:34:25 2022]
Finished job 4631.
32 of 19534 steps (0.16%) done

[Mon Aug 22 17:34:25 2022]
rule inference_simulation_TMB_multiple:
    input: ../data/assessing_models_simulation/datasets/multiple_GenerationJnormChangingNmBTwoLambdasOneChangingBeta_50_140_80_5_0_NA_NA_NA_dataset6.RDS
    output: ../data/assessing_models_simulation/inference_results/TMB/nlminb/multiple_GenerationJnormChangingNmBTwoLambdasOneChangingBeta_50_140_80_5_0_diagREDM_NA_NA_NA_dataset6.RDS
    log: logs/inference/nlminb/simulation_GenerationJnormChangingNmBTwoLambdasOneChangingBeta_50_140_80_5_0_ModeldiagREDM_NA_NA_NA_dataset6.log
    jobid: 11351
    wildcards: optimiser=nlminb, datasetgeneration=GenerationJnormChangingNmBTwoLambdasOneChangingBeta, n=50, nlambda=140, lmbda=80, d=5, beta_intensity=0, model=diagREDM, fixed_beta_intercept=NA, fixed_beta_slope=NA, sdRE_input=NA, itnum=6

Rscript 2_inference_TMB/run_TMB.R --input ../data/assessing_models_simulation/datasets/multiple_GenerationJnormChangingNmBTwoLambdasOneChangingBeta_50_140_80_5_0_NA_NA_NA_dataset6.RDS --output ../data/assessing_models_simulation/inference_results/TMB/nlminb/multiple_GenerationJnormChangingNmBTwoLambdasOneChangingBeta_50_140_80_5_0_diagREDM_NA_NA_NA_dataset6.RDS --model diagREDM --optimiser nlminb  --use_previous_run_startingvals T
[Mon Aug 22 17:34:31 2022]
Finished job 11351.
33 of 19534 steps (0.17%) done

[Mon Aug 22 17:34:31 2022]
rule simulate_for_comparison_multiple:
    input: ../data/assessing_models_simulation/GenerationJnormChangingNmBTwoLambdasOneChangingBeta
    output: ../data/assessing_models_simulation/datasets/multiple_GenerationJnormChangingNmBTwoLambdasOneChangingBeta_20_120_80_6_0.6_NA_NA_NA_dataset7.RDS
    jobid: 21272
    wildcards: datasetgeneration=GenerationJnormChangingNmBTwoLambdasOneChangingBeta, n=20, nlambda=120, lmbda=80, d=6, beta_intensity=0.6, fixed_beta_intercept=NA, fixed_beta_slope=NA, sdRE_input=NA, itnum=7

Rscript --vanilla 3_analysis/simulation_model_assessment/generate_datasets_simulations/GenerationJnormChangingNmBTwoLambdasOneChangingBeta.R --input ../data/assessing_models_simulation/GenerationJnormChangingNmBTwoLambdasOneChangingBeta --d 6 --n 20 --nlambda 120 --lambda 80 --beta_gamma_shape 0.6 --outfile ../data/assessing_models_simulation/datasets/multiple_GenerationJnormChangingNmBTwoLambdasOneChangingBeta_20_120_80_6_0.6_NA_NA_NA_dataset7.RDS --beta_intercept_input NA --beta_slope_input NA --sdRE_input NA
[Mon Aug 22 17:34:33 2022]
Finished job 21272.
34 of 19534 steps (0.17%) done

[Mon Aug 22 17:34:33 2022]
rule inference_simulation_TMB_multiple:
    input: ../data/assessing_models_simulation/datasets/multiple_GenerationJnormChangingNmBTwoLambdasOneChangingBeta_20_120_80_6_0.6_NA_NA_NA_dataset7.RDS
    output: ../data/assessing_models_simulation/inference_results/TMB/nlminb/multiple_GenerationJnormChangingNmBTwoLambdasOneChangingBeta_20_120_80_6_0.6_singleREDM_NA_NA_NA_dataset7.RDS
    log: logs/inference/nlminb/simulation_GenerationJnormChangingNmBTwoLambdasOneChangingBeta_20_120_80_6_0.6_ModelsingleREDM_NA_NA_NA_dataset7.log
    jobid: 14552
    wildcards: optimiser=nlminb, datasetgeneration=GenerationJnormChangingNmBTwoLambdasOneChangingBeta, n=20, nlambda=120, lmbda=80, d=6, beta_intensity=0.6, model=singleREDM, fixed_beta_intercept=NA, fixed_beta_slope=NA, sdRE_input=NA, itnum=7

Rscript 2_inference_TMB/run_TMB.R --input ../data/assessing_models_simulation/datasets/multiple_GenerationJnormChangingNmBTwoLambdasOneChangingBeta_20_120_80_6_0.6_NA_NA_NA_dataset7.RDS --output ../data/assessing_models_simulation/inference_results/TMB/nlminb/multiple_GenerationJnormChangingNmBTwoLambdasOneChangingBeta_20_120_80_6_0.6_singleREDM_NA_NA_NA_dataset7.RDS --model singleREDM --optimiser nlminb  --use_previous_run_startingvals T
[Mon Aug 22 17:34:36 2022]
Finished job 14552.
35 of 19534 steps (0.18%) done

[Mon Aug 22 17:34:36 2022]
rule inference_simulation_TMB_multiple:
    input: ../data/assessing_models_simulation/datasets/multiple_GenerationJnormChangingNmBTwoLambdasOneChangingBeta_20_120_80_6_0.6_NA_NA_NA_dataset7.RDS
    output: ../data/assessing_models_simulation/inference_results/TMB/nlminb/multiple_GenerationJnormChangingNmBTwoLambdasOneChangingBeta_20_120_80_6_0.6_fullREM_NA_NA_NA_dataset7.RDS
    log: logs/inference/nlminb/simulation_GenerationJnormChangingNmBTwoLambdasOneChangingBeta_20_120_80_6_0.6_ModelfullREM_NA_NA_NA_dataset7.log
    jobid: 1112
    wildcards: optimiser=nlminb, datasetgeneration=GenerationJnormChangingNmBTwoLambdasOneChangingBeta, n=20, nlambda=120, lmbda=80, d=6, beta_intensity=0.6, model=fullREM, fixed_beta_intercept=NA, fixed_beta_slope=NA, sdRE_input=NA, itnum=7

Rscript 2_inference_TMB/run_TMB.R --input ../data/assessing_models_simulation/datasets/multiple_GenerationJnormChangingNmBTwoLambdasOneChangingBeta_20_120_80_6_0.6_NA_NA_NA_dataset7.RDS --output ../data/assessing_models_simulation/inference_results/TMB/nlminb/multiple_GenerationJnormChangingNmBTwoLambdasOneChangingBeta_20_120_80_6_0.6_fullREM_NA_NA_NA_dataset7.RDS --model fullREM --optimiser nlminb  --use_previous_run_startingvals T
[Mon Aug 22 17:34:39 2022]
Finished job 1112.
36 of 19534 steps (0.18%) done

[Mon Aug 22 17:34:39 2022]
rule inference_simulation_TMB_multiple:
    input: ../data/assessing_models_simulation/datasets/multiple_GenerationJnormChangingNmBTwoLambdasOneChangingBeta_20_120_80_6_0.6_NA_NA_NA_dataset7.RDS
    output: ../data/assessing_models_simulation/inference_results/TMB/nlminb/multiple_GenerationJnormChangingNmBTwoLambdasOneChangingBeta_20_120_80_6_0.6_diagREDM_NA_NA_NA_dataset7.RDS
    log: logs/inference/nlminb/simulation_GenerationJnormChangingNmBTwoLambdasOneChangingBeta_20_120_80_6_0.6_ModeldiagREDM_NA_NA_NA_dataset7.log
    jobid: 7832
    wildcards: optimiser=nlminb, datasetgeneration=GenerationJnormChangingNmBTwoLambdasOneChangingBeta, n=20, nlambda=120, lmbda=80, d=6, beta_intensity=0.6, model=diagREDM, fixed_beta_intercept=NA, fixed_beta_slope=NA, sdRE_input=NA, itnum=7

Rscript 2_inference_TMB/run_TMB.R --input ../data/assessing_models_simulation/datasets/multiple_GenerationJnormChangingNmBTwoLambdasOneChangingBeta_20_120_80_6_0.6_NA_NA_NA_dataset7.RDS --output ../data/assessing_models_simulation/inference_results/TMB/nlminb/multiple_GenerationJnormChangingNmBTwoLambdasOneChangingBeta_20_120_80_6_0.6_diagREDM_NA_NA_NA_dataset7.RDS --model diagREDM --optimiser nlminb  --use_previous_run_startingvals T
[Mon Aug 22 17:34:43 2022]
Finished job 7832.
37 of 19534 steps (0.19%) done

[Mon Aug 22 17:34:43 2022]
rule simulate_for_comparison_multiple:
    input: ../data/assessing_models_simulation/GenerationJnormChangingNmBTwoLambdasOneChangingBeta
    output: ../data/assessing_models_simulation/datasets/multiple_GenerationJnormChangingNmBTwoLambdasOneChangingBeta_50_140_80_6_0_NA_NA_NA_dataset5.RDS
    jobid: 24860
    wildcards: datasetgeneration=GenerationJnormChangingNmBTwoLambdasOneChangingBeta, n=50, nlambda=140, lmbda=80, d=6, beta_intensity=0, fixed_beta_intercept=NA, fixed_beta_slope=NA, sdRE_input=NA, itnum=5

Rscript --vanilla 3_analysis/simulation_model_assessment/generate_datasets_simulations/GenerationJnormChangingNmBTwoLambdasOneChangingBeta.R --input ../data/assessing_models_simulation/GenerationJnormChangingNmBTwoLambdasOneChangingBeta --d 6 --n 50 --nlambda 140 --lambda 80 --beta_gamma_shape 0 --outfile ../data/assessing_models_simulation/datasets/multiple_GenerationJnormChangingNmBTwoLambdasOneChangingBeta_50_140_80_6_0_NA_NA_NA_dataset5.RDS --beta_intercept_input NA --beta_slope_input NA --sdRE_input NA
[Mon Aug 22 17:34:45 2022]
Finished job 24860.
38 of 19534 steps (0.19%) done

[Mon Aug 22 17:34:45 2022]
rule inference_simulation_TMB_multiple:
    input: ../data/assessing_models_simulation/datasets/multiple_GenerationJnormChangingNmBTwoLambdasOneChangingBeta_50_140_80_6_0_NA_NA_NA_dataset5.RDS
    output: ../data/assessing_models_simulation/inference_results/TMB/nlminb/multiple_GenerationJnormChangingNmBTwoLambdasOneChangingBeta_50_140_80_6_0_singleREDM_NA_NA_NA_dataset5.RDS
    log: logs/inference/nlminb/simulation_GenerationJnormChangingNmBTwoLambdasOneChangingBeta_50_140_80_6_0_ModelsingleREDM_NA_NA_NA_dataset5.log
    jobid: 18140
    wildcards: optimiser=nlminb, datasetgeneration=GenerationJnormChangingNmBTwoLambdasOneChangingBeta, n=50, nlambda=140, lmbda=80, d=6, beta_intensity=0, model=singleREDM, fixed_beta_intercept=NA, fixed_beta_slope=NA, sdRE_input=NA, itnum=5

Rscript 2_inference_TMB/run_TMB.R --input ../data/assessing_models_simulation/datasets/multiple_GenerationJnormChangingNmBTwoLambdasOneChangingBeta_50_140_80_6_0_NA_NA_NA_dataset5.RDS --output ../data/assessing_models_simulation/inference_results/TMB/nlminb/multiple_GenerationJnormChangingNmBTwoLambdasOneChangingBeta_50_140_80_6_0_singleREDM_NA_NA_NA_dataset5.RDS --model singleREDM --optimiser nlminb  --use_previous_run_startingvals T
[Mon Aug 22 17:34:49 2022]
Finished job 18140.
39 of 19534 steps (0.20%) done

[Mon Aug 22 17:34:49 2022]
rule inference_simulation_TMB_multiple:
    input: ../data/assessing_models_simulation/datasets/multiple_GenerationJnormChangingNmBTwoLambdasOneChangingBeta_50_140_80_6_0_NA_NA_NA_dataset5.RDS
    output: ../data/assessing_models_simulation/inference_results/TMB/nlminb/multiple_GenerationJnormChangingNmBTwoLambdasOneChangingBeta_50_140_80_6_0_fullREM_NA_NA_NA_dataset5.RDS
    log: logs/inference/nlminb/simulation_GenerationJnormChangingNmBTwoLambdasOneChangingBeta_50_140_80_6_0_ModelfullREM_NA_NA_NA_dataset5.log
    jobid: 4700
    wildcards: optimiser=nlminb, datasetgeneration=GenerationJnormChangingNmBTwoLambdasOneChangingBeta, n=50, nlambda=140, lmbda=80, d=6, beta_intensity=0, model=fullREM, fixed_beta_intercept=NA, fixed_beta_slope=NA, sdRE_input=NA, itnum=5

Rscript 2_inference_TMB/run_TMB.R --input ../data/assessing_models_simulation/datasets/multiple_GenerationJnormChangingNmBTwoLambdasOneChangingBeta_50_140_80_6_0_NA_NA_NA_dataset5.RDS --output ../data/assessing_models_simulation/inference_results/TMB/nlminb/multiple_GenerationJnormChangingNmBTwoLambdasOneChangingBeta_50_140_80_6_0_fullREM_NA_NA_NA_dataset5.RDS --model fullREM --optimiser nlminb  --use_previous_run_startingvals T
[Mon Aug 22 17:34:53 2022]
Finished job 4700.
40 of 19534 steps (0.20%) done

[Mon Aug 22 17:34:53 2022]
rule inference_simulation_TMB_multiple:
    input: ../data/assessing_models_simulation/datasets/multiple_GenerationJnormChangingNmBTwoLambdasOneChangingBeta_50_140_80_6_0_NA_NA_NA_dataset5.RDS
    output: ../data/assessing_models_simulation/inference_results/TMB/nlminb/multiple_GenerationJnormChangingNmBTwoLambdasOneChangingBeta_50_140_80_6_0_diagREDM_NA_NA_NA_dataset5.RDS
    log: logs/inference/nlminb/simulation_GenerationJnormChangingNmBTwoLambdasOneChangingBeta_50_140_80_6_0_ModeldiagREDM_NA_NA_NA_dataset5.log
    jobid: 11420
    wildcards: optimiser=nlminb, datasetgeneration=GenerationJnormChangingNmBTwoLambdasOneChangingBeta, n=50, nlambda=140, lmbda=80, d=6, beta_intensity=0, model=diagREDM, fixed_beta_intercept=NA, fixed_beta_slope=NA, sdRE_input=NA, itnum=5

Rscript 2_inference_TMB/run_TMB.R --input ../data/assessing_models_simulation/datasets/multiple_GenerationJnormChangingNmBTwoLambdasOneChangingBeta_50_140_80_6_0_NA_NA_NA_dataset5.RDS --output ../data/assessing_models_simulation/inference_results/TMB/nlminb/multiple_GenerationJnormChangingNmBTwoLambdasOneChangingBeta_50_140_80_6_0_diagREDM_NA_NA_NA_dataset5.RDS --model diagREDM --optimiser nlminb  --use_previous_run_startingvals T
[Mon Aug 22 17:35:00 2022]
Finished job 11420.
41 of 19534 steps (0.21%) done

[Mon Aug 22 17:35:01 2022]
rule simulate_for_comparison_multiple:
    input: ../data/assessing_models_simulation/GenerationJnormChangingNmBTwoLambdasOneChangingBeta
    output: ../data/assessing_models_simulation/datasets/multiple_GenerationJnormChangingNmBTwoLambdasOneChangingBeta_100_40_80_6_4_NA_NA_NA_dataset6.RDS
    jobid: 25481
    wildcards: datasetgeneration=GenerationJnormChangingNmBTwoLambdasOneChangingBeta, n=100, nlambda=40, lmbda=80, d=6, beta_intensity=4, fixed_beta_intercept=NA, fixed_beta_slope=NA, sdRE_input=NA, itnum=6

Rscript --vanilla 3_analysis/simulation_model_assessment/generate_datasets_simulations/GenerationJnormChangingNmBTwoLambdasOneChangingBeta.R --input ../data/assessing_models_simulation/GenerationJnormChangingNmBTwoLambdasOneChangingBeta --d 6 --n 100 --nlambda 40 --lambda 80 --beta_gamma_shape 4 --outfile ../data/assessing_models_simulation/datasets/multiple_GenerationJnormChangingNmBTwoLambdasOneChangingBeta_100_40_80_6_4_NA_NA_NA_dataset6.RDS --beta_intercept_input NA --beta_slope_input NA --sdRE_input NA
[Mon Aug 22 17:35:02 2022]
Finished job 25481.
42 of 19534 steps (0.22%) done

[Mon Aug 22 17:35:02 2022]
rule inference_simulation_TMB_multiple:
    input: ../data/assessing_models_simulation/datasets/multiple_GenerationJnormChangingNmBTwoLambdasOneChangingBeta_100_40_80_6_4_NA_NA_NA_dataset6.RDS
    output: ../data/assessing_models_simulation/inference_results/TMB/nlminb/multiple_GenerationJnormChangingNmBTwoLambdasOneChangingBeta_100_40_80_6_4_singleREDM_NA_NA_NA_dataset6.RDS
    log: logs/inference/nlminb/simulation_GenerationJnormChangingNmBTwoLambdasOneChangingBeta_100_40_80_6_4_ModelsingleREDM_NA_NA_NA_dataset6.log
    jobid: 18761
    wildcards: optimiser=nlminb, datasetgeneration=GenerationJnormChangingNmBTwoLambdasOneChangingBeta, n=100, nlambda=40, lmbda=80, d=6, beta_intensity=4, model=singleREDM, fixed_beta_intercept=NA, fixed_beta_slope=NA, sdRE_input=NA, itnum=6

Rscript 2_inference_TMB/run_TMB.R --input ../data/assessing_models_simulation/datasets/multiple_GenerationJnormChangingNmBTwoLambdasOneChangingBeta_100_40_80_6_4_NA_NA_NA_dataset6.RDS --output ../data/assessing_models_simulation/inference_results/TMB/nlminb/multiple_GenerationJnormChangingNmBTwoLambdasOneChangingBeta_100_40_80_6_4_singleREDM_NA_NA_NA_dataset6.RDS --model singleREDM --optimiser nlminb  --use_previous_run_startingvals T
[Mon Aug 22 17:35:08 2022]
Finished job 18761.
43 of 19534 steps (0.22%) done

[Mon Aug 22 17:35:08 2022]
rule inference_simulation_TMB_multiple:
    input: ../data/assessing_models_simulation/datasets/multiple_GenerationJnormChangingNmBTwoLambdasOneChangingBeta_100_40_80_6_4_NA_NA_NA_dataset6.RDS
    output: ../data/assessing_models_simulation/inference_results/TMB/nlminb/multiple_GenerationJnormChangingNmBTwoLambdasOneChangingBeta_100_40_80_6_4_fullREM_NA_NA_NA_dataset6.RDS
    log: logs/inference/nlminb/simulation_GenerationJnormChangingNmBTwoLambdasOneChangingBeta_100_40_80_6_4_ModelfullREM_NA_NA_NA_dataset6.log
    jobid: 5321
    wildcards: optimiser=nlminb, datasetgeneration=GenerationJnormChangingNmBTwoLambdasOneChangingBeta, n=100, nlambda=40, lmbda=80, d=6, beta_intensity=4, model=fullREM, fixed_beta_intercept=NA, fixed_beta_slope=NA, sdRE_input=NA, itnum=6

Rscript 2_inference_TMB/run_TMB.R --input ../data/assessing_models_simulation/datasets/multiple_GenerationJnormChangingNmBTwoLambdasOneChangingBeta_100_40_80_6_4_NA_NA_NA_dataset6.RDS --output ../data/assessing_models_simulation/inference_results/TMB/nlminb/multiple_GenerationJnormChangingNmBTwoLambdasOneChangingBeta_100_40_80_6_4_fullREM_NA_NA_NA_dataset6.RDS --model fullREM --optimiser nlminb  --use_previous_run_startingvals T
[Mon Aug 22 17:35:14 2022]
Finished job 5321.
44 of 19534 steps (0.23%) done

[Mon Aug 22 17:35:14 2022]
rule inference_simulation_TMB_multiple:
    input: ../data/assessing_models_simulation/datasets/multiple_GenerationJnormChangingNmBTwoLambdasOneChangingBeta_100_40_80_6_4_NA_NA_NA_dataset6.RDS
    output: ../data/assessing_models_simulation/inference_results/TMB/nlminb/multiple_GenerationJnormChangingNmBTwoLambdasOneChangingBeta_100_40_80_6_4_diagREDM_NA_NA_NA_dataset6.RDS
    log: logs/inference/nlminb/simulation_GenerationJnormChangingNmBTwoLambdasOneChangingBeta_100_40_80_6_4_ModeldiagREDM_NA_NA_NA_dataset6.log
    jobid: 12041
    wildcards: optimiser=nlminb, datasetgeneration=GenerationJnormChangingNmBTwoLambdasOneChangingBeta, n=100, nlambda=40, lmbda=80, d=6, beta_intensity=4, model=diagREDM, fixed_beta_intercept=NA, fixed_beta_slope=NA, sdRE_input=NA, itnum=6

Rscript 2_inference_TMB/run_TMB.R --input ../data/assessing_models_simulation/datasets/multiple_GenerationJnormChangingNmBTwoLambdasOneChangingBeta_100_40_80_6_4_NA_NA_NA_dataset6.RDS --output ../data/assessing_models_simulation/inference_results/TMB/nlminb/multiple_GenerationJnormChangingNmBTwoLambdasOneChangingBeta_100_40_80_6_4_diagREDM_NA_NA_NA_dataset6.RDS --model diagREDM --optimiser nlminb  --use_previous_run_startingvals T
[Mon Aug 22 17:35:28 2022]
Finished job 12041.
45 of 19534 steps (0.23%) done

[Mon Aug 22 17:35:28 2022]
rule simulate_for_comparison_multiple:
    input: ../data/assessing_models_simulation/GenerationJnormChangingNmBTwoLambdasOneChangingBeta
    output: ../data/assessing_models_simulation/datasets/multiple_GenerationJnormChangingNmBTwoLambdasOneChangingBeta_30_160_80_3_4_NA_NA_NA_dataset3.RDS
    jobid: 23308
    wildcards: datasetgeneration=GenerationJnormChangingNmBTwoLambdasOneChangingBeta, n=30, nlambda=160, lmbda=80, d=3, beta_intensity=4, fixed_beta_intercept=NA, fixed_beta_slope=NA, sdRE_input=NA, itnum=3

Rscript --vanilla 3_analysis/simulation_model_assessment/generate_datasets_simulations/GenerationJnormChangingNmBTwoLambdasOneChangingBeta.R --input ../data/assessing_models_simulation/GenerationJnormChangingNmBTwoLambdasOneChangingBeta --d 3 --n 30 --nlambda 160 --lambda 80 --beta_gamma_shape 4 --outfile ../data/assessing_models_simulation/datasets/multiple_GenerationJnormChangingNmBTwoLambdasOneChangingBeta_30_160_80_3_4_NA_NA_NA_dataset3.RDS --beta_intercept_input NA --beta_slope_input NA --sdRE_input NA
[Mon Aug 22 17:35:30 2022]
Finished job 23308.
46 of 19534 steps (0.24%) done

[Mon Aug 22 17:35:30 2022]
rule inference_simulation_TMB_multiple:
    input: ../data/assessing_models_simulation/datasets/multiple_GenerationJnormChangingNmBTwoLambdasOneChangingBeta_30_160_80_3_4_NA_NA_NA_dataset3.RDS
    output: ../data/assessing_models_simulation/inference_results/TMB/nlminb/multiple_GenerationJnormChangingNmBTwoLambdasOneChangingBeta_30_160_80_3_4_singleREDM_NA_NA_NA_dataset3.RDS
    log: logs/inference/nlminb/simulation_GenerationJnormChangingNmBTwoLambdasOneChangingBeta_30_160_80_3_4_ModelsingleREDM_NA_NA_NA_dataset3.log
    jobid: 16588
    wildcards: optimiser=nlminb, datasetgeneration=GenerationJnormChangingNmBTwoLambdasOneChangingBeta, n=30, nlambda=160, lmbda=80, d=3, beta_intensity=4, model=singleREDM, fixed_beta_intercept=NA, fixed_beta_slope=NA, sdRE_input=NA, itnum=3

Rscript 2_inference_TMB/run_TMB.R --input ../data/assessing_models_simulation/datasets/multiple_GenerationJnormChangingNmBTwoLambdasOneChangingBeta_30_160_80_3_4_NA_NA_NA_dataset3.RDS --output ../data/assessing_models_simulation/inference_results/TMB/nlminb/multiple_GenerationJnormChangingNmBTwoLambdasOneChangingBeta_30_160_80_3_4_singleREDM_NA_NA_NA_dataset3.RDS --model singleREDM --optimiser nlminb  --use_previous_run_startingvals T
[Mon Aug 22 17:35:32 2022]
Finished job 16588.
47 of 19534 steps (0.24%) done

[Mon Aug 22 17:35:32 2022]
rule inference_simulation_TMB_multiple:
    input: ../data/assessing_models_simulation/datasets/multiple_GenerationJnormChangingNmBTwoLambdasOneChangingBeta_30_160_80_3_4_NA_NA_NA_dataset3.RDS
    output: ../data/assessing_models_simulation/inference_results/TMB/nlminb/multiple_GenerationJnormChangingNmBTwoLambdasOneChangingBeta_30_160_80_3_4_fullREM_NA_NA_NA_dataset3.RDS
    log: logs/inference/nlminb/simulation_GenerationJnormChangingNmBTwoLambdasOneChangingBeta_30_160_80_3_4_ModelfullREM_NA_NA_NA_dataset3.log
    jobid: 3148
    wildcards: optimiser=nlminb, datasetgeneration=GenerationJnormChangingNmBTwoLambdasOneChangingBeta, n=30, nlambda=160, lmbda=80, d=3, beta_intensity=4, model=fullREM, fixed_beta_intercept=NA, fixed_beta_slope=NA, sdRE_input=NA, itnum=3

Rscript 2_inference_TMB/run_TMB.R --input ../data/assessing_models_simulation/datasets/multiple_GenerationJnormChangingNmBTwoLambdasOneChangingBeta_30_160_80_3_4_NA_NA_NA_dataset3.RDS --output ../data/assessing_models_simulation/inference_results/TMB/nlminb/multiple_GenerationJnormChangingNmBTwoLambdasOneChangingBeta_30_160_80_3_4_fullREM_NA_NA_NA_dataset3.RDS --model fullREM --optimiser nlminb  --use_previous_run_startingvals T
[Mon Aug 22 17:35:34 2022]
Finished job 3148.
48 of 19534 steps (0.25%) done

[Mon Aug 22 17:35:34 2022]
rule inference_simulation_TMB_multiple:
    input: ../data/assessing_models_simulation/datasets/multiple_GenerationJnormChangingNmBTwoLambdasOneChangingBeta_30_160_80_3_4_NA_NA_NA_dataset3.RDS
    output: ../data/assessing_models_simulation/inference_results/TMB/nlminb/multiple_GenerationJnormChangingNmBTwoLambdasOneChangingBeta_30_160_80_3_4_diagREDM_NA_NA_NA_dataset3.RDS
    log: logs/inference/nlminb/simulation_GenerationJnormChangingNmBTwoLambdasOneChangingBeta_30_160_80_3_4_ModeldiagREDM_NA_NA_NA_dataset3.log
    jobid: 9868
    wildcards: optimiser=nlminb, datasetgeneration=GenerationJnormChangingNmBTwoLambdasOneChangingBeta, n=30, nlambda=160, lmbda=80, d=3, beta_intensity=4, model=diagREDM, fixed_beta_intercept=NA, fixed_beta_slope=NA, sdRE_input=NA, itnum=3

Rscript 2_inference_TMB/run_TMB.R --input ../data/assessing_models_simulation/datasets/multiple_GenerationJnormChangingNmBTwoLambdasOneChangingBeta_30_160_80_3_4_NA_NA_NA_dataset3.RDS --output ../data/assessing_models_simulation/inference_results/TMB/nlminb/multiple_GenerationJnormChangingNmBTwoLambdasOneChangingBeta_30_160_80_3_4_diagREDM_NA_NA_NA_dataset3.RDS --model diagREDM --optimiser nlminb  --use_previous_run_startingvals T
[Mon Aug 22 17:35:37 2022]
Finished job 9868.
49 of 19534 steps (0.25%) done

[Mon Aug 22 17:35:37 2022]
rule simulate_for_comparison_multiple:
    input: ../data/assessing_models_simulation/GenerationJnormChangingNmBTwoLambdasOneChangingBeta
    output: ../data/assessing_models_simulation/datasets/multiple_GenerationJnormChangingNmBTwoLambdasOneChangingBeta_30_160_80_4_0_NA_NA_NA_dataset0.RDS
    jobid: 23315
    wildcards: datasetgeneration=GenerationJnormChangingNmBTwoLambdasOneChangingBeta, n=30, nlambda=160, lmbda=80, d=4, beta_intensity=0, fixed_beta_intercept=NA, fixed_beta_slope=NA, sdRE_input=NA, itnum=0

Rscript --vanilla 3_analysis/simulation_model_assessment/generate_datasets_simulations/GenerationJnormChangingNmBTwoLambdasOneChangingBeta.R --input ../data/assessing_models_simulation/GenerationJnormChangingNmBTwoLambdasOneChangingBeta --d 4 --n 30 --nlambda 160 --lambda 80 --beta_gamma_shape 0 --outfile ../data/assessing_models_simulation/datasets/multiple_GenerationJnormChangingNmBTwoLambdasOneChangingBeta_30_160_80_4_0_NA_NA_NA_dataset0.RDS --beta_intercept_input NA --beta_slope_input NA --sdRE_input NA
[Mon Aug 22 17:35:39 2022]
Finished job 23315.
50 of 19534 steps (0.26%) done

[Mon Aug 22 17:35:39 2022]
rule inference_simulation_TMB_multiple:
    input: ../data/assessing_models_simulation/datasets/multiple_GenerationJnormChangingNmBTwoLambdasOneChangingBeta_30_160_80_4_0_NA_NA_NA_dataset0.RDS
    output: ../data/assessing_models_simulation/inference_results/TMB/nlminb/multiple_GenerationJnormChangingNmBTwoLambdasOneChangingBeta_30_160_80_4_0_singleREDM_NA_NA_NA_dataset0.RDS
    log: logs/inference/nlminb/simulation_GenerationJnormChangingNmBTwoLambdasOneChangingBeta_30_160_80_4_0_ModelsingleREDM_NA_NA_NA_dataset0.log
    jobid: 16595
    wildcards: optimiser=nlminb, datasetgeneration=GenerationJnormChangingNmBTwoLambdasOneChangingBeta, n=30, nlambda=160, lmbda=80, d=4, beta_intensity=0, model=singleREDM, fixed_beta_intercept=NA, fixed_beta_slope=NA, sdRE_input=NA, itnum=0

Rscript 2_inference_TMB/run_TMB.R --input ../data/assessing_models_simulation/datasets/multiple_GenerationJnormChangingNmBTwoLambdasOneChangingBeta_30_160_80_4_0_NA_NA_NA_dataset0.RDS --output ../data/assessing_models_simulation/inference_results/TMB/nlminb/multiple_GenerationJnormChangingNmBTwoLambdasOneChangingBeta_30_160_80_4_0_singleREDM_NA_NA_NA_dataset0.RDS --model singleREDM --optimiser nlminb  --use_previous_run_startingvals T
[Mon Aug 22 17:35:41 2022]
Finished job 16595.
51 of 19534 steps (0.26%) done

[Mon Aug 22 17:35:41 2022]
rule inference_simulation_TMB_multiple:
    input: ../data/assessing_models_simulation/datasets/multiple_GenerationJnormChangingNmBTwoLambdasOneChangingBeta_30_160_80_4_0_NA_NA_NA_dataset0.RDS
    output: ../data/assessing_models_simulation/inference_results/TMB/nlminb/multiple_GenerationJnormChangingNmBTwoLambdasOneChangingBeta_30_160_80_4_0_fullREM_NA_NA_NA_dataset0.RDS
    log: logs/inference/nlminb/simulation_GenerationJnormChangingNmBTwoLambdasOneChangingBeta_30_160_80_4_0_ModelfullREM_NA_NA_NA_dataset0.log
    jobid: 3155
    wildcards: optimiser=nlminb, datasetgeneration=GenerationJnormChangingNmBTwoLambdasOneChangingBeta, n=30, nlambda=160, lmbda=80, d=4, beta_intensity=0, model=fullREM, fixed_beta_intercept=NA, fixed_beta_slope=NA, sdRE_input=NA, itnum=0

Rscript 2_inference_TMB/run_TMB.R --input ../data/assessing_models_simulation/datasets/multiple_GenerationJnormChangingNmBTwoLambdasOneChangingBeta_30_160_80_4_0_NA_NA_NA_dataset0.RDS --output ../data/assessing_models_simulation/inference_results/TMB/nlminb/multiple_GenerationJnormChangingNmBTwoLambdasOneChangingBeta_30_160_80_4_0_fullREM_NA_NA_NA_dataset0.RDS --model fullREM --optimiser nlminb  --use_previous_run_startingvals T
[Mon Aug 22 17:35:43 2022]
Finished job 3155.
52 of 19534 steps (0.27%) done

[Mon Aug 22 17:35:43 2022]
rule inference_simulation_TMB_multiple:
    input: ../data/assessing_models_simulation/datasets/multiple_GenerationJnormChangingNmBTwoLambdasOneChangingBeta_30_160_80_4_0_NA_NA_NA_dataset0.RDS
    output: ../data/assessing_models_simulation/inference_results/TMB/nlminb/multiple_GenerationJnormChangingNmBTwoLambdasOneChangingBeta_30_160_80_4_0_diagREDM_NA_NA_NA_dataset0.RDS
    log: logs/inference/nlminb/simulation_GenerationJnormChangingNmBTwoLambdasOneChangingBeta_30_160_80_4_0_ModeldiagREDM_NA_NA_NA_dataset0.log
    jobid: 9875
    wildcards: optimiser=nlminb, datasetgeneration=GenerationJnormChangingNmBTwoLambdasOneChangingBeta, n=30, nlambda=160, lmbda=80, d=4, beta_intensity=0, model=diagREDM, fixed_beta_intercept=NA, fixed_beta_slope=NA, sdRE_input=NA, itnum=0

Rscript 2_inference_TMB/run_TMB.R --input ../data/assessing_models_simulation/datasets/multiple_GenerationJnormChangingNmBTwoLambdasOneChangingBeta_30_160_80_4_0_NA_NA_NA_dataset0.RDS --output ../data/assessing_models_simulation/inference_results/TMB/nlminb/multiple_GenerationJnormChangingNmBTwoLambdasOneChangingBeta_30_160_80_4_0_diagREDM_NA_NA_NA_dataset0.RDS --model diagREDM --optimiser nlminb  --use_previous_run_startingvals T
[Mon Aug 22 17:35:47 2022]
Finished job 9875.
53 of 19534 steps (0.27%) done

[Mon Aug 22 17:35:47 2022]
rule simulate_for_comparison_multiple:
    input: ../data/assessing_models_simulation/GenerationJnormChangingNmBTwoLambdasOneChangingBeta
    output: ../data/assessing_models_simulation/datasets/multiple_GenerationJnormChangingNmBTwoLambdasOneChangingBeta_30_60_80_3_0.6_NA_NA_NA_dataset2.RDS
    jobid: 22177
    wildcards: datasetgeneration=GenerationJnormChangingNmBTwoLambdasOneChangingBeta, n=30, nlambda=60, lmbda=80, d=3, beta_intensity=0.6, fixed_beta_intercept=NA, fixed_beta_slope=NA, sdRE_input=NA, itnum=2

Rscript --vanilla 3_analysis/simulation_model_assessment/generate_datasets_simulations/GenerationJnormChangingNmBTwoLambdasOneChangingBeta.R --input ../data/assessing_models_simulation/GenerationJnormChangingNmBTwoLambdasOneChangingBeta --d 3 --n 30 --nlambda 60 --lambda 80 --beta_gamma_shape 0.6 --outfile ../data/assessing_models_simulation/datasets/multiple_GenerationJnormChangingNmBTwoLambdasOneChangingBeta_30_60_80_3_0.6_NA_NA_NA_dataset2.RDS --beta_intercept_input NA --beta_slope_input NA --sdRE_input NA
[Mon Aug 22 17:35:48 2022]
Finished job 22177.
54 of 19534 steps (0.28%) done

[Mon Aug 22 17:35:49 2022]
rule inference_simulation_TMB_multiple:
    input: ../data/assessing_models_simulation/datasets/multiple_GenerationJnormChangingNmBTwoLambdasOneChangingBeta_30_60_80_3_0.6_NA_NA_NA_dataset2.RDS
    output: ../data/assessing_models_simulation/inference_results/TMB/nlminb/multiple_GenerationJnormChangingNmBTwoLambdasOneChangingBeta_30_60_80_3_0.6_singleREDM_NA_NA_NA_dataset2.RDS
    log: logs/inference/nlminb/simulation_GenerationJnormChangingNmBTwoLambdasOneChangingBeta_30_60_80_3_0.6_ModelsingleREDM_NA_NA_NA_dataset2.log
    jobid: 15457
    wildcards: optimiser=nlminb, datasetgeneration=GenerationJnormChangingNmBTwoLambdasOneChangingBeta, n=30, nlambda=60, lmbda=80, d=3, beta_intensity=0.6, model=singleREDM, fixed_beta_intercept=NA, fixed_beta_slope=NA, sdRE_input=NA, itnum=2

Rscript 2_inference_TMB/run_TMB.R --input ../data/assessing_models_simulation/datasets/multiple_GenerationJnormChangingNmBTwoLambdasOneChangingBeta_30_60_80_3_0.6_NA_NA_NA_dataset2.RDS --output ../data/assessing_models_simulation/inference_results/TMB/nlminb/multiple_GenerationJnormChangingNmBTwoLambdasOneChangingBeta_30_60_80_3_0.6_singleREDM_NA_NA_NA_dataset2.RDS --model singleREDM --optimiser nlminb  --use_previous_run_startingvals T
[Mon Aug 22 17:35:51 2022]
Finished job 15457.
55 of 19534 steps (0.28%) done

[Mon Aug 22 17:35:51 2022]
rule inference_simulation_TMB_multiple:
    input: ../data/assessing_models_simulation/datasets/multiple_GenerationJnormChangingNmBTwoLambdasOneChangingBeta_30_60_80_3_0.6_NA_NA_NA_dataset2.RDS
    output: ../data/assessing_models_simulation/inference_results/TMB/nlminb/multiple_GenerationJnormChangingNmBTwoLambdasOneChangingBeta_30_60_80_3_0.6_fullREM_NA_NA_NA_dataset2.RDS
    log: logs/inference/nlminb/simulation_GenerationJnormChangingNmBTwoLambdasOneChangingBeta_30_60_80_3_0.6_ModelfullREM_NA_NA_NA_dataset2.log
    jobid: 2017
    wildcards: optimiser=nlminb, datasetgeneration=GenerationJnormChangingNmBTwoLambdasOneChangingBeta, n=30, nlambda=60, lmbda=80, d=3, beta_intensity=0.6, model=fullREM, fixed_beta_intercept=NA, fixed_beta_slope=NA, sdRE_input=NA, itnum=2

Rscript 2_inference_TMB/run_TMB.R --input ../data/assessing_models_simulation/datasets/multiple_GenerationJnormChangingNmBTwoLambdasOneChangingBeta_30_60_80_3_0.6_NA_NA_NA_dataset2.RDS --output ../data/assessing_models_simulation/inference_results/TMB/nlminb/multiple_GenerationJnormChangingNmBTwoLambdasOneChangingBeta_30_60_80_3_0.6_fullREM_NA_NA_NA_dataset2.RDS --model fullREM --optimiser nlminb  --use_previous_run_startingvals T
[Mon Aug 22 17:35:53 2022]
Error in rule inference_simulation_TMB_multiple:
    jobid: 2017
    output: ../data/assessing_models_simulation/inference_results/TMB/nlminb/multiple_GenerationJnormChangingNmBTwoLambdasOneChangingBeta_30_60_80_3_0.6_fullREM_NA_NA_NA_dataset2.RDS
    log: logs/inference/nlminb/simulation_GenerationJnormChangingNmBTwoLambdasOneChangingBeta_30_60_80_3_0.6_ModelfullREM_NA_NA_NA_dataset2.log (check log file(s) for error message)
    shell:
        Rscript 2_inference_TMB/run_TMB.R --input ../data/assessing_models_simulation/datasets/multiple_GenerationJnormChangingNmBTwoLambdasOneChangingBeta_30_60_80_3_0.6_NA_NA_NA_dataset2.RDS --output ../data/assessing_models_simulation/inference_results/TMB/nlminb/multiple_GenerationJnormChangingNmBTwoLambdasOneChangingBeta_30_60_80_3_0.6_fullREM_NA_NA_NA_dataset2.RDS --model fullREM --optimiser nlminb  --use_previous_run_startingvals T

Shutting down, this might take some time.
Exiting because a job execution failed. Look above for error message
Complete log: /Users/morril01/Documents/PhD/GlobalDA/code/.snakemake/log/2022-08-22T173218.646776.snakemake.log
