Building DAG of jobs...
Using shell: /usr/local/bin/bash
Provided cores: 1
Rules claiming more threads will be scaled down.
Job counts:
	count	jobs
	1	all
	1188	inference_simulation_TMB_multiple_LRT
	1189

[Sat Sep 10 09:28:38 2022]
rule inference_simulation_TMB_multiple_LRT:
    input: ../data/assessing_models_simulation/datasets/multiple_GenerationMixturefewersignaturespairedKidneyRCCPCAWG_100_200_80_4_-2_NA_NA_NA_dataset6.RDS
    output: ../data/assessing_models_simulation/inference_results/TMB_LRT/nlminb/multiple_GenerationMixturefewersignaturespairedKidneyRCCPCAWG_100_200_80_4_-2_diagREDM_NA_NA_NA_dataset6.RDS
    log: logs/inference/nlminb/simulation_GenerationMixturefewersignaturespairedKidneyRCCPCAWG_100_200_80_4_-2_ModeldiagREDM_NA_NA_NA_dataset6.log
    jobid: 967
    wildcards: optimiser=nlminb, datasetgeneration=GenerationMixturefewersignaturespairedKidneyRCCPCAWG, n=100, nlambda=200, lmbda=80, d=4, beta_intensity=-2, model=diagREDM, fixed_beta_intercept=NA, fixed_beta_slope=NA, sdRE_input=NA, itnum=6

Rscript 2_inference_TMB/run_TMB.R --return_opt_bool T --input ../data/assessing_models_simulation/datasets/multiple_GenerationMixturefewersignaturespairedKidneyRCCPCAWG_100_200_80_4_-2_NA_NA_NA_dataset6.RDS --output ../data/assessing_models_simulation/inference_results/TMB_LRT/nlminb/multiple_GenerationMixturefewersignaturespairedKidneyRCCPCAWG_100_200_80_4_-2_diagREDM_NA_NA_NA_dataset6.RDS --model diagREDM --optimiser nlminb  --use_previous_run_startingvals T
[Sat Sep 10 09:28:46 2022]
Finished job 967.
1 of 1189 steps (0.08%) done

[Sat Sep 10 09:28:46 2022]
rule inference_simulation_TMB_multiple_LRT:
    input: ../data/assessing_models_simulation/datasets/multiple_GenerationMixturefewersignaturespairedKidneyRCCPCAWG_100_200_80_4_-1_NA_NA_NA_dataset18.RDS
    output: ../data/assessing_models_simulation/inference_results/TMB_LRT/nlminb/multiple_GenerationMixturefewersignaturespairedKidneyRCCPCAWG_100_200_80_4_-1_diagREDM_NA_NA_NA_dataset18.RDS
    log: logs/inference/nlminb/simulation_GenerationMixturefewersignaturespairedKidneyRCCPCAWG_100_200_80_4_-1_ModeldiagREDM_NA_NA_NA_dataset18.log
    jobid: 1039
    wildcards: optimiser=nlminb, datasetgeneration=GenerationMixturefewersignaturespairedKidneyRCCPCAWG, n=100, nlambda=200, lmbda=80, d=4, beta_intensity=-1, model=diagREDM, fixed_beta_intercept=NA, fixed_beta_slope=NA, sdRE_input=NA, itnum=18

Rscript 2_inference_TMB/run_TMB.R --return_opt_bool T --input ../data/assessing_models_simulation/datasets/multiple_GenerationMixturefewersignaturespairedKidneyRCCPCAWG_100_200_80_4_-1_NA_NA_NA_dataset18.RDS --output ../data/assessing_models_simulation/inference_results/TMB_LRT/nlminb/multiple_GenerationMixturefewersignaturespairedKidneyRCCPCAWG_100_200_80_4_-1_diagREDM_NA_NA_NA_dataset18.RDS --model diagREDM --optimiser nlminb  --use_previous_run_startingvals T
[Sat Sep 10 09:28:54 2022]
Finished job 1039.
2 of 1189 steps (0.17%) done

[Sat Sep 10 09:28:54 2022]
rule inference_simulation_TMB_multiple_LRT:
    input: ../data/assessing_models_simulation/datasets/multiple_GenerationMixturefewersignaturespairedKidneyRCCPCAWG_100_200_80_4_-2_NA_NA_NA_dataset6.RDS
    output: ../data/assessing_models_simulation/inference_results/TMB_LRT/nlminb/multiple_GenerationMixturefewersignaturespairedKidneyRCCPCAWG_100_200_80_4_-2_diagREDMsinglelambda_NA_NA_NA_dataset6.RDS
    log: logs/inference/nlminb/simulation_GenerationMixturefewersignaturespairedKidneyRCCPCAWG_100_200_80_4_-2_ModeldiagREDMsinglelambda_NA_NA_NA_dataset6.log
    jobid: 1007
    wildcards: optimiser=nlminb, datasetgeneration=GenerationMixturefewersignaturespairedKidneyRCCPCAWG, n=100, nlambda=200, lmbda=80, d=4, beta_intensity=-2, model=diagREDMsinglelambda, fixed_beta_intercept=NA, fixed_beta_slope=NA, sdRE_input=NA, itnum=6

Rscript 2_inference_TMB/run_TMB.R --return_opt_bool T --input ../data/assessing_models_simulation/datasets/multiple_GenerationMixturefewersignaturespairedKidneyRCCPCAWG_100_200_80_4_-2_NA_NA_NA_dataset6.RDS --output ../data/assessing_models_simulation/inference_results/TMB_LRT/nlminb/multiple_GenerationMixturefewersignaturespairedKidneyRCCPCAWG_100_200_80_4_-2_diagREDMsinglelambda_NA_NA_NA_dataset6.RDS --model diagREDMsinglelambda --optimiser nlminb  --use_previous_run_startingvals T
[Sat Sep 10 09:29:00 2022]
Finished job 1007.
3 of 1189 steps (0.25%) done

[Sat Sep 10 09:29:00 2022]
rule inference_simulation_TMB_multiple_LRT:
    input: ../data/assessing_models_simulation/datasets/multiple_GenerationMixturefewersignaturespairedKidneyRCCPCAWG_100_200_80_4_-12_NA_NA_NA_dataset17.RDS
    output: ../data/assessing_models_simulation/inference_results/TMB_LRT/nlminb/multiple_GenerationMixturefewersignaturespairedKidneyRCCPCAWG_100_200_80_4_-12_diagREDMsinglelambda_NA_NA_NA_dataset17.RDS
    log: logs/inference/nlminb/simulation_GenerationMixturefewersignaturespairedKidneyRCCPCAWG_100_200_80_4_-12_ModeldiagREDMsinglelambda_NA_NA_NA_dataset17.log
    jobid: 778
    wildcards: optimiser=nlminb, datasetgeneration=GenerationMixturefewersignaturespairedKidneyRCCPCAWG, n=100, nlambda=200, lmbda=80, d=4, beta_intensity=-12, model=diagREDMsinglelambda, fixed_beta_intercept=NA, fixed_beta_slope=NA, sdRE_input=NA, itnum=17

Rscript 2_inference_TMB/run_TMB.R --return_opt_bool T --input ../data/assessing_models_simulation/datasets/multiple_GenerationMixturefewersignaturespairedKidneyRCCPCAWG_100_200_80_4_-12_NA_NA_NA_dataset17.RDS --output ../data/assessing_models_simulation/inference_results/TMB_LRT/nlminb/multiple_GenerationMixturefewersignaturespairedKidneyRCCPCAWG_100_200_80_4_-12_diagREDMsinglelambda_NA_NA_NA_dataset17.RDS --model diagREDMsinglelambda --optimiser nlminb  --use_previous_run_startingvals T
[Sat Sep 10 09:29:06 2022]
Finished job 778.
4 of 1189 steps (0.34%) done

[Sat Sep 10 09:29:06 2022]
rule inference_simulation_TMB_multiple_LRT:
    input: ../data/assessing_models_simulation/datasets/multiple_GenerationMixturefewersignaturespairedKidneyRCCPCAWG_100_200_80_4_-999_NA_NA_NA_dataset10.RDS
    output: ../data/assessing_models_simulation/inference_results/TMB_LRT/nlminb/multiple_GenerationMixturefewersignaturespairedKidneyRCCPCAWG_100_200_80_4_-999_diagREDM_NA_NA_NA_dataset10.RDS
    log: logs/inference/nlminb/simulation_GenerationMixturefewersignaturespairedKidneyRCCPCAWG_100_200_80_4_-999_ModeldiagREDM_NA_NA_NA_dataset10.log
    jobid: 671
    wildcards: optimiser=nlminb, datasetgeneration=GenerationMixturefewersignaturespairedKidneyRCCPCAWG, n=100, nlambda=200, lmbda=80, d=4, beta_intensity=-999, model=diagREDM, fixed_beta_intercept=NA, fixed_beta_slope=NA, sdRE_input=NA, itnum=10

Rscript 2_inference_TMB/run_TMB.R --return_opt_bool T --input ../data/assessing_models_simulation/datasets/multiple_GenerationMixturefewersignaturespairedKidneyRCCPCAWG_100_200_80_4_-999_NA_NA_NA_dataset10.RDS --output ../data/assessing_models_simulation/inference_results/TMB_LRT/nlminb/multiple_GenerationMixturefewersignaturespairedKidneyRCCPCAWG_100_200_80_4_-999_diagREDM_NA_NA_NA_dataset10.RDS --model diagREDM --optimiser nlminb  --use_previous_run_startingvals T
[Sat Sep 10 09:29:13 2022]
Finished job 671.
5 of 1189 steps (0.42%) done

[Sat Sep 10 09:29:13 2022]
rule inference_simulation_TMB_multiple_LRT:
    input: ../data/assessing_models_simulation/datasets/multiple_GenerationMixturefewersignaturespairedKidneyRCCPCAWG_100_200_80_4_-1_NA_NA_NA_dataset7.RDS
    output: ../data/assessing_models_simulation/inference_results/TMB_LRT/nlminb/multiple_GenerationMixturefewersignaturespairedKidneyRCCPCAWG_100_200_80_4_-1_diagREDM_NA_NA_NA_dataset7.RDS
    log: logs/inference/nlminb/simulation_GenerationMixturefewersignaturespairedKidneyRCCPCAWG_100_200_80_4_-1_ModeldiagREDM_NA_NA_NA_dataset7.log
    jobid: 1028
    wildcards: optimiser=nlminb, datasetgeneration=GenerationMixturefewersignaturespairedKidneyRCCPCAWG, n=100, nlambda=200, lmbda=80, d=4, beta_intensity=-1, model=diagREDM, fixed_beta_intercept=NA, fixed_beta_slope=NA, sdRE_input=NA, itnum=7

Rscript 2_inference_TMB/run_TMB.R --return_opt_bool T --input ../data/assessing_models_simulation/datasets/multiple_GenerationMixturefewersignaturespairedKidneyRCCPCAWG_100_200_80_4_-1_NA_NA_NA_dataset7.RDS --output ../data/assessing_models_simulation/inference_results/TMB_LRT/nlminb/multiple_GenerationMixturefewersignaturespairedKidneyRCCPCAWG_100_200_80_4_-1_diagREDM_NA_NA_NA_dataset7.RDS --model diagREDM --optimiser nlminb  --use_previous_run_startingvals T
[Sat Sep 10 09:29:21 2022]
Finished job 1028.
6 of 1189 steps (0.50%) done

[Sat Sep 10 09:29:21 2022]
rule inference_simulation_TMB_multiple_LRT:
    input: ../data/assessing_models_simulation/datasets/multiple_GenerationMixturefewersignaturespairedKidneyRCCPCAWG_100_200_80_4_12_NA_NA_NA_dataset10.RDS
    output: ../data/assessing_models_simulation/inference_results/TMB_LRT/nlminb/multiple_GenerationMixturefewersignaturespairedKidneyRCCPCAWG_100_200_80_4_12_diagREDMreducedmodel_NA_NA_NA_dataset10.RDS
    log: logs/inference/nlminb/simulation_GenerationMixturefewersignaturespairedKidneyRCCPCAWG_100_200_80_4_12_ModeldiagREDMreducedmodel_NA_NA_NA_dataset10.log
    jobid: 1291
    wildcards: optimiser=nlminb, datasetgeneration=GenerationMixturefewersignaturespairedKidneyRCCPCAWG, n=100, nlambda=200, lmbda=80, d=4, beta_intensity=12, model=diagREDMreducedmodel, fixed_beta_intercept=NA, fixed_beta_slope=NA, sdRE_input=NA, itnum=10

Rscript 2_inference_TMB/run_TMB.R --return_opt_bool T --input ../data/assessing_models_simulation/datasets/multiple_GenerationMixturefewersignaturespairedKidneyRCCPCAWG_100_200_80_4_12_NA_NA_NA_dataset10.RDS --output ../data/assessing_models_simulation/inference_results/TMB_LRT/nlminb/multiple_GenerationMixturefewersignaturespairedKidneyRCCPCAWG_100_200_80_4_12_diagREDMreducedmodel_NA_NA_NA_dataset10.RDS --model diagREDMreducedmodel --optimiser nlminb  --use_previous_run_startingvals T
[Sat Sep 10 09:29:28 2022]
Finished job 1291.
7 of 1189 steps (0.59%) done

[Sat Sep 10 09:29:28 2022]
rule inference_simulation_TMB_multiple_LRT:
    input: ../data/assessing_models_simulation/datasets/multiple_GenerationMixturefewersignaturespairedKidneyRCCPCAWG_100_200_80_4_-12_NA_NA_NA_dataset17.RDS
    output: ../data/assessing_models_simulation/inference_results/TMB_LRT/nlminb/multiple_GenerationMixturefewersignaturespairedKidneyRCCPCAWG_100_200_80_4_-12_diagREDM_NA_NA_NA_dataset17.RDS
    log: logs/inference/nlminb/simulation_GenerationMixturefewersignaturespairedKidneyRCCPCAWG_100_200_80_4_-12_ModeldiagREDM_NA_NA_NA_dataset17.log
    jobid: 738
    wildcards: optimiser=nlminb, datasetgeneration=GenerationMixturefewersignaturespairedKidneyRCCPCAWG, n=100, nlambda=200, lmbda=80, d=4, beta_intensity=-12, model=diagREDM, fixed_beta_intercept=NA, fixed_beta_slope=NA, sdRE_input=NA, itnum=17

Rscript 2_inference_TMB/run_TMB.R --return_opt_bool T --input ../data/assessing_models_simulation/datasets/multiple_GenerationMixturefewersignaturespairedKidneyRCCPCAWG_100_200_80_4_-12_NA_NA_NA_dataset17.RDS --output ../data/assessing_models_simulation/inference_results/TMB_LRT/nlminb/multiple_GenerationMixturefewersignaturespairedKidneyRCCPCAWG_100_200_80_4_-12_diagREDM_NA_NA_NA_dataset17.RDS --model diagREDM --optimiser nlminb  --use_previous_run_startingvals T
[Sat Sep 10 09:29:37 2022]
Error in rule inference_simulation_TMB_multiple_LRT:
    jobid: 738
    output: ../data/assessing_models_simulation/inference_results/TMB_LRT/nlminb/multiple_GenerationMixturefewersignaturespairedKidneyRCCPCAWG_100_200_80_4_-12_diagREDM_NA_NA_NA_dataset17.RDS
    log: logs/inference/nlminb/simulation_GenerationMixturefewersignaturespairedKidneyRCCPCAWG_100_200_80_4_-12_ModeldiagREDM_NA_NA_NA_dataset17.log (check log file(s) for error message)
    shell:
        Rscript 2_inference_TMB/run_TMB.R --return_opt_bool T --input ../data/assessing_models_simulation/datasets/multiple_GenerationMixturefewersignaturespairedKidneyRCCPCAWG_100_200_80_4_-12_NA_NA_NA_dataset17.RDS --output ../data/assessing_models_simulation/inference_results/TMB_LRT/nlminb/multiple_GenerationMixturefewersignaturespairedKidneyRCCPCAWG_100_200_80_4_-12_diagREDM_NA_NA_NA_dataset17.RDS --model diagREDM --optimiser nlminb  --use_previous_run_startingvals T

Shutting down, this might take some time.
Exiting because a job execution failed. Look above for error message
Complete log: /Users/morril01/Documents/PhD/GlobalDA/code/.snakemake/log/2022-09-10T092831.628165.snakemake.log
