Building DAG of jobs...
Using shell: /usr/local/bin/bash
Provided cores: 1
Rules claiming more threads will be scaled down.
Job counts:
	count	jobs
	1	all
	3	analyse_simulation_TMB_multiple
	1	analyse_simulation_TMB_multiple_integrate
	19450	inference_simulation_TMB_multiple
	6483	simulate_for_comparison_multiple
	25938

[Tue Aug  9 18:11:52 2022]
rule inference_simulation_TMB_multiple:
    input: ../data/assessing_models_simulation/datasets/multiple_GenerationJnormChangingNmBTwoLambdasOneChangingBeta_20_40_80_4_0.1_NA_NA_NA_dataset2.RDS
    output: ../data/assessing_models_simulation/inference_results/TMB/nlminb/multiple_GenerationJnormChangingNmBTwoLambdasOneChangingBeta_20_40_80_4_0.1_diagREDM_NA_NA_NA_dataset2.RDS
    log: logs/inference/nlminb/simulation_GenerationJnormChangingNmBTwoLambdasOneChangingBeta_20_40_80_4_0.1_ModeldiagREDM_NA_NA_NA_dataset2.log
    jobid: 6817
    wildcards: optimiser=nlminb, datasetgeneration=GenerationJnormChangingNmBTwoLambdasOneChangingBeta, n=20, nlambda=40, lmbda=80, d=4, beta_intensity=0.1, model=diagREDM, fixed_beta_intercept=NA, fixed_beta_slope=NA, sdRE_input=NA, itnum=2

Rscript 2_inference_TMB/run_TMB.R --input ../data/assessing_models_simulation/datasets/multiple_GenerationJnormChangingNmBTwoLambdasOneChangingBeta_20_40_80_4_0.1_NA_NA_NA_dataset2.RDS --output ../data/assessing_models_simulation/inference_results/TMB/nlminb/multiple_GenerationJnormChangingNmBTwoLambdasOneChangingBeta_20_40_80_4_0.1_diagREDM_NA_NA_NA_dataset2.RDS --model diagREDM --optimiser nlminb  --use_previous_run_startingvals T
[Tue Aug  9 18:11:56 2022]
Finished job 6817.
1 of 25938 steps (0.00%) done

[Tue Aug  9 18:11:56 2022]
rule simulate_for_comparison_multiple:
    input: ../data/assessing_models_simulation/GenerationJnormChangingNmBTwoLambdasOneChangingBeta
    output: ../data/assessing_models_simulation/datasets/multiple_GenerationJnormChangingNmBTwoLambdasOneChangingBeta_30_140_80_4_0_NA_NA_NA_dataset1.RDS
    jobid: 23036
    wildcards: datasetgeneration=GenerationJnormChangingNmBTwoLambdasOneChangingBeta, n=30, nlambda=140, lmbda=80, d=4, beta_intensity=0, fixed_beta_intercept=NA, fixed_beta_slope=NA, sdRE_input=NA, itnum=1

Rscript --vanilla 3_analysis/simulation_model_assessment/generate_datasets_simulations/GenerationJnormChangingNmBTwoLambdasOneChangingBeta.R --input ../data/assessing_models_simulation/GenerationJnormChangingNmBTwoLambdasOneChangingBeta --d 4 --n 30 --nlambda 140 --lambda 80 --beta_gamma_shape 0 --outfile ../data/assessing_models_simulation/datasets/multiple_GenerationJnormChangingNmBTwoLambdasOneChangingBeta_30_140_80_4_0_NA_NA_NA_dataset1.RDS --beta_intercept_input NA --beta_slope_input NA --sdRE_input NA
[Tue Aug  9 18:11:58 2022]
Finished job 23036.
2 of 25938 steps (0.01%) done

[Tue Aug  9 18:11:58 2022]
rule inference_simulation_TMB_multiple:
    input: ../data/assessing_models_simulation/datasets/multiple_GenerationJnormChangingNmBTwoLambdasOneChangingBeta_30_140_80_4_0_NA_NA_NA_dataset1.RDS
    output: ../data/assessing_models_simulation/inference_results/TMB/nlminb/multiple_GenerationJnormChangingNmBTwoLambdasOneChangingBeta_30_140_80_4_0_diagREDM_NA_NA_NA_dataset1.RDS
    log: logs/inference/nlminb/simulation_GenerationJnormChangingNmBTwoLambdasOneChangingBeta_30_140_80_4_0_ModeldiagREDM_NA_NA_NA_dataset1.log
    jobid: 9596
    wildcards: optimiser=nlminb, datasetgeneration=GenerationJnormChangingNmBTwoLambdasOneChangingBeta, n=30, nlambda=140, lmbda=80, d=4, beta_intensity=0, model=diagREDM, fixed_beta_intercept=NA, fixed_beta_slope=NA, sdRE_input=NA, itnum=1

Rscript 2_inference_TMB/run_TMB.R --input ../data/assessing_models_simulation/datasets/multiple_GenerationJnormChangingNmBTwoLambdasOneChangingBeta_30_140_80_4_0_NA_NA_NA_dataset1.RDS --output ../data/assessing_models_simulation/inference_results/TMB/nlminb/multiple_GenerationJnormChangingNmBTwoLambdasOneChangingBeta_30_140_80_4_0_diagREDM_NA_NA_NA_dataset1.RDS --model diagREDM --optimiser nlminb  --use_previous_run_startingvals T
[Tue Aug  9 18:12:02 2022]
Finished job 9596.
3 of 25938 steps (0.01%) done

[Tue Aug  9 18:12:02 2022]
rule inference_simulation_TMB_multiple:
    input: ../data/assessing_models_simulation/datasets/multiple_GenerationJnormChangingNmBTwoLambdasOneChangingBeta_30_140_80_4_0_NA_NA_NA_dataset1.RDS
    output: ../data/assessing_models_simulation/inference_results/TMB/nlminb/multiple_GenerationJnormChangingNmBTwoLambdasOneChangingBeta_30_140_80_4_0_singleREDM_NA_NA_NA_dataset1.RDS
    log: logs/inference/nlminb/simulation_GenerationJnormChangingNmBTwoLambdasOneChangingBeta_30_140_80_4_0_ModelsingleREDM_NA_NA_NA_dataset1.log
    jobid: 16316
    wildcards: optimiser=nlminb, datasetgeneration=GenerationJnormChangingNmBTwoLambdasOneChangingBeta, n=30, nlambda=140, lmbda=80, d=4, beta_intensity=0, model=singleREDM, fixed_beta_intercept=NA, fixed_beta_slope=NA, sdRE_input=NA, itnum=1

Rscript 2_inference_TMB/run_TMB.R --input ../data/assessing_models_simulation/datasets/multiple_GenerationJnormChangingNmBTwoLambdasOneChangingBeta_30_140_80_4_0_NA_NA_NA_dataset1.RDS --output ../data/assessing_models_simulation/inference_results/TMB/nlminb/multiple_GenerationJnormChangingNmBTwoLambdasOneChangingBeta_30_140_80_4_0_singleREDM_NA_NA_NA_dataset1.RDS --model singleREDM --optimiser nlminb  --use_previous_run_startingvals T
[Tue Aug  9 18:12:05 2022]
Finished job 16316.
4 of 25938 steps (0.02%) done

[Tue Aug  9 18:12:05 2022]
rule inference_simulation_TMB_multiple:
    input: ../data/assessing_models_simulation/datasets/multiple_GenerationJnormChangingNmBTwoLambdasOneChangingBeta_30_140_80_4_0_NA_NA_NA_dataset1.RDS
    output: ../data/assessing_models_simulation/inference_results/TMB/nlminb/multiple_GenerationJnormChangingNmBTwoLambdasOneChangingBeta_30_140_80_4_0_fullREM_NA_NA_NA_dataset1.RDS
    log: logs/inference/nlminb/simulation_GenerationJnormChangingNmBTwoLambdasOneChangingBeta_30_140_80_4_0_ModelfullREM_NA_NA_NA_dataset1.log
    jobid: 2876
    wildcards: optimiser=nlminb, datasetgeneration=GenerationJnormChangingNmBTwoLambdasOneChangingBeta, n=30, nlambda=140, lmbda=80, d=4, beta_intensity=0, model=fullREM, fixed_beta_intercept=NA, fixed_beta_slope=NA, sdRE_input=NA, itnum=1

Rscript 2_inference_TMB/run_TMB.R --input ../data/assessing_models_simulation/datasets/multiple_GenerationJnormChangingNmBTwoLambdasOneChangingBeta_30_140_80_4_0_NA_NA_NA_dataset1.RDS --output ../data/assessing_models_simulation/inference_results/TMB/nlminb/multiple_GenerationJnormChangingNmBTwoLambdasOneChangingBeta_30_140_80_4_0_fullREM_NA_NA_NA_dataset1.RDS --model fullREM --optimiser nlminb  --use_previous_run_startingvals T
[Tue Aug  9 18:12:08 2022]
Finished job 2876.
5 of 25938 steps (0.02%) done

[Tue Aug  9 18:12:08 2022]
rule simulate_for_comparison_multiple:
    input: ../data/assessing_models_simulation/GenerationJnormChangingNmBTwoLambdasOneChangingBeta
    output: ../data/assessing_models_simulation/datasets/multiple_GenerationJnormChangingNmBTwoLambdasOneChangingBeta_100_80_80_4_0.2_NA_NA_NA_dataset0.RDS
    jobid: 25865
    wildcards: datasetgeneration=GenerationJnormChangingNmBTwoLambdasOneChangingBeta, n=100, nlambda=80, lmbda=80, d=4, beta_intensity=0.2, fixed_beta_intercept=NA, fixed_beta_slope=NA, sdRE_input=NA, itnum=0

Rscript --vanilla 3_analysis/simulation_model_assessment/generate_datasets_simulations/GenerationJnormChangingNmBTwoLambdasOneChangingBeta.R --input ../data/assessing_models_simulation/GenerationJnormChangingNmBTwoLambdasOneChangingBeta --d 4 --n 100 --nlambda 80 --lambda 80 --beta_gamma_shape 0.2 --outfile ../data/assessing_models_simulation/datasets/multiple_GenerationJnormChangingNmBTwoLambdasOneChangingBeta_100_80_80_4_0.2_NA_NA_NA_dataset0.RDS --beta_intercept_input NA --beta_slope_input NA --sdRE_input NA
[Tue Aug  9 18:12:11 2022]
Finished job 25865.
6 of 25938 steps (0.02%) done

[Tue Aug  9 18:12:11 2022]
rule inference_simulation_TMB_multiple:
    input: ../data/assessing_models_simulation/datasets/multiple_GenerationJnormChangingNmBTwoLambdasOneChangingBeta_100_80_80_4_0.2_NA_NA_NA_dataset0.RDS
    output: ../data/assessing_models_simulation/inference_results/TMB/nlminb/multiple_GenerationJnormChangingNmBTwoLambdasOneChangingBeta_100_80_80_4_0.2_diagREDM_NA_NA_NA_dataset0.RDS
    log: logs/inference/nlminb/simulation_GenerationJnormChangingNmBTwoLambdasOneChangingBeta_100_80_80_4_0.2_ModeldiagREDM_NA_NA_NA_dataset0.log
    jobid: 12425
    wildcards: optimiser=nlminb, datasetgeneration=GenerationJnormChangingNmBTwoLambdasOneChangingBeta, n=100, nlambda=80, lmbda=80, d=4, beta_intensity=0.2, model=diagREDM, fixed_beta_intercept=NA, fixed_beta_slope=NA, sdRE_input=NA, itnum=0

Rscript 2_inference_TMB/run_TMB.R --input ../data/assessing_models_simulation/datasets/multiple_GenerationJnormChangingNmBTwoLambdasOneChangingBeta_100_80_80_4_0.2_NA_NA_NA_dataset0.RDS --output ../data/assessing_models_simulation/inference_results/TMB/nlminb/multiple_GenerationJnormChangingNmBTwoLambdasOneChangingBeta_100_80_80_4_0.2_diagREDM_NA_NA_NA_dataset0.RDS --model diagREDM --optimiser nlminb  --use_previous_run_startingvals T
[Tue Aug  9 18:12:20 2022]
Finished job 12425.
7 of 25938 steps (0.03%) done

[Tue Aug  9 18:12:20 2022]
rule inference_simulation_TMB_multiple:
    input: ../data/assessing_models_simulation/datasets/multiple_GenerationJnormChangingNmBTwoLambdasOneChangingBeta_100_80_80_4_0.2_NA_NA_NA_dataset0.RDS
    output: ../data/assessing_models_simulation/inference_results/TMB/nlminb/multiple_GenerationJnormChangingNmBTwoLambdasOneChangingBeta_100_80_80_4_0.2_singleREDM_NA_NA_NA_dataset0.RDS
    log: logs/inference/nlminb/simulation_GenerationJnormChangingNmBTwoLambdasOneChangingBeta_100_80_80_4_0.2_ModelsingleREDM_NA_NA_NA_dataset0.log
    jobid: 19145
    wildcards: optimiser=nlminb, datasetgeneration=GenerationJnormChangingNmBTwoLambdasOneChangingBeta, n=100, nlambda=80, lmbda=80, d=4, beta_intensity=0.2, model=singleREDM, fixed_beta_intercept=NA, fixed_beta_slope=NA, sdRE_input=NA, itnum=0

Rscript 2_inference_TMB/run_TMB.R --input ../data/assessing_models_simulation/datasets/multiple_GenerationJnormChangingNmBTwoLambdasOneChangingBeta_100_80_80_4_0.2_NA_NA_NA_dataset0.RDS --output ../data/assessing_models_simulation/inference_results/TMB/nlminb/multiple_GenerationJnormChangingNmBTwoLambdasOneChangingBeta_100_80_80_4_0.2_singleREDM_NA_NA_NA_dataset0.RDS --model singleREDM --optimiser nlminb  --use_previous_run_startingvals T
[Tue Aug  9 18:12:26 2022]
Finished job 19145.
8 of 25938 steps (0.03%) done

[Tue Aug  9 18:12:26 2022]
rule inference_simulation_TMB_multiple:
    input: ../data/assessing_models_simulation/datasets/multiple_GenerationJnormChangingNmBTwoLambdasOneChangingBeta_100_80_80_4_0.2_NA_NA_NA_dataset0.RDS
    output: ../data/assessing_models_simulation/inference_results/TMB/nlminb/multiple_GenerationJnormChangingNmBTwoLambdasOneChangingBeta_100_80_80_4_0.2_fullREM_NA_NA_NA_dataset0.RDS
    log: logs/inference/nlminb/simulation_GenerationJnormChangingNmBTwoLambdasOneChangingBeta_100_80_80_4_0.2_ModelfullREM_NA_NA_NA_dataset0.log
    jobid: 5705
    wildcards: optimiser=nlminb, datasetgeneration=GenerationJnormChangingNmBTwoLambdasOneChangingBeta, n=100, nlambda=80, lmbda=80, d=4, beta_intensity=0.2, model=fullREM, fixed_beta_intercept=NA, fixed_beta_slope=NA, sdRE_input=NA, itnum=0

Rscript 2_inference_TMB/run_TMB.R --input ../data/assessing_models_simulation/datasets/multiple_GenerationJnormChangingNmBTwoLambdasOneChangingBeta_100_80_80_4_0.2_NA_NA_NA_dataset0.RDS --output ../data/assessing_models_simulation/inference_results/TMB/nlminb/multiple_GenerationJnormChangingNmBTwoLambdasOneChangingBeta_100_80_80_4_0.2_fullREM_NA_NA_NA_dataset0.RDS --model fullREM --optimiser nlminb  --use_previous_run_startingvals T
[Tue Aug  9 18:12:30 2022]
Finished job 5705.
9 of 25938 steps (0.03%) done

[Tue Aug  9 18:12:30 2022]
rule simulate_for_comparison_multiple:
    input: ../data/assessing_models_simulation/GenerationJnormChangingNmBTwoLambdasOneChangingBeta
    output: ../data/assessing_models_simulation/datasets/multiple_GenerationJnormChangingNmBTwoLambdasOneChangingBeta_100_60_80_6_0_NA_NA_NA_dataset9.RDS
    jobid: 25704
    wildcards: datasetgeneration=GenerationJnormChangingNmBTwoLambdasOneChangingBeta, n=100, nlambda=60, lmbda=80, d=6, beta_intensity=0, fixed_beta_intercept=NA, fixed_beta_slope=NA, sdRE_input=NA, itnum=9

Rscript --vanilla 3_analysis/simulation_model_assessment/generate_datasets_simulations/GenerationJnormChangingNmBTwoLambdasOneChangingBeta.R --input ../data/assessing_models_simulation/GenerationJnormChangingNmBTwoLambdasOneChangingBeta --d 6 --n 100 --nlambda 60 --lambda 80 --beta_gamma_shape 0 --outfile ../data/assessing_models_simulation/datasets/multiple_GenerationJnormChangingNmBTwoLambdasOneChangingBeta_100_60_80_6_0_NA_NA_NA_dataset9.RDS --beta_intercept_input NA --beta_slope_input NA --sdRE_input NA
[Tue Aug  9 18:12:33 2022]
Finished job 25704.
10 of 25938 steps (0.04%) done

[Tue Aug  9 18:12:33 2022]
rule inference_simulation_TMB_multiple:
    input: ../data/assessing_models_simulation/datasets/multiple_GenerationJnormChangingNmBTwoLambdasOneChangingBeta_100_60_80_6_0_NA_NA_NA_dataset9.RDS
    output: ../data/assessing_models_simulation/inference_results/TMB/nlminb/multiple_GenerationJnormChangingNmBTwoLambdasOneChangingBeta_100_60_80_6_0_diagREDM_NA_NA_NA_dataset9.RDS
    log: logs/inference/nlminb/simulation_GenerationJnormChangingNmBTwoLambdasOneChangingBeta_100_60_80_6_0_ModeldiagREDM_NA_NA_NA_dataset9.log
    jobid: 12264
    wildcards: optimiser=nlminb, datasetgeneration=GenerationJnormChangingNmBTwoLambdasOneChangingBeta, n=100, nlambda=60, lmbda=80, d=6, beta_intensity=0, model=diagREDM, fixed_beta_intercept=NA, fixed_beta_slope=NA, sdRE_input=NA, itnum=9

Rscript 2_inference_TMB/run_TMB.R --input ../data/assessing_models_simulation/datasets/multiple_GenerationJnormChangingNmBTwoLambdasOneChangingBeta_100_60_80_6_0_NA_NA_NA_dataset9.RDS --output ../data/assessing_models_simulation/inference_results/TMB/nlminb/multiple_GenerationJnormChangingNmBTwoLambdasOneChangingBeta_100_60_80_6_0_diagREDM_NA_NA_NA_dataset9.RDS --model diagREDM --optimiser nlminb  --use_previous_run_startingvals T
[Tue Aug  9 18:12:52 2022]
Finished job 12264.
11 of 25938 steps (0.04%) done

[Tue Aug  9 18:12:52 2022]
rule inference_simulation_TMB_multiple:
    input: ../data/assessing_models_simulation/datasets/multiple_GenerationJnormChangingNmBTwoLambdasOneChangingBeta_100_60_80_6_0_NA_NA_NA_dataset9.RDS
    output: ../data/assessing_models_simulation/inference_results/TMB/nlminb/multiple_GenerationJnormChangingNmBTwoLambdasOneChangingBeta_100_60_80_6_0_singleREDM_NA_NA_NA_dataset9.RDS
    log: logs/inference/nlminb/simulation_GenerationJnormChangingNmBTwoLambdasOneChangingBeta_100_60_80_6_0_ModelsingleREDM_NA_NA_NA_dataset9.log
    jobid: 18984
    wildcards: optimiser=nlminb, datasetgeneration=GenerationJnormChangingNmBTwoLambdasOneChangingBeta, n=100, nlambda=60, lmbda=80, d=6, beta_intensity=0, model=singleREDM, fixed_beta_intercept=NA, fixed_beta_slope=NA, sdRE_input=NA, itnum=9

Rscript 2_inference_TMB/run_TMB.R --input ../data/assessing_models_simulation/datasets/multiple_GenerationJnormChangingNmBTwoLambdasOneChangingBeta_100_60_80_6_0_NA_NA_NA_dataset9.RDS --output ../data/assessing_models_simulation/inference_results/TMB/nlminb/multiple_GenerationJnormChangingNmBTwoLambdasOneChangingBeta_100_60_80_6_0_singleREDM_NA_NA_NA_dataset9.RDS --model singleREDM --optimiser nlminb  --use_previous_run_startingvals T
[Tue Aug  9 18:13:00 2022]
Finished job 18984.
12 of 25938 steps (0.05%) done

[Tue Aug  9 18:13:00 2022]
rule inference_simulation_TMB_multiple:
    input: ../data/assessing_models_simulation/datasets/multiple_GenerationJnormChangingNmBTwoLambdasOneChangingBeta_100_60_80_6_0_NA_NA_NA_dataset9.RDS
    output: ../data/assessing_models_simulation/inference_results/TMB/nlminb/multiple_GenerationJnormChangingNmBTwoLambdasOneChangingBeta_100_60_80_6_0_fullREM_NA_NA_NA_dataset9.RDS
    log: logs/inference/nlminb/simulation_GenerationJnormChangingNmBTwoLambdasOneChangingBeta_100_60_80_6_0_ModelfullREM_NA_NA_NA_dataset9.log
    jobid: 5544
    wildcards: optimiser=nlminb, datasetgeneration=GenerationJnormChangingNmBTwoLambdasOneChangingBeta, n=100, nlambda=60, lmbda=80, d=6, beta_intensity=0, model=fullREM, fixed_beta_intercept=NA, fixed_beta_slope=NA, sdRE_input=NA, itnum=9

Rscript 2_inference_TMB/run_TMB.R --input ../data/assessing_models_simulation/datasets/multiple_GenerationJnormChangingNmBTwoLambdasOneChangingBeta_100_60_80_6_0_NA_NA_NA_dataset9.RDS --output ../data/assessing_models_simulation/inference_results/TMB/nlminb/multiple_GenerationJnormChangingNmBTwoLambdasOneChangingBeta_100_60_80_6_0_fullREM_NA_NA_NA_dataset9.RDS --model fullREM --optimiser nlminb  --use_previous_run_startingvals T
[Tue Aug  9 18:13:08 2022]
Finished job 5544.
13 of 25938 steps (0.05%) done

[Tue Aug  9 18:13:08 2022]
rule simulate_for_comparison_multiple:
    input: ../data/assessing_models_simulation/GenerationJnormChangingNmBTwoLambdasOneChangingBeta
    output: ../data/assessing_models_simulation/datasets/multiple_GenerationJnormChangingNmBTwoLambdasOneChangingBeta_50_160_80_3_0.6_NA_NA_NA_dataset2.RDS
    jobid: 24977
    wildcards: datasetgeneration=GenerationJnormChangingNmBTwoLambdasOneChangingBeta, n=50, nlambda=160, lmbda=80, d=3, beta_intensity=0.6, fixed_beta_intercept=NA, fixed_beta_slope=NA, sdRE_input=NA, itnum=2

Rscript --vanilla 3_analysis/simulation_model_assessment/generate_datasets_simulations/GenerationJnormChangingNmBTwoLambdasOneChangingBeta.R --input ../data/assessing_models_simulation/GenerationJnormChangingNmBTwoLambdasOneChangingBeta --d 3 --n 50 --nlambda 160 --lambda 80 --beta_gamma_shape 0.6 --outfile ../data/assessing_models_simulation/datasets/multiple_GenerationJnormChangingNmBTwoLambdasOneChangingBeta_50_160_80_3_0.6_NA_NA_NA_dataset2.RDS --beta_intercept_input NA --beta_slope_input NA --sdRE_input NA
[Tue Aug  9 18:13:10 2022]
Finished job 24977.
14 of 25938 steps (0.05%) done

[Tue Aug  9 18:13:10 2022]
rule inference_simulation_TMB_multiple:
    input: ../data/assessing_models_simulation/datasets/multiple_GenerationJnormChangingNmBTwoLambdasOneChangingBeta_50_160_80_3_0.6_NA_NA_NA_dataset2.RDS
    output: ../data/assessing_models_simulation/inference_results/TMB/nlminb/multiple_GenerationJnormChangingNmBTwoLambdasOneChangingBeta_50_160_80_3_0.6_diagREDM_NA_NA_NA_dataset2.RDS
    log: logs/inference/nlminb/simulation_GenerationJnormChangingNmBTwoLambdasOneChangingBeta_50_160_80_3_0.6_ModeldiagREDM_NA_NA_NA_dataset2.log
    jobid: 11537
    wildcards: optimiser=nlminb, datasetgeneration=GenerationJnormChangingNmBTwoLambdasOneChangingBeta, n=50, nlambda=160, lmbda=80, d=3, beta_intensity=0.6, model=diagREDM, fixed_beta_intercept=NA, fixed_beta_slope=NA, sdRE_input=NA, itnum=2

Rscript 2_inference_TMB/run_TMB.R --input ../data/assessing_models_simulation/datasets/multiple_GenerationJnormChangingNmBTwoLambdasOneChangingBeta_50_160_80_3_0.6_NA_NA_NA_dataset2.RDS --output ../data/assessing_models_simulation/inference_results/TMB/nlminb/multiple_GenerationJnormChangingNmBTwoLambdasOneChangingBeta_50_160_80_3_0.6_diagREDM_NA_NA_NA_dataset2.RDS --model diagREDM --optimiser nlminb  --use_previous_run_startingvals T
[Tue Aug  9 18:13:15 2022]
Finished job 11537.
15 of 25938 steps (0.06%) done

[Tue Aug  9 18:13:15 2022]
rule inference_simulation_TMB_multiple:
    input: ../data/assessing_models_simulation/datasets/multiple_GenerationJnormChangingNmBTwoLambdasOneChangingBeta_50_160_80_3_0.6_NA_NA_NA_dataset2.RDS
    output: ../data/assessing_models_simulation/inference_results/TMB/nlminb/multiple_GenerationJnormChangingNmBTwoLambdasOneChangingBeta_50_160_80_3_0.6_singleREDM_NA_NA_NA_dataset2.RDS
    log: logs/inference/nlminb/simulation_GenerationJnormChangingNmBTwoLambdasOneChangingBeta_50_160_80_3_0.6_ModelsingleREDM_NA_NA_NA_dataset2.log
    jobid: 18257
    wildcards: optimiser=nlminb, datasetgeneration=GenerationJnormChangingNmBTwoLambdasOneChangingBeta, n=50, nlambda=160, lmbda=80, d=3, beta_intensity=0.6, model=singleREDM, fixed_beta_intercept=NA, fixed_beta_slope=NA, sdRE_input=NA, itnum=2

Rscript 2_inference_TMB/run_TMB.R --input ../data/assessing_models_simulation/datasets/multiple_GenerationJnormChangingNmBTwoLambdasOneChangingBeta_50_160_80_3_0.6_NA_NA_NA_dataset2.RDS --output ../data/assessing_models_simulation/inference_results/TMB/nlminb/multiple_GenerationJnormChangingNmBTwoLambdasOneChangingBeta_50_160_80_3_0.6_singleREDM_NA_NA_NA_dataset2.RDS --model singleREDM --optimiser nlminb  --use_previous_run_startingvals T
[Tue Aug  9 18:13:18 2022]
Finished job 18257.
16 of 25938 steps (0.06%) done

[Tue Aug  9 18:13:18 2022]
rule inference_simulation_TMB_multiple:
    input: ../data/assessing_models_simulation/datasets/multiple_GenerationJnormChangingNmBTwoLambdasOneChangingBeta_50_160_80_3_0.6_NA_NA_NA_dataset2.RDS
    output: ../data/assessing_models_simulation/inference_results/TMB/nlminb/multiple_GenerationJnormChangingNmBTwoLambdasOneChangingBeta_50_160_80_3_0.6_fullREM_NA_NA_NA_dataset2.RDS
    log: logs/inference/nlminb/simulation_GenerationJnormChangingNmBTwoLambdasOneChangingBeta_50_160_80_3_0.6_ModelfullREM_NA_NA_NA_dataset2.log
    jobid: 4817
    wildcards: optimiser=nlminb, datasetgeneration=GenerationJnormChangingNmBTwoLambdasOneChangingBeta, n=50, nlambda=160, lmbda=80, d=3, beta_intensity=0.6, model=fullREM, fixed_beta_intercept=NA, fixed_beta_slope=NA, sdRE_input=NA, itnum=2

Rscript 2_inference_TMB/run_TMB.R --input ../data/assessing_models_simulation/datasets/multiple_GenerationJnormChangingNmBTwoLambdasOneChangingBeta_50_160_80_3_0.6_NA_NA_NA_dataset2.RDS --output ../data/assessing_models_simulation/inference_results/TMB/nlminb/multiple_GenerationJnormChangingNmBTwoLambdasOneChangingBeta_50_160_80_3_0.6_fullREM_NA_NA_NA_dataset2.RDS --model fullREM --optimiser nlminb  --use_previous_run_startingvals T
[Tue Aug  9 18:13:21 2022]
Finished job 4817.
17 of 25938 steps (0.07%) done

[Tue Aug  9 18:13:21 2022]
rule simulate_for_comparison_multiple:
    input: ../data/assessing_models_simulation/GenerationJnormChangingNmBTwoLambdasOneChangingBeta
    output: ../data/assessing_models_simulation/datasets/multiple_GenerationJnormChangingNmBTwoLambdasOneChangingBeta_30_160_80_6_0.3_NA_NA_NA_dataset0.RDS
    jobid: 23495
    wildcards: datasetgeneration=GenerationJnormChangingNmBTwoLambdasOneChangingBeta, n=30, nlambda=160, lmbda=80, d=6, beta_intensity=0.3, fixed_beta_intercept=NA, fixed_beta_slope=NA, sdRE_input=NA, itnum=0

Rscript --vanilla 3_analysis/simulation_model_assessment/generate_datasets_simulations/GenerationJnormChangingNmBTwoLambdasOneChangingBeta.R --input ../data/assessing_models_simulation/GenerationJnormChangingNmBTwoLambdasOneChangingBeta --d 6 --n 30 --nlambda 160 --lambda 80 --beta_gamma_shape 0.3 --outfile ../data/assessing_models_simulation/datasets/multiple_GenerationJnormChangingNmBTwoLambdasOneChangingBeta_30_160_80_6_0.3_NA_NA_NA_dataset0.RDS --beta_intercept_input NA --beta_slope_input NA --sdRE_input NA
[Tue Aug  9 18:13:23 2022]
Finished job 23495.
18 of 25938 steps (0.07%) done

[Tue Aug  9 18:13:23 2022]
rule inference_simulation_TMB_multiple:
    input: ../data/assessing_models_simulation/datasets/multiple_GenerationJnormChangingNmBTwoLambdasOneChangingBeta_30_160_80_6_0.3_NA_NA_NA_dataset0.RDS
    output: ../data/assessing_models_simulation/inference_results/TMB/nlminb/multiple_GenerationJnormChangingNmBTwoLambdasOneChangingBeta_30_160_80_6_0.3_diagREDM_NA_NA_NA_dataset0.RDS
    log: logs/inference/nlminb/simulation_GenerationJnormChangingNmBTwoLambdasOneChangingBeta_30_160_80_6_0.3_ModeldiagREDM_NA_NA_NA_dataset0.log
    jobid: 10055
    wildcards: optimiser=nlminb, datasetgeneration=GenerationJnormChangingNmBTwoLambdasOneChangingBeta, n=30, nlambda=160, lmbda=80, d=6, beta_intensity=0.3, model=diagREDM, fixed_beta_intercept=NA, fixed_beta_slope=NA, sdRE_input=NA, itnum=0

Rscript 2_inference_TMB/run_TMB.R --input ../data/assessing_models_simulation/datasets/multiple_GenerationJnormChangingNmBTwoLambdasOneChangingBeta_30_160_80_6_0.3_NA_NA_NA_dataset0.RDS --output ../data/assessing_models_simulation/inference_results/TMB/nlminb/multiple_GenerationJnormChangingNmBTwoLambdasOneChangingBeta_30_160_80_6_0.3_diagREDM_NA_NA_NA_dataset0.RDS --model diagREDM --optimiser nlminb  --use_previous_run_startingvals T
[Tue Aug  9 18:13:30 2022]
Finished job 10055.
19 of 25938 steps (0.07%) done

[Tue Aug  9 18:13:30 2022]
rule inference_simulation_TMB_multiple:
    input: ../data/assessing_models_simulation/datasets/multiple_GenerationJnormChangingNmBTwoLambdasOneChangingBeta_30_160_80_6_0.3_NA_NA_NA_dataset0.RDS
    output: ../data/assessing_models_simulation/inference_results/TMB/nlminb/multiple_GenerationJnormChangingNmBTwoLambdasOneChangingBeta_30_160_80_6_0.3_singleREDM_NA_NA_NA_dataset0.RDS
    log: logs/inference/nlminb/simulation_GenerationJnormChangingNmBTwoLambdasOneChangingBeta_30_160_80_6_0.3_ModelsingleREDM_NA_NA_NA_dataset0.log
    jobid: 16775
    wildcards: optimiser=nlminb, datasetgeneration=GenerationJnormChangingNmBTwoLambdasOneChangingBeta, n=30, nlambda=160, lmbda=80, d=6, beta_intensity=0.3, model=singleREDM, fixed_beta_intercept=NA, fixed_beta_slope=NA, sdRE_input=NA, itnum=0

Rscript 2_inference_TMB/run_TMB.R --input ../data/assessing_models_simulation/datasets/multiple_GenerationJnormChangingNmBTwoLambdasOneChangingBeta_30_160_80_6_0.3_NA_NA_NA_dataset0.RDS --output ../data/assessing_models_simulation/inference_results/TMB/nlminb/multiple_GenerationJnormChangingNmBTwoLambdasOneChangingBeta_30_160_80_6_0.3_singleREDM_NA_NA_NA_dataset0.RDS --model singleREDM --optimiser nlminb  --use_previous_run_startingvals T
[Tue Aug  9 18:13:34 2022]
Finished job 16775.
20 of 25938 steps (0.08%) done

[Tue Aug  9 18:13:34 2022]
rule inference_simulation_TMB_multiple:
    input: ../data/assessing_models_simulation/datasets/multiple_GenerationJnormChangingNmBTwoLambdasOneChangingBeta_30_160_80_6_0.3_NA_NA_NA_dataset0.RDS
    output: ../data/assessing_models_simulation/inference_results/TMB/nlminb/multiple_GenerationJnormChangingNmBTwoLambdasOneChangingBeta_30_160_80_6_0.3_fullREM_NA_NA_NA_dataset0.RDS
    log: logs/inference/nlminb/simulation_GenerationJnormChangingNmBTwoLambdasOneChangingBeta_30_160_80_6_0.3_ModelfullREM_NA_NA_NA_dataset0.log
    jobid: 3335
    wildcards: optimiser=nlminb, datasetgeneration=GenerationJnormChangingNmBTwoLambdasOneChangingBeta, n=30, nlambda=160, lmbda=80, d=6, beta_intensity=0.3, model=fullREM, fixed_beta_intercept=NA, fixed_beta_slope=NA, sdRE_input=NA, itnum=0

Rscript 2_inference_TMB/run_TMB.R --input ../data/assessing_models_simulation/datasets/multiple_GenerationJnormChangingNmBTwoLambdasOneChangingBeta_30_160_80_6_0.3_NA_NA_NA_dataset0.RDS --output ../data/assessing_models_simulation/inference_results/TMB/nlminb/multiple_GenerationJnormChangingNmBTwoLambdasOneChangingBeta_30_160_80_6_0.3_fullREM_NA_NA_NA_dataset0.RDS --model fullREM --optimiser nlminb  --use_previous_run_startingvals T
[Tue Aug  9 18:13:38 2022]
Finished job 3335.
21 of 25938 steps (0.08%) done

[Tue Aug  9 18:13:38 2022]
rule simulate_for_comparison_multiple:
    input: ../data/assessing_models_simulation/GenerationJnormChangingNmBTwoLambdasOneChangingBeta
    output: ../data/assessing_models_simulation/datasets/multiple_GenerationJnormChangingNmBTwoLambdasOneChangingBeta_100_60_80_3_0.2_NA_NA_NA_dataset0.RDS
    jobid: 25515
    wildcards: datasetgeneration=GenerationJnormChangingNmBTwoLambdasOneChangingBeta, n=100, nlambda=60, lmbda=80, d=3, beta_intensity=0.2, fixed_beta_intercept=NA, fixed_beta_slope=NA, sdRE_input=NA, itnum=0

Rscript --vanilla 3_analysis/simulation_model_assessment/generate_datasets_simulations/GenerationJnormChangingNmBTwoLambdasOneChangingBeta.R --input ../data/assessing_models_simulation/GenerationJnormChangingNmBTwoLambdasOneChangingBeta --d 3 --n 100 --nlambda 60 --lambda 80 --beta_gamma_shape 0.2 --outfile ../data/assessing_models_simulation/datasets/multiple_GenerationJnormChangingNmBTwoLambdasOneChangingBeta_100_60_80_3_0.2_NA_NA_NA_dataset0.RDS --beta_intercept_input NA --beta_slope_input NA --sdRE_input NA
[Tue Aug  9 18:13:40 2022]
Finished job 25515.
22 of 25938 steps (0.08%) done

[Tue Aug  9 18:13:40 2022]
rule inference_simulation_TMB_multiple:
    input: ../data/assessing_models_simulation/datasets/multiple_GenerationJnormChangingNmBTwoLambdasOneChangingBeta_100_60_80_3_0.2_NA_NA_NA_dataset0.RDS
    output: ../data/assessing_models_simulation/inference_results/TMB/nlminb/multiple_GenerationJnormChangingNmBTwoLambdasOneChangingBeta_100_60_80_3_0.2_diagREDM_NA_NA_NA_dataset0.RDS
    log: logs/inference/nlminb/simulation_GenerationJnormChangingNmBTwoLambdasOneChangingBeta_100_60_80_3_0.2_ModeldiagREDM_NA_NA_NA_dataset0.log
    jobid: 12075
    wildcards: optimiser=nlminb, datasetgeneration=GenerationJnormChangingNmBTwoLambdasOneChangingBeta, n=100, nlambda=60, lmbda=80, d=3, beta_intensity=0.2, model=diagREDM, fixed_beta_intercept=NA, fixed_beta_slope=NA, sdRE_input=NA, itnum=0

Rscript 2_inference_TMB/run_TMB.R --input ../data/assessing_models_simulation/datasets/multiple_GenerationJnormChangingNmBTwoLambdasOneChangingBeta_100_60_80_3_0.2_NA_NA_NA_dataset0.RDS --output ../data/assessing_models_simulation/inference_results/TMB/nlminb/multiple_GenerationJnormChangingNmBTwoLambdasOneChangingBeta_100_60_80_3_0.2_diagREDM_NA_NA_NA_dataset0.RDS --model diagREDM --optimiser nlminb  --use_previous_run_startingvals T
[Tue Aug  9 18:13:47 2022]
Finished job 12075.
23 of 25938 steps (0.09%) done

[Tue Aug  9 18:13:47 2022]
rule inference_simulation_TMB_multiple:
    input: ../data/assessing_models_simulation/datasets/multiple_GenerationJnormChangingNmBTwoLambdasOneChangingBeta_100_60_80_3_0.2_NA_NA_NA_dataset0.RDS
    output: ../data/assessing_models_simulation/inference_results/TMB/nlminb/multiple_GenerationJnormChangingNmBTwoLambdasOneChangingBeta_100_60_80_3_0.2_singleREDM_NA_NA_NA_dataset0.RDS
    log: logs/inference/nlminb/simulation_GenerationJnormChangingNmBTwoLambdasOneChangingBeta_100_60_80_3_0.2_ModelsingleREDM_NA_NA_NA_dataset0.log
    jobid: 18795
    wildcards: optimiser=nlminb, datasetgeneration=GenerationJnormChangingNmBTwoLambdasOneChangingBeta, n=100, nlambda=60, lmbda=80, d=3, beta_intensity=0.2, model=singleREDM, fixed_beta_intercept=NA, fixed_beta_slope=NA, sdRE_input=NA, itnum=0

Rscript 2_inference_TMB/run_TMB.R --input ../data/assessing_models_simulation/datasets/multiple_GenerationJnormChangingNmBTwoLambdasOneChangingBeta_100_60_80_3_0.2_NA_NA_NA_dataset0.RDS --output ../data/assessing_models_simulation/inference_results/TMB/nlminb/multiple_GenerationJnormChangingNmBTwoLambdasOneChangingBeta_100_60_80_3_0.2_singleREDM_NA_NA_NA_dataset0.RDS --model singleREDM --optimiser nlminb  --use_previous_run_startingvals T
[Tue Aug  9 18:13:50 2022]
Finished job 18795.
24 of 25938 steps (0.09%) done

[Tue Aug  9 18:13:50 2022]
rule inference_simulation_TMB_multiple:
    input: ../data/assessing_models_simulation/datasets/multiple_GenerationJnormChangingNmBTwoLambdasOneChangingBeta_100_60_80_3_0.2_NA_NA_NA_dataset0.RDS
    output: ../data/assessing_models_simulation/inference_results/TMB/nlminb/multiple_GenerationJnormChangingNmBTwoLambdasOneChangingBeta_100_60_80_3_0.2_fullREM_NA_NA_NA_dataset0.RDS
    log: logs/inference/nlminb/simulation_GenerationJnormChangingNmBTwoLambdasOneChangingBeta_100_60_80_3_0.2_ModelfullREM_NA_NA_NA_dataset0.log
    jobid: 5355
    wildcards: optimiser=nlminb, datasetgeneration=GenerationJnormChangingNmBTwoLambdasOneChangingBeta, n=100, nlambda=60, lmbda=80, d=3, beta_intensity=0.2, model=fullREM, fixed_beta_intercept=NA, fixed_beta_slope=NA, sdRE_input=NA, itnum=0

Rscript 2_inference_TMB/run_TMB.R --input ../data/assessing_models_simulation/datasets/multiple_GenerationJnormChangingNmBTwoLambdasOneChangingBeta_100_60_80_3_0.2_NA_NA_NA_dataset0.RDS --output ../data/assessing_models_simulation/inference_results/TMB/nlminb/multiple_GenerationJnormChangingNmBTwoLambdasOneChangingBeta_100_60_80_3_0.2_fullREM_NA_NA_NA_dataset0.RDS --model fullREM --optimiser nlminb  --use_previous_run_startingvals T
[Tue Aug  9 18:13:54 2022]
Finished job 5355.
25 of 25938 steps (0.10%) done

[Tue Aug  9 18:13:54 2022]
rule simulate_for_comparison_multiple:
    input: ../data/assessing_models_simulation/GenerationJnormChangingNmBTwoLambdasOneChangingBeta
    output: ../data/assessing_models_simulation/datasets/multiple_GenerationJnormChangingNmBTwoLambdasOneChangingBeta_20_160_80_6_0.3_NA_NA_NA_dataset0.RDS
    jobid: 21815
    wildcards: datasetgeneration=GenerationJnormChangingNmBTwoLambdasOneChangingBeta, n=20, nlambda=160, lmbda=80, d=6, beta_intensity=0.3, fixed_beta_intercept=NA, fixed_beta_slope=NA, sdRE_input=NA, itnum=0

Rscript --vanilla 3_analysis/simulation_model_assessment/generate_datasets_simulations/GenerationJnormChangingNmBTwoLambdasOneChangingBeta.R --input ../data/assessing_models_simulation/GenerationJnormChangingNmBTwoLambdasOneChangingBeta --d 6 --n 20 --nlambda 160 --lambda 80 --beta_gamma_shape 0.3 --outfile ../data/assessing_models_simulation/datasets/multiple_GenerationJnormChangingNmBTwoLambdasOneChangingBeta_20_160_80_6_0.3_NA_NA_NA_dataset0.RDS --beta_intercept_input NA --beta_slope_input NA --sdRE_input NA
[Tue Aug  9 18:13:56 2022]
Finished job 21815.
26 of 25938 steps (0.10%) done

[Tue Aug  9 18:13:56 2022]
rule inference_simulation_TMB_multiple:
    input: ../data/assessing_models_simulation/datasets/multiple_GenerationJnormChangingNmBTwoLambdasOneChangingBeta_20_160_80_6_0.3_NA_NA_NA_dataset0.RDS
    output: ../data/assessing_models_simulation/inference_results/TMB/nlminb/multiple_GenerationJnormChangingNmBTwoLambdasOneChangingBeta_20_160_80_6_0.3_diagREDM_NA_NA_NA_dataset0.RDS
    log: logs/inference/nlminb/simulation_GenerationJnormChangingNmBTwoLambdasOneChangingBeta_20_160_80_6_0.3_ModeldiagREDM_NA_NA_NA_dataset0.log
    jobid: 8375
    wildcards: optimiser=nlminb, datasetgeneration=GenerationJnormChangingNmBTwoLambdasOneChangingBeta, n=20, nlambda=160, lmbda=80, d=6, beta_intensity=0.3, model=diagREDM, fixed_beta_intercept=NA, fixed_beta_slope=NA, sdRE_input=NA, itnum=0

Rscript 2_inference_TMB/run_TMB.R --input ../data/assessing_models_simulation/datasets/multiple_GenerationJnormChangingNmBTwoLambdasOneChangingBeta_20_160_80_6_0.3_NA_NA_NA_dataset0.RDS --output ../data/assessing_models_simulation/inference_results/TMB/nlminb/multiple_GenerationJnormChangingNmBTwoLambdasOneChangingBeta_20_160_80_6_0.3_diagREDM_NA_NA_NA_dataset0.RDS --model diagREDM --optimiser nlminb  --use_previous_run_startingvals T
[Tue Aug  9 18:14:01 2022]
Finished job 8375.
27 of 25938 steps (0.10%) done

[Tue Aug  9 18:14:01 2022]
rule inference_simulation_TMB_multiple:
    input: ../data/assessing_models_simulation/datasets/multiple_GenerationJnormChangingNmBTwoLambdasOneChangingBeta_20_160_80_6_0.3_NA_NA_NA_dataset0.RDS
    output: ../data/assessing_models_simulation/inference_results/TMB/nlminb/multiple_GenerationJnormChangingNmBTwoLambdasOneChangingBeta_20_160_80_6_0.3_singleREDM_NA_NA_NA_dataset0.RDS
    log: logs/inference/nlminb/simulation_GenerationJnormChangingNmBTwoLambdasOneChangingBeta_20_160_80_6_0.3_ModelsingleREDM_NA_NA_NA_dataset0.log
    jobid: 15095
    wildcards: optimiser=nlminb, datasetgeneration=GenerationJnormChangingNmBTwoLambdasOneChangingBeta, n=20, nlambda=160, lmbda=80, d=6, beta_intensity=0.3, model=singleREDM, fixed_beta_intercept=NA, fixed_beta_slope=NA, sdRE_input=NA, itnum=0

Rscript 2_inference_TMB/run_TMB.R --input ../data/assessing_models_simulation/datasets/multiple_GenerationJnormChangingNmBTwoLambdasOneChangingBeta_20_160_80_6_0.3_NA_NA_NA_dataset0.RDS --output ../data/assessing_models_simulation/inference_results/TMB/nlminb/multiple_GenerationJnormChangingNmBTwoLambdasOneChangingBeta_20_160_80_6_0.3_singleREDM_NA_NA_NA_dataset0.RDS --model singleREDM --optimiser nlminb  --use_previous_run_startingvals T
[Tue Aug  9 18:14:04 2022]
Finished job 15095.
28 of 25938 steps (0.11%) done

[Tue Aug  9 18:14:04 2022]
rule inference_simulation_TMB_multiple:
    input: ../data/assessing_models_simulation/datasets/multiple_GenerationJnormChangingNmBTwoLambdasOneChangingBeta_20_160_80_6_0.3_NA_NA_NA_dataset0.RDS
    output: ../data/assessing_models_simulation/inference_results/TMB/nlminb/multiple_GenerationJnormChangingNmBTwoLambdasOneChangingBeta_20_160_80_6_0.3_fullREM_NA_NA_NA_dataset0.RDS
    log: logs/inference/nlminb/simulation_GenerationJnormChangingNmBTwoLambdasOneChangingBeta_20_160_80_6_0.3_ModelfullREM_NA_NA_NA_dataset0.log
    jobid: 1655
    wildcards: optimiser=nlminb, datasetgeneration=GenerationJnormChangingNmBTwoLambdasOneChangingBeta, n=20, nlambda=160, lmbda=80, d=6, beta_intensity=0.3, model=fullREM, fixed_beta_intercept=NA, fixed_beta_slope=NA, sdRE_input=NA, itnum=0

Rscript 2_inference_TMB/run_TMB.R --input ../data/assessing_models_simulation/datasets/multiple_GenerationJnormChangingNmBTwoLambdasOneChangingBeta_20_160_80_6_0.3_NA_NA_NA_dataset0.RDS --output ../data/assessing_models_simulation/inference_results/TMB/nlminb/multiple_GenerationJnormChangingNmBTwoLambdasOneChangingBeta_20_160_80_6_0.3_fullREM_NA_NA_NA_dataset0.RDS --model fullREM --optimiser nlminb  --use_previous_run_startingvals T
[Tue Aug  9 18:14:08 2022]
Finished job 1655.
29 of 25938 steps (0.11%) done

[Tue Aug  9 18:14:08 2022]
rule simulate_for_comparison_multiple:
    input: ../data/assessing_models_simulation/GenerationJnormChangingNmBTwoLambdasOneChangingBeta
    output: ../data/assessing_models_simulation/datasets/multiple_GenerationJnormChangingNmBTwoLambdasOneChangingBeta_100_40_80_6_0.2_NA_NA_NA_dataset2.RDS
    jobid: 25447
    wildcards: datasetgeneration=GenerationJnormChangingNmBTwoLambdasOneChangingBeta, n=100, nlambda=40, lmbda=80, d=6, beta_intensity=0.2, fixed_beta_intercept=NA, fixed_beta_slope=NA, sdRE_input=NA, itnum=2

Rscript --vanilla 3_analysis/simulation_model_assessment/generate_datasets_simulations/GenerationJnormChangingNmBTwoLambdasOneChangingBeta.R --input ../data/assessing_models_simulation/GenerationJnormChangingNmBTwoLambdasOneChangingBeta --d 6 --n 100 --nlambda 40 --lambda 80 --beta_gamma_shape 0.2 --outfile ../data/assessing_models_simulation/datasets/multiple_GenerationJnormChangingNmBTwoLambdasOneChangingBeta_100_40_80_6_0.2_NA_NA_NA_dataset2.RDS --beta_intercept_input NA --beta_slope_input NA --sdRE_input NA
[Tue Aug  9 18:14:10 2022]
Finished job 25447.
30 of 25938 steps (0.12%) done

[Tue Aug  9 18:14:11 2022]
rule inference_simulation_TMB_multiple:
    input: ../data/assessing_models_simulation/datasets/multiple_GenerationJnormChangingNmBTwoLambdasOneChangingBeta_100_40_80_6_0.2_NA_NA_NA_dataset2.RDS
    output: ../data/assessing_models_simulation/inference_results/TMB/nlminb/multiple_GenerationJnormChangingNmBTwoLambdasOneChangingBeta_100_40_80_6_0.2_diagREDM_NA_NA_NA_dataset2.RDS
    log: logs/inference/nlminb/simulation_GenerationJnormChangingNmBTwoLambdasOneChangingBeta_100_40_80_6_0.2_ModeldiagREDM_NA_NA_NA_dataset2.log
    jobid: 12007
    wildcards: optimiser=nlminb, datasetgeneration=GenerationJnormChangingNmBTwoLambdasOneChangingBeta, n=100, nlambda=40, lmbda=80, d=6, beta_intensity=0.2, model=diagREDM, fixed_beta_intercept=NA, fixed_beta_slope=NA, sdRE_input=NA, itnum=2

Rscript 2_inference_TMB/run_TMB.R --input ../data/assessing_models_simulation/datasets/multiple_GenerationJnormChangingNmBTwoLambdasOneChangingBeta_100_40_80_6_0.2_NA_NA_NA_dataset2.RDS --output ../data/assessing_models_simulation/inference_results/TMB/nlminb/multiple_GenerationJnormChangingNmBTwoLambdasOneChangingBeta_100_40_80_6_0.2_diagREDM_NA_NA_NA_dataset2.RDS --model diagREDM --optimiser nlminb  --use_previous_run_startingvals T
[Tue Aug  9 18:14:28 2022]
Finished job 12007.
31 of 25938 steps (0.12%) done

[Tue Aug  9 18:14:29 2022]
rule inference_simulation_TMB_multiple:
    input: ../data/assessing_models_simulation/datasets/multiple_GenerationJnormChangingNmBTwoLambdasOneChangingBeta_100_40_80_6_0.2_NA_NA_NA_dataset2.RDS
    output: ../data/assessing_models_simulation/inference_results/TMB/nlminb/multiple_GenerationJnormChangingNmBTwoLambdasOneChangingBeta_100_40_80_6_0.2_singleREDM_NA_NA_NA_dataset2.RDS
    log: logs/inference/nlminb/simulation_GenerationJnormChangingNmBTwoLambdasOneChangingBeta_100_40_80_6_0.2_ModelsingleREDM_NA_NA_NA_dataset2.log
    jobid: 18727
    wildcards: optimiser=nlminb, datasetgeneration=GenerationJnormChangingNmBTwoLambdasOneChangingBeta, n=100, nlambda=40, lmbda=80, d=6, beta_intensity=0.2, model=singleREDM, fixed_beta_intercept=NA, fixed_beta_slope=NA, sdRE_input=NA, itnum=2

Rscript 2_inference_TMB/run_TMB.R --input ../data/assessing_models_simulation/datasets/multiple_GenerationJnormChangingNmBTwoLambdasOneChangingBeta_100_40_80_6_0.2_NA_NA_NA_dataset2.RDS --output ../data/assessing_models_simulation/inference_results/TMB/nlminb/multiple_GenerationJnormChangingNmBTwoLambdasOneChangingBeta_100_40_80_6_0.2_singleREDM_NA_NA_NA_dataset2.RDS --model singleREDM --optimiser nlminb  --use_previous_run_startingvals T
[Tue Aug  9 18:14:36 2022]
Finished job 18727.
32 of 25938 steps (0.12%) done

[Tue Aug  9 18:14:36 2022]
rule inference_simulation_TMB_multiple:
    input: ../data/assessing_models_simulation/datasets/multiple_GenerationJnormChangingNmBTwoLambdasOneChangingBeta_100_40_80_6_0.2_NA_NA_NA_dataset2.RDS
    output: ../data/assessing_models_simulation/inference_results/TMB/nlminb/multiple_GenerationJnormChangingNmBTwoLambdasOneChangingBeta_100_40_80_6_0.2_fullREM_NA_NA_NA_dataset2.RDS
    log: logs/inference/nlminb/simulation_GenerationJnormChangingNmBTwoLambdasOneChangingBeta_100_40_80_6_0.2_ModelfullREM_NA_NA_NA_dataset2.log
    jobid: 5287
    wildcards: optimiser=nlminb, datasetgeneration=GenerationJnormChangingNmBTwoLambdasOneChangingBeta, n=100, nlambda=40, lmbda=80, d=6, beta_intensity=0.2, model=fullREM, fixed_beta_intercept=NA, fixed_beta_slope=NA, sdRE_input=NA, itnum=2

Rscript 2_inference_TMB/run_TMB.R --input ../data/assessing_models_simulation/datasets/multiple_GenerationJnormChangingNmBTwoLambdasOneChangingBeta_100_40_80_6_0.2_NA_NA_NA_dataset2.RDS --output ../data/assessing_models_simulation/inference_results/TMB/nlminb/multiple_GenerationJnormChangingNmBTwoLambdasOneChangingBeta_100_40_80_6_0.2_fullREM_NA_NA_NA_dataset2.RDS --model fullREM --optimiser nlminb  --use_previous_run_startingvals T
[Tue Aug  9 18:14:44 2022]
Finished job 5287.
33 of 25938 steps (0.13%) done

[Tue Aug  9 18:14:44 2022]
rule simulate_for_comparison_multiple:
    input: ../data/assessing_models_simulation/GenerationJnormChangingNmBTwoLambdasOneChangingBeta
    output: ../data/assessing_models_simulation/datasets/multiple_GenerationJnormChangingNmBTwoLambdasOneChangingBeta_100_160_80_6_0.01_NA_NA_NA_dataset9.RDS
    jobid: 26834
    wildcards: datasetgeneration=GenerationJnormChangingNmBTwoLambdasOneChangingBeta, n=100, nlambda=160, lmbda=80, d=6, beta_intensity=0.01, fixed_beta_intercept=NA, fixed_beta_slope=NA, sdRE_input=NA, itnum=9

Rscript --vanilla 3_analysis/simulation_model_assessment/generate_datasets_simulations/GenerationJnormChangingNmBTwoLambdasOneChangingBeta.R --input ../data/assessing_models_simulation/GenerationJnormChangingNmBTwoLambdasOneChangingBeta --d 6 --n 100 --nlambda 160 --lambda 80 --beta_gamma_shape 0.01 --outfile ../data/assessing_models_simulation/datasets/multiple_GenerationJnormChangingNmBTwoLambdasOneChangingBeta_100_160_80_6_0.01_NA_NA_NA_dataset9.RDS --beta_intercept_input NA --beta_slope_input NA --sdRE_input NA
[Tue Aug  9 18:14:46 2022]
Finished job 26834.
34 of 25938 steps (0.13%) done

[Tue Aug  9 18:14:46 2022]
rule inference_simulation_TMB_multiple:
    input: ../data/assessing_models_simulation/datasets/multiple_GenerationJnormChangingNmBTwoLambdasOneChangingBeta_100_160_80_6_0.01_NA_NA_NA_dataset9.RDS
    output: ../data/assessing_models_simulation/inference_results/TMB/nlminb/multiple_GenerationJnormChangingNmBTwoLambdasOneChangingBeta_100_160_80_6_0.01_diagREDM_NA_NA_NA_dataset9.RDS
    log: logs/inference/nlminb/simulation_GenerationJnormChangingNmBTwoLambdasOneChangingBeta_100_160_80_6_0.01_ModeldiagREDM_NA_NA_NA_dataset9.log
    jobid: 13394
    wildcards: optimiser=nlminb, datasetgeneration=GenerationJnormChangingNmBTwoLambdasOneChangingBeta, n=100, nlambda=160, lmbda=80, d=6, beta_intensity=0.01, model=diagREDM, fixed_beta_intercept=NA, fixed_beta_slope=NA, sdRE_input=NA, itnum=9

Rscript 2_inference_TMB/run_TMB.R --input ../data/assessing_models_simulation/datasets/multiple_GenerationJnormChangingNmBTwoLambdasOneChangingBeta_100_160_80_6_0.01_NA_NA_NA_dataset9.RDS --output ../data/assessing_models_simulation/inference_results/TMB/nlminb/multiple_GenerationJnormChangingNmBTwoLambdasOneChangingBeta_100_160_80_6_0.01_diagREDM_NA_NA_NA_dataset9.RDS --model diagREDM --optimiser nlminb  --use_previous_run_startingvals T
[Tue Aug  9 18:15:03 2022]
Finished job 13394.
35 of 25938 steps (0.13%) done

[Tue Aug  9 18:15:03 2022]
rule inference_simulation_TMB_multiple:
    input: ../data/assessing_models_simulation/datasets/multiple_GenerationJnormChangingNmBTwoLambdasOneChangingBeta_100_160_80_6_0.01_NA_NA_NA_dataset9.RDS
    output: ../data/assessing_models_simulation/inference_results/TMB/nlminb/multiple_GenerationJnormChangingNmBTwoLambdasOneChangingBeta_100_160_80_6_0.01_singleREDM_NA_NA_NA_dataset9.RDS
    log: logs/inference/nlminb/simulation_GenerationJnormChangingNmBTwoLambdasOneChangingBeta_100_160_80_6_0.01_ModelsingleREDM_NA_NA_NA_dataset9.log
    jobid: 20114
    wildcards: optimiser=nlminb, datasetgeneration=GenerationJnormChangingNmBTwoLambdasOneChangingBeta, n=100, nlambda=160, lmbda=80, d=6, beta_intensity=0.01, model=singleREDM, fixed_beta_intercept=NA, fixed_beta_slope=NA, sdRE_input=NA, itnum=9

Rscript 2_inference_TMB/run_TMB.R --input ../data/assessing_models_simulation/datasets/multiple_GenerationJnormChangingNmBTwoLambdasOneChangingBeta_100_160_80_6_0.01_NA_NA_NA_dataset9.RDS --output ../data/assessing_models_simulation/inference_results/TMB/nlminb/multiple_GenerationJnormChangingNmBTwoLambdasOneChangingBeta_100_160_80_6_0.01_singleREDM_NA_NA_NA_dataset9.RDS --model singleREDM --optimiser nlminb  --use_previous_run_startingvals T
[Tue Aug  9 18:15:11 2022]
Finished job 20114.
36 of 25938 steps (0.14%) done

[Tue Aug  9 18:15:11 2022]
rule inference_simulation_TMB_multiple:
    input: ../data/assessing_models_simulation/datasets/multiple_GenerationJnormChangingNmBTwoLambdasOneChangingBeta_100_160_80_6_0.01_NA_NA_NA_dataset9.RDS
    output: ../data/assessing_models_simulation/inference_results/TMB/nlminb/multiple_GenerationJnormChangingNmBTwoLambdasOneChangingBeta_100_160_80_6_0.01_fullREM_NA_NA_NA_dataset9.RDS
    log: logs/inference/nlminb/simulation_GenerationJnormChangingNmBTwoLambdasOneChangingBeta_100_160_80_6_0.01_ModelfullREM_NA_NA_NA_dataset9.log
    jobid: 6674
    wildcards: optimiser=nlminb, datasetgeneration=GenerationJnormChangingNmBTwoLambdasOneChangingBeta, n=100, nlambda=160, lmbda=80, d=6, beta_intensity=0.01, model=fullREM, fixed_beta_intercept=NA, fixed_beta_slope=NA, sdRE_input=NA, itnum=9

Rscript 2_inference_TMB/run_TMB.R --input ../data/assessing_models_simulation/datasets/multiple_GenerationJnormChangingNmBTwoLambdasOneChangingBeta_100_160_80_6_0.01_NA_NA_NA_dataset9.RDS --output ../data/assessing_models_simulation/inference_results/TMB/nlminb/multiple_GenerationJnormChangingNmBTwoLambdasOneChangingBeta_100_160_80_6_0.01_fullREM_NA_NA_NA_dataset9.RDS --model fullREM --optimiser nlminb  --use_previous_run_startingvals T
[Tue Aug  9 18:15:19 2022]
Finished job 6674.
37 of 25938 steps (0.14%) done

[Tue Aug  9 18:15:19 2022]
rule simulate_for_comparison_multiple:
    input: ../data/assessing_models_simulation/GenerationJnormChangingNmBTwoLambdasOneChangingBeta
    output: ../data/assessing_models_simulation/datasets/multiple_GenerationJnormChangingNmBTwoLambdasOneChangingBeta_20_140_80_4_0_NA_NA_NA_dataset1.RDS
    jobid: 21356
    wildcards: datasetgeneration=GenerationJnormChangingNmBTwoLambdasOneChangingBeta, n=20, nlambda=140, lmbda=80, d=4, beta_intensity=0, fixed_beta_intercept=NA, fixed_beta_slope=NA, sdRE_input=NA, itnum=1

Rscript --vanilla 3_analysis/simulation_model_assessment/generate_datasets_simulations/GenerationJnormChangingNmBTwoLambdasOneChangingBeta.R --input ../data/assessing_models_simulation/GenerationJnormChangingNmBTwoLambdasOneChangingBeta --d 4 --n 20 --nlambda 140 --lambda 80 --beta_gamma_shape 0 --outfile ../data/assessing_models_simulation/datasets/multiple_GenerationJnormChangingNmBTwoLambdasOneChangingBeta_20_140_80_4_0_NA_NA_NA_dataset1.RDS --beta_intercept_input NA --beta_slope_input NA --sdRE_input NA
[Tue Aug  9 18:15:22 2022]
Finished job 21356.
38 of 25938 steps (0.15%) done

[Tue Aug  9 18:15:22 2022]
rule inference_simulation_TMB_multiple:
    input: ../data/assessing_models_simulation/datasets/multiple_GenerationJnormChangingNmBTwoLambdasOneChangingBeta_20_140_80_4_0_NA_NA_NA_dataset1.RDS
    output: ../data/assessing_models_simulation/inference_results/TMB/nlminb/multiple_GenerationJnormChangingNmBTwoLambdasOneChangingBeta_20_140_80_4_0_diagREDM_NA_NA_NA_dataset1.RDS
    log: logs/inference/nlminb/simulation_GenerationJnormChangingNmBTwoLambdasOneChangingBeta_20_140_80_4_0_ModeldiagREDM_NA_NA_NA_dataset1.log
    jobid: 7916
    wildcards: optimiser=nlminb, datasetgeneration=GenerationJnormChangingNmBTwoLambdasOneChangingBeta, n=20, nlambda=140, lmbda=80, d=4, beta_intensity=0, model=diagREDM, fixed_beta_intercept=NA, fixed_beta_slope=NA, sdRE_input=NA, itnum=1

Rscript 2_inference_TMB/run_TMB.R --input ../data/assessing_models_simulation/datasets/multiple_GenerationJnormChangingNmBTwoLambdasOneChangingBeta_20_140_80_4_0_NA_NA_NA_dataset1.RDS --output ../data/assessing_models_simulation/inference_results/TMB/nlminb/multiple_GenerationJnormChangingNmBTwoLambdasOneChangingBeta_20_140_80_4_0_diagREDM_NA_NA_NA_dataset1.RDS --model diagREDM --optimiser nlminb  --use_previous_run_startingvals T
[Tue Aug  9 18:15:25 2022]
Finished job 7916.
39 of 25938 steps (0.15%) done

[Tue Aug  9 18:15:25 2022]
rule inference_simulation_TMB_multiple:
    input: ../data/assessing_models_simulation/datasets/multiple_GenerationJnormChangingNmBTwoLambdasOneChangingBeta_20_140_80_4_0_NA_NA_NA_dataset1.RDS
    output: ../data/assessing_models_simulation/inference_results/TMB/nlminb/multiple_GenerationJnormChangingNmBTwoLambdasOneChangingBeta_20_140_80_4_0_singleREDM_NA_NA_NA_dataset1.RDS
    log: logs/inference/nlminb/simulation_GenerationJnormChangingNmBTwoLambdasOneChangingBeta_20_140_80_4_0_ModelsingleREDM_NA_NA_NA_dataset1.log
    jobid: 14636
    wildcards: optimiser=nlminb, datasetgeneration=GenerationJnormChangingNmBTwoLambdasOneChangingBeta, n=20, nlambda=140, lmbda=80, d=4, beta_intensity=0, model=singleREDM, fixed_beta_intercept=NA, fixed_beta_slope=NA, sdRE_input=NA, itnum=1

Rscript 2_inference_TMB/run_TMB.R --input ../data/assessing_models_simulation/datasets/multiple_GenerationJnormChangingNmBTwoLambdasOneChangingBeta_20_140_80_4_0_NA_NA_NA_dataset1.RDS --output ../data/assessing_models_simulation/inference_results/TMB/nlminb/multiple_GenerationJnormChangingNmBTwoLambdasOneChangingBeta_20_140_80_4_0_singleREDM_NA_NA_NA_dataset1.RDS --model singleREDM --optimiser nlminb  --use_previous_run_startingvals T
[Tue Aug  9 18:15:28 2022]
Finished job 14636.
40 of 25938 steps (0.15%) done

[Tue Aug  9 18:15:28 2022]
rule inference_simulation_TMB_multiple:
    input: ../data/assessing_models_simulation/datasets/multiple_GenerationJnormChangingNmBTwoLambdasOneChangingBeta_20_140_80_4_0_NA_NA_NA_dataset1.RDS
    output: ../data/assessing_models_simulation/inference_results/TMB/nlminb/multiple_GenerationJnormChangingNmBTwoLambdasOneChangingBeta_20_140_80_4_0_fullREM_NA_NA_NA_dataset1.RDS
    log: logs/inference/nlminb/simulation_GenerationJnormChangingNmBTwoLambdasOneChangingBeta_20_140_80_4_0_ModelfullREM_NA_NA_NA_dataset1.log
    jobid: 1196
    wildcards: optimiser=nlminb, datasetgeneration=GenerationJnormChangingNmBTwoLambdasOneChangingBeta, n=20, nlambda=140, lmbda=80, d=4, beta_intensity=0, model=fullREM, fixed_beta_intercept=NA, fixed_beta_slope=NA, sdRE_input=NA, itnum=1

Rscript 2_inference_TMB/run_TMB.R --input ../data/assessing_models_simulation/datasets/multiple_GenerationJnormChangingNmBTwoLambdasOneChangingBeta_20_140_80_4_0_NA_NA_NA_dataset1.RDS --output ../data/assessing_models_simulation/inference_results/TMB/nlminb/multiple_GenerationJnormChangingNmBTwoLambdasOneChangingBeta_20_140_80_4_0_fullREM_NA_NA_NA_dataset1.RDS --model fullREM --optimiser nlminb  --use_previous_run_startingvals T
[Tue Aug  9 18:15:31 2022]
Finished job 1196.
41 of 25938 steps (0.16%) done

[Tue Aug  9 18:15:31 2022]
rule simulate_for_comparison_multiple:
    input: ../data/assessing_models_simulation/GenerationJnormChangingNmBTwoLambdasOneChangingBeta
    output: ../data/assessing_models_simulation/datasets/multiple_GenerationJnormChangingNmBTwoLambdasOneChangingBeta_20_160_80_5_0.3_NA_NA_NA_dataset0.RDS
    jobid: 21745
    wildcards: datasetgeneration=GenerationJnormChangingNmBTwoLambdasOneChangingBeta, n=20, nlambda=160, lmbda=80, d=5, beta_intensity=0.3, fixed_beta_intercept=NA, fixed_beta_slope=NA, sdRE_input=NA, itnum=0

Rscript --vanilla 3_analysis/simulation_model_assessment/generate_datasets_simulations/GenerationJnormChangingNmBTwoLambdasOneChangingBeta.R --input ../data/assessing_models_simulation/GenerationJnormChangingNmBTwoLambdasOneChangingBeta --d 5 --n 20 --nlambda 160 --lambda 80 --beta_gamma_shape 0.3 --outfile ../data/assessing_models_simulation/datasets/multiple_GenerationJnormChangingNmBTwoLambdasOneChangingBeta_20_160_80_5_0.3_NA_NA_NA_dataset0.RDS --beta_intercept_input NA --beta_slope_input NA --sdRE_input NA
[Tue Aug  9 18:15:33 2022]
Finished job 21745.
42 of 25938 steps (0.16%) done

[Tue Aug  9 18:15:33 2022]
rule inference_simulation_TMB_multiple:
    input: ../data/assessing_models_simulation/datasets/multiple_GenerationJnormChangingNmBTwoLambdasOneChangingBeta_20_160_80_5_0.3_NA_NA_NA_dataset0.RDS
    output: ../data/assessing_models_simulation/inference_results/TMB/nlminb/multiple_GenerationJnormChangingNmBTwoLambdasOneChangingBeta_20_160_80_5_0.3_diagREDM_NA_NA_NA_dataset0.RDS
    log: logs/inference/nlminb/simulation_GenerationJnormChangingNmBTwoLambdasOneChangingBeta_20_160_80_5_0.3_ModeldiagREDM_NA_NA_NA_dataset0.log
    jobid: 8305
    wildcards: optimiser=nlminb, datasetgeneration=GenerationJnormChangingNmBTwoLambdasOneChangingBeta, n=20, nlambda=160, lmbda=80, d=5, beta_intensity=0.3, model=diagREDM, fixed_beta_intercept=NA, fixed_beta_slope=NA, sdRE_input=NA, itnum=0

Rscript 2_inference_TMB/run_TMB.R --input ../data/assessing_models_simulation/datasets/multiple_GenerationJnormChangingNmBTwoLambdasOneChangingBeta_20_160_80_5_0.3_NA_NA_NA_dataset0.RDS --output ../data/assessing_models_simulation/inference_results/TMB/nlminb/multiple_GenerationJnormChangingNmBTwoLambdasOneChangingBeta_20_160_80_5_0.3_diagREDM_NA_NA_NA_dataset0.RDS --model diagREDM --optimiser nlminb  --use_previous_run_startingvals T
[Tue Aug  9 18:15:37 2022]
Finished job 8305.
43 of 25938 steps (0.17%) done

[Tue Aug  9 18:15:37 2022]
rule inference_simulation_TMB_multiple:
    input: ../data/assessing_models_simulation/datasets/multiple_GenerationJnormChangingNmBTwoLambdasOneChangingBeta_20_160_80_5_0.3_NA_NA_NA_dataset0.RDS
    output: ../data/assessing_models_simulation/inference_results/TMB/nlminb/multiple_GenerationJnormChangingNmBTwoLambdasOneChangingBeta_20_160_80_5_0.3_singleREDM_NA_NA_NA_dataset0.RDS
    log: logs/inference/nlminb/simulation_GenerationJnormChangingNmBTwoLambdasOneChangingBeta_20_160_80_5_0.3_ModelsingleREDM_NA_NA_NA_dataset0.log
    jobid: 15025
    wildcards: optimiser=nlminb, datasetgeneration=GenerationJnormChangingNmBTwoLambdasOneChangingBeta, n=20, nlambda=160, lmbda=80, d=5, beta_intensity=0.3, model=singleREDM, fixed_beta_intercept=NA, fixed_beta_slope=NA, sdRE_input=NA, itnum=0

Rscript 2_inference_TMB/run_TMB.R --input ../data/assessing_models_simulation/datasets/multiple_GenerationJnormChangingNmBTwoLambdasOneChangingBeta_20_160_80_5_0.3_NA_NA_NA_dataset0.RDS --output ../data/assessing_models_simulation/inference_results/TMB/nlminb/multiple_GenerationJnormChangingNmBTwoLambdasOneChangingBeta_20_160_80_5_0.3_singleREDM_NA_NA_NA_dataset0.RDS --model singleREDM --optimiser nlminb  --use_previous_run_startingvals T
[Tue Aug  9 18:15:40 2022]
Finished job 15025.
44 of 25938 steps (0.17%) done

[Tue Aug  9 18:15:40 2022]
rule inference_simulation_TMB_multiple:
    input: ../data/assessing_models_simulation/datasets/multiple_GenerationJnormChangingNmBTwoLambdasOneChangingBeta_20_160_80_5_0.3_NA_NA_NA_dataset0.RDS
    output: ../data/assessing_models_simulation/inference_results/TMB/nlminb/multiple_GenerationJnormChangingNmBTwoLambdasOneChangingBeta_20_160_80_5_0.3_fullREM_NA_NA_NA_dataset0.RDS
    log: logs/inference/nlminb/simulation_GenerationJnormChangingNmBTwoLambdasOneChangingBeta_20_160_80_5_0.3_ModelfullREM_NA_NA_NA_dataset0.log
    jobid: 1585
    wildcards: optimiser=nlminb, datasetgeneration=GenerationJnormChangingNmBTwoLambdasOneChangingBeta, n=20, nlambda=160, lmbda=80, d=5, beta_intensity=0.3, model=fullREM, fixed_beta_intercept=NA, fixed_beta_slope=NA, sdRE_input=NA, itnum=0

Rscript 2_inference_TMB/run_TMB.R --input ../data/assessing_models_simulation/datasets/multiple_GenerationJnormChangingNmBTwoLambdasOneChangingBeta_20_160_80_5_0.3_NA_NA_NA_dataset0.RDS --output ../data/assessing_models_simulation/inference_results/TMB/nlminb/multiple_GenerationJnormChangingNmBTwoLambdasOneChangingBeta_20_160_80_5_0.3_fullREM_NA_NA_NA_dataset0.RDS --model fullREM --optimiser nlminb  --use_previous_run_startingvals T
[Tue Aug  9 18:15:43 2022]
Finished job 1585.
45 of 25938 steps (0.17%) done

[Tue Aug  9 18:15:43 2022]
rule simulate_for_comparison_multiple:
    input: ../data/assessing_models_simulation/GenerationJnormChangingNmBTwoLambdasOneChangingBeta
    output: ../data/assessing_models_simulation/datasets/multiple_GenerationJnormChangingNmBTwoLambdasOneChangingBeta_100_40_80_5_0.2_NA_NA_NA_dataset2.RDS
    jobid: 25377
    wildcards: datasetgeneration=GenerationJnormChangingNmBTwoLambdasOneChangingBeta, n=100, nlambda=40, lmbda=80, d=5, beta_intensity=0.2, fixed_beta_intercept=NA, fixed_beta_slope=NA, sdRE_input=NA, itnum=2

Rscript --vanilla 3_analysis/simulation_model_assessment/generate_datasets_simulations/GenerationJnormChangingNmBTwoLambdasOneChangingBeta.R --input ../data/assessing_models_simulation/GenerationJnormChangingNmBTwoLambdasOneChangingBeta --d 5 --n 100 --nlambda 40 --lambda 80 --beta_gamma_shape 0.2 --outfile ../data/assessing_models_simulation/datasets/multiple_GenerationJnormChangingNmBTwoLambdasOneChangingBeta_100_40_80_5_0.2_NA_NA_NA_dataset2.RDS --beta_intercept_input NA --beta_slope_input NA --sdRE_input NA
[Tue Aug  9 18:15:46 2022]
Finished job 25377.
46 of 25938 steps (0.18%) done

[Tue Aug  9 18:15:46 2022]
rule inference_simulation_TMB_multiple:
    input: ../data/assessing_models_simulation/datasets/multiple_GenerationJnormChangingNmBTwoLambdasOneChangingBeta_100_40_80_5_0.2_NA_NA_NA_dataset2.RDS
    output: ../data/assessing_models_simulation/inference_results/TMB/nlminb/multiple_GenerationJnormChangingNmBTwoLambdasOneChangingBeta_100_40_80_5_0.2_diagREDM_NA_NA_NA_dataset2.RDS
    log: logs/inference/nlminb/simulation_GenerationJnormChangingNmBTwoLambdasOneChangingBeta_100_40_80_5_0.2_ModeldiagREDM_NA_NA_NA_dataset2.log
    jobid: 11937
    wildcards: optimiser=nlminb, datasetgeneration=GenerationJnormChangingNmBTwoLambdasOneChangingBeta, n=100, nlambda=40, lmbda=80, d=5, beta_intensity=0.2, model=diagREDM, fixed_beta_intercept=NA, fixed_beta_slope=NA, sdRE_input=NA, itnum=2

Rscript 2_inference_TMB/run_TMB.R --input ../data/assessing_models_simulation/datasets/multiple_GenerationJnormChangingNmBTwoLambdasOneChangingBeta_100_40_80_5_0.2_NA_NA_NA_dataset2.RDS --output ../data/assessing_models_simulation/inference_results/TMB/nlminb/multiple_GenerationJnormChangingNmBTwoLambdasOneChangingBeta_100_40_80_5_0.2_diagREDM_NA_NA_NA_dataset2.RDS --model diagREDM --optimiser nlminb  --use_previous_run_startingvals T
[Tue Aug  9 18:15:58 2022]
Finished job 11937.
47 of 25938 steps (0.18%) done

[Tue Aug  9 18:15:58 2022]
rule inference_simulation_TMB_multiple:
    input: ../data/assessing_models_simulation/datasets/multiple_GenerationJnormChangingNmBTwoLambdasOneChangingBeta_100_40_80_5_0.2_NA_NA_NA_dataset2.RDS
    output: ../data/assessing_models_simulation/inference_results/TMB/nlminb/multiple_GenerationJnormChangingNmBTwoLambdasOneChangingBeta_100_40_80_5_0.2_singleREDM_NA_NA_NA_dataset2.RDS
    log: logs/inference/nlminb/simulation_GenerationJnormChangingNmBTwoLambdasOneChangingBeta_100_40_80_5_0.2_ModelsingleREDM_NA_NA_NA_dataset2.log
    jobid: 18657
    wildcards: optimiser=nlminb, datasetgeneration=GenerationJnormChangingNmBTwoLambdasOneChangingBeta, n=100, nlambda=40, lmbda=80, d=5, beta_intensity=0.2, model=singleREDM, fixed_beta_intercept=NA, fixed_beta_slope=NA, sdRE_input=NA, itnum=2

Rscript 2_inference_TMB/run_TMB.R --input ../data/assessing_models_simulation/datasets/multiple_GenerationJnormChangingNmBTwoLambdasOneChangingBeta_100_40_80_5_0.2_NA_NA_NA_dataset2.RDS --output ../data/assessing_models_simulation/inference_results/TMB/nlminb/multiple_GenerationJnormChangingNmBTwoLambdasOneChangingBeta_100_40_80_5_0.2_singleREDM_NA_NA_NA_dataset2.RDS --model singleREDM --optimiser nlminb  --use_previous_run_startingvals T
[Tue Aug  9 18:16:04 2022]
Finished job 18657.
48 of 25938 steps (0.19%) done

[Tue Aug  9 18:16:04 2022]
rule inference_simulation_TMB_multiple:
    input: ../data/assessing_models_simulation/datasets/multiple_GenerationJnormChangingNmBTwoLambdasOneChangingBeta_100_40_80_5_0.2_NA_NA_NA_dataset2.RDS
    output: ../data/assessing_models_simulation/inference_results/TMB/nlminb/multiple_GenerationJnormChangingNmBTwoLambdasOneChangingBeta_100_40_80_5_0.2_fullREM_NA_NA_NA_dataset2.RDS
    log: logs/inference/nlminb/simulation_GenerationJnormChangingNmBTwoLambdasOneChangingBeta_100_40_80_5_0.2_ModelfullREM_NA_NA_NA_dataset2.log
    jobid: 5217
    wildcards: optimiser=nlminb, datasetgeneration=GenerationJnormChangingNmBTwoLambdasOneChangingBeta, n=100, nlambda=40, lmbda=80, d=5, beta_intensity=0.2, model=fullREM, fixed_beta_intercept=NA, fixed_beta_slope=NA, sdRE_input=NA, itnum=2

Rscript 2_inference_TMB/run_TMB.R --input ../data/assessing_models_simulation/datasets/multiple_GenerationJnormChangingNmBTwoLambdasOneChangingBeta_100_40_80_5_0.2_NA_NA_NA_dataset2.RDS --output ../data/assessing_models_simulation/inference_results/TMB/nlminb/multiple_GenerationJnormChangingNmBTwoLambdasOneChangingBeta_100_40_80_5_0.2_fullREM_NA_NA_NA_dataset2.RDS --model fullREM --optimiser nlminb  --use_previous_run_startingvals T
[Tue Aug  9 18:16:10 2022]
Finished job 5217.
49 of 25938 steps (0.19%) done

[Tue Aug  9 18:16:10 2022]
rule simulate_for_comparison_multiple:
    input: ../data/assessing_models_simulation/GenerationJnormChangingNmBTwoLambdasOneChangingBeta
    output: ../data/assessing_models_simulation/datasets/multiple_GenerationJnormChangingNmBTwoLambdasOneChangingBeta_100_160_80_5_0.01_NA_NA_NA_dataset9.RDS
    jobid: 26764
    wildcards: datasetgeneration=GenerationJnormChangingNmBTwoLambdasOneChangingBeta, n=100, nlambda=160, lmbda=80, d=5, beta_intensity=0.01, fixed_beta_intercept=NA, fixed_beta_slope=NA, sdRE_input=NA, itnum=9

Rscript --vanilla 3_analysis/simulation_model_assessment/generate_datasets_simulations/GenerationJnormChangingNmBTwoLambdasOneChangingBeta.R --input ../data/assessing_models_simulation/GenerationJnormChangingNmBTwoLambdasOneChangingBeta --d 5 --n 100 --nlambda 160 --lambda 80 --beta_gamma_shape 0.01 --outfile ../data/assessing_models_simulation/datasets/multiple_GenerationJnormChangingNmBTwoLambdasOneChangingBeta_100_160_80_5_0.01_NA_NA_NA_dataset9.RDS --beta_intercept_input NA --beta_slope_input NA --sdRE_input NA
[Tue Aug  9 18:16:12 2022]
Finished job 26764.
50 of 25938 steps (0.19%) done

[Tue Aug  9 18:16:12 2022]
rule inference_simulation_TMB_multiple:
    input: ../data/assessing_models_simulation/datasets/multiple_GenerationJnormChangingNmBTwoLambdasOneChangingBeta_100_160_80_5_0.01_NA_NA_NA_dataset9.RDS
    output: ../data/assessing_models_simulation/inference_results/TMB/nlminb/multiple_GenerationJnormChangingNmBTwoLambdasOneChangingBeta_100_160_80_5_0.01_diagREDM_NA_NA_NA_dataset9.RDS
    log: logs/inference/nlminb/simulation_GenerationJnormChangingNmBTwoLambdasOneChangingBeta_100_160_80_5_0.01_ModeldiagREDM_NA_NA_NA_dataset9.log
    jobid: 13324
    wildcards: optimiser=nlminb, datasetgeneration=GenerationJnormChangingNmBTwoLambdasOneChangingBeta, n=100, nlambda=160, lmbda=80, d=5, beta_intensity=0.01, model=diagREDM, fixed_beta_intercept=NA, fixed_beta_slope=NA, sdRE_input=NA, itnum=9

Rscript 2_inference_TMB/run_TMB.R --input ../data/assessing_models_simulation/datasets/multiple_GenerationJnormChangingNmBTwoLambdasOneChangingBeta_100_160_80_5_0.01_NA_NA_NA_dataset9.RDS --output ../data/assessing_models_simulation/inference_results/TMB/nlminb/multiple_GenerationJnormChangingNmBTwoLambdasOneChangingBeta_100_160_80_5_0.01_diagREDM_NA_NA_NA_dataset9.RDS --model diagREDM --optimiser nlminb  --use_previous_run_startingvals T
[Tue Aug  9 18:16:25 2022]
Finished job 13324.
51 of 25938 steps (0.20%) done

[Tue Aug  9 18:16:25 2022]
rule inference_simulation_TMB_multiple:
    input: ../data/assessing_models_simulation/datasets/multiple_GenerationJnormChangingNmBTwoLambdasOneChangingBeta_100_160_80_5_0.01_NA_NA_NA_dataset9.RDS
    output: ../data/assessing_models_simulation/inference_results/TMB/nlminb/multiple_GenerationJnormChangingNmBTwoLambdasOneChangingBeta_100_160_80_5_0.01_singleREDM_NA_NA_NA_dataset9.RDS
    log: logs/inference/nlminb/simulation_GenerationJnormChangingNmBTwoLambdasOneChangingBeta_100_160_80_5_0.01_ModelsingleREDM_NA_NA_NA_dataset9.log
    jobid: 20044
    wildcards: optimiser=nlminb, datasetgeneration=GenerationJnormChangingNmBTwoLambdasOneChangingBeta, n=100, nlambda=160, lmbda=80, d=5, beta_intensity=0.01, model=singleREDM, fixed_beta_intercept=NA, fixed_beta_slope=NA, sdRE_input=NA, itnum=9

Rscript 2_inference_TMB/run_TMB.R --input ../data/assessing_models_simulation/datasets/multiple_GenerationJnormChangingNmBTwoLambdasOneChangingBeta_100_160_80_5_0.01_NA_NA_NA_dataset9.RDS --output ../data/assessing_models_simulation/inference_results/TMB/nlminb/multiple_GenerationJnormChangingNmBTwoLambdasOneChangingBeta_100_160_80_5_0.01_singleREDM_NA_NA_NA_dataset9.RDS --model singleREDM --optimiser nlminb  --use_previous_run_startingvals T
[Tue Aug  9 18:16:31 2022]
Finished job 20044.
52 of 25938 steps (0.20%) done

[Tue Aug  9 18:16:31 2022]
rule inference_simulation_TMB_multiple:
    input: ../data/assessing_models_simulation/datasets/multiple_GenerationJnormChangingNmBTwoLambdasOneChangingBeta_100_160_80_5_0.01_NA_NA_NA_dataset9.RDS
    output: ../data/assessing_models_simulation/inference_results/TMB/nlminb/multiple_GenerationJnormChangingNmBTwoLambdasOneChangingBeta_100_160_80_5_0.01_fullREM_NA_NA_NA_dataset9.RDS
    log: logs/inference/nlminb/simulation_GenerationJnormChangingNmBTwoLambdasOneChangingBeta_100_160_80_5_0.01_ModelfullREM_NA_NA_NA_dataset9.log
    jobid: 6604
    wildcards: optimiser=nlminb, datasetgeneration=GenerationJnormChangingNmBTwoLambdasOneChangingBeta, n=100, nlambda=160, lmbda=80, d=5, beta_intensity=0.01, model=fullREM, fixed_beta_intercept=NA, fixed_beta_slope=NA, sdRE_input=NA, itnum=9

Rscript 2_inference_TMB/run_TMB.R --input ../data/assessing_models_simulation/datasets/multiple_GenerationJnormChangingNmBTwoLambdasOneChangingBeta_100_160_80_5_0.01_NA_NA_NA_dataset9.RDS --output ../data/assessing_models_simulation/inference_results/TMB/nlminb/multiple_GenerationJnormChangingNmBTwoLambdasOneChangingBeta_100_160_80_5_0.01_fullREM_NA_NA_NA_dataset9.RDS --model fullREM --optimiser nlminb  --use_previous_run_startingvals T
[Tue Aug  9 18:16:38 2022]
Finished job 6604.
53 of 25938 steps (0.20%) done

[Tue Aug  9 18:16:38 2022]
rule simulate_for_comparison_multiple:
    input: ../data/assessing_models_simulation/GenerationJnormChangingNmBTwoLambdasOneChangingBeta
    output: ../data/assessing_models_simulation/datasets/multiple_GenerationJnormChangingNmBTwoLambdasOneChangingBeta_100_80_80_3_0.3_NA_NA_NA_dataset2.RDS
    jobid: 25807
    wildcards: datasetgeneration=GenerationJnormChangingNmBTwoLambdasOneChangingBeta, n=100, nlambda=80, lmbda=80, d=3, beta_intensity=0.3, fixed_beta_intercept=NA, fixed_beta_slope=NA, sdRE_input=NA, itnum=2

Rscript --vanilla 3_analysis/simulation_model_assessment/generate_datasets_simulations/GenerationJnormChangingNmBTwoLambdasOneChangingBeta.R --input ../data/assessing_models_simulation/GenerationJnormChangingNmBTwoLambdasOneChangingBeta --d 3 --n 100 --nlambda 80 --lambda 80 --beta_gamma_shape 0.3 --outfile ../data/assessing_models_simulation/datasets/multiple_GenerationJnormChangingNmBTwoLambdasOneChangingBeta_100_80_80_3_0.3_NA_NA_NA_dataset2.RDS --beta_intercept_input NA --beta_slope_input NA --sdRE_input NA
[Tue Aug  9 18:16:41 2022]
Finished job 25807.
54 of 25938 steps (0.21%) done

[Tue Aug  9 18:16:41 2022]
rule inference_simulation_TMB_multiple:
    input: ../data/assessing_models_simulation/datasets/multiple_GenerationJnormChangingNmBTwoLambdasOneChangingBeta_100_80_80_3_0.3_NA_NA_NA_dataset2.RDS
    output: ../data/assessing_models_simulation/inference_results/TMB/nlminb/multiple_GenerationJnormChangingNmBTwoLambdasOneChangingBeta_100_80_80_3_0.3_diagREDM_NA_NA_NA_dataset2.RDS
    log: logs/inference/nlminb/simulation_GenerationJnormChangingNmBTwoLambdasOneChangingBeta_100_80_80_3_0.3_ModeldiagREDM_NA_NA_NA_dataset2.log
    jobid: 12367
    wildcards: optimiser=nlminb, datasetgeneration=GenerationJnormChangingNmBTwoLambdasOneChangingBeta, n=100, nlambda=80, lmbda=80, d=3, beta_intensity=0.3, model=diagREDM, fixed_beta_intercept=NA, fixed_beta_slope=NA, sdRE_input=NA, itnum=2

Rscript 2_inference_TMB/run_TMB.R --input ../data/assessing_models_simulation/datasets/multiple_GenerationJnormChangingNmBTwoLambdasOneChangingBeta_100_80_80_3_0.3_NA_NA_NA_dataset2.RDS --output ../data/assessing_models_simulation/inference_results/TMB/nlminb/multiple_GenerationJnormChangingNmBTwoLambdasOneChangingBeta_100_80_80_3_0.3_diagREDM_NA_NA_NA_dataset2.RDS --model diagREDM --optimiser nlminb  --use_previous_run_startingvals T
[Tue Aug  9 18:16:46 2022]
Finished job 12367.
55 of 25938 steps (0.21%) done

[Tue Aug  9 18:16:46 2022]
rule inference_simulation_TMB_multiple:
    input: ../data/assessing_models_simulation/datasets/multiple_GenerationJnormChangingNmBTwoLambdasOneChangingBeta_100_80_80_3_0.3_NA_NA_NA_dataset2.RDS
    output: ../data/assessing_models_simulation/inference_results/TMB/nlminb/multiple_GenerationJnormChangingNmBTwoLambdasOneChangingBeta_100_80_80_3_0.3_singleREDM_NA_NA_NA_dataset2.RDS
    log: logs/inference/nlminb/simulation_GenerationJnormChangingNmBTwoLambdasOneChangingBeta_100_80_80_3_0.3_ModelsingleREDM_NA_NA_NA_dataset2.log
    jobid: 19087
    wildcards: optimiser=nlminb, datasetgeneration=GenerationJnormChangingNmBTwoLambdasOneChangingBeta, n=100, nlambda=80, lmbda=80, d=3, beta_intensity=0.3, model=singleREDM, fixed_beta_intercept=NA, fixed_beta_slope=NA, sdRE_input=NA, itnum=2

Rscript 2_inference_TMB/run_TMB.R --input ../data/assessing_models_simulation/datasets/multiple_GenerationJnormChangingNmBTwoLambdasOneChangingBeta_100_80_80_3_0.3_NA_NA_NA_dataset2.RDS --output ../data/assessing_models_simulation/inference_results/TMB/nlminb/multiple_GenerationJnormChangingNmBTwoLambdasOneChangingBeta_100_80_80_3_0.3_singleREDM_NA_NA_NA_dataset2.RDS --model singleREDM --optimiser nlminb  --use_previous_run_startingvals T
[Tue Aug  9 18:16:50 2022]
Finished job 19087.
56 of 25938 steps (0.22%) done

[Tue Aug  9 18:16:50 2022]
rule inference_simulation_TMB_multiple:
    input: ../data/assessing_models_simulation/datasets/multiple_GenerationJnormChangingNmBTwoLambdasOneChangingBeta_100_80_80_3_0.3_NA_NA_NA_dataset2.RDS
    output: ../data/assessing_models_simulation/inference_results/TMB/nlminb/multiple_GenerationJnormChangingNmBTwoLambdasOneChangingBeta_100_80_80_3_0.3_fullREM_NA_NA_NA_dataset2.RDS
    log: logs/inference/nlminb/simulation_GenerationJnormChangingNmBTwoLambdasOneChangingBeta_100_80_80_3_0.3_ModelfullREM_NA_NA_NA_dataset2.log
    jobid: 5647
    wildcards: optimiser=nlminb, datasetgeneration=GenerationJnormChangingNmBTwoLambdasOneChangingBeta, n=100, nlambda=80, lmbda=80, d=3, beta_intensity=0.3, model=fullREM, fixed_beta_intercept=NA, fixed_beta_slope=NA, sdRE_input=NA, itnum=2

Rscript 2_inference_TMB/run_TMB.R --input ../data/assessing_models_simulation/datasets/multiple_GenerationJnormChangingNmBTwoLambdasOneChangingBeta_100_80_80_3_0.3_NA_NA_NA_dataset2.RDS --output ../data/assessing_models_simulation/inference_results/TMB/nlminb/multiple_GenerationJnormChangingNmBTwoLambdasOneChangingBeta_100_80_80_3_0.3_fullREM_NA_NA_NA_dataset2.RDS --model fullREM --optimiser nlminb  --use_previous_run_startingvals T
[Tue Aug  9 18:16:53 2022]
Finished job 5647.
57 of 25938 steps (0.22%) done

[Tue Aug  9 18:16:54 2022]
rule simulate_for_comparison_multiple:
    input: ../data/assessing_models_simulation/GenerationJnormChangingNmBTwoLambdasOneChangingBeta
    output: ../data/assessing_models_simulation/datasets/multiple_GenerationJnormChangingNmBTwoLambdasOneChangingBeta_100_60_80_4_0.3_NA_NA_NA_dataset2.RDS
    jobid: 25597
    wildcards: datasetgeneration=GenerationJnormChangingNmBTwoLambdasOneChangingBeta, n=100, nlambda=60, lmbda=80, d=4, beta_intensity=0.3, fixed_beta_intercept=NA, fixed_beta_slope=NA, sdRE_input=NA, itnum=2

Rscript --vanilla 3_analysis/simulation_model_assessment/generate_datasets_simulations/GenerationJnormChangingNmBTwoLambdasOneChangingBeta.R --input ../data/assessing_models_simulation/GenerationJnormChangingNmBTwoLambdasOneChangingBeta --d 4 --n 100 --nlambda 60 --lambda 80 --beta_gamma_shape 0.3 --outfile ../data/assessing_models_simulation/datasets/multiple_GenerationJnormChangingNmBTwoLambdasOneChangingBeta_100_60_80_4_0.3_NA_NA_NA_dataset2.RDS --beta_intercept_input NA --beta_slope_input NA --sdRE_input NA
[Tue Aug  9 18:16:56 2022]
Finished job 25597.
58 of 25938 steps (0.22%) done

[Tue Aug  9 18:16:56 2022]
rule inference_simulation_TMB_multiple:
    input: ../data/assessing_models_simulation/datasets/multiple_GenerationJnormChangingNmBTwoLambdasOneChangingBeta_100_60_80_4_0.3_NA_NA_NA_dataset2.RDS
    output: ../data/assessing_models_simulation/inference_results/TMB/nlminb/multiple_GenerationJnormChangingNmBTwoLambdasOneChangingBeta_100_60_80_4_0.3_diagREDM_NA_NA_NA_dataset2.RDS
    log: logs/inference/nlminb/simulation_GenerationJnormChangingNmBTwoLambdasOneChangingBeta_100_60_80_4_0.3_ModeldiagREDM_NA_NA_NA_dataset2.log
    jobid: 12157
    wildcards: optimiser=nlminb, datasetgeneration=GenerationJnormChangingNmBTwoLambdasOneChangingBeta, n=100, nlambda=60, lmbda=80, d=4, beta_intensity=0.3, model=diagREDM, fixed_beta_intercept=NA, fixed_beta_slope=NA, sdRE_input=NA, itnum=2

Rscript 2_inference_TMB/run_TMB.R --input ../data/assessing_models_simulation/datasets/multiple_GenerationJnormChangingNmBTwoLambdasOneChangingBeta_100_60_80_4_0.3_NA_NA_NA_dataset2.RDS --output ../data/assessing_models_simulation/inference_results/TMB/nlminb/multiple_GenerationJnormChangingNmBTwoLambdasOneChangingBeta_100_60_80_4_0.3_diagREDM_NA_NA_NA_dataset2.RDS --model diagREDM --optimiser nlminb  --use_previous_run_startingvals T
[Tue Aug  9 18:17:04 2022]
Finished job 12157.
59 of 25938 steps (0.23%) done

[Tue Aug  9 18:17:04 2022]
rule inference_simulation_TMB_multiple:
    input: ../data/assessing_models_simulation/datasets/multiple_GenerationJnormChangingNmBTwoLambdasOneChangingBeta_100_60_80_4_0.3_NA_NA_NA_dataset2.RDS
    output: ../data/assessing_models_simulation/inference_results/TMB/nlminb/multiple_GenerationJnormChangingNmBTwoLambdasOneChangingBeta_100_60_80_4_0.3_singleREDM_NA_NA_NA_dataset2.RDS
    log: logs/inference/nlminb/simulation_GenerationJnormChangingNmBTwoLambdasOneChangingBeta_100_60_80_4_0.3_ModelsingleREDM_NA_NA_NA_dataset2.log
    jobid: 18877
    wildcards: optimiser=nlminb, datasetgeneration=GenerationJnormChangingNmBTwoLambdasOneChangingBeta, n=100, nlambda=60, lmbda=80, d=4, beta_intensity=0.3, model=singleREDM, fixed_beta_intercept=NA, fixed_beta_slope=NA, sdRE_input=NA, itnum=2

Rscript 2_inference_TMB/run_TMB.R --input ../data/assessing_models_simulation/datasets/multiple_GenerationJnormChangingNmBTwoLambdasOneChangingBeta_100_60_80_4_0.3_NA_NA_NA_dataset2.RDS --output ../data/assessing_models_simulation/inference_results/TMB/nlminb/multiple_GenerationJnormChangingNmBTwoLambdasOneChangingBeta_100_60_80_4_0.3_singleREDM_NA_NA_NA_dataset2.RDS --model singleREDM --optimiser nlminb  --use_previous_run_startingvals T
[Tue Aug  9 18:17:09 2022]
Finished job 18877.
60 of 25938 steps (0.23%) done

[Tue Aug  9 18:17:09 2022]
rule inference_simulation_TMB_multiple:
    input: ../data/assessing_models_simulation/datasets/multiple_GenerationJnormChangingNmBTwoLambdasOneChangingBeta_100_60_80_4_0.3_NA_NA_NA_dataset2.RDS
    output: ../data/assessing_models_simulation/inference_results/TMB/nlminb/multiple_GenerationJnormChangingNmBTwoLambdasOneChangingBeta_100_60_80_4_0.3_fullREM_NA_NA_NA_dataset2.RDS
    log: logs/inference/nlminb/simulation_GenerationJnormChangingNmBTwoLambdasOneChangingBeta_100_60_80_4_0.3_ModelfullREM_NA_NA_NA_dataset2.log
    jobid: 5437
    wildcards: optimiser=nlminb, datasetgeneration=GenerationJnormChangingNmBTwoLambdasOneChangingBeta, n=100, nlambda=60, lmbda=80, d=4, beta_intensity=0.3, model=fullREM, fixed_beta_intercept=NA, fixed_beta_slope=NA, sdRE_input=NA, itnum=2

Rscript 2_inference_TMB/run_TMB.R --input ../data/assessing_models_simulation/datasets/multiple_GenerationJnormChangingNmBTwoLambdasOneChangingBeta_100_60_80_4_0.3_NA_NA_NA_dataset2.RDS --output ../data/assessing_models_simulation/inference_results/TMB/nlminb/multiple_GenerationJnormChangingNmBTwoLambdasOneChangingBeta_100_60_80_4_0.3_fullREM_NA_NA_NA_dataset2.RDS --model fullREM --optimiser nlminb  --use_previous_run_startingvals T
[Tue Aug  9 18:17:13 2022]
Finished job 5437.
61 of 25938 steps (0.24%) done

[Tue Aug  9 18:17:13 2022]
rule simulate_for_comparison_multiple:
    input: ../data/assessing_models_simulation/GenerationJnormChangingNmBTwoLambdasOneChangingBeta
    output: ../data/assessing_models_simulation/datasets/multiple_GenerationJnormChangingNmBTwoLambdasOneChangingBeta_30_160_80_5_0.3_NA_NA_NA_dataset0.RDS
    jobid: 23425
    wildcards: datasetgeneration=GenerationJnormChangingNmBTwoLambdasOneChangingBeta, n=30, nlambda=160, lmbda=80, d=5, beta_intensity=0.3, fixed_beta_intercept=NA, fixed_beta_slope=NA, sdRE_input=NA, itnum=0

Rscript --vanilla 3_analysis/simulation_model_assessment/generate_datasets_simulations/GenerationJnormChangingNmBTwoLambdasOneChangingBeta.R --input ../data/assessing_models_simulation/GenerationJnormChangingNmBTwoLambdasOneChangingBeta --d 5 --n 30 --nlambda 160 --lambda 80 --beta_gamma_shape 0.3 --outfile ../data/assessing_models_simulation/datasets/multiple_GenerationJnormChangingNmBTwoLambdasOneChangingBeta_30_160_80_5_0.3_NA_NA_NA_dataset0.RDS --beta_intercept_input NA --beta_slope_input NA --sdRE_input NA
[Tue Aug  9 18:17:15 2022]
Finished job 23425.
62 of 25938 steps (0.24%) done

[Tue Aug  9 18:17:15 2022]
rule inference_simulation_TMB_multiple:
    input: ../data/assessing_models_simulation/datasets/multiple_GenerationJnormChangingNmBTwoLambdasOneChangingBeta_30_160_80_5_0.3_NA_NA_NA_dataset0.RDS
    output: ../data/assessing_models_simulation/inference_results/TMB/nlminb/multiple_GenerationJnormChangingNmBTwoLambdasOneChangingBeta_30_160_80_5_0.3_diagREDM_NA_NA_NA_dataset0.RDS
    log: logs/inference/nlminb/simulation_GenerationJnormChangingNmBTwoLambdasOneChangingBeta_30_160_80_5_0.3_ModeldiagREDM_NA_NA_NA_dataset0.log
    jobid: 9985
    wildcards: optimiser=nlminb, datasetgeneration=GenerationJnormChangingNmBTwoLambdasOneChangingBeta, n=30, nlambda=160, lmbda=80, d=5, beta_intensity=0.3, model=diagREDM, fixed_beta_intercept=NA, fixed_beta_slope=NA, sdRE_input=NA, itnum=0

Rscript 2_inference_TMB/run_TMB.R --input ../data/assessing_models_simulation/datasets/multiple_GenerationJnormChangingNmBTwoLambdasOneChangingBeta_30_160_80_5_0.3_NA_NA_NA_dataset0.RDS --output ../data/assessing_models_simulation/inference_results/TMB/nlminb/multiple_GenerationJnormChangingNmBTwoLambdasOneChangingBeta_30_160_80_5_0.3_diagREDM_NA_NA_NA_dataset0.RDS --model diagREDM --optimiser nlminb  --use_previous_run_startingvals T
[Tue Aug  9 18:17:20 2022]
Finished job 9985.
63 of 25938 steps (0.24%) done

[Tue Aug  9 18:17:20 2022]
rule inference_simulation_TMB_multiple:
    input: ../data/assessing_models_simulation/datasets/multiple_GenerationJnormChangingNmBTwoLambdasOneChangingBeta_30_160_80_5_0.3_NA_NA_NA_dataset0.RDS
    output: ../data/assessing_models_simulation/inference_results/TMB/nlminb/multiple_GenerationJnormChangingNmBTwoLambdasOneChangingBeta_30_160_80_5_0.3_singleREDM_NA_NA_NA_dataset0.RDS
    log: logs/inference/nlminb/simulation_GenerationJnormChangingNmBTwoLambdasOneChangingBeta_30_160_80_5_0.3_ModelsingleREDM_NA_NA_NA_dataset0.log
    jobid: 16705
    wildcards: optimiser=nlminb, datasetgeneration=GenerationJnormChangingNmBTwoLambdasOneChangingBeta, n=30, nlambda=160, lmbda=80, d=5, beta_intensity=0.3, model=singleREDM, fixed_beta_intercept=NA, fixed_beta_slope=NA, sdRE_input=NA, itnum=0

Rscript 2_inference_TMB/run_TMB.R --input ../data/assessing_models_simulation/datasets/multiple_GenerationJnormChangingNmBTwoLambdasOneChangingBeta_30_160_80_5_0.3_NA_NA_NA_dataset0.RDS --output ../data/assessing_models_simulation/inference_results/TMB/nlminb/multiple_GenerationJnormChangingNmBTwoLambdasOneChangingBeta_30_160_80_5_0.3_singleREDM_NA_NA_NA_dataset0.RDS --model singleREDM --optimiser nlminb  --use_previous_run_startingvals T
[Tue Aug  9 18:17:23 2022]
Finished job 16705.
64 of 25938 steps (0.25%) done

[Tue Aug  9 18:17:24 2022]
rule inference_simulation_TMB_multiple:
    input: ../data/assessing_models_simulation/datasets/multiple_GenerationJnormChangingNmBTwoLambdasOneChangingBeta_30_160_80_5_0.3_NA_NA_NA_dataset0.RDS
    output: ../data/assessing_models_simulation/inference_results/TMB/nlminb/multiple_GenerationJnormChangingNmBTwoLambdasOneChangingBeta_30_160_80_5_0.3_fullREM_NA_NA_NA_dataset0.RDS
    log: logs/inference/nlminb/simulation_GenerationJnormChangingNmBTwoLambdasOneChangingBeta_30_160_80_5_0.3_ModelfullREM_NA_NA_NA_dataset0.log
    jobid: 3265
    wildcards: optimiser=nlminb, datasetgeneration=GenerationJnormChangingNmBTwoLambdasOneChangingBeta, n=30, nlambda=160, lmbda=80, d=5, beta_intensity=0.3, model=fullREM, fixed_beta_intercept=NA, fixed_beta_slope=NA, sdRE_input=NA, itnum=0

Rscript 2_inference_TMB/run_TMB.R --input ../data/assessing_models_simulation/datasets/multiple_GenerationJnormChangingNmBTwoLambdasOneChangingBeta_30_160_80_5_0.3_NA_NA_NA_dataset0.RDS --output ../data/assessing_models_simulation/inference_results/TMB/nlminb/multiple_GenerationJnormChangingNmBTwoLambdasOneChangingBeta_30_160_80_5_0.3_fullREM_NA_NA_NA_dataset0.RDS --model fullREM --optimiser nlminb  --use_previous_run_startingvals T
[Tue Aug  9 18:17:27 2022]
Finished job 3265.
65 of 25938 steps (0.25%) done

[Tue Aug  9 18:17:27 2022]
rule simulate_for_comparison_multiple:
    input: ../data/assessing_models_simulation/GenerationJnormChangingNmBTwoLambdasOneChangingBeta
    output: ../data/assessing_models_simulation/datasets/multiple_GenerationJnormChangingNmBTwoLambdasOneChangingBeta_100_60_80_5_0_NA_NA_NA_dataset9.RDS
    jobid: 25634
    wildcards: datasetgeneration=GenerationJnormChangingNmBTwoLambdasOneChangingBeta, n=100, nlambda=60, lmbda=80, d=5, beta_intensity=0, fixed_beta_intercept=NA, fixed_beta_slope=NA, sdRE_input=NA, itnum=9

Rscript --vanilla 3_analysis/simulation_model_assessment/generate_datasets_simulations/GenerationJnormChangingNmBTwoLambdasOneChangingBeta.R --input ../data/assessing_models_simulation/GenerationJnormChangingNmBTwoLambdasOneChangingBeta --d 5 --n 100 --nlambda 60 --lambda 80 --beta_gamma_shape 0 --outfile ../data/assessing_models_simulation/datasets/multiple_GenerationJnormChangingNmBTwoLambdasOneChangingBeta_100_60_80_5_0_NA_NA_NA_dataset9.RDS --beta_intercept_input NA --beta_slope_input NA --sdRE_input NA
[Tue Aug  9 18:17:29 2022]
Finished job 25634.
66 of 25938 steps (0.25%) done

[Tue Aug  9 18:17:29 2022]
rule inference_simulation_TMB_multiple:
    input: ../data/assessing_models_simulation/datasets/multiple_GenerationJnormChangingNmBTwoLambdasOneChangingBeta_100_60_80_5_0_NA_NA_NA_dataset9.RDS
    output: ../data/assessing_models_simulation/inference_results/TMB/nlminb/multiple_GenerationJnormChangingNmBTwoLambdasOneChangingBeta_100_60_80_5_0_diagREDM_NA_NA_NA_dataset9.RDS
    log: logs/inference/nlminb/simulation_GenerationJnormChangingNmBTwoLambdasOneChangingBeta_100_60_80_5_0_ModeldiagREDM_NA_NA_NA_dataset9.log
    jobid: 12194
    wildcards: optimiser=nlminb, datasetgeneration=GenerationJnormChangingNmBTwoLambdasOneChangingBeta, n=100, nlambda=60, lmbda=80, d=5, beta_intensity=0, model=diagREDM, fixed_beta_intercept=NA, fixed_beta_slope=NA, sdRE_input=NA, itnum=9

Rscript 2_inference_TMB/run_TMB.R --input ../data/assessing_models_simulation/datasets/multiple_GenerationJnormChangingNmBTwoLambdasOneChangingBeta_100_60_80_5_0_NA_NA_NA_dataset9.RDS --output ../data/assessing_models_simulation/inference_results/TMB/nlminb/multiple_GenerationJnormChangingNmBTwoLambdasOneChangingBeta_100_60_80_5_0_diagREDM_NA_NA_NA_dataset9.RDS --model diagREDM --optimiser nlminb  --use_previous_run_startingvals T
[Tue Aug  9 18:17:43 2022]
Finished job 12194.
67 of 25938 steps (0.26%) done

[Tue Aug  9 18:17:43 2022]
rule inference_simulation_TMB_multiple:
    input: ../data/assessing_models_simulation/datasets/multiple_GenerationJnormChangingNmBTwoLambdasOneChangingBeta_100_60_80_5_0_NA_NA_NA_dataset9.RDS
    output: ../data/assessing_models_simulation/inference_results/TMB/nlminb/multiple_GenerationJnormChangingNmBTwoLambdasOneChangingBeta_100_60_80_5_0_singleREDM_NA_NA_NA_dataset9.RDS
    log: logs/inference/nlminb/simulation_GenerationJnormChangingNmBTwoLambdasOneChangingBeta_100_60_80_5_0_ModelsingleREDM_NA_NA_NA_dataset9.log
    jobid: 18914
    wildcards: optimiser=nlminb, datasetgeneration=GenerationJnormChangingNmBTwoLambdasOneChangingBeta, n=100, nlambda=60, lmbda=80, d=5, beta_intensity=0, model=singleREDM, fixed_beta_intercept=NA, fixed_beta_slope=NA, sdRE_input=NA, itnum=9

Rscript 2_inference_TMB/run_TMB.R --input ../data/assessing_models_simulation/datasets/multiple_GenerationJnormChangingNmBTwoLambdasOneChangingBeta_100_60_80_5_0_NA_NA_NA_dataset9.RDS --output ../data/assessing_models_simulation/inference_results/TMB/nlminb/multiple_GenerationJnormChangingNmBTwoLambdasOneChangingBeta_100_60_80_5_0_singleREDM_NA_NA_NA_dataset9.RDS --model singleREDM --optimiser nlminb  --use_previous_run_startingvals T
[Tue Aug  9 18:17:49 2022]
Finished job 18914.
68 of 25938 steps (0.26%) done

[Tue Aug  9 18:17:49 2022]
rule inference_simulation_TMB_multiple:
    input: ../data/assessing_models_simulation/datasets/multiple_GenerationJnormChangingNmBTwoLambdasOneChangingBeta_100_60_80_5_0_NA_NA_NA_dataset9.RDS
    output: ../data/assessing_models_simulation/inference_results/TMB/nlminb/multiple_GenerationJnormChangingNmBTwoLambdasOneChangingBeta_100_60_80_5_0_fullREM_NA_NA_NA_dataset9.RDS
    log: logs/inference/nlminb/simulation_GenerationJnormChangingNmBTwoLambdasOneChangingBeta_100_60_80_5_0_ModelfullREM_NA_NA_NA_dataset9.log
    jobid: 5474
    wildcards: optimiser=nlminb, datasetgeneration=GenerationJnormChangingNmBTwoLambdasOneChangingBeta, n=100, nlambda=60, lmbda=80, d=5, beta_intensity=0, model=fullREM, fixed_beta_intercept=NA, fixed_beta_slope=NA, sdRE_input=NA, itnum=9

Rscript 2_inference_TMB/run_TMB.R --input ../data/assessing_models_simulation/datasets/multiple_GenerationJnormChangingNmBTwoLambdasOneChangingBeta_100_60_80_5_0_NA_NA_NA_dataset9.RDS --output ../data/assessing_models_simulation/inference_results/TMB/nlminb/multiple_GenerationJnormChangingNmBTwoLambdasOneChangingBeta_100_60_80_5_0_fullREM_NA_NA_NA_dataset9.RDS --model fullREM --optimiser nlminb  --use_previous_run_startingvals T
[Tue Aug  9 18:17:55 2022]
Finished job 5474.
69 of 25938 steps (0.27%) done

[Tue Aug  9 18:17:55 2022]
rule simulate_for_comparison_multiple:
    input: ../data/assessing_models_simulation/GenerationJnormChangingNmBTwoLambdasOneChangingBeta
    output: ../data/assessing_models_simulation/datasets/multiple_GenerationJnormChangingNmBTwoLambdasOneChangingBeta_20_120_80_6_0.2_NA_NA_NA_dataset8.RDS
    jobid: 21253
    wildcards: datasetgeneration=GenerationJnormChangingNmBTwoLambdasOneChangingBeta, n=20, nlambda=120, lmbda=80, d=6, beta_intensity=0.2, fixed_beta_intercept=NA, fixed_beta_slope=NA, sdRE_input=NA, itnum=8

Rscript --vanilla 3_analysis/simulation_model_assessment/generate_datasets_simulations/GenerationJnormChangingNmBTwoLambdasOneChangingBeta.R --input ../data/assessing_models_simulation/GenerationJnormChangingNmBTwoLambdasOneChangingBeta --d 6 --n 20 --nlambda 120 --lambda 80 --beta_gamma_shape 0.2 --outfile ../data/assessing_models_simulation/datasets/multiple_GenerationJnormChangingNmBTwoLambdasOneChangingBeta_20_120_80_6_0.2_NA_NA_NA_dataset8.RDS --beta_intercept_input NA --beta_slope_input NA --sdRE_input NA
[Tue Aug  9 18:17:58 2022]
Finished job 21253.
70 of 25938 steps (0.27%) done

[Tue Aug  9 18:17:58 2022]
rule inference_simulation_TMB_multiple:
    input: ../data/assessing_models_simulation/datasets/multiple_GenerationJnormChangingNmBTwoLambdasOneChangingBeta_20_120_80_6_0.2_NA_NA_NA_dataset8.RDS
    output: ../data/assessing_models_simulation/inference_results/TMB/nlminb/multiple_GenerationJnormChangingNmBTwoLambdasOneChangingBeta_20_120_80_6_0.2_diagREDM_NA_NA_NA_dataset8.RDS
    log: logs/inference/nlminb/simulation_GenerationJnormChangingNmBTwoLambdasOneChangingBeta_20_120_80_6_0.2_ModeldiagREDM_NA_NA_NA_dataset8.log
    jobid: 7813
    wildcards: optimiser=nlminb, datasetgeneration=GenerationJnormChangingNmBTwoLambdasOneChangingBeta, n=20, nlambda=120, lmbda=80, d=6, beta_intensity=0.2, model=diagREDM, fixed_beta_intercept=NA, fixed_beta_slope=NA, sdRE_input=NA, itnum=8

Rscript 2_inference_TMB/run_TMB.R --input ../data/assessing_models_simulation/datasets/multiple_GenerationJnormChangingNmBTwoLambdasOneChangingBeta_20_120_80_6_0.2_NA_NA_NA_dataset8.RDS --output ../data/assessing_models_simulation/inference_results/TMB/nlminb/multiple_GenerationJnormChangingNmBTwoLambdasOneChangingBeta_20_120_80_6_0.2_diagREDM_NA_NA_NA_dataset8.RDS --model diagREDM --optimiser nlminb  --use_previous_run_startingvals T
[Tue Aug  9 18:18:03 2022]
Finished job 7813.
71 of 25938 steps (0.27%) done

[Tue Aug  9 18:18:03 2022]
rule inference_simulation_TMB_multiple:
    input: ../data/assessing_models_simulation/datasets/multiple_GenerationJnormChangingNmBTwoLambdasOneChangingBeta_20_120_80_6_0.2_NA_NA_NA_dataset8.RDS
    output: ../data/assessing_models_simulation/inference_results/TMB/nlminb/multiple_GenerationJnormChangingNmBTwoLambdasOneChangingBeta_20_120_80_6_0.2_singleREDM_NA_NA_NA_dataset8.RDS
    log: logs/inference/nlminb/simulation_GenerationJnormChangingNmBTwoLambdasOneChangingBeta_20_120_80_6_0.2_ModelsingleREDM_NA_NA_NA_dataset8.log
    jobid: 14533
    wildcards: optimiser=nlminb, datasetgeneration=GenerationJnormChangingNmBTwoLambdasOneChangingBeta, n=20, nlambda=120, lmbda=80, d=6, beta_intensity=0.2, model=singleREDM, fixed_beta_intercept=NA, fixed_beta_slope=NA, sdRE_input=NA, itnum=8

Rscript 2_inference_TMB/run_TMB.R --input ../data/assessing_models_simulation/datasets/multiple_GenerationJnormChangingNmBTwoLambdasOneChangingBeta_20_120_80_6_0.2_NA_NA_NA_dataset8.RDS --output ../data/assessing_models_simulation/inference_results/TMB/nlminb/multiple_GenerationJnormChangingNmBTwoLambdasOneChangingBeta_20_120_80_6_0.2_singleREDM_NA_NA_NA_dataset8.RDS --model singleREDM --optimiser nlminb  --use_previous_run_startingvals T
[Tue Aug  9 18:18:06 2022]
Finished job 14533.
72 of 25938 steps (0.28%) done

[Tue Aug  9 18:18:06 2022]
rule inference_simulation_TMB_multiple:
    input: ../data/assessing_models_simulation/datasets/multiple_GenerationJnormChangingNmBTwoLambdasOneChangingBeta_20_120_80_6_0.2_NA_NA_NA_dataset8.RDS
    output: ../data/assessing_models_simulation/inference_results/TMB/nlminb/multiple_GenerationJnormChangingNmBTwoLambdasOneChangingBeta_20_120_80_6_0.2_fullREM_NA_NA_NA_dataset8.RDS
    log: logs/inference/nlminb/simulation_GenerationJnormChangingNmBTwoLambdasOneChangingBeta_20_120_80_6_0.2_ModelfullREM_NA_NA_NA_dataset8.log
    jobid: 1093
    wildcards: optimiser=nlminb, datasetgeneration=GenerationJnormChangingNmBTwoLambdasOneChangingBeta, n=20, nlambda=120, lmbda=80, d=6, beta_intensity=0.2, model=fullREM, fixed_beta_intercept=NA, fixed_beta_slope=NA, sdRE_input=NA, itnum=8

Rscript 2_inference_TMB/run_TMB.R --input ../data/assessing_models_simulation/datasets/multiple_GenerationJnormChangingNmBTwoLambdasOneChangingBeta_20_120_80_6_0.2_NA_NA_NA_dataset8.RDS --output ../data/assessing_models_simulation/inference_results/TMB/nlminb/multiple_GenerationJnormChangingNmBTwoLambdasOneChangingBeta_20_120_80_6_0.2_fullREM_NA_NA_NA_dataset8.RDS --model fullREM --optimiser nlminb  --use_previous_run_startingvals T
[Tue Aug  9 18:18:10 2022]
Error in rule inference_simulation_TMB_multiple:
    jobid: 1093
    output: ../data/assessing_models_simulation/inference_results/TMB/nlminb/multiple_GenerationJnormChangingNmBTwoLambdasOneChangingBeta_20_120_80_6_0.2_fullREM_NA_NA_NA_dataset8.RDS
    log: logs/inference/nlminb/simulation_GenerationJnormChangingNmBTwoLambdasOneChangingBeta_20_120_80_6_0.2_ModelfullREM_NA_NA_NA_dataset8.log (check log file(s) for error message)
    shell:
        Rscript 2_inference_TMB/run_TMB.R --input ../data/assessing_models_simulation/datasets/multiple_GenerationJnormChangingNmBTwoLambdasOneChangingBeta_20_120_80_6_0.2_NA_NA_NA_dataset8.RDS --output ../data/assessing_models_simulation/inference_results/TMB/nlminb/multiple_GenerationJnormChangingNmBTwoLambdasOneChangingBeta_20_120_80_6_0.2_fullREM_NA_NA_NA_dataset8.RDS --model fullREM --optimiser nlminb  --use_previous_run_startingvals T

Shutting down, this might take some time.
Exiting because a job execution failed. Look above for error message
Complete log: /Users/morril01/Documents/PhD/GlobalDA/code/.snakemake/log/2022-08-09T181101.461041.snakemake.log
