Building DAG of jobs...
Using shell: /usr/local/bin/bash
Provided cores: 1
Rules claiming more threads will be scaled down.
Job counts:
	count	jobs
	1	all
	3	analyse_simulation_TMB_multiple
	1	analyse_simulation_TMB_multiple_integrate
	5729	inference_simulation_TMB_multiple
	1909	simulate_for_comparison_multiple
	7643

[Thu Aug 25 10:07:05 2022]
rule inference_simulation_TMB_multiple:
    input: ../data/assessing_models_simulation/datasets/multiple_GenerationJnormChangingNmBTwoLambdasOneChangingBeta_20_40_80_6_0.2_NA_NA_NA_dataset2.RDS
    output: ../data/assessing_models_simulation/inference_results/TMB/nlminb/multiple_GenerationJnormChangingNmBTwoLambdasOneChangingBeta_20_40_80_6_0.2_singleREDM_NA_NA_NA_dataset2.RDS
    log: logs/inference/nlminb/simulation_GenerationJnormChangingNmBTwoLambdasOneChangingBeta_20_40_80_6_0.2_ModelsingleREDM_NA_NA_NA_dataset2.log
    jobid: 13687
    wildcards: optimiser=nlminb, datasetgeneration=GenerationJnormChangingNmBTwoLambdasOneChangingBeta, n=20, nlambda=40, lmbda=80, d=6, beta_intensity=0.2, model=singleREDM, fixed_beta_intercept=NA, fixed_beta_slope=NA, sdRE_input=NA, itnum=2

Rscript 2_inference_TMB/run_TMB.R --input ../data/assessing_models_simulation/datasets/multiple_GenerationJnormChangingNmBTwoLambdasOneChangingBeta_20_40_80_6_0.2_NA_NA_NA_dataset2.RDS --output ../data/assessing_models_simulation/inference_results/TMB/nlminb/multiple_GenerationJnormChangingNmBTwoLambdasOneChangingBeta_20_40_80_6_0.2_singleREDM_NA_NA_NA_dataset2.RDS --model singleREDM --optimiser nlminb  --use_previous_run_startingvals T
[Thu Aug 25 10:07:08 2022]
Finished job 13687.
1 of 7643 steps (0.01%) done

[Thu Aug 25 10:07:08 2022]
rule inference_simulation_TMB_multiple:
    input: ../data/assessing_models_simulation/datasets/multiple_GenerationJnormChangingNmBTwoLambdasOneChangingBeta_20_40_80_6_0.2_NA_NA_NA_dataset2.RDS
    output: ../data/assessing_models_simulation/inference_results/TMB/nlminb/multiple_GenerationJnormChangingNmBTwoLambdasOneChangingBeta_20_40_80_6_0.2_diagREDM_NA_NA_NA_dataset2.RDS
    log: logs/inference/nlminb/simulation_GenerationJnormChangingNmBTwoLambdasOneChangingBeta_20_40_80_6_0.2_ModeldiagREDM_NA_NA_NA_dataset2.log
    jobid: 6967
    wildcards: optimiser=nlminb, datasetgeneration=GenerationJnormChangingNmBTwoLambdasOneChangingBeta, n=20, nlambda=40, lmbda=80, d=6, beta_intensity=0.2, model=diagREDM, fixed_beta_intercept=NA, fixed_beta_slope=NA, sdRE_input=NA, itnum=2

Rscript 2_inference_TMB/run_TMB.R --input ../data/assessing_models_simulation/datasets/multiple_GenerationJnormChangingNmBTwoLambdasOneChangingBeta_20_40_80_6_0.2_NA_NA_NA_dataset2.RDS --output ../data/assessing_models_simulation/inference_results/TMB/nlminb/multiple_GenerationJnormChangingNmBTwoLambdasOneChangingBeta_20_40_80_6_0.2_diagREDM_NA_NA_NA_dataset2.RDS --model diagREDM --optimiser nlminb  --use_previous_run_startingvals T
[Thu Aug 25 10:07:14 2022]
Finished job 6967.
2 of 7643 steps (0.03%) done

[Thu Aug 25 10:07:14 2022]
rule simulate_for_comparison_multiple:
    input: ../data/assessing_models_simulation/GenerationJnormChangingNmBTwoLambdasOneChangingBeta
    output: ../data/assessing_models_simulation/datasets/multiple_GenerationJnormChangingNmBTwoLambdasOneChangingBeta_20_120_80_6_4_NA_NA_NA_dataset8.RDS
    jobid: 21283
    wildcards: datasetgeneration=GenerationJnormChangingNmBTwoLambdasOneChangingBeta, n=20, nlambda=120, lmbda=80, d=6, beta_intensity=4, fixed_beta_intercept=NA, fixed_beta_slope=NA, sdRE_input=NA, itnum=8

Rscript --vanilla 3_analysis/simulation_model_assessment/generate_datasets_simulations/GenerationJnormChangingNmBTwoLambdasOneChangingBeta.R --input ../data/assessing_models_simulation/GenerationJnormChangingNmBTwoLambdasOneChangingBeta --d 6 --n 20 --nlambda 120 --lambda 80 --beta_gamma_shape 4 --outfile ../data/assessing_models_simulation/datasets/multiple_GenerationJnormChangingNmBTwoLambdasOneChangingBeta_20_120_80_6_4_NA_NA_NA_dataset8.RDS --beta_intercept_input NA --beta_slope_input NA --sdRE_input NA
[Thu Aug 25 10:07:16 2022]
Finished job 21283.
3 of 7643 steps (0.04%) done

[Thu Aug 25 10:07:16 2022]
rule inference_simulation_TMB_multiple:
    input: ../data/assessing_models_simulation/datasets/multiple_GenerationJnormChangingNmBTwoLambdasOneChangingBeta_20_120_80_6_4_NA_NA_NA_dataset8.RDS
    output: ../data/assessing_models_simulation/inference_results/TMB/nlminb/multiple_GenerationJnormChangingNmBTwoLambdasOneChangingBeta_20_120_80_6_4_fullREM_NA_NA_NA_dataset8.RDS
    log: logs/inference/nlminb/simulation_GenerationJnormChangingNmBTwoLambdasOneChangingBeta_20_120_80_6_4_ModelfullREM_NA_NA_NA_dataset8.log
    jobid: 1123
    wildcards: optimiser=nlminb, datasetgeneration=GenerationJnormChangingNmBTwoLambdasOneChangingBeta, n=20, nlambda=120, lmbda=80, d=6, beta_intensity=4, model=fullREM, fixed_beta_intercept=NA, fixed_beta_slope=NA, sdRE_input=NA, itnum=8

Rscript 2_inference_TMB/run_TMB.R --input ../data/assessing_models_simulation/datasets/multiple_GenerationJnormChangingNmBTwoLambdasOneChangingBeta_20_120_80_6_4_NA_NA_NA_dataset8.RDS --output ../data/assessing_models_simulation/inference_results/TMB/nlminb/multiple_GenerationJnormChangingNmBTwoLambdasOneChangingBeta_20_120_80_6_4_fullREM_NA_NA_NA_dataset8.RDS --model fullREM --optimiser nlminb  --use_previous_run_startingvals T
[Thu Aug 25 10:07:19 2022]
Finished job 1123.
4 of 7643 steps (0.05%) done

[Thu Aug 25 10:07:19 2022]
rule inference_simulation_TMB_multiple:
    input: ../data/assessing_models_simulation/datasets/multiple_GenerationJnormChangingNmBTwoLambdasOneChangingBeta_20_120_80_6_4_NA_NA_NA_dataset8.RDS
    output: ../data/assessing_models_simulation/inference_results/TMB/nlminb/multiple_GenerationJnormChangingNmBTwoLambdasOneChangingBeta_20_120_80_6_4_singleREDM_NA_NA_NA_dataset8.RDS
    log: logs/inference/nlminb/simulation_GenerationJnormChangingNmBTwoLambdasOneChangingBeta_20_120_80_6_4_ModelsingleREDM_NA_NA_NA_dataset8.log
    jobid: 14563
    wildcards: optimiser=nlminb, datasetgeneration=GenerationJnormChangingNmBTwoLambdasOneChangingBeta, n=20, nlambda=120, lmbda=80, d=6, beta_intensity=4, model=singleREDM, fixed_beta_intercept=NA, fixed_beta_slope=NA, sdRE_input=NA, itnum=8

Rscript 2_inference_TMB/run_TMB.R --input ../data/assessing_models_simulation/datasets/multiple_GenerationJnormChangingNmBTwoLambdasOneChangingBeta_20_120_80_6_4_NA_NA_NA_dataset8.RDS --output ../data/assessing_models_simulation/inference_results/TMB/nlminb/multiple_GenerationJnormChangingNmBTwoLambdasOneChangingBeta_20_120_80_6_4_singleREDM_NA_NA_NA_dataset8.RDS --model singleREDM --optimiser nlminb  --use_previous_run_startingvals T
[Thu Aug 25 10:07:22 2022]
Finished job 14563.
5 of 7643 steps (0.07%) done

[Thu Aug 25 10:07:22 2022]
rule inference_simulation_TMB_multiple:
    input: ../data/assessing_models_simulation/datasets/multiple_GenerationJnormChangingNmBTwoLambdasOneChangingBeta_20_120_80_6_4_NA_NA_NA_dataset8.RDS
    output: ../data/assessing_models_simulation/inference_results/TMB/nlminb/multiple_GenerationJnormChangingNmBTwoLambdasOneChangingBeta_20_120_80_6_4_diagREDM_NA_NA_NA_dataset8.RDS
    log: logs/inference/nlminb/simulation_GenerationJnormChangingNmBTwoLambdasOneChangingBeta_20_120_80_6_4_ModeldiagREDM_NA_NA_NA_dataset8.log
    jobid: 7843
    wildcards: optimiser=nlminb, datasetgeneration=GenerationJnormChangingNmBTwoLambdasOneChangingBeta, n=20, nlambda=120, lmbda=80, d=6, beta_intensity=4, model=diagREDM, fixed_beta_intercept=NA, fixed_beta_slope=NA, sdRE_input=NA, itnum=8

Rscript 2_inference_TMB/run_TMB.R --input ../data/assessing_models_simulation/datasets/multiple_GenerationJnormChangingNmBTwoLambdasOneChangingBeta_20_120_80_6_4_NA_NA_NA_dataset8.RDS --output ../data/assessing_models_simulation/inference_results/TMB/nlminb/multiple_GenerationJnormChangingNmBTwoLambdasOneChangingBeta_20_120_80_6_4_diagREDM_NA_NA_NA_dataset8.RDS --model diagREDM --optimiser nlminb  --use_previous_run_startingvals T
[Thu Aug 25 10:07:27 2022]
Finished job 7843.
6 of 7643 steps (0.08%) done

[Thu Aug 25 10:07:27 2022]
rule simulate_for_comparison_multiple:
    input: ../data/assessing_models_simulation/GenerationJnormChangingNmBTwoLambdasOneChangingBeta
    output: ../data/assessing_models_simulation/datasets/multiple_GenerationJnormChangingNmBTwoLambdasOneChangingBeta_30_120_80_3_4_NA_NA_NA_dataset3.RDS
    jobid: 22748
    wildcards: datasetgeneration=GenerationJnormChangingNmBTwoLambdasOneChangingBeta, n=30, nlambda=120, lmbda=80, d=3, beta_intensity=4, fixed_beta_intercept=NA, fixed_beta_slope=NA, sdRE_input=NA, itnum=3

Rscript --vanilla 3_analysis/simulation_model_assessment/generate_datasets_simulations/GenerationJnormChangingNmBTwoLambdasOneChangingBeta.R --input ../data/assessing_models_simulation/GenerationJnormChangingNmBTwoLambdasOneChangingBeta --d 3 --n 30 --nlambda 120 --lambda 80 --beta_gamma_shape 4 --outfile ../data/assessing_models_simulation/datasets/multiple_GenerationJnormChangingNmBTwoLambdasOneChangingBeta_30_120_80_3_4_NA_NA_NA_dataset3.RDS --beta_intercept_input NA --beta_slope_input NA --sdRE_input NA
[Thu Aug 25 10:07:30 2022]
Finished job 22748.
7 of 7643 steps (0.09%) done

[Thu Aug 25 10:07:30 2022]
rule inference_simulation_TMB_multiple:
    input: ../data/assessing_models_simulation/datasets/multiple_GenerationJnormChangingNmBTwoLambdasOneChangingBeta_30_120_80_3_4_NA_NA_NA_dataset3.RDS
    output: ../data/assessing_models_simulation/inference_results/TMB/nlminb/multiple_GenerationJnormChangingNmBTwoLambdasOneChangingBeta_30_120_80_3_4_fullREM_NA_NA_NA_dataset3.RDS
    log: logs/inference/nlminb/simulation_GenerationJnormChangingNmBTwoLambdasOneChangingBeta_30_120_80_3_4_ModelfullREM_NA_NA_NA_dataset3.log
    jobid: 2588
    wildcards: optimiser=nlminb, datasetgeneration=GenerationJnormChangingNmBTwoLambdasOneChangingBeta, n=30, nlambda=120, lmbda=80, d=3, beta_intensity=4, model=fullREM, fixed_beta_intercept=NA, fixed_beta_slope=NA, sdRE_input=NA, itnum=3

Rscript 2_inference_TMB/run_TMB.R --input ../data/assessing_models_simulation/datasets/multiple_GenerationJnormChangingNmBTwoLambdasOneChangingBeta_30_120_80_3_4_NA_NA_NA_dataset3.RDS --output ../data/assessing_models_simulation/inference_results/TMB/nlminb/multiple_GenerationJnormChangingNmBTwoLambdasOneChangingBeta_30_120_80_3_4_fullREM_NA_NA_NA_dataset3.RDS --model fullREM --optimiser nlminb  --use_previous_run_startingvals T
[Thu Aug 25 10:07:32 2022]
Finished job 2588.
8 of 7643 steps (0.10%) done

[Thu Aug 25 10:07:32 2022]
rule inference_simulation_TMB_multiple:
    input: ../data/assessing_models_simulation/datasets/multiple_GenerationJnormChangingNmBTwoLambdasOneChangingBeta_30_120_80_3_4_NA_NA_NA_dataset3.RDS
    output: ../data/assessing_models_simulation/inference_results/TMB/nlminb/multiple_GenerationJnormChangingNmBTwoLambdasOneChangingBeta_30_120_80_3_4_singleREDM_NA_NA_NA_dataset3.RDS
    log: logs/inference/nlminb/simulation_GenerationJnormChangingNmBTwoLambdasOneChangingBeta_30_120_80_3_4_ModelsingleREDM_NA_NA_NA_dataset3.log
    jobid: 16028
    wildcards: optimiser=nlminb, datasetgeneration=GenerationJnormChangingNmBTwoLambdasOneChangingBeta, n=30, nlambda=120, lmbda=80, d=3, beta_intensity=4, model=singleREDM, fixed_beta_intercept=NA, fixed_beta_slope=NA, sdRE_input=NA, itnum=3

Rscript 2_inference_TMB/run_TMB.R --input ../data/assessing_models_simulation/datasets/multiple_GenerationJnormChangingNmBTwoLambdasOneChangingBeta_30_120_80_3_4_NA_NA_NA_dataset3.RDS --output ../data/assessing_models_simulation/inference_results/TMB/nlminb/multiple_GenerationJnormChangingNmBTwoLambdasOneChangingBeta_30_120_80_3_4_singleREDM_NA_NA_NA_dataset3.RDS --model singleREDM --optimiser nlminb  --use_previous_run_startingvals T
[Thu Aug 25 10:07:34 2022]
Finished job 16028.
9 of 7643 steps (0.12%) done

[Thu Aug 25 10:07:34 2022]
rule inference_simulation_TMB_multiple:
    input: ../data/assessing_models_simulation/datasets/multiple_GenerationJnormChangingNmBTwoLambdasOneChangingBeta_30_120_80_3_4_NA_NA_NA_dataset3.RDS
    output: ../data/assessing_models_simulation/inference_results/TMB/nlminb/multiple_GenerationJnormChangingNmBTwoLambdasOneChangingBeta_30_120_80_3_4_diagREDM_NA_NA_NA_dataset3.RDS
    log: logs/inference/nlminb/simulation_GenerationJnormChangingNmBTwoLambdasOneChangingBeta_30_120_80_3_4_ModeldiagREDM_NA_NA_NA_dataset3.log
    jobid: 9308
    wildcards: optimiser=nlminb, datasetgeneration=GenerationJnormChangingNmBTwoLambdasOneChangingBeta, n=30, nlambda=120, lmbda=80, d=3, beta_intensity=4, model=diagREDM, fixed_beta_intercept=NA, fixed_beta_slope=NA, sdRE_input=NA, itnum=3

Rscript 2_inference_TMB/run_TMB.R --input ../data/assessing_models_simulation/datasets/multiple_GenerationJnormChangingNmBTwoLambdasOneChangingBeta_30_120_80_3_4_NA_NA_NA_dataset3.RDS --output ../data/assessing_models_simulation/inference_results/TMB/nlminb/multiple_GenerationJnormChangingNmBTwoLambdasOneChangingBeta_30_120_80_3_4_diagREDM_NA_NA_NA_dataset3.RDS --model diagREDM --optimiser nlminb  --use_previous_run_startingvals T
[Thu Aug 25 10:07:37 2022]
Finished job 9308.
10 of 7643 steps (0.13%) done

[Thu Aug 25 10:07:37 2022]
rule simulate_for_comparison_multiple:
    input: ../data/assessing_models_simulation/GenerationJnormChangingNmBTwoLambdasOneChangingBeta
    output: ../data/assessing_models_simulation/datasets/multiple_GenerationJnormChangingNmBTwoLambdasOneChangingBeta_30_120_80_4_0_NA_NA_NA_dataset0.RDS
    jobid: 22755
    wildcards: datasetgeneration=GenerationJnormChangingNmBTwoLambdasOneChangingBeta, n=30, nlambda=120, lmbda=80, d=4, beta_intensity=0, fixed_beta_intercept=NA, fixed_beta_slope=NA, sdRE_input=NA, itnum=0

Rscript --vanilla 3_analysis/simulation_model_assessment/generate_datasets_simulations/GenerationJnormChangingNmBTwoLambdasOneChangingBeta.R --input ../data/assessing_models_simulation/GenerationJnormChangingNmBTwoLambdasOneChangingBeta --d 4 --n 30 --nlambda 120 --lambda 80 --beta_gamma_shape 0 --outfile ../data/assessing_models_simulation/datasets/multiple_GenerationJnormChangingNmBTwoLambdasOneChangingBeta_30_120_80_4_0_NA_NA_NA_dataset0.RDS --beta_intercept_input NA --beta_slope_input NA --sdRE_input NA
[Thu Aug 25 10:07:39 2022]
Finished job 22755.
11 of 7643 steps (0.14%) done

[Thu Aug 25 10:07:39 2022]
rule inference_simulation_TMB_multiple:
    input: ../data/assessing_models_simulation/datasets/multiple_GenerationJnormChangingNmBTwoLambdasOneChangingBeta_30_120_80_4_0_NA_NA_NA_dataset0.RDS
    output: ../data/assessing_models_simulation/inference_results/TMB/nlminb/multiple_GenerationJnormChangingNmBTwoLambdasOneChangingBeta_30_120_80_4_0_fullREM_NA_NA_NA_dataset0.RDS
    log: logs/inference/nlminb/simulation_GenerationJnormChangingNmBTwoLambdasOneChangingBeta_30_120_80_4_0_ModelfullREM_NA_NA_NA_dataset0.log
    jobid: 2595
    wildcards: optimiser=nlminb, datasetgeneration=GenerationJnormChangingNmBTwoLambdasOneChangingBeta, n=30, nlambda=120, lmbda=80, d=4, beta_intensity=0, model=fullREM, fixed_beta_intercept=NA, fixed_beta_slope=NA, sdRE_input=NA, itnum=0

Rscript 2_inference_TMB/run_TMB.R --input ../data/assessing_models_simulation/datasets/multiple_GenerationJnormChangingNmBTwoLambdasOneChangingBeta_30_120_80_4_0_NA_NA_NA_dataset0.RDS --output ../data/assessing_models_simulation/inference_results/TMB/nlminb/multiple_GenerationJnormChangingNmBTwoLambdasOneChangingBeta_30_120_80_4_0_fullREM_NA_NA_NA_dataset0.RDS --model fullREM --optimiser nlminb  --use_previous_run_startingvals T
[Thu Aug 25 10:07:42 2022]
Finished job 2595.
12 of 7643 steps (0.16%) done

[Thu Aug 25 10:07:42 2022]
rule inference_simulation_TMB_multiple:
    input: ../data/assessing_models_simulation/datasets/multiple_GenerationJnormChangingNmBTwoLambdasOneChangingBeta_30_120_80_4_0_NA_NA_NA_dataset0.RDS
    output: ../data/assessing_models_simulation/inference_results/TMB/nlminb/multiple_GenerationJnormChangingNmBTwoLambdasOneChangingBeta_30_120_80_4_0_singleREDM_NA_NA_NA_dataset0.RDS
    log: logs/inference/nlminb/simulation_GenerationJnormChangingNmBTwoLambdasOneChangingBeta_30_120_80_4_0_ModelsingleREDM_NA_NA_NA_dataset0.log
    jobid: 16035
    wildcards: optimiser=nlminb, datasetgeneration=GenerationJnormChangingNmBTwoLambdasOneChangingBeta, n=30, nlambda=120, lmbda=80, d=4, beta_intensity=0, model=singleREDM, fixed_beta_intercept=NA, fixed_beta_slope=NA, sdRE_input=NA, itnum=0

Rscript 2_inference_TMB/run_TMB.R --input ../data/assessing_models_simulation/datasets/multiple_GenerationJnormChangingNmBTwoLambdasOneChangingBeta_30_120_80_4_0_NA_NA_NA_dataset0.RDS --output ../data/assessing_models_simulation/inference_results/TMB/nlminb/multiple_GenerationJnormChangingNmBTwoLambdasOneChangingBeta_30_120_80_4_0_singleREDM_NA_NA_NA_dataset0.RDS --model singleREDM --optimiser nlminb  --use_previous_run_startingvals T
[Thu Aug 25 10:07:44 2022]
Finished job 16035.
13 of 7643 steps (0.17%) done

[Thu Aug 25 10:07:44 2022]
rule inference_simulation_TMB_multiple:
    input: ../data/assessing_models_simulation/datasets/multiple_GenerationJnormChangingNmBTwoLambdasOneChangingBeta_30_120_80_4_0_NA_NA_NA_dataset0.RDS
    output: ../data/assessing_models_simulation/inference_results/TMB/nlminb/multiple_GenerationJnormChangingNmBTwoLambdasOneChangingBeta_30_120_80_4_0_diagREDM_NA_NA_NA_dataset0.RDS
    log: logs/inference/nlminb/simulation_GenerationJnormChangingNmBTwoLambdasOneChangingBeta_30_120_80_4_0_ModeldiagREDM_NA_NA_NA_dataset0.log
    jobid: 9315
    wildcards: optimiser=nlminb, datasetgeneration=GenerationJnormChangingNmBTwoLambdasOneChangingBeta, n=30, nlambda=120, lmbda=80, d=4, beta_intensity=0, model=diagREDM, fixed_beta_intercept=NA, fixed_beta_slope=NA, sdRE_input=NA, itnum=0

Rscript 2_inference_TMB/run_TMB.R --input ../data/assessing_models_simulation/datasets/multiple_GenerationJnormChangingNmBTwoLambdasOneChangingBeta_30_120_80_4_0_NA_NA_NA_dataset0.RDS --output ../data/assessing_models_simulation/inference_results/TMB/nlminb/multiple_GenerationJnormChangingNmBTwoLambdasOneChangingBeta_30_120_80_4_0_diagREDM_NA_NA_NA_dataset0.RDS --model diagREDM --optimiser nlminb  --use_previous_run_startingvals T
[Thu Aug 25 10:07:47 2022]
Finished job 9315.
14 of 7643 steps (0.18%) done

[Thu Aug 25 10:07:48 2022]
rule simulate_for_comparison_multiple:
    input: ../data/assessing_models_simulation/GenerationJnormChangingNmBTwoLambdasOneChangingBeta
    output: ../data/assessing_models_simulation/datasets/multiple_GenerationJnormChangingNmBTwoLambdasOneChangingBeta_30_120_80_4_4_NA_NA_NA_dataset4.RDS
    jobid: 22819
    wildcards: datasetgeneration=GenerationJnormChangingNmBTwoLambdasOneChangingBeta, n=30, nlambda=120, lmbda=80, d=4, beta_intensity=4, fixed_beta_intercept=NA, fixed_beta_slope=NA, sdRE_input=NA, itnum=4

Rscript --vanilla 3_analysis/simulation_model_assessment/generate_datasets_simulations/GenerationJnormChangingNmBTwoLambdasOneChangingBeta.R --input ../data/assessing_models_simulation/GenerationJnormChangingNmBTwoLambdasOneChangingBeta --d 4 --n 30 --nlambda 120 --lambda 80 --beta_gamma_shape 4 --outfile ../data/assessing_models_simulation/datasets/multiple_GenerationJnormChangingNmBTwoLambdasOneChangingBeta_30_120_80_4_4_NA_NA_NA_dataset4.RDS --beta_intercept_input NA --beta_slope_input NA --sdRE_input NA
[Thu Aug 25 10:07:50 2022]
Finished job 22819.
15 of 7643 steps (0.20%) done

[Thu Aug 25 10:07:50 2022]
rule inference_simulation_TMB_multiple:
    input: ../data/assessing_models_simulation/datasets/multiple_GenerationJnormChangingNmBTwoLambdasOneChangingBeta_30_120_80_4_4_NA_NA_NA_dataset4.RDS
    output: ../data/assessing_models_simulation/inference_results/TMB/nlminb/multiple_GenerationJnormChangingNmBTwoLambdasOneChangingBeta_30_120_80_4_4_fullREM_NA_NA_NA_dataset4.RDS
    log: logs/inference/nlminb/simulation_GenerationJnormChangingNmBTwoLambdasOneChangingBeta_30_120_80_4_4_ModelfullREM_NA_NA_NA_dataset4.log
    jobid: 2659
    wildcards: optimiser=nlminb, datasetgeneration=GenerationJnormChangingNmBTwoLambdasOneChangingBeta, n=30, nlambda=120, lmbda=80, d=4, beta_intensity=4, model=fullREM, fixed_beta_intercept=NA, fixed_beta_slope=NA, sdRE_input=NA, itnum=4

Rscript 2_inference_TMB/run_TMB.R --input ../data/assessing_models_simulation/datasets/multiple_GenerationJnormChangingNmBTwoLambdasOneChangingBeta_30_120_80_4_4_NA_NA_NA_dataset4.RDS --output ../data/assessing_models_simulation/inference_results/TMB/nlminb/multiple_GenerationJnormChangingNmBTwoLambdasOneChangingBeta_30_120_80_4_4_fullREM_NA_NA_NA_dataset4.RDS --model fullREM --optimiser nlminb  --use_previous_run_startingvals T
[Thu Aug 25 10:07:52 2022]
Finished job 2659.
16 of 7643 steps (0.21%) done

[Thu Aug 25 10:07:52 2022]
rule inference_simulation_TMB_multiple:
    input: ../data/assessing_models_simulation/datasets/multiple_GenerationJnormChangingNmBTwoLambdasOneChangingBeta_30_120_80_4_4_NA_NA_NA_dataset4.RDS
    output: ../data/assessing_models_simulation/inference_results/TMB/nlminb/multiple_GenerationJnormChangingNmBTwoLambdasOneChangingBeta_30_120_80_4_4_singleREDM_NA_NA_NA_dataset4.RDS
    log: logs/inference/nlminb/simulation_GenerationJnormChangingNmBTwoLambdasOneChangingBeta_30_120_80_4_4_ModelsingleREDM_NA_NA_NA_dataset4.log
    jobid: 16099
    wildcards: optimiser=nlminb, datasetgeneration=GenerationJnormChangingNmBTwoLambdasOneChangingBeta, n=30, nlambda=120, lmbda=80, d=4, beta_intensity=4, model=singleREDM, fixed_beta_intercept=NA, fixed_beta_slope=NA, sdRE_input=NA, itnum=4

Rscript 2_inference_TMB/run_TMB.R --input ../data/assessing_models_simulation/datasets/multiple_GenerationJnormChangingNmBTwoLambdasOneChangingBeta_30_120_80_4_4_NA_NA_NA_dataset4.RDS --output ../data/assessing_models_simulation/inference_results/TMB/nlminb/multiple_GenerationJnormChangingNmBTwoLambdasOneChangingBeta_30_120_80_4_4_singleREDM_NA_NA_NA_dataset4.RDS --model singleREDM --optimiser nlminb  --use_previous_run_startingvals T
[Thu Aug 25 10:07:55 2022]
Finished job 16099.
17 of 7643 steps (0.22%) done

[Thu Aug 25 10:07:55 2022]
rule inference_simulation_TMB_multiple:
    input: ../data/assessing_models_simulation/datasets/multiple_GenerationJnormChangingNmBTwoLambdasOneChangingBeta_30_120_80_4_4_NA_NA_NA_dataset4.RDS
    output: ../data/assessing_models_simulation/inference_results/TMB/nlminb/multiple_GenerationJnormChangingNmBTwoLambdasOneChangingBeta_30_120_80_4_4_diagREDM_NA_NA_NA_dataset4.RDS
    log: logs/inference/nlminb/simulation_GenerationJnormChangingNmBTwoLambdasOneChangingBeta_30_120_80_4_4_ModeldiagREDM_NA_NA_NA_dataset4.log
    jobid: 9379
    wildcards: optimiser=nlminb, datasetgeneration=GenerationJnormChangingNmBTwoLambdasOneChangingBeta, n=30, nlambda=120, lmbda=80, d=4, beta_intensity=4, model=diagREDM, fixed_beta_intercept=NA, fixed_beta_slope=NA, sdRE_input=NA, itnum=4

Rscript 2_inference_TMB/run_TMB.R --input ../data/assessing_models_simulation/datasets/multiple_GenerationJnormChangingNmBTwoLambdasOneChangingBeta_30_120_80_4_4_NA_NA_NA_dataset4.RDS --output ../data/assessing_models_simulation/inference_results/TMB/nlminb/multiple_GenerationJnormChangingNmBTwoLambdasOneChangingBeta_30_120_80_4_4_diagREDM_NA_NA_NA_dataset4.RDS --model diagREDM --optimiser nlminb  --use_previous_run_startingvals T
[Thu Aug 25 10:07:59 2022]
Finished job 9379.
18 of 7643 steps (0.24%) done

[Thu Aug 25 10:07:59 2022]
rule simulate_for_comparison_multiple:
    input: ../data/assessing_models_simulation/GenerationJnormChangingNmBTwoLambdasOneChangingBeta
    output: ../data/assessing_models_simulation/datasets/multiple_GenerationJnormChangingNmBTwoLambdasOneChangingBeta_30_120_80_5_4_NA_NA_NA_dataset5.RDS
    jobid: 22890
    wildcards: datasetgeneration=GenerationJnormChangingNmBTwoLambdasOneChangingBeta, n=30, nlambda=120, lmbda=80, d=5, beta_intensity=4, fixed_beta_intercept=NA, fixed_beta_slope=NA, sdRE_input=NA, itnum=5

Rscript --vanilla 3_analysis/simulation_model_assessment/generate_datasets_simulations/GenerationJnormChangingNmBTwoLambdasOneChangingBeta.R --input ../data/assessing_models_simulation/GenerationJnormChangingNmBTwoLambdasOneChangingBeta --d 5 --n 30 --nlambda 120 --lambda 80 --beta_gamma_shape 4 --outfile ../data/assessing_models_simulation/datasets/multiple_GenerationJnormChangingNmBTwoLambdasOneChangingBeta_30_120_80_5_4_NA_NA_NA_dataset5.RDS --beta_intercept_input NA --beta_slope_input NA --sdRE_input NA
[Thu Aug 25 10:08:01 2022]
Finished job 22890.
19 of 7643 steps (0.25%) done

[Thu Aug 25 10:08:01 2022]
rule inference_simulation_TMB_multiple:
    input: ../data/assessing_models_simulation/datasets/multiple_GenerationJnormChangingNmBTwoLambdasOneChangingBeta_30_120_80_5_4_NA_NA_NA_dataset5.RDS
    output: ../data/assessing_models_simulation/inference_results/TMB/nlminb/multiple_GenerationJnormChangingNmBTwoLambdasOneChangingBeta_30_120_80_5_4_fullREM_NA_NA_NA_dataset5.RDS
    log: logs/inference/nlminb/simulation_GenerationJnormChangingNmBTwoLambdasOneChangingBeta_30_120_80_5_4_ModelfullREM_NA_NA_NA_dataset5.log
    jobid: 2730
    wildcards: optimiser=nlminb, datasetgeneration=GenerationJnormChangingNmBTwoLambdasOneChangingBeta, n=30, nlambda=120, lmbda=80, d=5, beta_intensity=4, model=fullREM, fixed_beta_intercept=NA, fixed_beta_slope=NA, sdRE_input=NA, itnum=5

Rscript 2_inference_TMB/run_TMB.R --input ../data/assessing_models_simulation/datasets/multiple_GenerationJnormChangingNmBTwoLambdasOneChangingBeta_30_120_80_5_4_NA_NA_NA_dataset5.RDS --output ../data/assessing_models_simulation/inference_results/TMB/nlminb/multiple_GenerationJnormChangingNmBTwoLambdasOneChangingBeta_30_120_80_5_4_fullREM_NA_NA_NA_dataset5.RDS --model fullREM --optimiser nlminb  --use_previous_run_startingvals T
[Thu Aug 25 10:08:04 2022]
Finished job 2730.
20 of 7643 steps (0.26%) done

[Thu Aug 25 10:08:04 2022]
rule inference_simulation_TMB_multiple:
    input: ../data/assessing_models_simulation/datasets/multiple_GenerationJnormChangingNmBTwoLambdasOneChangingBeta_30_120_80_5_4_NA_NA_NA_dataset5.RDS
    output: ../data/assessing_models_simulation/inference_results/TMB/nlminb/multiple_GenerationJnormChangingNmBTwoLambdasOneChangingBeta_30_120_80_5_4_singleREDM_NA_NA_NA_dataset5.RDS
    log: logs/inference/nlminb/simulation_GenerationJnormChangingNmBTwoLambdasOneChangingBeta_30_120_80_5_4_ModelsingleREDM_NA_NA_NA_dataset5.log
    jobid: 16170
    wildcards: optimiser=nlminb, datasetgeneration=GenerationJnormChangingNmBTwoLambdasOneChangingBeta, n=30, nlambda=120, lmbda=80, d=5, beta_intensity=4, model=singleREDM, fixed_beta_intercept=NA, fixed_beta_slope=NA, sdRE_input=NA, itnum=5

Rscript 2_inference_TMB/run_TMB.R --input ../data/assessing_models_simulation/datasets/multiple_GenerationJnormChangingNmBTwoLambdasOneChangingBeta_30_120_80_5_4_NA_NA_NA_dataset5.RDS --output ../data/assessing_models_simulation/inference_results/TMB/nlminb/multiple_GenerationJnormChangingNmBTwoLambdasOneChangingBeta_30_120_80_5_4_singleREDM_NA_NA_NA_dataset5.RDS --model singleREDM --optimiser nlminb  --use_previous_run_startingvals T
[Thu Aug 25 10:08:07 2022]
Finished job 16170.
21 of 7643 steps (0.27%) done

[Thu Aug 25 10:08:07 2022]
rule inference_simulation_TMB_multiple:
    input: ../data/assessing_models_simulation/datasets/multiple_GenerationJnormChangingNmBTwoLambdasOneChangingBeta_30_120_80_5_4_NA_NA_NA_dataset5.RDS
    output: ../data/assessing_models_simulation/inference_results/TMB/nlminb/multiple_GenerationJnormChangingNmBTwoLambdasOneChangingBeta_30_120_80_5_4_diagREDM_NA_NA_NA_dataset5.RDS
    log: logs/inference/nlminb/simulation_GenerationJnormChangingNmBTwoLambdasOneChangingBeta_30_120_80_5_4_ModeldiagREDM_NA_NA_NA_dataset5.log
    jobid: 9450
    wildcards: optimiser=nlminb, datasetgeneration=GenerationJnormChangingNmBTwoLambdasOneChangingBeta, n=30, nlambda=120, lmbda=80, d=5, beta_intensity=4, model=diagREDM, fixed_beta_intercept=NA, fixed_beta_slope=NA, sdRE_input=NA, itnum=5

Rscript 2_inference_TMB/run_TMB.R --input ../data/assessing_models_simulation/datasets/multiple_GenerationJnormChangingNmBTwoLambdasOneChangingBeta_30_120_80_5_4_NA_NA_NA_dataset5.RDS --output ../data/assessing_models_simulation/inference_results/TMB/nlminb/multiple_GenerationJnormChangingNmBTwoLambdasOneChangingBeta_30_120_80_5_4_diagREDM_NA_NA_NA_dataset5.RDS --model diagREDM --optimiser nlminb  --use_previous_run_startingvals T
[Thu Aug 25 10:08:12 2022]
Finished job 9450.
22 of 7643 steps (0.29%) done

[Thu Aug 25 10:08:12 2022]
rule simulate_for_comparison_multiple:
    input: ../data/assessing_models_simulation/GenerationJnormChangingNmBTwoLambdasOneChangingBeta
    output: ../data/assessing_models_simulation/datasets/multiple_GenerationJnormChangingNmBTwoLambdasOneChangingBeta_30_120_80_6_4_NA_NA_NA_dataset6.RDS
    jobid: 22961
    wildcards: datasetgeneration=GenerationJnormChangingNmBTwoLambdasOneChangingBeta, n=30, nlambda=120, lmbda=80, d=6, beta_intensity=4, fixed_beta_intercept=NA, fixed_beta_slope=NA, sdRE_input=NA, itnum=6

Rscript --vanilla 3_analysis/simulation_model_assessment/generate_datasets_simulations/GenerationJnormChangingNmBTwoLambdasOneChangingBeta.R --input ../data/assessing_models_simulation/GenerationJnormChangingNmBTwoLambdasOneChangingBeta --d 6 --n 30 --nlambda 120 --lambda 80 --beta_gamma_shape 4 --outfile ../data/assessing_models_simulation/datasets/multiple_GenerationJnormChangingNmBTwoLambdasOneChangingBeta_30_120_80_6_4_NA_NA_NA_dataset6.RDS --beta_intercept_input NA --beta_slope_input NA --sdRE_input NA
[Thu Aug 25 10:08:14 2022]
Finished job 22961.
23 of 7643 steps (0.30%) done

[Thu Aug 25 10:08:14 2022]
rule inference_simulation_TMB_multiple:
    input: ../data/assessing_models_simulation/datasets/multiple_GenerationJnormChangingNmBTwoLambdasOneChangingBeta_30_120_80_6_4_NA_NA_NA_dataset6.RDS
    output: ../data/assessing_models_simulation/inference_results/TMB/nlminb/multiple_GenerationJnormChangingNmBTwoLambdasOneChangingBeta_30_120_80_6_4_fullREM_NA_NA_NA_dataset6.RDS
    log: logs/inference/nlminb/simulation_GenerationJnormChangingNmBTwoLambdasOneChangingBeta_30_120_80_6_4_ModelfullREM_NA_NA_NA_dataset6.log
    jobid: 2801
    wildcards: optimiser=nlminb, datasetgeneration=GenerationJnormChangingNmBTwoLambdasOneChangingBeta, n=30, nlambda=120, lmbda=80, d=6, beta_intensity=4, model=fullREM, fixed_beta_intercept=NA, fixed_beta_slope=NA, sdRE_input=NA, itnum=6

Rscript 2_inference_TMB/run_TMB.R --input ../data/assessing_models_simulation/datasets/multiple_GenerationJnormChangingNmBTwoLambdasOneChangingBeta_30_120_80_6_4_NA_NA_NA_dataset6.RDS --output ../data/assessing_models_simulation/inference_results/TMB/nlminb/multiple_GenerationJnormChangingNmBTwoLambdasOneChangingBeta_30_120_80_6_4_fullREM_NA_NA_NA_dataset6.RDS --model fullREM --optimiser nlminb  --use_previous_run_startingvals T
[Thu Aug 25 10:08:17 2022]
Finished job 2801.
24 of 7643 steps (0.31%) done

[Thu Aug 25 10:08:17 2022]
rule inference_simulation_TMB_multiple:
    input: ../data/assessing_models_simulation/datasets/multiple_GenerationJnormChangingNmBTwoLambdasOneChangingBeta_30_120_80_6_4_NA_NA_NA_dataset6.RDS
    output: ../data/assessing_models_simulation/inference_results/TMB/nlminb/multiple_GenerationJnormChangingNmBTwoLambdasOneChangingBeta_30_120_80_6_4_singleREDM_NA_NA_NA_dataset6.RDS
    log: logs/inference/nlminb/simulation_GenerationJnormChangingNmBTwoLambdasOneChangingBeta_30_120_80_6_4_ModelsingleREDM_NA_NA_NA_dataset6.log
    jobid: 16241
    wildcards: optimiser=nlminb, datasetgeneration=GenerationJnormChangingNmBTwoLambdasOneChangingBeta, n=30, nlambda=120, lmbda=80, d=6, beta_intensity=4, model=singleREDM, fixed_beta_intercept=NA, fixed_beta_slope=NA, sdRE_input=NA, itnum=6

Rscript 2_inference_TMB/run_TMB.R --input ../data/assessing_models_simulation/datasets/multiple_GenerationJnormChangingNmBTwoLambdasOneChangingBeta_30_120_80_6_4_NA_NA_NA_dataset6.RDS --output ../data/assessing_models_simulation/inference_results/TMB/nlminb/multiple_GenerationJnormChangingNmBTwoLambdasOneChangingBeta_30_120_80_6_4_singleREDM_NA_NA_NA_dataset6.RDS --model singleREDM --optimiser nlminb  --use_previous_run_startingvals T
[Thu Aug 25 10:08:21 2022]
Finished job 16241.
25 of 7643 steps (0.33%) done

[Thu Aug 25 10:08:21 2022]
rule inference_simulation_TMB_multiple:
    input: ../data/assessing_models_simulation/datasets/multiple_GenerationJnormChangingNmBTwoLambdasOneChangingBeta_30_120_80_6_4_NA_NA_NA_dataset6.RDS
    output: ../data/assessing_models_simulation/inference_results/TMB/nlminb/multiple_GenerationJnormChangingNmBTwoLambdasOneChangingBeta_30_120_80_6_4_diagREDM_NA_NA_NA_dataset6.RDS
    log: logs/inference/nlminb/simulation_GenerationJnormChangingNmBTwoLambdasOneChangingBeta_30_120_80_6_4_ModeldiagREDM_NA_NA_NA_dataset6.log
    jobid: 9521
    wildcards: optimiser=nlminb, datasetgeneration=GenerationJnormChangingNmBTwoLambdasOneChangingBeta, n=30, nlambda=120, lmbda=80, d=6, beta_intensity=4, model=diagREDM, fixed_beta_intercept=NA, fixed_beta_slope=NA, sdRE_input=NA, itnum=6

Rscript 2_inference_TMB/run_TMB.R --input ../data/assessing_models_simulation/datasets/multiple_GenerationJnormChangingNmBTwoLambdasOneChangingBeta_30_120_80_6_4_NA_NA_NA_dataset6.RDS --output ../data/assessing_models_simulation/inference_results/TMB/nlminb/multiple_GenerationJnormChangingNmBTwoLambdasOneChangingBeta_30_120_80_6_4_diagREDM_NA_NA_NA_dataset6.RDS --model diagREDM --optimiser nlminb  --use_previous_run_startingvals T
[Thu Aug 25 10:08:28 2022]
Finished job 9521.
26 of 7643 steps (0.34%) done

[Thu Aug 25 10:08:28 2022]
rule simulate_for_comparison_multiple:
    input: ../data/assessing_models_simulation/GenerationJnormChangingNmBTwoLambdasOneChangingBeta
    output: ../data/assessing_models_simulation/datasets/multiple_GenerationJnormChangingNmBTwoLambdasOneChangingBeta_100_40_80_3_0_NA_NA_NA_dataset4.RDS
    jobid: 25209
    wildcards: datasetgeneration=GenerationJnormChangingNmBTwoLambdasOneChangingBeta, n=100, nlambda=40, lmbda=80, d=3, beta_intensity=0, fixed_beta_intercept=NA, fixed_beta_slope=NA, sdRE_input=NA, itnum=4

Rscript --vanilla 3_analysis/simulation_model_assessment/generate_datasets_simulations/GenerationJnormChangingNmBTwoLambdasOneChangingBeta.R --input ../data/assessing_models_simulation/GenerationJnormChangingNmBTwoLambdasOneChangingBeta --d 3 --n 100 --nlambda 40 --lambda 80 --beta_gamma_shape 0 --outfile ../data/assessing_models_simulation/datasets/multiple_GenerationJnormChangingNmBTwoLambdasOneChangingBeta_100_40_80_3_0_NA_NA_NA_dataset4.RDS --beta_intercept_input NA --beta_slope_input NA --sdRE_input NA
[Thu Aug 25 10:08:32 2022]
Finished job 25209.
27 of 7643 steps (0.35%) done

[Thu Aug 25 10:08:32 2022]
rule inference_simulation_TMB_multiple:
    input: ../data/assessing_models_simulation/datasets/multiple_GenerationJnormChangingNmBTwoLambdasOneChangingBeta_100_40_80_3_0_NA_NA_NA_dataset4.RDS
    output: ../data/assessing_models_simulation/inference_results/TMB/nlminb/multiple_GenerationJnormChangingNmBTwoLambdasOneChangingBeta_100_40_80_3_0_fullREM_NA_NA_NA_dataset4.RDS
    log: logs/inference/nlminb/simulation_GenerationJnormChangingNmBTwoLambdasOneChangingBeta_100_40_80_3_0_ModelfullREM_NA_NA_NA_dataset4.log
    jobid: 5049
    wildcards: optimiser=nlminb, datasetgeneration=GenerationJnormChangingNmBTwoLambdasOneChangingBeta, n=100, nlambda=40, lmbda=80, d=3, beta_intensity=0, model=fullREM, fixed_beta_intercept=NA, fixed_beta_slope=NA, sdRE_input=NA, itnum=4

Rscript 2_inference_TMB/run_TMB.R --input ../data/assessing_models_simulation/datasets/multiple_GenerationJnormChangingNmBTwoLambdasOneChangingBeta_100_40_80_3_0_NA_NA_NA_dataset4.RDS --output ../data/assessing_models_simulation/inference_results/TMB/nlminb/multiple_GenerationJnormChangingNmBTwoLambdasOneChangingBeta_100_40_80_3_0_fullREM_NA_NA_NA_dataset4.RDS --model fullREM --optimiser nlminb  --use_previous_run_startingvals T
[Thu Aug 25 10:08:38 2022]
Finished job 5049.
28 of 7643 steps (0.37%) done

[Thu Aug 25 10:08:38 2022]
rule inference_simulation_TMB_multiple:
    input: ../data/assessing_models_simulation/datasets/multiple_GenerationJnormChangingNmBTwoLambdasOneChangingBeta_100_40_80_3_0_NA_NA_NA_dataset4.RDS
    output: ../data/assessing_models_simulation/inference_results/TMB/nlminb/multiple_GenerationJnormChangingNmBTwoLambdasOneChangingBeta_100_40_80_3_0_singleREDM_NA_NA_NA_dataset4.RDS
    log: logs/inference/nlminb/simulation_GenerationJnormChangingNmBTwoLambdasOneChangingBeta_100_40_80_3_0_ModelsingleREDM_NA_NA_NA_dataset4.log
    jobid: 18489
    wildcards: optimiser=nlminb, datasetgeneration=GenerationJnormChangingNmBTwoLambdasOneChangingBeta, n=100, nlambda=40, lmbda=80, d=3, beta_intensity=0, model=singleREDM, fixed_beta_intercept=NA, fixed_beta_slope=NA, sdRE_input=NA, itnum=4

Rscript 2_inference_TMB/run_TMB.R --input ../data/assessing_models_simulation/datasets/multiple_GenerationJnormChangingNmBTwoLambdasOneChangingBeta_100_40_80_3_0_NA_NA_NA_dataset4.RDS --output ../data/assessing_models_simulation/inference_results/TMB/nlminb/multiple_GenerationJnormChangingNmBTwoLambdasOneChangingBeta_100_40_80_3_0_singleREDM_NA_NA_NA_dataset4.RDS --model singleREDM --optimiser nlminb  --use_previous_run_startingvals T
[Thu Aug 25 10:08:42 2022]
Finished job 18489.
29 of 7643 steps (0.38%) done

[Thu Aug 25 10:08:42 2022]
rule inference_simulation_TMB_multiple:
    input: ../data/assessing_models_simulation/datasets/multiple_GenerationJnormChangingNmBTwoLambdasOneChangingBeta_100_40_80_3_0_NA_NA_NA_dataset4.RDS
    output: ../data/assessing_models_simulation/inference_results/TMB/nlminb/multiple_GenerationJnormChangingNmBTwoLambdasOneChangingBeta_100_40_80_3_0_diagREDM_NA_NA_NA_dataset4.RDS
    log: logs/inference/nlminb/simulation_GenerationJnormChangingNmBTwoLambdasOneChangingBeta_100_40_80_3_0_ModeldiagREDM_NA_NA_NA_dataset4.log
    jobid: 11769
    wildcards: optimiser=nlminb, datasetgeneration=GenerationJnormChangingNmBTwoLambdasOneChangingBeta, n=100, nlambda=40, lmbda=80, d=3, beta_intensity=0, model=diagREDM, fixed_beta_intercept=NA, fixed_beta_slope=NA, sdRE_input=NA, itnum=4

Rscript 2_inference_TMB/run_TMB.R --input ../data/assessing_models_simulation/datasets/multiple_GenerationJnormChangingNmBTwoLambdasOneChangingBeta_100_40_80_3_0_NA_NA_NA_dataset4.RDS --output ../data/assessing_models_simulation/inference_results/TMB/nlminb/multiple_GenerationJnormChangingNmBTwoLambdasOneChangingBeta_100_40_80_3_0_diagREDM_NA_NA_NA_dataset4.RDS --model diagREDM --optimiser nlminb  --use_previous_run_startingvals T
[Thu Aug 25 10:08:48 2022]
Finished job 11769.
30 of 7643 steps (0.39%) done

[Thu Aug 25 10:08:48 2022]
rule simulate_for_comparison_multiple:
    input: ../data/assessing_models_simulation/GenerationJnormChangingNmBTwoLambdasOneChangingBeta
    output: ../data/assessing_models_simulation/datasets/multiple_GenerationJnormChangingNmBTwoLambdasOneChangingBeta_100_40_80_3_4_NA_NA_NA_dataset0.RDS
    jobid: 25265
    wildcards: datasetgeneration=GenerationJnormChangingNmBTwoLambdasOneChangingBeta, n=100, nlambda=40, lmbda=80, d=3, beta_intensity=4, fixed_beta_intercept=NA, fixed_beta_slope=NA, sdRE_input=NA, itnum=0

Rscript --vanilla 3_analysis/simulation_model_assessment/generate_datasets_simulations/GenerationJnormChangingNmBTwoLambdasOneChangingBeta.R --input ../data/assessing_models_simulation/GenerationJnormChangingNmBTwoLambdasOneChangingBeta --d 3 --n 100 --nlambda 40 --lambda 80 --beta_gamma_shape 4 --outfile ../data/assessing_models_simulation/datasets/multiple_GenerationJnormChangingNmBTwoLambdasOneChangingBeta_100_40_80_3_4_NA_NA_NA_dataset0.RDS --beta_intercept_input NA --beta_slope_input NA --sdRE_input NA
[Thu Aug 25 10:08:50 2022]
Finished job 25265.
31 of 7643 steps (0.41%) done

[Thu Aug 25 10:08:50 2022]
rule inference_simulation_TMB_multiple:
    input: ../data/assessing_models_simulation/datasets/multiple_GenerationJnormChangingNmBTwoLambdasOneChangingBeta_100_40_80_3_4_NA_NA_NA_dataset0.RDS
    output: ../data/assessing_models_simulation/inference_results/TMB/nlminb/multiple_GenerationJnormChangingNmBTwoLambdasOneChangingBeta_100_40_80_3_4_fullREM_NA_NA_NA_dataset0.RDS
    log: logs/inference/nlminb/simulation_GenerationJnormChangingNmBTwoLambdasOneChangingBeta_100_40_80_3_4_ModelfullREM_NA_NA_NA_dataset0.log
    jobid: 5105
    wildcards: optimiser=nlminb, datasetgeneration=GenerationJnormChangingNmBTwoLambdasOneChangingBeta, n=100, nlambda=40, lmbda=80, d=3, beta_intensity=4, model=fullREM, fixed_beta_intercept=NA, fixed_beta_slope=NA, sdRE_input=NA, itnum=0

Rscript 2_inference_TMB/run_TMB.R --input ../data/assessing_models_simulation/datasets/multiple_GenerationJnormChangingNmBTwoLambdasOneChangingBeta_100_40_80_3_4_NA_NA_NA_dataset0.RDS --output ../data/assessing_models_simulation/inference_results/TMB/nlminb/multiple_GenerationJnormChangingNmBTwoLambdasOneChangingBeta_100_40_80_3_4_fullREM_NA_NA_NA_dataset0.RDS --model fullREM --optimiser nlminb  --use_previous_run_startingvals T
[Thu Aug 25 10:08:52 2022]
Finished job 5105.
32 of 7643 steps (0.42%) done

[Thu Aug 25 10:08:52 2022]
rule inference_simulation_TMB_multiple:
    input: ../data/assessing_models_simulation/datasets/multiple_GenerationJnormChangingNmBTwoLambdasOneChangingBeta_100_40_80_3_4_NA_NA_NA_dataset0.RDS
    output: ../data/assessing_models_simulation/inference_results/TMB/nlminb/multiple_GenerationJnormChangingNmBTwoLambdasOneChangingBeta_100_40_80_3_4_singleREDM_NA_NA_NA_dataset0.RDS
    log: logs/inference/nlminb/simulation_GenerationJnormChangingNmBTwoLambdasOneChangingBeta_100_40_80_3_4_ModelsingleREDM_NA_NA_NA_dataset0.log
    jobid: 18545
    wildcards: optimiser=nlminb, datasetgeneration=GenerationJnormChangingNmBTwoLambdasOneChangingBeta, n=100, nlambda=40, lmbda=80, d=3, beta_intensity=4, model=singleREDM, fixed_beta_intercept=NA, fixed_beta_slope=NA, sdRE_input=NA, itnum=0

Rscript 2_inference_TMB/run_TMB.R --input ../data/assessing_models_simulation/datasets/multiple_GenerationJnormChangingNmBTwoLambdasOneChangingBeta_100_40_80_3_4_NA_NA_NA_dataset0.RDS --output ../data/assessing_models_simulation/inference_results/TMB/nlminb/multiple_GenerationJnormChangingNmBTwoLambdasOneChangingBeta_100_40_80_3_4_singleREDM_NA_NA_NA_dataset0.RDS --model singleREDM --optimiser nlminb  --use_previous_run_startingvals T
[Thu Aug 25 10:08:56 2022]
Finished job 18545.
33 of 7643 steps (0.43%) done

[Thu Aug 25 10:08:56 2022]
rule inference_simulation_TMB_multiple:
    input: ../data/assessing_models_simulation/datasets/multiple_GenerationJnormChangingNmBTwoLambdasOneChangingBeta_100_40_80_3_4_NA_NA_NA_dataset0.RDS
    output: ../data/assessing_models_simulation/inference_results/TMB/nlminb/multiple_GenerationJnormChangingNmBTwoLambdasOneChangingBeta_100_40_80_3_4_diagREDM_NA_NA_NA_dataset0.RDS
    log: logs/inference/nlminb/simulation_GenerationJnormChangingNmBTwoLambdasOneChangingBeta_100_40_80_3_4_ModeldiagREDM_NA_NA_NA_dataset0.log
    jobid: 11825
    wildcards: optimiser=nlminb, datasetgeneration=GenerationJnormChangingNmBTwoLambdasOneChangingBeta, n=100, nlambda=40, lmbda=80, d=3, beta_intensity=4, model=diagREDM, fixed_beta_intercept=NA, fixed_beta_slope=NA, sdRE_input=NA, itnum=0

Rscript 2_inference_TMB/run_TMB.R --input ../data/assessing_models_simulation/datasets/multiple_GenerationJnormChangingNmBTwoLambdasOneChangingBeta_100_40_80_3_4_NA_NA_NA_dataset0.RDS --output ../data/assessing_models_simulation/inference_results/TMB/nlminb/multiple_GenerationJnormChangingNmBTwoLambdasOneChangingBeta_100_40_80_3_4_diagREDM_NA_NA_NA_dataset0.RDS --model diagREDM --optimiser nlminb  --use_previous_run_startingvals T
[Thu Aug 25 10:09:03 2022]
Finished job 11825.
34 of 7643 steps (0.44%) done

[Thu Aug 25 10:09:03 2022]
rule simulate_for_comparison_multiple:
    input: ../data/assessing_models_simulation/GenerationJnormChangingNmBTwoLambdasOneChangingBeta
    output: ../data/assessing_models_simulation/datasets/multiple_GenerationJnormChangingNmBTwoLambdasOneChangingBeta_100_40_80_4_0_NA_NA_NA_dataset3.RDS
    jobid: 25278
    wildcards: datasetgeneration=GenerationJnormChangingNmBTwoLambdasOneChangingBeta, n=100, nlambda=40, lmbda=80, d=4, beta_intensity=0, fixed_beta_intercept=NA, fixed_beta_slope=NA, sdRE_input=NA, itnum=3

Rscript --vanilla 3_analysis/simulation_model_assessment/generate_datasets_simulations/GenerationJnormChangingNmBTwoLambdasOneChangingBeta.R --input ../data/assessing_models_simulation/GenerationJnormChangingNmBTwoLambdasOneChangingBeta --d 4 --n 100 --nlambda 40 --lambda 80 --beta_gamma_shape 0 --outfile ../data/assessing_models_simulation/datasets/multiple_GenerationJnormChangingNmBTwoLambdasOneChangingBeta_100_40_80_4_0_NA_NA_NA_dataset3.RDS --beta_intercept_input NA --beta_slope_input NA --sdRE_input NA
[Thu Aug 25 10:09:06 2022]
Finished job 25278.
35 of 7643 steps (0.46%) done

[Thu Aug 25 10:09:06 2022]
rule inference_simulation_TMB_multiple:
    input: ../data/assessing_models_simulation/datasets/multiple_GenerationJnormChangingNmBTwoLambdasOneChangingBeta_100_40_80_4_0_NA_NA_NA_dataset3.RDS
    output: ../data/assessing_models_simulation/inference_results/TMB/nlminb/multiple_GenerationJnormChangingNmBTwoLambdasOneChangingBeta_100_40_80_4_0_fullREM_NA_NA_NA_dataset3.RDS
    log: logs/inference/nlminb/simulation_GenerationJnormChangingNmBTwoLambdasOneChangingBeta_100_40_80_4_0_ModelfullREM_NA_NA_NA_dataset3.log
    jobid: 5118
    wildcards: optimiser=nlminb, datasetgeneration=GenerationJnormChangingNmBTwoLambdasOneChangingBeta, n=100, nlambda=40, lmbda=80, d=4, beta_intensity=0, model=fullREM, fixed_beta_intercept=NA, fixed_beta_slope=NA, sdRE_input=NA, itnum=3

Rscript 2_inference_TMB/run_TMB.R --input ../data/assessing_models_simulation/datasets/multiple_GenerationJnormChangingNmBTwoLambdasOneChangingBeta_100_40_80_4_0_NA_NA_NA_dataset3.RDS --output ../data/assessing_models_simulation/inference_results/TMB/nlminb/multiple_GenerationJnormChangingNmBTwoLambdasOneChangingBeta_100_40_80_4_0_fullREM_NA_NA_NA_dataset3.RDS --model fullREM --optimiser nlminb  --use_previous_run_startingvals T
[Thu Aug 25 10:09:10 2022]
Finished job 5118.
36 of 7643 steps (0.47%) done

[Thu Aug 25 10:09:10 2022]
rule inference_simulation_TMB_multiple:
    input: ../data/assessing_models_simulation/datasets/multiple_GenerationJnormChangingNmBTwoLambdasOneChangingBeta_100_40_80_4_0_NA_NA_NA_dataset3.RDS
    output: ../data/assessing_models_simulation/inference_results/TMB/nlminb/multiple_GenerationJnormChangingNmBTwoLambdasOneChangingBeta_100_40_80_4_0_singleREDM_NA_NA_NA_dataset3.RDS
    log: logs/inference/nlminb/simulation_GenerationJnormChangingNmBTwoLambdasOneChangingBeta_100_40_80_4_0_ModelsingleREDM_NA_NA_NA_dataset3.log
    jobid: 18558
    wildcards: optimiser=nlminb, datasetgeneration=GenerationJnormChangingNmBTwoLambdasOneChangingBeta, n=100, nlambda=40, lmbda=80, d=4, beta_intensity=0, model=singleREDM, fixed_beta_intercept=NA, fixed_beta_slope=NA, sdRE_input=NA, itnum=3

Rscript 2_inference_TMB/run_TMB.R --input ../data/assessing_models_simulation/datasets/multiple_GenerationJnormChangingNmBTwoLambdasOneChangingBeta_100_40_80_4_0_NA_NA_NA_dataset3.RDS --output ../data/assessing_models_simulation/inference_results/TMB/nlminb/multiple_GenerationJnormChangingNmBTwoLambdasOneChangingBeta_100_40_80_4_0_singleREDM_NA_NA_NA_dataset3.RDS --model singleREDM --optimiser nlminb  --use_previous_run_startingvals T
[Thu Aug 25 10:09:15 2022]
Finished job 18558.
37 of 7643 steps (0.48%) done

[Thu Aug 25 10:09:15 2022]
rule inference_simulation_TMB_multiple:
    input: ../data/assessing_models_simulation/datasets/multiple_GenerationJnormChangingNmBTwoLambdasOneChangingBeta_100_40_80_4_0_NA_NA_NA_dataset3.RDS
    output: ../data/assessing_models_simulation/inference_results/TMB/nlminb/multiple_GenerationJnormChangingNmBTwoLambdasOneChangingBeta_100_40_80_4_0_diagREDM_NA_NA_NA_dataset3.RDS
    log: logs/inference/nlminb/simulation_GenerationJnormChangingNmBTwoLambdasOneChangingBeta_100_40_80_4_0_ModeldiagREDM_NA_NA_NA_dataset3.log
    jobid: 11838
    wildcards: optimiser=nlminb, datasetgeneration=GenerationJnormChangingNmBTwoLambdasOneChangingBeta, n=100, nlambda=40, lmbda=80, d=4, beta_intensity=0, model=diagREDM, fixed_beta_intercept=NA, fixed_beta_slope=NA, sdRE_input=NA, itnum=3

Rscript 2_inference_TMB/run_TMB.R --input ../data/assessing_models_simulation/datasets/multiple_GenerationJnormChangingNmBTwoLambdasOneChangingBeta_100_40_80_4_0_NA_NA_NA_dataset3.RDS --output ../data/assessing_models_simulation/inference_results/TMB/nlminb/multiple_GenerationJnormChangingNmBTwoLambdasOneChangingBeta_100_40_80_4_0_diagREDM_NA_NA_NA_dataset3.RDS --model diagREDM --optimiser nlminb  --use_previous_run_startingvals T
[Thu Aug 25 10:09:27 2022]
Finished job 11838.
38 of 7643 steps (0.50%) done

[Thu Aug 25 10:09:27 2022]
rule simulate_for_comparison_multiple:
    input: ../data/assessing_models_simulation/GenerationJnormChangingNmBTwoLambdasOneChangingBeta
    output: ../data/assessing_models_simulation/datasets/multiple_GenerationJnormChangingNmBTwoLambdasOneChangingBeta_20_60_80_4_0.3_NA_NA_NA_dataset8.RDS
    jobid: 20563
    wildcards: datasetgeneration=GenerationJnormChangingNmBTwoLambdasOneChangingBeta, n=20, nlambda=60, lmbda=80, d=4, beta_intensity=0.3, fixed_beta_intercept=NA, fixed_beta_slope=NA, sdRE_input=NA, itnum=8

Rscript --vanilla 3_analysis/simulation_model_assessment/generate_datasets_simulations/GenerationJnormChangingNmBTwoLambdasOneChangingBeta.R --input ../data/assessing_models_simulation/GenerationJnormChangingNmBTwoLambdasOneChangingBeta --d 4 --n 20 --nlambda 60 --lambda 80 --beta_gamma_shape 0.3 --outfile ../data/assessing_models_simulation/datasets/multiple_GenerationJnormChangingNmBTwoLambdasOneChangingBeta_20_60_80_4_0.3_NA_NA_NA_dataset8.RDS --beta_intercept_input NA --beta_slope_input NA --sdRE_input NA
[Thu Aug 25 10:09:32 2022]
Finished job 20563.
39 of 7643 steps (0.51%) done

[Thu Aug 25 10:09:32 2022]
rule inference_simulation_TMB_multiple:
    input: ../data/assessing_models_simulation/datasets/multiple_GenerationJnormChangingNmBTwoLambdasOneChangingBeta_20_60_80_4_0.3_NA_NA_NA_dataset8.RDS
    output: ../data/assessing_models_simulation/inference_results/TMB/nlminb/multiple_GenerationJnormChangingNmBTwoLambdasOneChangingBeta_20_60_80_4_0.3_fullREM_NA_NA_NA_dataset8.RDS
    log: logs/inference/nlminb/simulation_GenerationJnormChangingNmBTwoLambdasOneChangingBeta_20_60_80_4_0.3_ModelfullREM_NA_NA_NA_dataset8.log
    jobid: 403
    wildcards: optimiser=nlminb, datasetgeneration=GenerationJnormChangingNmBTwoLambdasOneChangingBeta, n=20, nlambda=60, lmbda=80, d=4, beta_intensity=0.3, model=fullREM, fixed_beta_intercept=NA, fixed_beta_slope=NA, sdRE_input=NA, itnum=8

Rscript 2_inference_TMB/run_TMB.R --input ../data/assessing_models_simulation/datasets/multiple_GenerationJnormChangingNmBTwoLambdasOneChangingBeta_20_60_80_4_0.3_NA_NA_NA_dataset8.RDS --output ../data/assessing_models_simulation/inference_results/TMB/nlminb/multiple_GenerationJnormChangingNmBTwoLambdasOneChangingBeta_20_60_80_4_0.3_fullREM_NA_NA_NA_dataset8.RDS --model fullREM --optimiser nlminb  --use_previous_run_startingvals T
[Thu Aug 25 10:09:36 2022]
Finished job 403.
40 of 7643 steps (0.52%) done

[Thu Aug 25 10:09:37 2022]
rule inference_simulation_TMB_multiple:
    input: ../data/assessing_models_simulation/datasets/multiple_GenerationJnormChangingNmBTwoLambdasOneChangingBeta_20_60_80_4_0.3_NA_NA_NA_dataset8.RDS
    output: ../data/assessing_models_simulation/inference_results/TMB/nlminb/multiple_GenerationJnormChangingNmBTwoLambdasOneChangingBeta_20_60_80_4_0.3_singleREDM_NA_NA_NA_dataset8.RDS
    log: logs/inference/nlminb/simulation_GenerationJnormChangingNmBTwoLambdasOneChangingBeta_20_60_80_4_0.3_ModelsingleREDM_NA_NA_NA_dataset8.log
    jobid: 13843
    wildcards: optimiser=nlminb, datasetgeneration=GenerationJnormChangingNmBTwoLambdasOneChangingBeta, n=20, nlambda=60, lmbda=80, d=4, beta_intensity=0.3, model=singleREDM, fixed_beta_intercept=NA, fixed_beta_slope=NA, sdRE_input=NA, itnum=8

Rscript 2_inference_TMB/run_TMB.R --input ../data/assessing_models_simulation/datasets/multiple_GenerationJnormChangingNmBTwoLambdasOneChangingBeta_20_60_80_4_0.3_NA_NA_NA_dataset8.RDS --output ../data/assessing_models_simulation/inference_results/TMB/nlminb/multiple_GenerationJnormChangingNmBTwoLambdasOneChangingBeta_20_60_80_4_0.3_singleREDM_NA_NA_NA_dataset8.RDS --model singleREDM --optimiser nlminb  --use_previous_run_startingvals T
[Thu Aug 25 10:09:40 2022]
Finished job 13843.
41 of 7643 steps (0.54%) done

[Thu Aug 25 10:09:40 2022]
rule inference_simulation_TMB_multiple:
    input: ../data/assessing_models_simulation/datasets/multiple_GenerationJnormChangingNmBTwoLambdasOneChangingBeta_20_60_80_4_0.3_NA_NA_NA_dataset8.RDS
    output: ../data/assessing_models_simulation/inference_results/TMB/nlminb/multiple_GenerationJnormChangingNmBTwoLambdasOneChangingBeta_20_60_80_4_0.3_diagREDM_NA_NA_NA_dataset8.RDS
    log: logs/inference/nlminb/simulation_GenerationJnormChangingNmBTwoLambdasOneChangingBeta_20_60_80_4_0.3_ModeldiagREDM_NA_NA_NA_dataset8.log
    jobid: 7123
    wildcards: optimiser=nlminb, datasetgeneration=GenerationJnormChangingNmBTwoLambdasOneChangingBeta, n=20, nlambda=60, lmbda=80, d=4, beta_intensity=0.3, model=diagREDM, fixed_beta_intercept=NA, fixed_beta_slope=NA, sdRE_input=NA, itnum=8

Rscript 2_inference_TMB/run_TMB.R --input ../data/assessing_models_simulation/datasets/multiple_GenerationJnormChangingNmBTwoLambdasOneChangingBeta_20_60_80_4_0.3_NA_NA_NA_dataset8.RDS --output ../data/assessing_models_simulation/inference_results/TMB/nlminb/multiple_GenerationJnormChangingNmBTwoLambdasOneChangingBeta_20_60_80_4_0.3_diagREDM_NA_NA_NA_dataset8.RDS --model diagREDM --optimiser nlminb  --use_previous_run_startingvals T
[Thu Aug 25 10:09:44 2022]
Finished job 7123.
42 of 7643 steps (0.55%) done

[Thu Aug 25 10:09:44 2022]
rule simulate_for_comparison_multiple:
    input: ../data/assessing_models_simulation/GenerationJnormChangingNmBTwoLambdasOneChangingBeta
    output: ../data/assessing_models_simulation/datasets/multiple_GenerationJnormChangingNmBTwoLambdasOneChangingBeta_30_60_80_6_0.6_NA_NA_NA_dataset2.RDS
    jobid: 22387
    wildcards: datasetgeneration=GenerationJnormChangingNmBTwoLambdasOneChangingBeta, n=30, nlambda=60, lmbda=80, d=6, beta_intensity=0.6, fixed_beta_intercept=NA, fixed_beta_slope=NA, sdRE_input=NA, itnum=2

Rscript --vanilla 3_analysis/simulation_model_assessment/generate_datasets_simulations/GenerationJnormChangingNmBTwoLambdasOneChangingBeta.R --input ../data/assessing_models_simulation/GenerationJnormChangingNmBTwoLambdasOneChangingBeta --d 6 --n 30 --nlambda 60 --lambda 80 --beta_gamma_shape 0.6 --outfile ../data/assessing_models_simulation/datasets/multiple_GenerationJnormChangingNmBTwoLambdasOneChangingBeta_30_60_80_6_0.6_NA_NA_NA_dataset2.RDS --beta_intercept_input NA --beta_slope_input NA --sdRE_input NA
[Thu Aug 25 10:09:47 2022]
Finished job 22387.
43 of 7643 steps (0.56%) done

[Thu Aug 25 10:09:47 2022]
rule inference_simulation_TMB_multiple:
    input: ../data/assessing_models_simulation/datasets/multiple_GenerationJnormChangingNmBTwoLambdasOneChangingBeta_30_60_80_6_0.6_NA_NA_NA_dataset2.RDS
    output: ../data/assessing_models_simulation/inference_results/TMB/nlminb/multiple_GenerationJnormChangingNmBTwoLambdasOneChangingBeta_30_60_80_6_0.6_fullREM_NA_NA_NA_dataset2.RDS
    log: logs/inference/nlminb/simulation_GenerationJnormChangingNmBTwoLambdasOneChangingBeta_30_60_80_6_0.6_ModelfullREM_NA_NA_NA_dataset2.log
    jobid: 2227
    wildcards: optimiser=nlminb, datasetgeneration=GenerationJnormChangingNmBTwoLambdasOneChangingBeta, n=30, nlambda=60, lmbda=80, d=6, beta_intensity=0.6, model=fullREM, fixed_beta_intercept=NA, fixed_beta_slope=NA, sdRE_input=NA, itnum=2

Rscript 2_inference_TMB/run_TMB.R --input ../data/assessing_models_simulation/datasets/multiple_GenerationJnormChangingNmBTwoLambdasOneChangingBeta_30_60_80_6_0.6_NA_NA_NA_dataset2.RDS --output ../data/assessing_models_simulation/inference_results/TMB/nlminb/multiple_GenerationJnormChangingNmBTwoLambdasOneChangingBeta_30_60_80_6_0.6_fullREM_NA_NA_NA_dataset2.RDS --model fullREM --optimiser nlminb  --use_previous_run_startingvals T
[Thu Aug 25 10:09:52 2022]
Error in rule inference_simulation_TMB_multiple:
    jobid: 2227
    output: ../data/assessing_models_simulation/inference_results/TMB/nlminb/multiple_GenerationJnormChangingNmBTwoLambdasOneChangingBeta_30_60_80_6_0.6_fullREM_NA_NA_NA_dataset2.RDS
    log: logs/inference/nlminb/simulation_GenerationJnormChangingNmBTwoLambdasOneChangingBeta_30_60_80_6_0.6_ModelfullREM_NA_NA_NA_dataset2.log (check log file(s) for error message)
    shell:
        Rscript 2_inference_TMB/run_TMB.R --input ../data/assessing_models_simulation/datasets/multiple_GenerationJnormChangingNmBTwoLambdasOneChangingBeta_30_60_80_6_0.6_NA_NA_NA_dataset2.RDS --output ../data/assessing_models_simulation/inference_results/TMB/nlminb/multiple_GenerationJnormChangingNmBTwoLambdasOneChangingBeta_30_60_80_6_0.6_fullREM_NA_NA_NA_dataset2.RDS --model fullREM --optimiser nlminb  --use_previous_run_startingvals T

Shutting down, this might take some time.
Exiting because a job execution failed. Look above for error message
Complete log: /Users/morril01/Documents/PhD/GlobalDA/code/.snakemake/log/2022-08-25T100609.140654.snakemake.log
