Building DAG of jobs...
Using shell: /usr/local/bin/bash
Provided cores: 1
Rules claiming more threads will be scaled down.
Job counts:
	count	jobs
	1	all
	1009	inference_simulation_TMB_multiple_LRT
	1010

[Sat Sep 10 16:42:34 2022]
rule inference_simulation_TMB_multiple_LRT:
    input: ../data/assessing_models_simulation/datasets/multiple_GenerationMixturefewersignaturespairedKidneyRCCPCAWG_100_200_80_4_-999_NA_NA_NA_dataset13.RDS
    output: ../data/assessing_models_simulation/inference_results/TMB_LRT/nlminb/multiple_GenerationMixturefewersignaturespairedKidneyRCCPCAWG_100_200_80_4_-999_diagREDMsinglelambda_NA_NA_NA_dataset13.RDS
    log: logs/inference/nlminb/simulation_GenerationMixturefewersignaturespairedKidneyRCCPCAWG_100_200_80_4_-999_ModeldiagREDMsinglelambda_NA_NA_NA_dataset13.log
    jobid: 714
    wildcards: optimiser=nlminb, datasetgeneration=GenerationMixturefewersignaturespairedKidneyRCCPCAWG, n=100, nlambda=200, lmbda=80, d=4, beta_intensity=-999, model=diagREDMsinglelambda, fixed_beta_intercept=NA, fixed_beta_slope=NA, sdRE_input=NA, itnum=13

Rscript 2_inference_TMB/run_TMB.R --return_opt_bool T --input ../data/assessing_models_simulation/datasets/multiple_GenerationMixturefewersignaturespairedKidneyRCCPCAWG_100_200_80_4_-999_NA_NA_NA_dataset13.RDS --output ../data/assessing_models_simulation/inference_results/TMB_LRT/nlminb/multiple_GenerationMixturefewersignaturespairedKidneyRCCPCAWG_100_200_80_4_-999_diagREDMsinglelambda_NA_NA_NA_dataset13.RDS --model diagREDMsinglelambda --optimiser nlminb  --use_previous_run_startingvals T
[Sat Sep 10 16:42:44 2022]
Error in rule inference_simulation_TMB_multiple_LRT:
    jobid: 714
    output: ../data/assessing_models_simulation/inference_results/TMB_LRT/nlminb/multiple_GenerationMixturefewersignaturespairedKidneyRCCPCAWG_100_200_80_4_-999_diagREDMsinglelambda_NA_NA_NA_dataset13.RDS
    log: logs/inference/nlminb/simulation_GenerationMixturefewersignaturespairedKidneyRCCPCAWG_100_200_80_4_-999_ModeldiagREDMsinglelambda_NA_NA_NA_dataset13.log (check log file(s) for error message)
    shell:
        Rscript 2_inference_TMB/run_TMB.R --return_opt_bool T --input ../data/assessing_models_simulation/datasets/multiple_GenerationMixturefewersignaturespairedKidneyRCCPCAWG_100_200_80_4_-999_NA_NA_NA_dataset13.RDS --output ../data/assessing_models_simulation/inference_results/TMB_LRT/nlminb/multiple_GenerationMixturefewersignaturespairedKidneyRCCPCAWG_100_200_80_4_-999_diagREDMsinglelambda_NA_NA_NA_dataset13.RDS --model diagREDMsinglelambda --optimiser nlminb  --use_previous_run_startingvals T

Shutting down, this might take some time.
Exiting because a job execution failed. Look above for error message
Complete log: /Users/morril01/Documents/PhD/GlobalDA/code/.snakemake/log/2022-09-10T164226.621808.snakemake.log
