Building DAG of jobs...
Using shell: /usr/local/bin/bash
Provided cores: 1
Rules claiming more threads will be scaled down.
Job counts:
	count	jobs
	1	all
	1	analyse_simulation_TMB_multiple
	1	analyse_simulation_TMB_multiple_integrate
	6248	inference_simulation_TMB_multiple
	6251

[Fri Sep  2 00:09:42 2022]
rule inference_simulation_TMB_multiple:
    input: ../data/assessing_models_simulation/datasets/multiple_GenerationJnormChangingNmBTwoLambdasOneChangingBeta_100_120_80_5_0.6_NA_NA_NA_dataset9.RDS
    output: ../data/assessing_models_simulation/inference_results/TMB/nlminb/multiple_GenerationJnormChangingNmBTwoLambdasOneChangingBeta_100_120_80_5_0.6_fullREDMsinglelambda_NA_NA_NA_dataset9.RDS
    log: logs/inference/nlminb/simulation_GenerationJnormChangingNmBTwoLambdasOneChangingBeta_100_120_80_5_0.6_ModelfullREDMsinglelambda_NA_NA_NA_dataset9.log
    jobid: 26245
    wildcards: optimiser=nlminb, datasetgeneration=GenerationJnormChangingNmBTwoLambdasOneChangingBeta, n=100, nlambda=120, lmbda=80, d=5, beta_intensity=0.6, model=fullREDMsinglelambda, fixed_beta_intercept=NA, fixed_beta_slope=NA, sdRE_input=NA, itnum=9

Rscript 2_inference_TMB/run_TMB.R --input ../data/assessing_models_simulation/datasets/multiple_GenerationJnormChangingNmBTwoLambdasOneChangingBeta_100_120_80_5_0.6_NA_NA_NA_dataset9.RDS --output ../data/assessing_models_simulation/inference_results/TMB/nlminb/multiple_GenerationJnormChangingNmBTwoLambdasOneChangingBeta_100_120_80_5_0.6_fullREDMsinglelambda_NA_NA_NA_dataset9.RDS --model fullREDMsinglelambda --optimiser nlminb  --use_previous_run_startingvals T
[Fri Sep  2 00:09:51 2022]
Finished job 26245.
1 of 6251 steps (0.02%) done

[Fri Sep  2 00:09:51 2022]
rule inference_simulation_TMB_multiple:
    input: ../data/assessing_models_simulation/datasets/multiple_GenerationJnormChangingNmBTwoLambdasOneChangingBeta_100_120_80_5_0.6_NA_NA_NA_dataset8.RDS
    output: ../data/assessing_models_simulation/inference_results/TMB/nlminb/multiple_GenerationJnormChangingNmBTwoLambdasOneChangingBeta_100_120_80_5_0.6_fullREDMsinglelambda_NA_NA_NA_dataset8.RDS
    log: logs/inference/nlminb/simulation_GenerationJnormChangingNmBTwoLambdasOneChangingBeta_100_120_80_5_0.6_ModelfullREDMsinglelambda_NA_NA_NA_dataset8.log
    jobid: 26244
    wildcards: optimiser=nlminb, datasetgeneration=GenerationJnormChangingNmBTwoLambdasOneChangingBeta, n=100, nlambda=120, lmbda=80, d=5, beta_intensity=0.6, model=fullREDMsinglelambda, fixed_beta_intercept=NA, fixed_beta_slope=NA, sdRE_input=NA, itnum=8

Rscript 2_inference_TMB/run_TMB.R --input ../data/assessing_models_simulation/datasets/multiple_GenerationJnormChangingNmBTwoLambdasOneChangingBeta_100_120_80_5_0.6_NA_NA_NA_dataset8.RDS --output ../data/assessing_models_simulation/inference_results/TMB/nlminb/multiple_GenerationJnormChangingNmBTwoLambdasOneChangingBeta_100_120_80_5_0.6_fullREDMsinglelambda_NA_NA_NA_dataset8.RDS --model fullREDMsinglelambda --optimiser nlminb  --use_previous_run_startingvals T
[Fri Sep  2 00:10:03 2022]
Finished job 26244.
2 of 6251 steps (0.03%) done

[Fri Sep  2 00:10:03 2022]
rule inference_simulation_TMB_multiple:
    input: ../data/assessing_models_simulation/datasets/multiple_GenerationJnormChangingNmBTwoLambdasOneChangingBeta_100_140_80_5_0.6_NA_NA_NA_dataset8.RDS
    output: ../data/assessing_models_simulation/inference_results/TMB/nlminb/multiple_GenerationJnormChangingNmBTwoLambdasOneChangingBeta_100_140_80_5_0.6_fullREDMsinglelambda_NA_NA_NA_dataset8.RDS
    log: logs/inference/nlminb/simulation_GenerationJnormChangingNmBTwoLambdasOneChangingBeta_100_140_80_5_0.6_ModelfullREDMsinglelambda_NA_NA_NA_dataset8.log
    jobid: 26524
    wildcards: optimiser=nlminb, datasetgeneration=GenerationJnormChangingNmBTwoLambdasOneChangingBeta, n=100, nlambda=140, lmbda=80, d=5, beta_intensity=0.6, model=fullREDMsinglelambda, fixed_beta_intercept=NA, fixed_beta_slope=NA, sdRE_input=NA, itnum=8

Rscript 2_inference_TMB/run_TMB.R --input ../data/assessing_models_simulation/datasets/multiple_GenerationJnormChangingNmBTwoLambdasOneChangingBeta_100_140_80_5_0.6_NA_NA_NA_dataset8.RDS --output ../data/assessing_models_simulation/inference_results/TMB/nlminb/multiple_GenerationJnormChangingNmBTwoLambdasOneChangingBeta_100_140_80_5_0.6_fullREDMsinglelambda_NA_NA_NA_dataset8.RDS --model fullREDMsinglelambda --optimiser nlminb  --use_previous_run_startingvals T
[Fri Sep  2 00:10:14 2022]
Finished job 26524.
3 of 6251 steps (0.05%) done

[Fri Sep  2 00:10:14 2022]
rule inference_simulation_TMB_multiple:
    input: ../data/assessing_models_simulation/datasets/multiple_GenerationJnormChangingNmBTwoLambdasOneChangingBeta_100_120_80_5_0.2_NA_NA_NA_dataset9.RDS
    output: ../data/assessing_models_simulation/inference_results/TMB/nlminb/multiple_GenerationJnormChangingNmBTwoLambdasOneChangingBeta_100_120_80_5_0.2_fullREDMsinglelambda_NA_NA_NA_dataset9.RDS
    log: logs/inference/nlminb/simulation_GenerationJnormChangingNmBTwoLambdasOneChangingBeta_100_120_80_5_0.2_ModelfullREDMsinglelambda_NA_NA_NA_dataset9.log
    jobid: 26225
    wildcards: optimiser=nlminb, datasetgeneration=GenerationJnormChangingNmBTwoLambdasOneChangingBeta, n=100, nlambda=120, lmbda=80, d=5, beta_intensity=0.2, model=fullREDMsinglelambda, fixed_beta_intercept=NA, fixed_beta_slope=NA, sdRE_input=NA, itnum=9

Rscript 2_inference_TMB/run_TMB.R --input ../data/assessing_models_simulation/datasets/multiple_GenerationJnormChangingNmBTwoLambdasOneChangingBeta_100_120_80_5_0.2_NA_NA_NA_dataset9.RDS --output ../data/assessing_models_simulation/inference_results/TMB/nlminb/multiple_GenerationJnormChangingNmBTwoLambdasOneChangingBeta_100_120_80_5_0.2_fullREDMsinglelambda_NA_NA_NA_dataset9.RDS --model fullREDMsinglelambda --optimiser nlminb  --use_previous_run_startingvals T
[Fri Sep  2 00:10:25 2022]
Finished job 26225.
4 of 6251 steps (0.06%) done

[Fri Sep  2 00:10:25 2022]
rule inference_simulation_TMB_multiple:
    input: ../data/assessing_models_simulation/datasets/multiple_GenerationJnormChangingNmBTwoLambdasOneChangingBeta_100_120_80_5_0.1_NA_NA_NA_dataset0.RDS
    output: ../data/assessing_models_simulation/inference_results/TMB/nlminb/multiple_GenerationJnormChangingNmBTwoLambdasOneChangingBeta_100_120_80_5_0.1_fullREDMsinglelambda_NA_NA_NA_dataset0.RDS
    log: logs/inference/nlminb/simulation_GenerationJnormChangingNmBTwoLambdasOneChangingBeta_100_120_80_5_0.1_ModelfullREDMsinglelambda_NA_NA_NA_dataset0.log
    jobid: 26206
    wildcards: optimiser=nlminb, datasetgeneration=GenerationJnormChangingNmBTwoLambdasOneChangingBeta, n=100, nlambda=120, lmbda=80, d=5, beta_intensity=0.1, model=fullREDMsinglelambda, fixed_beta_intercept=NA, fixed_beta_slope=NA, sdRE_input=NA, itnum=0

Rscript 2_inference_TMB/run_TMB.R --input ../data/assessing_models_simulation/datasets/multiple_GenerationJnormChangingNmBTwoLambdasOneChangingBeta_100_120_80_5_0.1_NA_NA_NA_dataset0.RDS --output ../data/assessing_models_simulation/inference_results/TMB/nlminb/multiple_GenerationJnormChangingNmBTwoLambdasOneChangingBeta_100_120_80_5_0.1_fullREDMsinglelambda_NA_NA_NA_dataset0.RDS --model fullREDMsinglelambda --optimiser nlminb  --use_previous_run_startingvals T
[Fri Sep  2 00:10:36 2022]
Finished job 26206.
5 of 6251 steps (0.08%) done

[Fri Sep  2 00:10:36 2022]
rule inference_simulation_TMB_multiple:
    input: ../data/assessing_models_simulation/datasets/multiple_GenerationJnormChangingNmBTwoLambdasOneChangingBeta_100_120_80_5_0.1_NA_NA_NA_dataset4.RDS
    output: ../data/assessing_models_simulation/inference_results/TMB/nlminb/multiple_GenerationJnormChangingNmBTwoLambdasOneChangingBeta_100_120_80_5_0.1_fullREDMsinglelambda_NA_NA_NA_dataset4.RDS
    log: logs/inference/nlminb/simulation_GenerationJnormChangingNmBTwoLambdasOneChangingBeta_100_120_80_5_0.1_ModelfullREDMsinglelambda_NA_NA_NA_dataset4.log
    jobid: 26210
    wildcards: optimiser=nlminb, datasetgeneration=GenerationJnormChangingNmBTwoLambdasOneChangingBeta, n=100, nlambda=120, lmbda=80, d=5, beta_intensity=0.1, model=fullREDMsinglelambda, fixed_beta_intercept=NA, fixed_beta_slope=NA, sdRE_input=NA, itnum=4

Rscript 2_inference_TMB/run_TMB.R --input ../data/assessing_models_simulation/datasets/multiple_GenerationJnormChangingNmBTwoLambdasOneChangingBeta_100_120_80_5_0.1_NA_NA_NA_dataset4.RDS --output ../data/assessing_models_simulation/inference_results/TMB/nlminb/multiple_GenerationJnormChangingNmBTwoLambdasOneChangingBeta_100_120_80_5_0.1_fullREDMsinglelambda_NA_NA_NA_dataset4.RDS --model fullREDMsinglelambda --optimiser nlminb  --use_previous_run_startingvals T
[Fri Sep  2 00:10:48 2022]
Finished job 26210.
6 of 6251 steps (0.10%) done

[Fri Sep  2 00:10:48 2022]
rule inference_simulation_TMB_multiple:
    input: ../data/assessing_models_simulation/datasets/multiple_GenerationJnormChangingNmBTwoLambdasOneChangingBeta_100_120_80_5_0.6_NA_NA_NA_dataset2.RDS
    output: ../data/assessing_models_simulation/inference_results/TMB/nlminb/multiple_GenerationJnormChangingNmBTwoLambdasOneChangingBeta_100_120_80_5_0.6_fullREDMsinglelambda_NA_NA_NA_dataset2.RDS
    log: logs/inference/nlminb/simulation_GenerationJnormChangingNmBTwoLambdasOneChangingBeta_100_120_80_5_0.6_ModelfullREDMsinglelambda_NA_NA_NA_dataset2.log
    jobid: 26238
    wildcards: optimiser=nlminb, datasetgeneration=GenerationJnormChangingNmBTwoLambdasOneChangingBeta, n=100, nlambda=120, lmbda=80, d=5, beta_intensity=0.6, model=fullREDMsinglelambda, fixed_beta_intercept=NA, fixed_beta_slope=NA, sdRE_input=NA, itnum=2

Rscript 2_inference_TMB/run_TMB.R --input ../data/assessing_models_simulation/datasets/multiple_GenerationJnormChangingNmBTwoLambdasOneChangingBeta_100_120_80_5_0.6_NA_NA_NA_dataset2.RDS --output ../data/assessing_models_simulation/inference_results/TMB/nlminb/multiple_GenerationJnormChangingNmBTwoLambdasOneChangingBeta_100_120_80_5_0.6_fullREDMsinglelambda_NA_NA_NA_dataset2.RDS --model fullREDMsinglelambda --optimiser nlminb  --use_previous_run_startingvals T
[Fri Sep  2 00:11:00 2022]
Error in rule inference_simulation_TMB_multiple:
    jobid: 26238
    output: ../data/assessing_models_simulation/inference_results/TMB/nlminb/multiple_GenerationJnormChangingNmBTwoLambdasOneChangingBeta_100_120_80_5_0.6_fullREDMsinglelambda_NA_NA_NA_dataset2.RDS
    log: logs/inference/nlminb/simulation_GenerationJnormChangingNmBTwoLambdasOneChangingBeta_100_120_80_5_0.6_ModelfullREDMsinglelambda_NA_NA_NA_dataset2.log (check log file(s) for error message)
    shell:
        Rscript 2_inference_TMB/run_TMB.R --input ../data/assessing_models_simulation/datasets/multiple_GenerationJnormChangingNmBTwoLambdasOneChangingBeta_100_120_80_5_0.6_NA_NA_NA_dataset2.RDS --output ../data/assessing_models_simulation/inference_results/TMB/nlminb/multiple_GenerationJnormChangingNmBTwoLambdasOneChangingBeta_100_120_80_5_0.6_fullREDMsinglelambda_NA_NA_NA_dataset2.RDS --model fullREDMsinglelambda --optimiser nlminb  --use_previous_run_startingvals T

Shutting down, this might take some time.
Exiting because a job execution failed. Look above for error message
Complete log: /Users/morril01/Documents/PhD/GlobalDA/code/.snakemake/log/2022-09-02T000814.764709.snakemake.log
