Building DAG of jobs...
Using shell: /usr/local/bin/bash
Provided cores: 1
Rules claiming more threads will be scaled down.
Job counts:
	count	jobs
	1	all
	591	inference_simulation_TMB_multiple_LRT
	592

[Sat Sep 10 19:20:15 2022]
rule inference_simulation_TMB_multiple_LRT:
    input: ../data/assessing_models_simulation/datasets/multiple_GenerationMixturefewersignaturespairedKidneyRCCPCAWG_50_200_80_4_0_NA_NA_NA_dataset19.RDS
    output: ../data/assessing_models_simulation/inference_results/TMB_LRT/nlminb/multiple_GenerationMixturefewersignaturespairedKidneyRCCPCAWG_50_200_80_4_0_diagREDM_NA_NA_NA_dataset19.RDS
    log: logs/inference/nlminb/simulation_GenerationMixturefewersignaturespairedKidneyRCCPCAWG_50_200_80_4_0_ModeldiagREDM_NA_NA_NA_dataset19.log
    jobid: 440
    wildcards: optimiser=nlminb, datasetgeneration=GenerationMixturefewersignaturespairedKidneyRCCPCAWG, n=50, nlambda=200, lmbda=80, d=4, beta_intensity=0, model=diagREDM, fixed_beta_intercept=NA, fixed_beta_slope=NA, sdRE_input=NA, itnum=19

Rscript 2_inference_TMB/run_TMB.R --return_opt_bool T --input ../data/assessing_models_simulation/datasets/multiple_GenerationMixturefewersignaturespairedKidneyRCCPCAWG_50_200_80_4_0_NA_NA_NA_dataset19.RDS --output ../data/assessing_models_simulation/inference_results/TMB_LRT/nlminb/multiple_GenerationMixturefewersignaturespairedKidneyRCCPCAWG_50_200_80_4_0_diagREDM_NA_NA_NA_dataset19.RDS --model diagREDM --optimiser nlminb  --use_previous_run_startingvals T
[Sat Sep 10 19:20:19 2022]
Finished job 440.
1 of 592 steps (0.17%) done

[Sat Sep 10 19:20:19 2022]
rule inference_simulation_TMB_multiple_LRT:
    input: ../data/assessing_models_simulation/datasets/multiple_GenerationMixturefewersignaturespairedKidneyRCCPCAWG_50_200_80_4_0_NA_NA_NA_dataset3.RDS
    output: ../data/assessing_models_simulation/inference_results/TMB_LRT/nlminb/multiple_GenerationMixturefewersignaturespairedKidneyRCCPCAWG_50_200_80_4_0_diagREDMreducedmodel_NA_NA_NA_dataset3.RDS
    log: logs/inference/nlminb/simulation_GenerationMixturefewersignaturespairedKidneyRCCPCAWG_50_200_80_4_0_ModeldiagREDMreducedmodel_NA_NA_NA_dataset3.log
    jobid: 444
    wildcards: optimiser=nlminb, datasetgeneration=GenerationMixturefewersignaturespairedKidneyRCCPCAWG, n=50, nlambda=200, lmbda=80, d=4, beta_intensity=0, model=diagREDMreducedmodel, fixed_beta_intercept=NA, fixed_beta_slope=NA, sdRE_input=NA, itnum=3

Rscript 2_inference_TMB/run_TMB.R --return_opt_bool T --input ../data/assessing_models_simulation/datasets/multiple_GenerationMixturefewersignaturespairedKidneyRCCPCAWG_50_200_80_4_0_NA_NA_NA_dataset3.RDS --output ../data/assessing_models_simulation/inference_results/TMB_LRT/nlminb/multiple_GenerationMixturefewersignaturespairedKidneyRCCPCAWG_50_200_80_4_0_diagREDMreducedmodel_NA_NA_NA_dataset3.RDS --model diagREDMreducedmodel --optimiser nlminb  --use_previous_run_startingvals T
[Sat Sep 10 19:20:23 2022]
Finished job 444.
2 of 592 steps (0.34%) done

[Sat Sep 10 19:20:23 2022]
rule inference_simulation_TMB_multiple_LRT:
    input: ../data/assessing_models_simulation/datasets/multiple_GenerationMixturefewersignaturespairedKidneyRCCPCAWG_50_200_80_4_-8_NA_NA_NA_dataset1.RDS
    output: ../data/assessing_models_simulation/inference_results/TMB_LRT/nlminb/multiple_GenerationMixturefewersignaturespairedKidneyRCCPCAWG_50_200_80_4_-8_diagREDMreducedmodel_NA_NA_NA_dataset1.RDS
    log: logs/inference/nlminb/simulation_GenerationMixturefewersignaturespairedKidneyRCCPCAWG_50_200_80_4_-8_ModeldiagREDMreducedmodel_NA_NA_NA_dataset1.log
    jobid: 202
    wildcards: optimiser=nlminb, datasetgeneration=GenerationMixturefewersignaturespairedKidneyRCCPCAWG, n=50, nlambda=200, lmbda=80, d=4, beta_intensity=-8, model=diagREDMreducedmodel, fixed_beta_intercept=NA, fixed_beta_slope=NA, sdRE_input=NA, itnum=1

Rscript 2_inference_TMB/run_TMB.R --return_opt_bool T --input ../data/assessing_models_simulation/datasets/multiple_GenerationMixturefewersignaturespairedKidneyRCCPCAWG_50_200_80_4_-8_NA_NA_NA_dataset1.RDS --output ../data/assessing_models_simulation/inference_results/TMB_LRT/nlminb/multiple_GenerationMixturefewersignaturespairedKidneyRCCPCAWG_50_200_80_4_-8_diagREDMreducedmodel_NA_NA_NA_dataset1.RDS --model diagREDMreducedmodel --optimiser nlminb  --use_previous_run_startingvals T
[Sat Sep 10 19:20:30 2022]
Finished job 202.
3 of 592 steps (0.51%) done

[Sat Sep 10 19:20:30 2022]
rule inference_simulation_TMB_multiple_LRT:
    input: ../data/assessing_models_simulation/datasets/multiple_GenerationMixturefewersignaturespairedKidneyRCCPCAWG_50_200_80_4_-8_NA_NA_NA_dataset1.RDS
    output: ../data/assessing_models_simulation/inference_results/TMB_LRT/nlminb/multiple_GenerationMixturefewersignaturespairedKidneyRCCPCAWG_50_200_80_4_-8_diagREDMsinglelambda_NA_NA_NA_dataset1.RDS
    log: logs/inference/nlminb/simulation_GenerationMixturefewersignaturespairedKidneyRCCPCAWG_50_200_80_4_-8_ModeldiagREDMsinglelambda_NA_NA_NA_dataset1.log
    jobid: 222
    wildcards: optimiser=nlminb, datasetgeneration=GenerationMixturefewersignaturespairedKidneyRCCPCAWG, n=50, nlambda=200, lmbda=80, d=4, beta_intensity=-8, model=diagREDMsinglelambda, fixed_beta_intercept=NA, fixed_beta_slope=NA, sdRE_input=NA, itnum=1

Rscript 2_inference_TMB/run_TMB.R --return_opt_bool T --input ../data/assessing_models_simulation/datasets/multiple_GenerationMixturefewersignaturespairedKidneyRCCPCAWG_50_200_80_4_-8_NA_NA_NA_dataset1.RDS --output ../data/assessing_models_simulation/inference_results/TMB_LRT/nlminb/multiple_GenerationMixturefewersignaturespairedKidneyRCCPCAWG_50_200_80_4_-8_diagREDMsinglelambda_NA_NA_NA_dataset1.RDS --model diagREDMsinglelambda --optimiser nlminb  --use_previous_run_startingvals T
[Sat Sep 10 19:20:35 2022]
Finished job 222.
4 of 592 steps (0.68%) done

[Sat Sep 10 19:20:35 2022]
rule inference_simulation_TMB_multiple_LRT:
    input: ../data/assessing_models_simulation/datasets/multiple_GenerationMixturefewersignaturespairedKidneyRCCPCAWG_50_200_80_4_-2_NA_NA_NA_dataset11.RDS
    output: ../data/assessing_models_simulation/inference_results/TMB_LRT/nlminb/multiple_GenerationMixturefewersignaturespairedKidneyRCCPCAWG_50_200_80_4_-2_diagREDM_NA_NA_NA_dataset11.RDS
    log: logs/inference/nlminb/simulation_GenerationMixturefewersignaturespairedKidneyRCCPCAWG_50_200_80_4_-2_ModeldiagREDM_NA_NA_NA_dataset11.log
    jobid: 312
    wildcards: optimiser=nlminb, datasetgeneration=GenerationMixturefewersignaturespairedKidneyRCCPCAWG, n=50, nlambda=200, lmbda=80, d=4, beta_intensity=-2, model=diagREDM, fixed_beta_intercept=NA, fixed_beta_slope=NA, sdRE_input=NA, itnum=11

Rscript 2_inference_TMB/run_TMB.R --return_opt_bool T --input ../data/assessing_models_simulation/datasets/multiple_GenerationMixturefewersignaturespairedKidneyRCCPCAWG_50_200_80_4_-2_NA_NA_NA_dataset11.RDS --output ../data/assessing_models_simulation/inference_results/TMB_LRT/nlminb/multiple_GenerationMixturefewersignaturespairedKidneyRCCPCAWG_50_200_80_4_-2_diagREDM_NA_NA_NA_dataset11.RDS --model diagREDM --optimiser nlminb  --use_previous_run_startingvals T
[Sat Sep 10 19:20:41 2022]
Finished job 312.
5 of 592 steps (0.84%) done

[Sat Sep 10 19:20:41 2022]
rule inference_simulation_TMB_multiple_LRT:
    input: ../data/assessing_models_simulation/datasets/multiple_GenerationMixturefewersignaturespairedKidneyRCCPCAWG_50_200_80_4_8_NA_NA_NA_dataset8.RDS
    output: ../data/assessing_models_simulation/inference_results/TMB_LRT/nlminb/multiple_GenerationMixturefewersignaturespairedKidneyRCCPCAWG_50_200_80_4_8_diagREDM_NA_NA_NA_dataset8.RDS
    log: logs/inference/nlminb/simulation_GenerationMixturefewersignaturespairedKidneyRCCPCAWG_50_200_80_4_8_ModeldiagREDM_NA_NA_NA_dataset8.log
    jobid: 549
    wildcards: optimiser=nlminb, datasetgeneration=GenerationMixturefewersignaturespairedKidneyRCCPCAWG, n=50, nlambda=200, lmbda=80, d=4, beta_intensity=8, model=diagREDM, fixed_beta_intercept=NA, fixed_beta_slope=NA, sdRE_input=NA, itnum=8

Rscript 2_inference_TMB/run_TMB.R --return_opt_bool T --input ../data/assessing_models_simulation/datasets/multiple_GenerationMixturefewersignaturespairedKidneyRCCPCAWG_50_200_80_4_8_NA_NA_NA_dataset8.RDS --output ../data/assessing_models_simulation/inference_results/TMB_LRT/nlminb/multiple_GenerationMixturefewersignaturespairedKidneyRCCPCAWG_50_200_80_4_8_diagREDM_NA_NA_NA_dataset8.RDS --model diagREDM --optimiser nlminb  --use_previous_run_startingvals T
[Sat Sep 10 19:20:47 2022]
Finished job 549.
6 of 592 steps (1%) done

[Sat Sep 10 19:20:47 2022]
rule inference_simulation_TMB_multiple_LRT:
    input: ../data/assessing_models_simulation/datasets/multiple_GenerationMixturefewersignaturespairedKidneyRCCPCAWG_50_200_80_4_0_NA_NA_NA_dataset3.RDS
    output: ../data/assessing_models_simulation/inference_results/TMB_LRT/nlminb/multiple_GenerationMixturefewersignaturespairedKidneyRCCPCAWG_50_200_80_4_0_diagREDMsinglelambda_NA_NA_NA_dataset3.RDS
    log: logs/inference/nlminb/simulation_GenerationMixturefewersignaturespairedKidneyRCCPCAWG_50_200_80_4_0_ModeldiagREDMsinglelambda_NA_NA_NA_dataset3.log
    jobid: 464
    wildcards: optimiser=nlminb, datasetgeneration=GenerationMixturefewersignaturespairedKidneyRCCPCAWG, n=50, nlambda=200, lmbda=80, d=4, beta_intensity=0, model=diagREDMsinglelambda, fixed_beta_intercept=NA, fixed_beta_slope=NA, sdRE_input=NA, itnum=3

Rscript 2_inference_TMB/run_TMB.R --return_opt_bool T --input ../data/assessing_models_simulation/datasets/multiple_GenerationMixturefewersignaturespairedKidneyRCCPCAWG_50_200_80_4_0_NA_NA_NA_dataset3.RDS --output ../data/assessing_models_simulation/inference_results/TMB_LRT/nlminb/multiple_GenerationMixturefewersignaturespairedKidneyRCCPCAWG_50_200_80_4_0_diagREDMsinglelambda_NA_NA_NA_dataset3.RDS --model diagREDMsinglelambda --optimiser nlminb  --use_previous_run_startingvals T
[Sat Sep 10 19:20:52 2022]
Finished job 464.
7 of 592 steps (1%) done

[Sat Sep 10 19:20:52 2022]
rule inference_simulation_TMB_multiple_LRT:
    input: ../data/assessing_models_simulation/datasets/multiple_GenerationMixturefewersignaturespairedKidneyRCCPCAWG_50_200_80_4_8_NA_NA_NA_dataset8.RDS
    output: ../data/assessing_models_simulation/inference_results/TMB_LRT/nlminb/multiple_GenerationMixturefewersignaturespairedKidneyRCCPCAWG_50_200_80_4_8_diagREDMsinglelambda_NA_NA_NA_dataset8.RDS
    log: logs/inference/nlminb/simulation_GenerationMixturefewersignaturespairedKidneyRCCPCAWG_50_200_80_4_8_ModeldiagREDMsinglelambda_NA_NA_NA_dataset8.log
    jobid: 589
    wildcards: optimiser=nlminb, datasetgeneration=GenerationMixturefewersignaturespairedKidneyRCCPCAWG, n=50, nlambda=200, lmbda=80, d=4, beta_intensity=8, model=diagREDMsinglelambda, fixed_beta_intercept=NA, fixed_beta_slope=NA, sdRE_input=NA, itnum=8

Rscript 2_inference_TMB/run_TMB.R --return_opt_bool T --input ../data/assessing_models_simulation/datasets/multiple_GenerationMixturefewersignaturespairedKidneyRCCPCAWG_50_200_80_4_8_NA_NA_NA_dataset8.RDS --output ../data/assessing_models_simulation/inference_results/TMB_LRT/nlminb/multiple_GenerationMixturefewersignaturespairedKidneyRCCPCAWG_50_200_80_4_8_diagREDMsinglelambda_NA_NA_NA_dataset8.RDS --model diagREDMsinglelambda --optimiser nlminb  --use_previous_run_startingvals T
[Sat Sep 10 19:20:57 2022]
Finished job 589.
8 of 592 steps (1%) done

[Sat Sep 10 19:20:57 2022]
rule inference_simulation_TMB_multiple_LRT:
    input: ../data/assessing_models_simulation/datasets/multiple_GenerationMixturefewersignaturespairedKidneyRCCPCAWG_50_200_80_4_0_NA_NA_NA_dataset19.RDS
    output: ../data/assessing_models_simulation/inference_results/TMB_LRT/nlminb/multiple_GenerationMixturefewersignaturespairedKidneyRCCPCAWG_50_200_80_4_0_diagREDMreducedmodel_NA_NA_NA_dataset19.RDS
    log: logs/inference/nlminb/simulation_GenerationMixturefewersignaturespairedKidneyRCCPCAWG_50_200_80_4_0_ModeldiagREDMreducedmodel_NA_NA_NA_dataset19.log
    jobid: 460
    wildcards: optimiser=nlminb, datasetgeneration=GenerationMixturefewersignaturespairedKidneyRCCPCAWG, n=50, nlambda=200, lmbda=80, d=4, beta_intensity=0, model=diagREDMreducedmodel, fixed_beta_intercept=NA, fixed_beta_slope=NA, sdRE_input=NA, itnum=19

Rscript 2_inference_TMB/run_TMB.R --return_opt_bool T --input ../data/assessing_models_simulation/datasets/multiple_GenerationMixturefewersignaturespairedKidneyRCCPCAWG_50_200_80_4_0_NA_NA_NA_dataset19.RDS --output ../data/assessing_models_simulation/inference_results/TMB_LRT/nlminb/multiple_GenerationMixturefewersignaturespairedKidneyRCCPCAWG_50_200_80_4_0_diagREDMreducedmodel_NA_NA_NA_dataset19.RDS --model diagREDMreducedmodel --optimiser nlminb  --use_previous_run_startingvals T
[Sat Sep 10 19:21:02 2022]
Finished job 460.
9 of 592 steps (2%) done

[Sat Sep 10 19:21:02 2022]
rule inference_simulation_TMB_multiple_LRT:
    input: ../data/assessing_models_simulation/datasets/multiple_GenerationMixturefewersignaturespairedKidneyRCCPCAWG_50_200_80_4_0_NA_NA_NA_dataset3.RDS
    output: ../data/assessing_models_simulation/inference_results/TMB_LRT/nlminb/multiple_GenerationMixturefewersignaturespairedKidneyRCCPCAWG_50_200_80_4_0_diagREDM_NA_NA_NA_dataset3.RDS
    log: logs/inference/nlminb/simulation_GenerationMixturefewersignaturespairedKidneyRCCPCAWG_50_200_80_4_0_ModeldiagREDM_NA_NA_NA_dataset3.log
    jobid: 424
    wildcards: optimiser=nlminb, datasetgeneration=GenerationMixturefewersignaturespairedKidneyRCCPCAWG, n=50, nlambda=200, lmbda=80, d=4, beta_intensity=0, model=diagREDM, fixed_beta_intercept=NA, fixed_beta_slope=NA, sdRE_input=NA, itnum=3

Rscript 2_inference_TMB/run_TMB.R --return_opt_bool T --input ../data/assessing_models_simulation/datasets/multiple_GenerationMixturefewersignaturespairedKidneyRCCPCAWG_50_200_80_4_0_NA_NA_NA_dataset3.RDS --output ../data/assessing_models_simulation/inference_results/TMB_LRT/nlminb/multiple_GenerationMixturefewersignaturespairedKidneyRCCPCAWG_50_200_80_4_0_diagREDM_NA_NA_NA_dataset3.RDS --model diagREDM --optimiser nlminb  --use_previous_run_startingvals T
[Sat Sep 10 19:21:08 2022]
Finished job 424.
10 of 592 steps (2%) done

[Sat Sep 10 19:21:08 2022]
rule inference_simulation_TMB_multiple_LRT:
    input: ../data/assessing_models_simulation/datasets/multiple_GenerationMixturefewersignaturespairedKidneyRCCPCAWG_50_200_80_4_-8_NA_NA_NA_dataset1.RDS
    output: ../data/assessing_models_simulation/inference_results/TMB_LRT/nlminb/multiple_GenerationMixturefewersignaturespairedKidneyRCCPCAWG_50_200_80_4_-8_diagREDM_NA_NA_NA_dataset1.RDS
    log: logs/inference/nlminb/simulation_GenerationMixturefewersignaturespairedKidneyRCCPCAWG_50_200_80_4_-8_ModeldiagREDM_NA_NA_NA_dataset1.log
    jobid: 182
    wildcards: optimiser=nlminb, datasetgeneration=GenerationMixturefewersignaturespairedKidneyRCCPCAWG, n=50, nlambda=200, lmbda=80, d=4, beta_intensity=-8, model=diagREDM, fixed_beta_intercept=NA, fixed_beta_slope=NA, sdRE_input=NA, itnum=1

Rscript 2_inference_TMB/run_TMB.R --return_opt_bool T --input ../data/assessing_models_simulation/datasets/multiple_GenerationMixturefewersignaturespairedKidneyRCCPCAWG_50_200_80_4_-8_NA_NA_NA_dataset1.RDS --output ../data/assessing_models_simulation/inference_results/TMB_LRT/nlminb/multiple_GenerationMixturefewersignaturespairedKidneyRCCPCAWG_50_200_80_4_-8_diagREDM_NA_NA_NA_dataset1.RDS --model diagREDM --optimiser nlminb  --use_previous_run_startingvals T
[Sat Sep 10 19:21:14 2022]
Finished job 182.
11 of 592 steps (2%) done

[Sat Sep 10 19:21:14 2022]
rule inference_simulation_TMB_multiple_LRT:
    input: ../data/assessing_models_simulation/datasets/multiple_GenerationMixturefewersignaturespairedKidneyRCCPCAWG_50_200_80_4_-2_NA_NA_NA_dataset11.RDS
    output: ../data/assessing_models_simulation/inference_results/TMB_LRT/nlminb/multiple_GenerationMixturefewersignaturespairedKidneyRCCPCAWG_50_200_80_4_-2_diagREDMsinglelambda_NA_NA_NA_dataset11.RDS
    log: logs/inference/nlminb/simulation_GenerationMixturefewersignaturespairedKidneyRCCPCAWG_50_200_80_4_-2_ModeldiagREDMsinglelambda_NA_NA_NA_dataset11.log
    jobid: 352
    wildcards: optimiser=nlminb, datasetgeneration=GenerationMixturefewersignaturespairedKidneyRCCPCAWG, n=50, nlambda=200, lmbda=80, d=4, beta_intensity=-2, model=diagREDMsinglelambda, fixed_beta_intercept=NA, fixed_beta_slope=NA, sdRE_input=NA, itnum=11

Rscript 2_inference_TMB/run_TMB.R --return_opt_bool T --input ../data/assessing_models_simulation/datasets/multiple_GenerationMixturefewersignaturespairedKidneyRCCPCAWG_50_200_80_4_-2_NA_NA_NA_dataset11.RDS --output ../data/assessing_models_simulation/inference_results/TMB_LRT/nlminb/multiple_GenerationMixturefewersignaturespairedKidneyRCCPCAWG_50_200_80_4_-2_diagREDMsinglelambda_NA_NA_NA_dataset11.RDS --model diagREDMsinglelambda --optimiser nlminb  --use_previous_run_startingvals T
[Sat Sep 10 19:21:19 2022]
Finished job 352.
12 of 592 steps (2%) done

[Sat Sep 10 19:21:19 2022]
rule inference_simulation_TMB_multiple_LRT:
    input: ../data/assessing_models_simulation/datasets/multiple_GenerationMixturefewersignaturespairedKidneyRCCPCAWG_50_200_80_4_-2_NA_NA_NA_dataset11.RDS
    output: ../data/assessing_models_simulation/inference_results/TMB_LRT/nlminb/multiple_GenerationMixturefewersignaturespairedKidneyRCCPCAWG_50_200_80_4_-2_diagREDMreducedmodel_NA_NA_NA_dataset11.RDS
    log: logs/inference/nlminb/simulation_GenerationMixturefewersignaturespairedKidneyRCCPCAWG_50_200_80_4_-2_ModeldiagREDMreducedmodel_NA_NA_NA_dataset11.log
    jobid: 332
    wildcards: optimiser=nlminb, datasetgeneration=GenerationMixturefewersignaturespairedKidneyRCCPCAWG, n=50, nlambda=200, lmbda=80, d=4, beta_intensity=-2, model=diagREDMreducedmodel, fixed_beta_intercept=NA, fixed_beta_slope=NA, sdRE_input=NA, itnum=11

Rscript 2_inference_TMB/run_TMB.R --return_opt_bool T --input ../data/assessing_models_simulation/datasets/multiple_GenerationMixturefewersignaturespairedKidneyRCCPCAWG_50_200_80_4_-2_NA_NA_NA_dataset11.RDS --output ../data/assessing_models_simulation/inference_results/TMB_LRT/nlminb/multiple_GenerationMixturefewersignaturespairedKidneyRCCPCAWG_50_200_80_4_-2_diagREDMreducedmodel_NA_NA_NA_dataset11.RDS --model diagREDMreducedmodel --optimiser nlminb  --use_previous_run_startingvals T
Waiting at most 5 seconds for missing files.
MissingOutputException in line 544 of /Users/morril01/Documents/PhD/GlobalDA/code/Snakefile:
Missing files after 5 seconds:
../data/assessing_models_simulation/inference_results/TMB_LRT/nlminb/multiple_GenerationMixturefewersignaturespairedKidneyRCCPCAWG_50_200_80_4_-2_diagREDMreducedmodel_NA_NA_NA_dataset11.RDS
This might be due to filesystem latency. If that is the case, consider to increase the wait time with --latency-wait.
Shutting down, this might take some time.
Exiting because a job execution failed. Look above for error message
Complete log: /Users/morril01/Documents/PhD/GlobalDA/code/.snakemake/log/2022-09-10T192007.171455.snakemake.log
