Building DAG of jobs...
Using shell: /usr/local/bin/bash
Provided cores: 1
Rules claiming more threads will be scaled down.
Job counts:
	count	jobs
	1	all
	1	analyse_simulation_TMB_bias
	861	inference_simulation_TMB_multiple
	863

[Mon Apr 24 20:54:48 2023]
rule inference_simulation_TMB_multiple:
    input: ../data/assessing_models_simulation/datasets/multiple_GenerationJnorm_200_3401_18_6_0_betainterceptPCAWG2_betaslopePCAWG2_covmatPCAWG2_dataset308.RDS
    output: ../data/assessing_models_simulation/inference_results/TMB/nlminb/multiple_GenerationJnorm_200_3401_18_6_0_fullREDM_betainterceptPCAWG2_betaslopePCAWG2_covmatPCAWG2_dataset308.RDS
    log: logs/inference/nlminb/simulation_GenerationJnorm_200_3401_18_6_0_ModelfullREDM_betainterceptPCAWG2_betaslopePCAWG2_covmatPCAWG2_dataset308.log
    jobid: 1311
    wildcards: optimiser=nlminb, datasetgeneration=GenerationJnorm, n=200, nlambda=3401, lmbda=18, d=6, beta_intensity=0, model=fullREDM, fixed_beta_intercept=betainterceptPCAWG2, fixed_beta_slope=betaslopePCAWG2, sdRE_input=covmatPCAWG2, itnum=308

Rscript 2_inference_TMB/run_TMB.R --input ../data/assessing_models_simulation/datasets/multiple_GenerationJnorm_200_3401_18_6_0_betainterceptPCAWG2_betaslopePCAWG2_covmatPCAWG2_dataset308.RDS --output ../data/assessing_models_simulation/inference_results/TMB/nlminb/multiple_GenerationJnorm_200_3401_18_6_0_fullREDM_betainterceptPCAWG2_betaslopePCAWG2_covmatPCAWG2_dataset308.RDS --model fullREDM --optimiser nlminb  --use_previous_run_startingvals T
[Mon Apr 24 20:55:29 2023]
Finished job 1311.
1 of 863 steps (0.12%) done

[Mon Apr 24 20:55:29 2023]
rule inference_simulation_TMB_multiple:
    input: ../data/assessing_models_simulation/datasets/multiple_GenerationJnorm_200_3401_18_6_0_betainterceptPCAWG2_betaslopePCAWG2_covmatPCAWG2_dataset80.RDS
    output: ../data/assessing_models_simulation/inference_results/TMB/nlminb/multiple_GenerationJnorm_200_3401_18_6_0_fullREDM_betainterceptPCAWG2_betaslopePCAWG2_covmatPCAWG2_dataset80.RDS
    log: logs/inference/nlminb/simulation_GenerationJnorm_200_3401_18_6_0_ModelfullREDM_betainterceptPCAWG2_betaslopePCAWG2_covmatPCAWG2_dataset80.log
    jobid: 1083
    wildcards: optimiser=nlminb, datasetgeneration=GenerationJnorm, n=200, nlambda=3401, lmbda=18, d=6, beta_intensity=0, model=fullREDM, fixed_beta_intercept=betainterceptPCAWG2, fixed_beta_slope=betaslopePCAWG2, sdRE_input=covmatPCAWG2, itnum=80

Rscript 2_inference_TMB/run_TMB.R --input ../data/assessing_models_simulation/datasets/multiple_GenerationJnorm_200_3401_18_6_0_betainterceptPCAWG2_betaslopePCAWG2_covmatPCAWG2_dataset80.RDS --output ../data/assessing_models_simulation/inference_results/TMB/nlminb/multiple_GenerationJnorm_200_3401_18_6_0_fullREDM_betainterceptPCAWG2_betaslopePCAWG2_covmatPCAWG2_dataset80.RDS --model fullREDM --optimiser nlminb  --use_previous_run_startingvals T
[Mon Apr 24 20:56:04 2023]
Finished job 1083.
2 of 863 steps (0.23%) done

[Mon Apr 24 20:56:04 2023]
rule inference_simulation_TMB_multiple:
    input: ../data/assessing_models_simulation/datasets/multiple_GenerationJnorm_200_3401_18_6_0_betainterceptPCAWG2_betaslopePCAWG2_covmatPCAWG2_dataset269.RDS
    output: ../data/assessing_models_simulation/inference_results/TMB/nlminb/multiple_GenerationJnorm_200_3401_18_6_0_fullREDM_betainterceptPCAWG2_betaslopePCAWG2_covmatPCAWG2_dataset269.RDS
    log: logs/inference/nlminb/simulation_GenerationJnorm_200_3401_18_6_0_ModelfullREDM_betainterceptPCAWG2_betaslopePCAWG2_covmatPCAWG2_dataset269.log
    jobid: 1272
    wildcards: optimiser=nlminb, datasetgeneration=GenerationJnorm, n=200, nlambda=3401, lmbda=18, d=6, beta_intensity=0, model=fullREDM, fixed_beta_intercept=betainterceptPCAWG2, fixed_beta_slope=betaslopePCAWG2, sdRE_input=covmatPCAWG2, itnum=269

Rscript 2_inference_TMB/run_TMB.R --input ../data/assessing_models_simulation/datasets/multiple_GenerationJnorm_200_3401_18_6_0_betainterceptPCAWG2_betaslopePCAWG2_covmatPCAWG2_dataset269.RDS --output ../data/assessing_models_simulation/inference_results/TMB/nlminb/multiple_GenerationJnorm_200_3401_18_6_0_fullREDM_betainterceptPCAWG2_betaslopePCAWG2_covmatPCAWG2_dataset269.RDS --model fullREDM --optimiser nlminb  --use_previous_run_startingvals T
[Mon Apr 24 20:56:41 2023]
Finished job 1272.
3 of 863 steps (0.35%) done

[Mon Apr 24 20:56:42 2023]
rule inference_simulation_TMB_multiple:
    input: ../data/assessing_models_simulation/datasets/multiple_GenerationJnorm_200_3401_18_6_0_betainterceptPCAWG2_betaslopePCAWG2_covmatPCAWG2_dataset587.RDS
    output: ../data/assessing_models_simulation/inference_results/TMB/nlminb/multiple_GenerationJnorm_200_3401_18_6_0_fullREDM_betainterceptPCAWG2_betaslopePCAWG2_covmatPCAWG2_dataset587.RDS
    log: logs/inference/nlminb/simulation_GenerationJnorm_200_3401_18_6_0_ModelfullREDM_betainterceptPCAWG2_betaslopePCAWG2_covmatPCAWG2_dataset587.log
    jobid: 1590
    wildcards: optimiser=nlminb, datasetgeneration=GenerationJnorm, n=200, nlambda=3401, lmbda=18, d=6, beta_intensity=0, model=fullREDM, fixed_beta_intercept=betainterceptPCAWG2, fixed_beta_slope=betaslopePCAWG2, sdRE_input=covmatPCAWG2, itnum=587

Rscript 2_inference_TMB/run_TMB.R --input ../data/assessing_models_simulation/datasets/multiple_GenerationJnorm_200_3401_18_6_0_betainterceptPCAWG2_betaslopePCAWG2_covmatPCAWG2_dataset587.RDS --output ../data/assessing_models_simulation/inference_results/TMB/nlminb/multiple_GenerationJnorm_200_3401_18_6_0_fullREDM_betainterceptPCAWG2_betaslopePCAWG2_covmatPCAWG2_dataset587.RDS --model fullREDM --optimiser nlminb  --use_previous_run_startingvals T
[Mon Apr 24 20:57:21 2023]
Finished job 1590.
4 of 863 steps (0.46%) done

[Mon Apr 24 20:57:21 2023]
rule inference_simulation_TMB_multiple:
    input: ../data/assessing_models_simulation/datasets/multiple_GenerationJnorm_200_3401_18_6_0_betainterceptPCAWG2_betaslopePCAWG2_covmatPCAWG2_dataset489.RDS
    output: ../data/assessing_models_simulation/inference_results/TMB/nlminb/multiple_GenerationJnorm_200_3401_18_6_0_fullREDM_betainterceptPCAWG2_betaslopePCAWG2_covmatPCAWG2_dataset489.RDS
    log: logs/inference/nlminb/simulation_GenerationJnorm_200_3401_18_6_0_ModelfullREDM_betainterceptPCAWG2_betaslopePCAWG2_covmatPCAWG2_dataset489.log
    jobid: 1492
    wildcards: optimiser=nlminb, datasetgeneration=GenerationJnorm, n=200, nlambda=3401, lmbda=18, d=6, beta_intensity=0, model=fullREDM, fixed_beta_intercept=betainterceptPCAWG2, fixed_beta_slope=betaslopePCAWG2, sdRE_input=covmatPCAWG2, itnum=489

Rscript 2_inference_TMB/run_TMB.R --input ../data/assessing_models_simulation/datasets/multiple_GenerationJnorm_200_3401_18_6_0_betainterceptPCAWG2_betaslopePCAWG2_covmatPCAWG2_dataset489.RDS --output ../data/assessing_models_simulation/inference_results/TMB/nlminb/multiple_GenerationJnorm_200_3401_18_6_0_fullREDM_betainterceptPCAWG2_betaslopePCAWG2_covmatPCAWG2_dataset489.RDS --model fullREDM --optimiser nlminb  --use_previous_run_startingvals T
[Mon Apr 24 20:58:16 2023]
Error in rule inference_simulation_TMB_multiple:
    jobid: 1492
    output: ../data/assessing_models_simulation/inference_results/TMB/nlminb/multiple_GenerationJnorm_200_3401_18_6_0_fullREDM_betainterceptPCAWG2_betaslopePCAWG2_covmatPCAWG2_dataset489.RDS
    log: logs/inference/nlminb/simulation_GenerationJnorm_200_3401_18_6_0_ModelfullREDM_betainterceptPCAWG2_betaslopePCAWG2_covmatPCAWG2_dataset489.log (check log file(s) for error message)
    shell:
        Rscript 2_inference_TMB/run_TMB.R --input ../data/assessing_models_simulation/datasets/multiple_GenerationJnorm_200_3401_18_6_0_betainterceptPCAWG2_betaslopePCAWG2_covmatPCAWG2_dataset489.RDS --output ../data/assessing_models_simulation/inference_results/TMB/nlminb/multiple_GenerationJnorm_200_3401_18_6_0_fullREDM_betainterceptPCAWG2_betaslopePCAWG2_covmatPCAWG2_dataset489.RDS --model fullREDM --optimiser nlminb  --use_previous_run_startingvals T

Shutting down, this might take some time.
Exiting because a job execution failed. Look above for error message
Complete log: /Users/morril01/Documents/PhD/GlobalDA/code/.snakemake/log/2023-04-24T205440.924933.snakemake.log
