Building DAG of jobs...
Using shell: /usr/local/bin/bash
Provided cores: 1
Rules claiming more threads will be scaled down.
Job counts:
	count	jobs
	1	all
	2	analyse_simulation_TMB_bias
	1976	inference_simulation_TMB_multiple
	987	simulate_for_comparison_multiple
	2966

[Tue May  2 11:45:40 2023]
rule inference_simulation_TMB_multiple:
    input: ../data/assessing_models_simulation/datasets/multiple_GenerationJnorm_208_1516_32_14_0_betainterceptPCAWG3_betaslopePCAWG3_covmatPCAWG3_dataset495.RDS
    output: ../data/assessing_models_simulation/inference_results/TMB/nlminb/multiple_GenerationJnorm_208_1516_32_14_0_diagREDM_betainterceptPCAWG3_betaslopePCAWG3_covmatPCAWG3_dataset495.RDS
    log: logs/inference/nlminb/simulation_GenerationJnorm_208_1516_32_14_0_ModeldiagREDM_betainterceptPCAWG3_betaslopePCAWG3_covmatPCAWG3_dataset495.log
    jobid: 498
    wildcards: optimiser=nlminb, datasetgeneration=GenerationJnorm, n=208, nlambda=1516, lmbda=32, d=14, beta_intensity=0, model=diagREDM, fixed_beta_intercept=betainterceptPCAWG3, fixed_beta_slope=betaslopePCAWG3, sdRE_input=covmatPCAWG3, itnum=495

Rscript 2_inference_TMB/run_TMB.R --input ../data/assessing_models_simulation/datasets/multiple_GenerationJnorm_208_1516_32_14_0_betainterceptPCAWG3_betaslopePCAWG3_covmatPCAWG3_dataset495.RDS --output ../data/assessing_models_simulation/inference_results/TMB/nlminb/multiple_GenerationJnorm_208_1516_32_14_0_diagREDM_betainterceptPCAWG3_betaslopePCAWG3_covmatPCAWG3_dataset495.RDS --model diagREDM --optimiser nlminb  --use_previous_run_startingvals T
[Tue May  2 11:49:18 2023]
Finished job 498.
1 of 2966 steps (0.03%) done

[Tue May  2 11:49:18 2023]
rule inference_simulation_TMB_multiple:
    input: ../data/assessing_models_simulation/datasets/multiple_GenerationJnorm_208_1516_32_14_0_betainterceptPCAWG3_betaslopePCAWG3_covmatPCAWG3_dataset495.RDS
    output: ../data/assessing_models_simulation/inference_results/TMB/nlminb/multiple_GenerationJnorm_208_1516_32_14_0_fullREDM_betainterceptPCAWG3_betaslopePCAWG3_covmatPCAWG3_dataset495.RDS
    log: logs/inference/nlminb/simulation_GenerationJnorm_208_1516_32_14_0_ModelfullREDM_betainterceptPCAWG3_betaslopePCAWG3_covmatPCAWG3_dataset495.log
    jobid: 1498
    wildcards: optimiser=nlminb, datasetgeneration=GenerationJnorm, n=208, nlambda=1516, lmbda=32, d=14, beta_intensity=0, model=fullREDM, fixed_beta_intercept=betainterceptPCAWG3, fixed_beta_slope=betaslopePCAWG3, sdRE_input=covmatPCAWG3, itnum=495

Rscript 2_inference_TMB/run_TMB.R --input ../data/assessing_models_simulation/datasets/multiple_GenerationJnorm_208_1516_32_14_0_betainterceptPCAWG3_betaslopePCAWG3_covmatPCAWG3_dataset495.RDS --output ../data/assessing_models_simulation/inference_results/TMB/nlminb/multiple_GenerationJnorm_208_1516_32_14_0_fullREDM_betainterceptPCAWG3_betaslopePCAWG3_covmatPCAWG3_dataset495.RDS --model fullREDM --optimiser nlminb  --use_previous_run_startingvals T
Waiting at most 5 seconds for missing files.
MissingOutputException in line 573 of /Users/morril01/Documents/PhD/GlobalDA/code/Snakefile:
Missing files after 5 seconds:
../data/assessing_models_simulation/inference_results/TMB/nlminb/multiple_GenerationJnorm_208_1516_32_14_0_fullREDM_betainterceptPCAWG3_betaslopePCAWG3_covmatPCAWG3_dataset495.RDS
This might be due to filesystem latency. If that is the case, consider to increase the wait time with --latency-wait.
Shutting down, this might take some time.
Exiting because a job execution failed. Look above for error message
Complete log: /Users/morril01/Documents/PhD/GlobalDA/code/.snakemake/log/2023-05-02T114532.633434.snakemake.log
