Building DAG of jobs...
Using shell: /usr/local/bin/bash
Provided cores: 1
Rules claiming more threads will be scaled down.
Job counts:
	count	jobs
	1	all
	2	analyse_simulation_TMB_bias
	1971	inference_simulation_TMB_multiple
	985	simulate_for_comparison_multiple
	2959

[Wed Mar 15 09:35:43 2023]
rule inference_simulation_TMB_multiple:
    input: ../data/assessing_models_simulation/datasets/multiple_GenerationJnorm_200_180_20_8_0_betainterceptPCAWG1_betaslopePCAWG1_covmatPCAWG1_dataset730.RDS
    output: ../data/assessing_models_simulation/inference_results/TMB/nlminb/multiple_GenerationJnorm_200_180_20_8_0_fullREDM_betainterceptPCAWG1_betaslopePCAWG1_covmatPCAWG1_dataset730.RDS
    log: logs/inference/nlminb/simulation_GenerationJnorm_200_180_20_8_0_ModelfullREDM_betainterceptPCAWG1_betaslopePCAWG1_covmatPCAWG1_dataset730.log
    jobid: 733
    wildcards: optimiser=nlminb, datasetgeneration=GenerationJnorm, n=200, nlambda=180, lmbda=20, d=8, beta_intensity=0, model=fullREDM, fixed_beta_intercept=betainterceptPCAWG1, fixed_beta_slope=betaslopePCAWG1, sdRE_input=covmatPCAWG1, itnum=730

Rscript 2_inference_TMB/run_TMB.R --input ../data/assessing_models_simulation/datasets/multiple_GenerationJnorm_200_180_20_8_0_betainterceptPCAWG1_betaslopePCAWG1_covmatPCAWG1_dataset730.RDS --output ../data/assessing_models_simulation/inference_results/TMB/nlminb/multiple_GenerationJnorm_200_180_20_8_0_fullREDM_betainterceptPCAWG1_betaslopePCAWG1_covmatPCAWG1_dataset730.RDS --model fullREDM --optimiser nlminb  --use_previous_run_startingvals T
[Wed Mar 15 09:37:28 2023]
Finished job 733.
1 of 2959 steps (0.03%) done

[Wed Mar 15 09:37:28 2023]
rule simulate_for_comparison_multiple:
    input: ../data/assessing_models_simulation/GenerationJnorm
    output: ../data/assessing_models_simulation/datasets/multiple_GenerationJnorm_200_180_20_8_0_betainterceptPCAWG1_betaslopePCAWG1_covmatPCAWG1_dataset88.RDS
    jobid: 2091
    wildcards: datasetgeneration=GenerationJnorm, n=200, nlambda=180, lmbda=20, d=8, beta_intensity=0, fixed_beta_intercept=betainterceptPCAWG1, fixed_beta_slope=betaslopePCAWG1, sdRE_input=covmatPCAWG1, itnum=88

Rscript --vanilla 3_analysis/simulation_model_assessment/generate_datasets_simulations/GenerationJnorm.R --input ../data/assessing_models_simulation/GenerationJnorm --d 8 --n 200 --nlambda 180 --lambda 20 --beta_gamma_shape 0 --outfile ../data/assessing_models_simulation/datasets/multiple_GenerationJnorm_200_180_20_8_0_betainterceptPCAWG1_betaslopePCAWG1_covmatPCAWG1_dataset88.RDS --beta_intercept_input ../data/assessing_models_simulation/additional_files/multiple_fixed_betainterceptPCAWG1.RDS --beta_slope_input ../data/assessing_models_simulation/additional_files/multiple_fixed_betaslopePCAWG1.RDS --sdRE_input ../data/assessing_models_simulation/additional_files/multiple_fixed_covmatPCAWG1.RDS
[Wed Mar 15 09:37:30 2023]
Finished job 2091.
2 of 2959 steps (0.07%) done

[Wed Mar 15 09:37:30 2023]
rule inference_simulation_TMB_multiple:
    input: ../data/assessing_models_simulation/datasets/multiple_GenerationJnorm_200_180_20_8_0_betainterceptPCAWG1_betaslopePCAWG1_covmatPCAWG1_dataset88.RDS
    output: ../data/assessing_models_simulation/inference_results/TMB/nlminb/multiple_GenerationJnorm_200_180_20_8_0_diagREDM_betainterceptPCAWG1_betaslopePCAWG1_covmatPCAWG1_dataset88.RDS
    log: logs/inference/nlminb/simulation_GenerationJnorm_200_180_20_8_0_ModeldiagREDM_betainterceptPCAWG1_betaslopePCAWG1_covmatPCAWG1_dataset88.log
    jobid: 1091
    wildcards: optimiser=nlminb, datasetgeneration=GenerationJnorm, n=200, nlambda=180, lmbda=20, d=8, beta_intensity=0, model=diagREDM, fixed_beta_intercept=betainterceptPCAWG1, fixed_beta_slope=betaslopePCAWG1, sdRE_input=covmatPCAWG1, itnum=88

Rscript 2_inference_TMB/run_TMB.R --input ../data/assessing_models_simulation/datasets/multiple_GenerationJnorm_200_180_20_8_0_betainterceptPCAWG1_betaslopePCAWG1_covmatPCAWG1_dataset88.RDS --output ../data/assessing_models_simulation/inference_results/TMB/nlminb/multiple_GenerationJnorm_200_180_20_8_0_diagREDM_betainterceptPCAWG1_betaslopePCAWG1_covmatPCAWG1_dataset88.RDS --model diagREDM --optimiser nlminb  --use_previous_run_startingvals T
[Wed Mar 15 09:38:25 2023]
Finished job 1091.
3 of 2959 steps (0.10%) done

[Wed Mar 15 09:38:25 2023]
rule inference_simulation_TMB_multiple:
    input: ../data/assessing_models_simulation/datasets/multiple_GenerationJnorm_200_180_20_8_0_betainterceptPCAWG1_betaslopePCAWG1_covmatPCAWG1_dataset88.RDS
    output: ../data/assessing_models_simulation/inference_results/TMB/nlminb/multiple_GenerationJnorm_200_180_20_8_0_fullREDM_betainterceptPCAWG1_betaslopePCAWG1_covmatPCAWG1_dataset88.RDS
    log: logs/inference/nlminb/simulation_GenerationJnorm_200_180_20_8_0_ModelfullREDM_betainterceptPCAWG1_betaslopePCAWG1_covmatPCAWG1_dataset88.log
    jobid: 91
    wildcards: optimiser=nlminb, datasetgeneration=GenerationJnorm, n=200, nlambda=180, lmbda=20, d=8, beta_intensity=0, model=fullREDM, fixed_beta_intercept=betainterceptPCAWG1, fixed_beta_slope=betaslopePCAWG1, sdRE_input=covmatPCAWG1, itnum=88

Rscript 2_inference_TMB/run_TMB.R --input ../data/assessing_models_simulation/datasets/multiple_GenerationJnorm_200_180_20_8_0_betainterceptPCAWG1_betaslopePCAWG1_covmatPCAWG1_dataset88.RDS --output ../data/assessing_models_simulation/inference_results/TMB/nlminb/multiple_GenerationJnorm_200_180_20_8_0_fullREDM_betainterceptPCAWG1_betaslopePCAWG1_covmatPCAWG1_dataset88.RDS --model fullREDM --optimiser nlminb  --use_previous_run_startingvals T
[Wed Mar 15 09:40:00 2023]
Finished job 91.
4 of 2959 steps (0.14%) done

[Wed Mar 15 09:40:00 2023]
rule simulate_for_comparison_multiple:
    input: ../data/assessing_models_simulation/GenerationJnorm
    output: ../data/assessing_models_simulation/datasets/multiple_GenerationJnorm_200_180_20_8_0_betainterceptPCAWG1_betaslopePCAWG1_covmatPCAWG1_dataset511.RDS
    jobid: 2514
    wildcards: datasetgeneration=GenerationJnorm, n=200, nlambda=180, lmbda=20, d=8, beta_intensity=0, fixed_beta_intercept=betainterceptPCAWG1, fixed_beta_slope=betaslopePCAWG1, sdRE_input=covmatPCAWG1, itnum=511

Rscript --vanilla 3_analysis/simulation_model_assessment/generate_datasets_simulations/GenerationJnorm.R --input ../data/assessing_models_simulation/GenerationJnorm --d 8 --n 200 --nlambda 180 --lambda 20 --beta_gamma_shape 0 --outfile ../data/assessing_models_simulation/datasets/multiple_GenerationJnorm_200_180_20_8_0_betainterceptPCAWG1_betaslopePCAWG1_covmatPCAWG1_dataset511.RDS --beta_intercept_input ../data/assessing_models_simulation/additional_files/multiple_fixed_betainterceptPCAWG1.RDS --beta_slope_input ../data/assessing_models_simulation/additional_files/multiple_fixed_betaslopePCAWG1.RDS --sdRE_input ../data/assessing_models_simulation/additional_files/multiple_fixed_covmatPCAWG1.RDS
[Wed Mar 15 09:40:02 2023]
Finished job 2514.
5 of 2959 steps (0.17%) done

[Wed Mar 15 09:40:02 2023]
rule inference_simulation_TMB_multiple:
    input: ../data/assessing_models_simulation/datasets/multiple_GenerationJnorm_200_180_20_8_0_betainterceptPCAWG1_betaslopePCAWG1_covmatPCAWG1_dataset511.RDS
    output: ../data/assessing_models_simulation/inference_results/TMB/nlminb/multiple_GenerationJnorm_200_180_20_8_0_diagREDM_betainterceptPCAWG1_betaslopePCAWG1_covmatPCAWG1_dataset511.RDS
    log: logs/inference/nlminb/simulation_GenerationJnorm_200_180_20_8_0_ModeldiagREDM_betainterceptPCAWG1_betaslopePCAWG1_covmatPCAWG1_dataset511.log
    jobid: 1514
    wildcards: optimiser=nlminb, datasetgeneration=GenerationJnorm, n=200, nlambda=180, lmbda=20, d=8, beta_intensity=0, model=diagREDM, fixed_beta_intercept=betainterceptPCAWG1, fixed_beta_slope=betaslopePCAWG1, sdRE_input=covmatPCAWG1, itnum=511

Rscript 2_inference_TMB/run_TMB.R --input ../data/assessing_models_simulation/datasets/multiple_GenerationJnorm_200_180_20_8_0_betainterceptPCAWG1_betaslopePCAWG1_covmatPCAWG1_dataset511.RDS --output ../data/assessing_models_simulation/inference_results/TMB/nlminb/multiple_GenerationJnorm_200_180_20_8_0_diagREDM_betainterceptPCAWG1_betaslopePCAWG1_covmatPCAWG1_dataset511.RDS --model diagREDM --optimiser nlminb  --use_previous_run_startingvals T
[Wed Mar 15 09:40:57 2023]
Finished job 1514.
6 of 2959 steps (0.20%) done

[Wed Mar 15 09:40:57 2023]
rule inference_simulation_TMB_multiple:
    input: ../data/assessing_models_simulation/datasets/multiple_GenerationJnorm_200_180_20_8_0_betainterceptPCAWG1_betaslopePCAWG1_covmatPCAWG1_dataset511.RDS
    output: ../data/assessing_models_simulation/inference_results/TMB/nlminb/multiple_GenerationJnorm_200_180_20_8_0_fullREDM_betainterceptPCAWG1_betaslopePCAWG1_covmatPCAWG1_dataset511.RDS
    log: logs/inference/nlminb/simulation_GenerationJnorm_200_180_20_8_0_ModelfullREDM_betainterceptPCAWG1_betaslopePCAWG1_covmatPCAWG1_dataset511.log
    jobid: 514
    wildcards: optimiser=nlminb, datasetgeneration=GenerationJnorm, n=200, nlambda=180, lmbda=20, d=8, beta_intensity=0, model=fullREDM, fixed_beta_intercept=betainterceptPCAWG1, fixed_beta_slope=betaslopePCAWG1, sdRE_input=covmatPCAWG1, itnum=511

Rscript 2_inference_TMB/run_TMB.R --input ../data/assessing_models_simulation/datasets/multiple_GenerationJnorm_200_180_20_8_0_betainterceptPCAWG1_betaslopePCAWG1_covmatPCAWG1_dataset511.RDS --output ../data/assessing_models_simulation/inference_results/TMB/nlminb/multiple_GenerationJnorm_200_180_20_8_0_fullREDM_betainterceptPCAWG1_betaslopePCAWG1_covmatPCAWG1_dataset511.RDS --model fullREDM --optimiser nlminb  --use_previous_run_startingvals T
[Wed Mar 15 09:42:29 2023]
Error in rule inference_simulation_TMB_multiple:
    jobid: 514
    output: ../data/assessing_models_simulation/inference_results/TMB/nlminb/multiple_GenerationJnorm_200_180_20_8_0_fullREDM_betainterceptPCAWG1_betaslopePCAWG1_covmatPCAWG1_dataset511.RDS
    log: logs/inference/nlminb/simulation_GenerationJnorm_200_180_20_8_0_ModelfullREDM_betainterceptPCAWG1_betaslopePCAWG1_covmatPCAWG1_dataset511.log (check log file(s) for error message)
    shell:
        Rscript 2_inference_TMB/run_TMB.R --input ../data/assessing_models_simulation/datasets/multiple_GenerationJnorm_200_180_20_8_0_betainterceptPCAWG1_betaslopePCAWG1_covmatPCAWG1_dataset511.RDS --output ../data/assessing_models_simulation/inference_results/TMB/nlminb/multiple_GenerationJnorm_200_180_20_8_0_fullREDM_betainterceptPCAWG1_betaslopePCAWG1_covmatPCAWG1_dataset511.RDS --model fullREDM --optimiser nlminb  --use_previous_run_startingvals T

Shutting down, this might take some time.
Exiting because a job execution failed. Look above for error message
Complete log: /Users/morril01/Documents/PhD/GlobalDA/code/.snakemake/log/2023-03-15T093538.083408.snakemake.log
