Building DAG of jobs...
Using shell: /usr/local/bin/bash
Provided cores: 1
Rules claiming more threads will be scaled down.
Job counts:
	count	jobs
	1	all
	2	analyse_simulation_TMB_bias
	1671	inference_simulation_TMB_multiple
	835	simulate_for_comparison_multiple
	2509

[Sat May  6 16:42:12 2023]
rule inference_simulation_TMB_multiple:
    input: ../data/assessing_models_simulation/datasets/multiple_GenerationJnorm_200_14072_87_6_0_betainterceptPCAWG4_betaslopePCAWG4_covmatFULLPCAWG4_dataset712.RDS
    output: ../data/assessing_models_simulation/inference_results/TMB/nlminb/multiple_GenerationJnorm_200_14072_87_6_0_fullREDM_betainterceptPCAWG4_betaslopePCAWG4_covmatFULLPCAWG4_dataset712.RDS
    log: logs/inference/nlminb/simulation_GenerationJnorm_200_14072_87_6_0_ModelfullREDM_betainterceptPCAWG4_betaslopePCAWG4_covmatFULLPCAWG4_dataset712.log
    jobid: 1715
    wildcards: optimiser=nlminb, datasetgeneration=GenerationJnorm, n=200, nlambda=14072, lmbda=87, d=6, beta_intensity=0, model=fullREDM, fixed_beta_intercept=betainterceptPCAWG4, fixed_beta_slope=betaslopePCAWG4, sdRE_input=covmatFULLPCAWG4, itnum=712

Rscript 2_inference_TMB/run_TMB.R --input ../data/assessing_models_simulation/datasets/multiple_GenerationJnorm_200_14072_87_6_0_betainterceptPCAWG4_betaslopePCAWG4_covmatFULLPCAWG4_dataset712.RDS --output ../data/assessing_models_simulation/inference_results/TMB/nlminb/multiple_GenerationJnorm_200_14072_87_6_0_fullREDM_betainterceptPCAWG4_betaslopePCAWG4_covmatFULLPCAWG4_dataset712.RDS --model fullREDM --optimiser nlminb  --use_previous_run_startingvals T
[Sat May  6 16:42:52 2023]
Finished job 1715.
1 of 2509 steps (0.04%) done

[Sat May  6 16:42:52 2023]
rule simulate_for_comparison_multiple:
    input: ../data/assessing_models_simulation/GenerationJnorm
    output: ../data/assessing_models_simulation/datasets/multiple_GenerationJnorm_200_14072_87_6_0_betainterceptPCAWG4_betaslopePCAWG4_covmatFULLPCAWG4_dataset390.RDS
    jobid: 2393
    wildcards: datasetgeneration=GenerationJnorm, n=200, nlambda=14072, lmbda=87, d=6, beta_intensity=0, fixed_beta_intercept=betainterceptPCAWG4, fixed_beta_slope=betaslopePCAWG4, sdRE_input=covmatFULLPCAWG4, itnum=390

Rscript --vanilla 3_analysis/simulation_model_assessment/generate_datasets_simulations/GenerationJnorm.R --input ../data/assessing_models_simulation/GenerationJnorm --d 6 --n 200 --nlambda 14072 --lambda 87 --beta_gamma_shape 0 --outfile ../data/assessing_models_simulation/datasets/multiple_GenerationJnorm_200_14072_87_6_0_betainterceptPCAWG4_betaslopePCAWG4_covmatFULLPCAWG4_dataset390.RDS --beta_intercept_input ../data/assessing_models_simulation/additional_files/multiple_fixed_betainterceptPCAWG4.RDS --beta_slope_input ../data/assessing_models_simulation/additional_files/multiple_fixed_betaslopePCAWG4.RDS --sdRE_input ../data/assessing_models_simulation/additional_files/multiple_fixed_covmatFULLPCAWG4.RDS
[Sat May  6 16:42:55 2023]
Finished job 2393.
2 of 2509 steps (0.08%) done

[Sat May  6 16:42:55 2023]
rule inference_simulation_TMB_multiple:
    input: ../data/assessing_models_simulation/datasets/multiple_GenerationJnorm_200_14072_87_6_0_betainterceptPCAWG4_betaslopePCAWG4_covmatFULLPCAWG4_dataset390.RDS
    output: ../data/assessing_models_simulation/inference_results/TMB/nlminb/multiple_GenerationJnorm_200_14072_87_6_0_diagREDM_betainterceptPCAWG4_betaslopePCAWG4_covmatFULLPCAWG4_dataset390.RDS
    log: logs/inference/nlminb/simulation_GenerationJnorm_200_14072_87_6_0_ModeldiagREDM_betainterceptPCAWG4_betaslopePCAWG4_covmatFULLPCAWG4_dataset390.log
    jobid: 393
    wildcards: optimiser=nlminb, datasetgeneration=GenerationJnorm, n=200, nlambda=14072, lmbda=87, d=6, beta_intensity=0, model=diagREDM, fixed_beta_intercept=betainterceptPCAWG4, fixed_beta_slope=betaslopePCAWG4, sdRE_input=covmatFULLPCAWG4, itnum=390

Rscript 2_inference_TMB/run_TMB.R --input ../data/assessing_models_simulation/datasets/multiple_GenerationJnorm_200_14072_87_6_0_betainterceptPCAWG4_betaslopePCAWG4_covmatFULLPCAWG4_dataset390.RDS --output ../data/assessing_models_simulation/inference_results/TMB/nlminb/multiple_GenerationJnorm_200_14072_87_6_0_diagREDM_betainterceptPCAWG4_betaslopePCAWG4_covmatFULLPCAWG4_dataset390.RDS --model diagREDM --optimiser nlminb  --use_previous_run_startingvals T
[Sat May  6 16:43:38 2023]
Finished job 393.
3 of 2509 steps (0.12%) done

[Sat May  6 16:43:38 2023]
rule inference_simulation_TMB_multiple:
    input: ../data/assessing_models_simulation/datasets/multiple_GenerationJnorm_200_14072_87_6_0_betainterceptPCAWG4_betaslopePCAWG4_covmatFULLPCAWG4_dataset390.RDS
    output: ../data/assessing_models_simulation/inference_results/TMB/nlminb/multiple_GenerationJnorm_200_14072_87_6_0_fullREDM_betainterceptPCAWG4_betaslopePCAWG4_covmatFULLPCAWG4_dataset390.RDS
    log: logs/inference/nlminb/simulation_GenerationJnorm_200_14072_87_6_0_ModelfullREDM_betainterceptPCAWG4_betaslopePCAWG4_covmatFULLPCAWG4_dataset390.log
    jobid: 1393
    wildcards: optimiser=nlminb, datasetgeneration=GenerationJnorm, n=200, nlambda=14072, lmbda=87, d=6, beta_intensity=0, model=fullREDM, fixed_beta_intercept=betainterceptPCAWG4, fixed_beta_slope=betaslopePCAWG4, sdRE_input=covmatFULLPCAWG4, itnum=390

Rscript 2_inference_TMB/run_TMB.R --input ../data/assessing_models_simulation/datasets/multiple_GenerationJnorm_200_14072_87_6_0_betainterceptPCAWG4_betaslopePCAWG4_covmatFULLPCAWG4_dataset390.RDS --output ../data/assessing_models_simulation/inference_results/TMB/nlminb/multiple_GenerationJnorm_200_14072_87_6_0_fullREDM_betainterceptPCAWG4_betaslopePCAWG4_covmatFULLPCAWG4_dataset390.RDS --model fullREDM --optimiser nlminb  --use_previous_run_startingvals T
[Sat May  6 16:44:46 2023]
Finished job 1393.
4 of 2509 steps (0.16%) done

[Sat May  6 16:44:46 2023]
rule simulate_for_comparison_multiple:
    input: ../data/assessing_models_simulation/GenerationJnorm
    output: ../data/assessing_models_simulation/datasets/multiple_GenerationJnorm_200_14072_87_6_0_betainterceptPCAWG4_betaslopePCAWG4_covmatFULLPCAWG4_dataset409.RDS
    jobid: 2412
    wildcards: datasetgeneration=GenerationJnorm, n=200, nlambda=14072, lmbda=87, d=6, beta_intensity=0, fixed_beta_intercept=betainterceptPCAWG4, fixed_beta_slope=betaslopePCAWG4, sdRE_input=covmatFULLPCAWG4, itnum=409

Rscript --vanilla 3_analysis/simulation_model_assessment/generate_datasets_simulations/GenerationJnorm.R --input ../data/assessing_models_simulation/GenerationJnorm --d 6 --n 200 --nlambda 14072 --lambda 87 --beta_gamma_shape 0 --outfile ../data/assessing_models_simulation/datasets/multiple_GenerationJnorm_200_14072_87_6_0_betainterceptPCAWG4_betaslopePCAWG4_covmatFULLPCAWG4_dataset409.RDS --beta_intercept_input ../data/assessing_models_simulation/additional_files/multiple_fixed_betainterceptPCAWG4.RDS --beta_slope_input ../data/assessing_models_simulation/additional_files/multiple_fixed_betaslopePCAWG4.RDS --sdRE_input ../data/assessing_models_simulation/additional_files/multiple_fixed_covmatFULLPCAWG4.RDS
[Sat May  6 16:44:49 2023]
Finished job 2412.
5 of 2509 steps (0.20%) done

[Sat May  6 16:44:49 2023]
rule inference_simulation_TMB_multiple:
    input: ../data/assessing_models_simulation/datasets/multiple_GenerationJnorm_200_14072_87_6_0_betainterceptPCAWG4_betaslopePCAWG4_covmatFULLPCAWG4_dataset409.RDS
    output: ../data/assessing_models_simulation/inference_results/TMB/nlminb/multiple_GenerationJnorm_200_14072_87_6_0_fullREDM_betainterceptPCAWG4_betaslopePCAWG4_covmatFULLPCAWG4_dataset409.RDS
    log: logs/inference/nlminb/simulation_GenerationJnorm_200_14072_87_6_0_ModelfullREDM_betainterceptPCAWG4_betaslopePCAWG4_covmatFULLPCAWG4_dataset409.log
    jobid: 1412
    wildcards: optimiser=nlminb, datasetgeneration=GenerationJnorm, n=200, nlambda=14072, lmbda=87, d=6, beta_intensity=0, model=fullREDM, fixed_beta_intercept=betainterceptPCAWG4, fixed_beta_slope=betaslopePCAWG4, sdRE_input=covmatFULLPCAWG4, itnum=409

Rscript 2_inference_TMB/run_TMB.R --input ../data/assessing_models_simulation/datasets/multiple_GenerationJnorm_200_14072_87_6_0_betainterceptPCAWG4_betaslopePCAWG4_covmatFULLPCAWG4_dataset409.RDS --output ../data/assessing_models_simulation/inference_results/TMB/nlminb/multiple_GenerationJnorm_200_14072_87_6_0_fullREDM_betainterceptPCAWG4_betaslopePCAWG4_covmatFULLPCAWG4_dataset409.RDS --model fullREDM --optimiser nlminb  --use_previous_run_startingvals T
[Sat May  6 16:46:08 2023]
Finished job 1412.
6 of 2509 steps (0.24%) done

[Sat May  6 16:46:08 2023]
rule inference_simulation_TMB_multiple:
    input: ../data/assessing_models_simulation/datasets/multiple_GenerationJnorm_200_14072_87_6_0_betainterceptPCAWG4_betaslopePCAWG4_covmatFULLPCAWG4_dataset409.RDS
    output: ../data/assessing_models_simulation/inference_results/TMB/nlminb/multiple_GenerationJnorm_200_14072_87_6_0_diagREDM_betainterceptPCAWG4_betaslopePCAWG4_covmatFULLPCAWG4_dataset409.RDS
    log: logs/inference/nlminb/simulation_GenerationJnorm_200_14072_87_6_0_ModeldiagREDM_betainterceptPCAWG4_betaslopePCAWG4_covmatFULLPCAWG4_dataset409.log
    jobid: 412
    wildcards: optimiser=nlminb, datasetgeneration=GenerationJnorm, n=200, nlambda=14072, lmbda=87, d=6, beta_intensity=0, model=diagREDM, fixed_beta_intercept=betainterceptPCAWG4, fixed_beta_slope=betaslopePCAWG4, sdRE_input=covmatFULLPCAWG4, itnum=409

Rscript 2_inference_TMB/run_TMB.R --input ../data/assessing_models_simulation/datasets/multiple_GenerationJnorm_200_14072_87_6_0_betainterceptPCAWG4_betaslopePCAWG4_covmatFULLPCAWG4_dataset409.RDS --output ../data/assessing_models_simulation/inference_results/TMB/nlminb/multiple_GenerationJnorm_200_14072_87_6_0_diagREDM_betainterceptPCAWG4_betaslopePCAWG4_covmatFULLPCAWG4_dataset409.RDS --model diagREDM --optimiser nlminb  --use_previous_run_startingvals T
[Sat May  6 16:46:54 2023]
Finished job 412.
7 of 2509 steps (0.28%) done

[Sat May  6 16:46:54 2023]
rule simulate_for_comparison_multiple:
    input: ../data/assessing_models_simulation/GenerationJnorm
    output: ../data/assessing_models_simulation/datasets/multiple_GenerationJnorm_200_14072_87_6_0_betainterceptPCAWG4_betaslopePCAWG4_covmatFULLPCAWG4_dataset520.RDS
    jobid: 2523
    wildcards: datasetgeneration=GenerationJnorm, n=200, nlambda=14072, lmbda=87, d=6, beta_intensity=0, fixed_beta_intercept=betainterceptPCAWG4, fixed_beta_slope=betaslopePCAWG4, sdRE_input=covmatFULLPCAWG4, itnum=520

Rscript --vanilla 3_analysis/simulation_model_assessment/generate_datasets_simulations/GenerationJnorm.R --input ../data/assessing_models_simulation/GenerationJnorm --d 6 --n 200 --nlambda 14072 --lambda 87 --beta_gamma_shape 0 --outfile ../data/assessing_models_simulation/datasets/multiple_GenerationJnorm_200_14072_87_6_0_betainterceptPCAWG4_betaslopePCAWG4_covmatFULLPCAWG4_dataset520.RDS --beta_intercept_input ../data/assessing_models_simulation/additional_files/multiple_fixed_betainterceptPCAWG4.RDS --beta_slope_input ../data/assessing_models_simulation/additional_files/multiple_fixed_betaslopePCAWG4.RDS --sdRE_input ../data/assessing_models_simulation/additional_files/multiple_fixed_covmatFULLPCAWG4.RDS
[Sat May  6 16:46:57 2023]
Finished job 2523.
8 of 2509 steps (0.32%) done

[Sat May  6 16:46:57 2023]
rule inference_simulation_TMB_multiple:
    input: ../data/assessing_models_simulation/datasets/multiple_GenerationJnorm_200_14072_87_6_0_betainterceptPCAWG4_betaslopePCAWG4_covmatFULLPCAWG4_dataset520.RDS
    output: ../data/assessing_models_simulation/inference_results/TMB/nlminb/multiple_GenerationJnorm_200_14072_87_6_0_diagREDM_betainterceptPCAWG4_betaslopePCAWG4_covmatFULLPCAWG4_dataset520.RDS
    log: logs/inference/nlminb/simulation_GenerationJnorm_200_14072_87_6_0_ModeldiagREDM_betainterceptPCAWG4_betaslopePCAWG4_covmatFULLPCAWG4_dataset520.log
    jobid: 523
    wildcards: optimiser=nlminb, datasetgeneration=GenerationJnorm, n=200, nlambda=14072, lmbda=87, d=6, beta_intensity=0, model=diagREDM, fixed_beta_intercept=betainterceptPCAWG4, fixed_beta_slope=betaslopePCAWG4, sdRE_input=covmatFULLPCAWG4, itnum=520

Rscript 2_inference_TMB/run_TMB.R --input ../data/assessing_models_simulation/datasets/multiple_GenerationJnorm_200_14072_87_6_0_betainterceptPCAWG4_betaslopePCAWG4_covmatFULLPCAWG4_dataset520.RDS --output ../data/assessing_models_simulation/inference_results/TMB/nlminb/multiple_GenerationJnorm_200_14072_87_6_0_diagREDM_betainterceptPCAWG4_betaslopePCAWG4_covmatFULLPCAWG4_dataset520.RDS --model diagREDM --optimiser nlminb  --use_previous_run_startingvals T
[Sat May  6 16:47:51 2023]
Finished job 523.
9 of 2509 steps (0.36%) done

[Sat May  6 16:47:51 2023]
rule inference_simulation_TMB_multiple:
    input: ../data/assessing_models_simulation/datasets/multiple_GenerationJnorm_200_14072_87_6_0_betainterceptPCAWG4_betaslopePCAWG4_covmatFULLPCAWG4_dataset520.RDS
    output: ../data/assessing_models_simulation/inference_results/TMB/nlminb/multiple_GenerationJnorm_200_14072_87_6_0_fullREDM_betainterceptPCAWG4_betaslopePCAWG4_covmatFULLPCAWG4_dataset520.RDS
    log: logs/inference/nlminb/simulation_GenerationJnorm_200_14072_87_6_0_ModelfullREDM_betainterceptPCAWG4_betaslopePCAWG4_covmatFULLPCAWG4_dataset520.log
    jobid: 1523
    wildcards: optimiser=nlminb, datasetgeneration=GenerationJnorm, n=200, nlambda=14072, lmbda=87, d=6, beta_intensity=0, model=fullREDM, fixed_beta_intercept=betainterceptPCAWG4, fixed_beta_slope=betaslopePCAWG4, sdRE_input=covmatFULLPCAWG4, itnum=520

Rscript 2_inference_TMB/run_TMB.R --input ../data/assessing_models_simulation/datasets/multiple_GenerationJnorm_200_14072_87_6_0_betainterceptPCAWG4_betaslopePCAWG4_covmatFULLPCAWG4_dataset520.RDS --output ../data/assessing_models_simulation/inference_results/TMB/nlminb/multiple_GenerationJnorm_200_14072_87_6_0_fullREDM_betainterceptPCAWG4_betaslopePCAWG4_covmatFULLPCAWG4_dataset520.RDS --model fullREDM --optimiser nlminb  --use_previous_run_startingvals T
[Sat May  6 16:48:59 2023]
Error in rule inference_simulation_TMB_multiple:
    jobid: 1523
    output: ../data/assessing_models_simulation/inference_results/TMB/nlminb/multiple_GenerationJnorm_200_14072_87_6_0_fullREDM_betainterceptPCAWG4_betaslopePCAWG4_covmatFULLPCAWG4_dataset520.RDS
    log: logs/inference/nlminb/simulation_GenerationJnorm_200_14072_87_6_0_ModelfullREDM_betainterceptPCAWG4_betaslopePCAWG4_covmatFULLPCAWG4_dataset520.log (check log file(s) for error message)
    shell:
        Rscript 2_inference_TMB/run_TMB.R --input ../data/assessing_models_simulation/datasets/multiple_GenerationJnorm_200_14072_87_6_0_betainterceptPCAWG4_betaslopePCAWG4_covmatFULLPCAWG4_dataset520.RDS --output ../data/assessing_models_simulation/inference_results/TMB/nlminb/multiple_GenerationJnorm_200_14072_87_6_0_fullREDM_betainterceptPCAWG4_betaslopePCAWG4_covmatFULLPCAWG4_dataset520.RDS --model fullREDM --optimiser nlminb  --use_previous_run_startingvals T

Shutting down, this might take some time.
Exiting because a job execution failed. Look above for error message
Complete log: /Users/morril01/Documents/PhD/GlobalDA/code/.snakemake/log/2023-05-06T164202.568731.snakemake.log
