Building DAG of jobs...
Using shell: /usr/local/bin/bash
Provided cores: 1
Rules claiming more threads will be scaled down.
Job counts:
	count	jobs
	1	all
	2	analyse_simulation_TMB_bias
	1388	inference_simulation_TMB_multiple
	693	simulate_for_comparison_multiple
	2084

[Thu Mar 16 17:44:35 2023]
rule inference_simulation_TMB_multiple:
    input: ../data/assessing_models_simulation/datasets/multiple_GenerationJnorm_200_180_20_8_0_betainterceptPCAWG1_betaslopePCAWG1_covmatPCAWG1_dataset650.RDS
    output: ../data/assessing_models_simulation/inference_results/TMB/nlminb/multiple_GenerationJnorm_200_180_20_8_0_diagREDM_betainterceptPCAWG1_betaslopePCAWG1_covmatPCAWG1_dataset650.RDS
    log: logs/inference/nlminb/simulation_GenerationJnorm_200_180_20_8_0_ModeldiagREDM_betainterceptPCAWG1_betaslopePCAWG1_covmatPCAWG1_dataset650.log
    jobid: 1653
    wildcards: optimiser=nlminb, datasetgeneration=GenerationJnorm, n=200, nlambda=180, lmbda=20, d=8, beta_intensity=0, model=diagREDM, fixed_beta_intercept=betainterceptPCAWG1, fixed_beta_slope=betaslopePCAWG1, sdRE_input=covmatPCAWG1, itnum=650

Rscript 2_inference_TMB/run_TMB.R --input ../data/assessing_models_simulation/datasets/multiple_GenerationJnorm_200_180_20_8_0_betainterceptPCAWG1_betaslopePCAWG1_covmatPCAWG1_dataset650.RDS --output ../data/assessing_models_simulation/inference_results/TMB/nlminb/multiple_GenerationJnorm_200_180_20_8_0_diagREDM_betainterceptPCAWG1_betaslopePCAWG1_covmatPCAWG1_dataset650.RDS --model diagREDM --optimiser nlminb  --use_previous_run_startingvals T
[Thu Mar 16 17:45:35 2023]
Finished job 1653.
1 of 2084 steps (0.05%) done

[Thu Mar 16 17:45:35 2023]
rule inference_simulation_TMB_multiple:
    input: ../data/assessing_models_simulation/datasets/multiple_GenerationJnorm_200_180_20_8_0_betainterceptPCAWG1_betaslopePCAWG1_covmatPCAWG1_dataset650.RDS
    output: ../data/assessing_models_simulation/inference_results/TMB/nlminb/multiple_GenerationJnorm_200_180_20_8_0_fullREDM_betainterceptPCAWG1_betaslopePCAWG1_covmatPCAWG1_dataset650.RDS
    log: logs/inference/nlminb/simulation_GenerationJnorm_200_180_20_8_0_ModelfullREDM_betainterceptPCAWG1_betaslopePCAWG1_covmatPCAWG1_dataset650.log
    jobid: 653
    wildcards: optimiser=nlminb, datasetgeneration=GenerationJnorm, n=200, nlambda=180, lmbda=20, d=8, beta_intensity=0, model=fullREDM, fixed_beta_intercept=betainterceptPCAWG1, fixed_beta_slope=betaslopePCAWG1, sdRE_input=covmatPCAWG1, itnum=650

Rscript 2_inference_TMB/run_TMB.R --input ../data/assessing_models_simulation/datasets/multiple_GenerationJnorm_200_180_20_8_0_betainterceptPCAWG1_betaslopePCAWG1_covmatPCAWG1_dataset650.RDS --output ../data/assessing_models_simulation/inference_results/TMB/nlminb/multiple_GenerationJnorm_200_180_20_8_0_fullREDM_betainterceptPCAWG1_betaslopePCAWG1_covmatPCAWG1_dataset650.RDS --model fullREDM --optimiser nlminb  --use_previous_run_startingvals T
[Thu Mar 16 17:47:06 2023]
Finished job 653.
2 of 2084 steps (0.10%) done

[Thu Mar 16 17:47:06 2023]
rule simulate_for_comparison_multiple:
    input: ../data/assessing_models_simulation/GenerationJnorm
    output: ../data/assessing_models_simulation/datasets/multiple_GenerationJnorm_200_180_20_8_0_betainterceptPCAWG1_betaslopePCAWG1_covmatPCAWG1_dataset24.RDS
    jobid: 2027
    wildcards: datasetgeneration=GenerationJnorm, n=200, nlambda=180, lmbda=20, d=8, beta_intensity=0, fixed_beta_intercept=betainterceptPCAWG1, fixed_beta_slope=betaslopePCAWG1, sdRE_input=covmatPCAWG1, itnum=24

Rscript --vanilla 3_analysis/simulation_model_assessment/generate_datasets_simulations/GenerationJnorm.R --input ../data/assessing_models_simulation/GenerationJnorm --d 8 --n 200 --nlambda 180 --lambda 20 --beta_gamma_shape 0 --outfile ../data/assessing_models_simulation/datasets/multiple_GenerationJnorm_200_180_20_8_0_betainterceptPCAWG1_betaslopePCAWG1_covmatPCAWG1_dataset24.RDS --beta_intercept_input ../data/assessing_models_simulation/additional_files/multiple_fixed_betainterceptPCAWG1.RDS --beta_slope_input ../data/assessing_models_simulation/additional_files/multiple_fixed_betaslopePCAWG1.RDS --sdRE_input ../data/assessing_models_simulation/additional_files/multiple_fixed_covmatPCAWG1.RDS
[Thu Mar 16 17:47:08 2023]
Finished job 2027.
3 of 2084 steps (0.14%) done

[Thu Mar 16 17:47:08 2023]
rule inference_simulation_TMB_multiple:
    input: ../data/assessing_models_simulation/datasets/multiple_GenerationJnorm_200_180_20_8_0_betainterceptPCAWG1_betaslopePCAWG1_covmatPCAWG1_dataset24.RDS
    output: ../data/assessing_models_simulation/inference_results/TMB/nlminb/multiple_GenerationJnorm_200_180_20_8_0_fullREDM_betainterceptPCAWG1_betaslopePCAWG1_covmatPCAWG1_dataset24.RDS
    log: logs/inference/nlminb/simulation_GenerationJnorm_200_180_20_8_0_ModelfullREDM_betainterceptPCAWG1_betaslopePCAWG1_covmatPCAWG1_dataset24.log
    jobid: 27
    wildcards: optimiser=nlminb, datasetgeneration=GenerationJnorm, n=200, nlambda=180, lmbda=20, d=8, beta_intensity=0, model=fullREDM, fixed_beta_intercept=betainterceptPCAWG1, fixed_beta_slope=betaslopePCAWG1, sdRE_input=covmatPCAWG1, itnum=24

Rscript 2_inference_TMB/run_TMB.R --input ../data/assessing_models_simulation/datasets/multiple_GenerationJnorm_200_180_20_8_0_betainterceptPCAWG1_betaslopePCAWG1_covmatPCAWG1_dataset24.RDS --output ../data/assessing_models_simulation/inference_results/TMB/nlminb/multiple_GenerationJnorm_200_180_20_8_0_fullREDM_betainterceptPCAWG1_betaslopePCAWG1_covmatPCAWG1_dataset24.RDS --model fullREDM --optimiser nlminb  --use_previous_run_startingvals T
[Thu Mar 16 17:48:35 2023]
Finished job 27.
4 of 2084 steps (0.19%) done

[Thu Mar 16 17:48:35 2023]
rule inference_simulation_TMB_multiple:
    input: ../data/assessing_models_simulation/datasets/multiple_GenerationJnorm_200_180_20_8_0_betainterceptPCAWG1_betaslopePCAWG1_covmatPCAWG1_dataset24.RDS
    output: ../data/assessing_models_simulation/inference_results/TMB/nlminb/multiple_GenerationJnorm_200_180_20_8_0_diagREDM_betainterceptPCAWG1_betaslopePCAWG1_covmatPCAWG1_dataset24.RDS
    log: logs/inference/nlminb/simulation_GenerationJnorm_200_180_20_8_0_ModeldiagREDM_betainterceptPCAWG1_betaslopePCAWG1_covmatPCAWG1_dataset24.log
    jobid: 1027
    wildcards: optimiser=nlminb, datasetgeneration=GenerationJnorm, n=200, nlambda=180, lmbda=20, d=8, beta_intensity=0, model=diagREDM, fixed_beta_intercept=betainterceptPCAWG1, fixed_beta_slope=betaslopePCAWG1, sdRE_input=covmatPCAWG1, itnum=24

Rscript 2_inference_TMB/run_TMB.R --input ../data/assessing_models_simulation/datasets/multiple_GenerationJnorm_200_180_20_8_0_betainterceptPCAWG1_betaslopePCAWG1_covmatPCAWG1_dataset24.RDS --output ../data/assessing_models_simulation/inference_results/TMB/nlminb/multiple_GenerationJnorm_200_180_20_8_0_diagREDM_betainterceptPCAWG1_betaslopePCAWG1_covmatPCAWG1_dataset24.RDS --model diagREDM --optimiser nlminb  --use_previous_run_startingvals T
[Thu Mar 16 17:49:38 2023]
Finished job 1027.
5 of 2084 steps (0.24%) done

[Thu Mar 16 17:49:38 2023]
rule simulate_for_comparison_multiple:
    input: ../data/assessing_models_simulation/GenerationJnorm
    output: ../data/assessing_models_simulation/datasets/multiple_GenerationJnorm_200_180_20_8_0_betainterceptPCAWG1_betaslopePCAWG1_covmatPCAWG1_dataset14.RDS
    jobid: 2017
    wildcards: datasetgeneration=GenerationJnorm, n=200, nlambda=180, lmbda=20, d=8, beta_intensity=0, fixed_beta_intercept=betainterceptPCAWG1, fixed_beta_slope=betaslopePCAWG1, sdRE_input=covmatPCAWG1, itnum=14

Rscript --vanilla 3_analysis/simulation_model_assessment/generate_datasets_simulations/GenerationJnorm.R --input ../data/assessing_models_simulation/GenerationJnorm --d 8 --n 200 --nlambda 180 --lambda 20 --beta_gamma_shape 0 --outfile ../data/assessing_models_simulation/datasets/multiple_GenerationJnorm_200_180_20_8_0_betainterceptPCAWG1_betaslopePCAWG1_covmatPCAWG1_dataset14.RDS --beta_intercept_input ../data/assessing_models_simulation/additional_files/multiple_fixed_betainterceptPCAWG1.RDS --beta_slope_input ../data/assessing_models_simulation/additional_files/multiple_fixed_betaslopePCAWG1.RDS --sdRE_input ../data/assessing_models_simulation/additional_files/multiple_fixed_covmatPCAWG1.RDS
[Thu Mar 16 17:49:40 2023]
Finished job 2017.
6 of 2084 steps (0.29%) done

[Thu Mar 16 17:49:40 2023]
rule inference_simulation_TMB_multiple:
    input: ../data/assessing_models_simulation/datasets/multiple_GenerationJnorm_200_180_20_8_0_betainterceptPCAWG1_betaslopePCAWG1_covmatPCAWG1_dataset14.RDS
    output: ../data/assessing_models_simulation/inference_results/TMB/nlminb/multiple_GenerationJnorm_200_180_20_8_0_fullREDM_betainterceptPCAWG1_betaslopePCAWG1_covmatPCAWG1_dataset14.RDS
    log: logs/inference/nlminb/simulation_GenerationJnorm_200_180_20_8_0_ModelfullREDM_betainterceptPCAWG1_betaslopePCAWG1_covmatPCAWG1_dataset14.log
    jobid: 17
    wildcards: optimiser=nlminb, datasetgeneration=GenerationJnorm, n=200, nlambda=180, lmbda=20, d=8, beta_intensity=0, model=fullREDM, fixed_beta_intercept=betainterceptPCAWG1, fixed_beta_slope=betaslopePCAWG1, sdRE_input=covmatPCAWG1, itnum=14

Rscript 2_inference_TMB/run_TMB.R --input ../data/assessing_models_simulation/datasets/multiple_GenerationJnorm_200_180_20_8_0_betainterceptPCAWG1_betaslopePCAWG1_covmatPCAWG1_dataset14.RDS --output ../data/assessing_models_simulation/inference_results/TMB/nlminb/multiple_GenerationJnorm_200_180_20_8_0_fullREDM_betainterceptPCAWG1_betaslopePCAWG1_covmatPCAWG1_dataset14.RDS --model fullREDM --optimiser nlminb  --use_previous_run_startingvals T
[Thu Mar 16 17:51:27 2023]
Error in rule inference_simulation_TMB_multiple:
    jobid: 17
    output: ../data/assessing_models_simulation/inference_results/TMB/nlminb/multiple_GenerationJnorm_200_180_20_8_0_fullREDM_betainterceptPCAWG1_betaslopePCAWG1_covmatPCAWG1_dataset14.RDS
    log: logs/inference/nlminb/simulation_GenerationJnorm_200_180_20_8_0_ModelfullREDM_betainterceptPCAWG1_betaslopePCAWG1_covmatPCAWG1_dataset14.log (check log file(s) for error message)
    shell:
        Rscript 2_inference_TMB/run_TMB.R --input ../data/assessing_models_simulation/datasets/multiple_GenerationJnorm_200_180_20_8_0_betainterceptPCAWG1_betaslopePCAWG1_covmatPCAWG1_dataset14.RDS --output ../data/assessing_models_simulation/inference_results/TMB/nlminb/multiple_GenerationJnorm_200_180_20_8_0_fullREDM_betainterceptPCAWG1_betaslopePCAWG1_covmatPCAWG1_dataset14.RDS --model fullREDM --optimiser nlminb  --use_previous_run_startingvals T

Shutting down, this might take some time.
Exiting because a job execution failed. Look above for error message
Complete log: /Users/morril01/Documents/PhD/GlobalDA/code/.snakemake/log/2023-03-16T174426.533918.snakemake.log
