Building DAG of jobs...
Using shell: /usr/local/bin/bash
Provided cores: 1
Rules claiming more threads will be scaled down.
Job counts:
	count	jobs
	1	all
	2	analyse_simulation_TMB_bias
	1829	inference_simulation_TMB_multiple
	914	simulate_for_comparison_multiple
	2746

[Wed May  3 02:05:46 2023]
rule inference_simulation_TMB_multiple:
    input: ../data/assessing_models_simulation/datasets/multiple_GenerationJnorm_208_1516_32_14_0_betainterceptPCAWG3_betaslopePCAWG3_covmatPCAWG3_dataset199.RDS
    output: ../data/assessing_models_simulation/inference_results/TMB/nlminb/multiple_GenerationJnorm_208_1516_32_14_0_diagREDM_betainterceptPCAWG3_betaslopePCAWG3_covmatPCAWG3_dataset199.RDS
    log: logs/inference/nlminb/simulation_GenerationJnorm_208_1516_32_14_0_ModeldiagREDM_betainterceptPCAWG3_betaslopePCAWG3_covmatPCAWG3_dataset199.log
    jobid: 202
    wildcards: optimiser=nlminb, datasetgeneration=GenerationJnorm, n=208, nlambda=1516, lmbda=32, d=14, beta_intensity=0, model=diagREDM, fixed_beta_intercept=betainterceptPCAWG3, fixed_beta_slope=betaslopePCAWG3, sdRE_input=covmatPCAWG3, itnum=199

Rscript 2_inference_TMB/run_TMB.R --input ../data/assessing_models_simulation/datasets/multiple_GenerationJnorm_208_1516_32_14_0_betainterceptPCAWG3_betaslopePCAWG3_covmatPCAWG3_dataset199.RDS --output ../data/assessing_models_simulation/inference_results/TMB/nlminb/multiple_GenerationJnorm_208_1516_32_14_0_diagREDM_betainterceptPCAWG3_betaslopePCAWG3_covmatPCAWG3_dataset199.RDS --model diagREDM --optimiser nlminb  --use_previous_run_startingvals T
[Wed May  3 02:05:55 2023]
Finished job 202.
1 of 2746 steps (0.04%) done

[Wed May  3 02:05:55 2023]
rule simulate_for_comparison_multiple:
    input: ../data/assessing_models_simulation/GenerationJnorm
    output: ../data/assessing_models_simulation/datasets/multiple_GenerationJnorm_208_1516_32_14_0_betainterceptPCAWG3_betaslopePCAWG3_covmatPCAWG3_dataset450.RDS
    jobid: 2453
    wildcards: datasetgeneration=GenerationJnorm, n=208, nlambda=1516, lmbda=32, d=14, beta_intensity=0, fixed_beta_intercept=betainterceptPCAWG3, fixed_beta_slope=betaslopePCAWG3, sdRE_input=covmatPCAWG3, itnum=450

Rscript --vanilla 3_analysis/simulation_model_assessment/generate_datasets_simulations/GenerationJnorm.R --input ../data/assessing_models_simulation/GenerationJnorm --d 14 --n 208 --nlambda 1516 --lambda 32 --beta_gamma_shape 0 --outfile ../data/assessing_models_simulation/datasets/multiple_GenerationJnorm_208_1516_32_14_0_betainterceptPCAWG3_betaslopePCAWG3_covmatPCAWG3_dataset450.RDS --beta_intercept_input ../data/assessing_models_simulation/additional_files/multiple_fixed_betainterceptPCAWG3.RDS --beta_slope_input ../data/assessing_models_simulation/additional_files/multiple_fixed_betaslopePCAWG3.RDS --sdRE_input ../data/assessing_models_simulation/additional_files/multiple_fixed_covmatPCAWG3.RDS
[Wed May  3 02:05:58 2023]
Finished job 2453.
2 of 2746 steps (0.07%) done

[Wed May  3 02:05:58 2023]
rule inference_simulation_TMB_multiple:
    input: ../data/assessing_models_simulation/datasets/multiple_GenerationJnorm_208_1516_32_14_0_betainterceptPCAWG3_betaslopePCAWG3_covmatPCAWG3_dataset450.RDS
    output: ../data/assessing_models_simulation/inference_results/TMB/nlminb/multiple_GenerationJnorm_208_1516_32_14_0_diagREDM_betainterceptPCAWG3_betaslopePCAWG3_covmatPCAWG3_dataset450.RDS
    log: logs/inference/nlminb/simulation_GenerationJnorm_208_1516_32_14_0_ModeldiagREDM_betainterceptPCAWG3_betaslopePCAWG3_covmatPCAWG3_dataset450.log
    jobid: 453
    wildcards: optimiser=nlminb, datasetgeneration=GenerationJnorm, n=208, nlambda=1516, lmbda=32, d=14, beta_intensity=0, model=diagREDM, fixed_beta_intercept=betainterceptPCAWG3, fixed_beta_slope=betaslopePCAWG3, sdRE_input=covmatPCAWG3, itnum=450

Rscript 2_inference_TMB/run_TMB.R --input ../data/assessing_models_simulation/datasets/multiple_GenerationJnorm_208_1516_32_14_0_betainterceptPCAWG3_betaslopePCAWG3_covmatPCAWG3_dataset450.RDS --output ../data/assessing_models_simulation/inference_results/TMB/nlminb/multiple_GenerationJnorm_208_1516_32_14_0_diagREDM_betainterceptPCAWG3_betaslopePCAWG3_covmatPCAWG3_dataset450.RDS --model diagREDM --optimiser nlminb  --use_previous_run_startingvals T
[Wed May  3 02:09:25 2023]
Finished job 453.
3 of 2746 steps (0.11%) done

[Wed May  3 02:09:25 2023]
rule inference_simulation_TMB_multiple:
    input: ../data/assessing_models_simulation/datasets/multiple_GenerationJnorm_208_1516_32_14_0_betainterceptPCAWG3_betaslopePCAWG3_covmatPCAWG3_dataset450.RDS
    output: ../data/assessing_models_simulation/inference_results/TMB/nlminb/multiple_GenerationJnorm_208_1516_32_14_0_fullREDM_betainterceptPCAWG3_betaslopePCAWG3_covmatPCAWG3_dataset450.RDS
    log: logs/inference/nlminb/simulation_GenerationJnorm_208_1516_32_14_0_ModelfullREDM_betainterceptPCAWG3_betaslopePCAWG3_covmatPCAWG3_dataset450.log
    jobid: 1453
    wildcards: optimiser=nlminb, datasetgeneration=GenerationJnorm, n=208, nlambda=1516, lmbda=32, d=14, beta_intensity=0, model=fullREDM, fixed_beta_intercept=betainterceptPCAWG3, fixed_beta_slope=betaslopePCAWG3, sdRE_input=covmatPCAWG3, itnum=450

Rscript 2_inference_TMB/run_TMB.R --input ../data/assessing_models_simulation/datasets/multiple_GenerationJnorm_208_1516_32_14_0_betainterceptPCAWG3_betaslopePCAWG3_covmatPCAWG3_dataset450.RDS --output ../data/assessing_models_simulation/inference_results/TMB/nlminb/multiple_GenerationJnorm_208_1516_32_14_0_fullREDM_betainterceptPCAWG3_betaslopePCAWG3_covmatPCAWG3_dataset450.RDS --model fullREDM --optimiser nlminb  --use_previous_run_startingvals T
[Wed May  3 02:15:21 2023]
Finished job 1453.
4 of 2746 steps (0.15%) done

[Wed May  3 02:15:21 2023]
rule simulate_for_comparison_multiple:
    input: ../data/assessing_models_simulation/GenerationJnorm
    output: ../data/assessing_models_simulation/datasets/multiple_GenerationJnorm_208_1516_32_14_0_betainterceptPCAWG3_betaslopePCAWG3_covmatPCAWG3_dataset401.RDS
    jobid: 2404
    wildcards: datasetgeneration=GenerationJnorm, n=208, nlambda=1516, lmbda=32, d=14, beta_intensity=0, fixed_beta_intercept=betainterceptPCAWG3, fixed_beta_slope=betaslopePCAWG3, sdRE_input=covmatPCAWG3, itnum=401

Rscript --vanilla 3_analysis/simulation_model_assessment/generate_datasets_simulations/GenerationJnorm.R --input ../data/assessing_models_simulation/GenerationJnorm --d 14 --n 208 --nlambda 1516 --lambda 32 --beta_gamma_shape 0 --outfile ../data/assessing_models_simulation/datasets/multiple_GenerationJnorm_208_1516_32_14_0_betainterceptPCAWG3_betaslopePCAWG3_covmatPCAWG3_dataset401.RDS --beta_intercept_input ../data/assessing_models_simulation/additional_files/multiple_fixed_betainterceptPCAWG3.RDS --beta_slope_input ../data/assessing_models_simulation/additional_files/multiple_fixed_betaslopePCAWG3.RDS --sdRE_input ../data/assessing_models_simulation/additional_files/multiple_fixed_covmatPCAWG3.RDS
[Wed May  3 02:15:23 2023]
Finished job 2404.
5 of 2746 steps (0.18%) done

[Wed May  3 02:15:23 2023]
rule inference_simulation_TMB_multiple:
    input: ../data/assessing_models_simulation/datasets/multiple_GenerationJnorm_208_1516_32_14_0_betainterceptPCAWG3_betaslopePCAWG3_covmatPCAWG3_dataset401.RDS
    output: ../data/assessing_models_simulation/inference_results/TMB/nlminb/multiple_GenerationJnorm_208_1516_32_14_0_diagREDM_betainterceptPCAWG3_betaslopePCAWG3_covmatPCAWG3_dataset401.RDS
    log: logs/inference/nlminb/simulation_GenerationJnorm_208_1516_32_14_0_ModeldiagREDM_betainterceptPCAWG3_betaslopePCAWG3_covmatPCAWG3_dataset401.log
    jobid: 404
    wildcards: optimiser=nlminb, datasetgeneration=GenerationJnorm, n=208, nlambda=1516, lmbda=32, d=14, beta_intensity=0, model=diagREDM, fixed_beta_intercept=betainterceptPCAWG3, fixed_beta_slope=betaslopePCAWG3, sdRE_input=covmatPCAWG3, itnum=401

Rscript 2_inference_TMB/run_TMB.R --input ../data/assessing_models_simulation/datasets/multiple_GenerationJnorm_208_1516_32_14_0_betainterceptPCAWG3_betaslopePCAWG3_covmatPCAWG3_dataset401.RDS --output ../data/assessing_models_simulation/inference_results/TMB/nlminb/multiple_GenerationJnorm_208_1516_32_14_0_diagREDM_betainterceptPCAWG3_betaslopePCAWG3_covmatPCAWG3_dataset401.RDS --model diagREDM --optimiser nlminb  --use_previous_run_startingvals T
[Wed May  3 02:19:23 2023]
Finished job 404.
6 of 2746 steps (0.22%) done

[Wed May  3 02:19:23 2023]
rule inference_simulation_TMB_multiple:
    input: ../data/assessing_models_simulation/datasets/multiple_GenerationJnorm_208_1516_32_14_0_betainterceptPCAWG3_betaslopePCAWG3_covmatPCAWG3_dataset401.RDS
    output: ../data/assessing_models_simulation/inference_results/TMB/nlminb/multiple_GenerationJnorm_208_1516_32_14_0_fullREDM_betainterceptPCAWG3_betaslopePCAWG3_covmatPCAWG3_dataset401.RDS
    log: logs/inference/nlminb/simulation_GenerationJnorm_208_1516_32_14_0_ModelfullREDM_betainterceptPCAWG3_betaslopePCAWG3_covmatPCAWG3_dataset401.log
    jobid: 1404
    wildcards: optimiser=nlminb, datasetgeneration=GenerationJnorm, n=208, nlambda=1516, lmbda=32, d=14, beta_intensity=0, model=fullREDM, fixed_beta_intercept=betainterceptPCAWG3, fixed_beta_slope=betaslopePCAWG3, sdRE_input=covmatPCAWG3, itnum=401

Rscript 2_inference_TMB/run_TMB.R --input ../data/assessing_models_simulation/datasets/multiple_GenerationJnorm_208_1516_32_14_0_betainterceptPCAWG3_betaslopePCAWG3_covmatPCAWG3_dataset401.RDS --output ../data/assessing_models_simulation/inference_results/TMB/nlminb/multiple_GenerationJnorm_208_1516_32_14_0_fullREDM_betainterceptPCAWG3_betaslopePCAWG3_covmatPCAWG3_dataset401.RDS --model fullREDM --optimiser nlminb  --use_previous_run_startingvals T
[Wed May  3 02:25:15 2023]
Finished job 1404.
7 of 2746 steps (0.25%) done

[Wed May  3 02:25:15 2023]
rule simulate_for_comparison_multiple:
    input: ../data/assessing_models_simulation/GenerationJnorm
    output: ../data/assessing_models_simulation/datasets/multiple_GenerationJnorm_208_1516_32_14_0_betainterceptPCAWG3_betaslopePCAWG3_covmatPCAWG3_dataset101.RDS
    jobid: 2104
    wildcards: datasetgeneration=GenerationJnorm, n=208, nlambda=1516, lmbda=32, d=14, beta_intensity=0, fixed_beta_intercept=betainterceptPCAWG3, fixed_beta_slope=betaslopePCAWG3, sdRE_input=covmatPCAWG3, itnum=101

Rscript --vanilla 3_analysis/simulation_model_assessment/generate_datasets_simulations/GenerationJnorm.R --input ../data/assessing_models_simulation/GenerationJnorm --d 14 --n 208 --nlambda 1516 --lambda 32 --beta_gamma_shape 0 --outfile ../data/assessing_models_simulation/datasets/multiple_GenerationJnorm_208_1516_32_14_0_betainterceptPCAWG3_betaslopePCAWG3_covmatPCAWG3_dataset101.RDS --beta_intercept_input ../data/assessing_models_simulation/additional_files/multiple_fixed_betainterceptPCAWG3.RDS --beta_slope_input ../data/assessing_models_simulation/additional_files/multiple_fixed_betaslopePCAWG3.RDS --sdRE_input ../data/assessing_models_simulation/additional_files/multiple_fixed_covmatPCAWG3.RDS
[Wed May  3 02:25:16 2023]
Finished job 2104.
8 of 2746 steps (0.29%) done

[Wed May  3 02:25:16 2023]
rule inference_simulation_TMB_multiple:
    input: ../data/assessing_models_simulation/datasets/multiple_GenerationJnorm_208_1516_32_14_0_betainterceptPCAWG3_betaslopePCAWG3_covmatPCAWG3_dataset101.RDS
    output: ../data/assessing_models_simulation/inference_results/TMB/nlminb/multiple_GenerationJnorm_208_1516_32_14_0_diagREDM_betainterceptPCAWG3_betaslopePCAWG3_covmatPCAWG3_dataset101.RDS
    log: logs/inference/nlminb/simulation_GenerationJnorm_208_1516_32_14_0_ModeldiagREDM_betainterceptPCAWG3_betaslopePCAWG3_covmatPCAWG3_dataset101.log
    jobid: 104
    wildcards: optimiser=nlminb, datasetgeneration=GenerationJnorm, n=208, nlambda=1516, lmbda=32, d=14, beta_intensity=0, model=diagREDM, fixed_beta_intercept=betainterceptPCAWG3, fixed_beta_slope=betaslopePCAWG3, sdRE_input=covmatPCAWG3, itnum=101

Rscript 2_inference_TMB/run_TMB.R --input ../data/assessing_models_simulation/datasets/multiple_GenerationJnorm_208_1516_32_14_0_betainterceptPCAWG3_betaslopePCAWG3_covmatPCAWG3_dataset101.RDS --output ../data/assessing_models_simulation/inference_results/TMB/nlminb/multiple_GenerationJnorm_208_1516_32_14_0_diagREDM_betainterceptPCAWG3_betaslopePCAWG3_covmatPCAWG3_dataset101.RDS --model diagREDM --optimiser nlminb  --use_previous_run_startingvals T
[Wed May  3 02:28:58 2023]
Finished job 104.
9 of 2746 steps (0.33%) done

[Wed May  3 02:28:58 2023]
rule inference_simulation_TMB_multiple:
    input: ../data/assessing_models_simulation/datasets/multiple_GenerationJnorm_208_1516_32_14_0_betainterceptPCAWG3_betaslopePCAWG3_covmatPCAWG3_dataset101.RDS
    output: ../data/assessing_models_simulation/inference_results/TMB/nlminb/multiple_GenerationJnorm_208_1516_32_14_0_fullREDM_betainterceptPCAWG3_betaslopePCAWG3_covmatPCAWG3_dataset101.RDS
    log: logs/inference/nlminb/simulation_GenerationJnorm_208_1516_32_14_0_ModelfullREDM_betainterceptPCAWG3_betaslopePCAWG3_covmatPCAWG3_dataset101.log
    jobid: 1104
    wildcards: optimiser=nlminb, datasetgeneration=GenerationJnorm, n=208, nlambda=1516, lmbda=32, d=14, beta_intensity=0, model=fullREDM, fixed_beta_intercept=betainterceptPCAWG3, fixed_beta_slope=betaslopePCAWG3, sdRE_input=covmatPCAWG3, itnum=101

Rscript 2_inference_TMB/run_TMB.R --input ../data/assessing_models_simulation/datasets/multiple_GenerationJnorm_208_1516_32_14_0_betainterceptPCAWG3_betaslopePCAWG3_covmatPCAWG3_dataset101.RDS --output ../data/assessing_models_simulation/inference_results/TMB/nlminb/multiple_GenerationJnorm_208_1516_32_14_0_fullREDM_betainterceptPCAWG3_betaslopePCAWG3_covmatPCAWG3_dataset101.RDS --model fullREDM --optimiser nlminb  --use_previous_run_startingvals T
[Wed May  3 02:34:49 2023]
Error in rule inference_simulation_TMB_multiple:
    jobid: 1104
    output: ../data/assessing_models_simulation/inference_results/TMB/nlminb/multiple_GenerationJnorm_208_1516_32_14_0_fullREDM_betainterceptPCAWG3_betaslopePCAWG3_covmatPCAWG3_dataset101.RDS
    log: logs/inference/nlminb/simulation_GenerationJnorm_208_1516_32_14_0_ModelfullREDM_betainterceptPCAWG3_betaslopePCAWG3_covmatPCAWG3_dataset101.log (check log file(s) for error message)
    shell:
        Rscript 2_inference_TMB/run_TMB.R --input ../data/assessing_models_simulation/datasets/multiple_GenerationJnorm_208_1516_32_14_0_betainterceptPCAWG3_betaslopePCAWG3_covmatPCAWG3_dataset101.RDS --output ../data/assessing_models_simulation/inference_results/TMB/nlminb/multiple_GenerationJnorm_208_1516_32_14_0_fullREDM_betainterceptPCAWG3_betaslopePCAWG3_covmatPCAWG3_dataset101.RDS --model fullREDM --optimiser nlminb  --use_previous_run_startingvals T

Shutting down, this might take some time.
Exiting because a job execution failed. Look above for error message
Complete log: /Users/morril01/Documents/PhD/GlobalDA/code/.snakemake/log/2023-05-03T020538.868385.snakemake.log
