Building DAG of jobs...
Using shell: /usr/local/bin/bash
Provided cores: 1
Rules claiming more threads will be scaled down.
Job counts:
	count	jobs
	1	all
	2	analyse_simulation_TMB_bias
	746	inference_simulation_TMB_multiple
	372	simulate_for_comparison_multiple
	1121

[Fri May  5 20:11:48 2023]
rule inference_simulation_TMB_multiple:
    input: ../data/assessing_models_simulation/datasets/multiple_GenerationJnorm_200_14072_80_6_0_betainterceptPCAWG4_betaslopePCAWG4_covmatPCAWG4_dataset754.RDS
    output: ../data/assessing_models_simulation/inference_results/TMB/nlminb/multiple_GenerationJnorm_200_14072_80_6_0_fullREDM_betainterceptPCAWG4_betaslopePCAWG4_covmatPCAWG4_dataset754.RDS
    log: logs/inference/nlminb/simulation_GenerationJnorm_200_14072_80_6_0_ModelfullREDM_betainterceptPCAWG4_betaslopePCAWG4_covmatPCAWG4_dataset754.log
    jobid: 1757
    wildcards: optimiser=nlminb, datasetgeneration=GenerationJnorm, n=200, nlambda=14072, lmbda=80, d=6, beta_intensity=0, model=fullREDM, fixed_beta_intercept=betainterceptPCAWG4, fixed_beta_slope=betaslopePCAWG4, sdRE_input=covmatPCAWG4, itnum=754

Rscript 2_inference_TMB/run_TMB.R --input ../data/assessing_models_simulation/datasets/multiple_GenerationJnorm_200_14072_80_6_0_betainterceptPCAWG4_betaslopePCAWG4_covmatPCAWG4_dataset754.RDS --output ../data/assessing_models_simulation/inference_results/TMB/nlminb/multiple_GenerationJnorm_200_14072_80_6_0_fullREDM_betainterceptPCAWG4_betaslopePCAWG4_covmatPCAWG4_dataset754.RDS --model fullREDM --optimiser nlminb  --use_previous_run_startingvals T
[Fri May  5 20:12:14 2023]
Finished job 1757.
1 of 1121 steps (0.09%) done

[Fri May  5 20:12:14 2023]
rule inference_simulation_TMB_multiple:
    input: ../data/assessing_models_simulation/datasets/multiple_GenerationJnorm_200_14072_80_6_0_betainterceptPCAWG4_betaslopePCAWG4_covmatPCAWG4_dataset754.RDS
    output: ../data/assessing_models_simulation/inference_results/TMB/nlminb/multiple_GenerationJnorm_200_14072_80_6_0_diagREDM_betainterceptPCAWG4_betaslopePCAWG4_covmatPCAWG4_dataset754.RDS
    log: logs/inference/nlminb/simulation_GenerationJnorm_200_14072_80_6_0_ModeldiagREDM_betainterceptPCAWG4_betaslopePCAWG4_covmatPCAWG4_dataset754.log
    jobid: 757
    wildcards: optimiser=nlminb, datasetgeneration=GenerationJnorm, n=200, nlambda=14072, lmbda=80, d=6, beta_intensity=0, model=diagREDM, fixed_beta_intercept=betainterceptPCAWG4, fixed_beta_slope=betaslopePCAWG4, sdRE_input=covmatPCAWG4, itnum=754

Rscript 2_inference_TMB/run_TMB.R --input ../data/assessing_models_simulation/datasets/multiple_GenerationJnorm_200_14072_80_6_0_betainterceptPCAWG4_betaslopePCAWG4_covmatPCAWG4_dataset754.RDS --output ../data/assessing_models_simulation/inference_results/TMB/nlminb/multiple_GenerationJnorm_200_14072_80_6_0_diagREDM_betainterceptPCAWG4_betaslopePCAWG4_covmatPCAWG4_dataset754.RDS --model diagREDM --optimiser nlminb  --use_previous_run_startingvals T
[Fri May  5 20:12:55 2023]
Finished job 757.
2 of 1121 steps (0.18%) done

[Fri May  5 20:12:55 2023]
rule simulate_for_comparison_multiple:
    input: ../data/assessing_models_simulation/GenerationJnorm
    output: ../data/assessing_models_simulation/datasets/multiple_GenerationJnorm_200_14072_80_6_0_betainterceptPCAWG4_betaslopePCAWG4_covmatPCAWG4_dataset433.RDS
    jobid: 2436
    wildcards: datasetgeneration=GenerationJnorm, n=200, nlambda=14072, lmbda=80, d=6, beta_intensity=0, fixed_beta_intercept=betainterceptPCAWG4, fixed_beta_slope=betaslopePCAWG4, sdRE_input=covmatPCAWG4, itnum=433

Rscript --vanilla 3_analysis/simulation_model_assessment/generate_datasets_simulations/GenerationJnorm.R --input ../data/assessing_models_simulation/GenerationJnorm --d 6 --n 200 --nlambda 14072 --lambda 80 --beta_gamma_shape 0 --outfile ../data/assessing_models_simulation/datasets/multiple_GenerationJnorm_200_14072_80_6_0_betainterceptPCAWG4_betaslopePCAWG4_covmatPCAWG4_dataset433.RDS --beta_intercept_input ../data/assessing_models_simulation/additional_files/multiple_fixed_betainterceptPCAWG4.RDS --beta_slope_input ../data/assessing_models_simulation/additional_files/multiple_fixed_betaslopePCAWG4.RDS --sdRE_input ../data/assessing_models_simulation/additional_files/multiple_fixed_covmatPCAWG4.RDS
[Fri May  5 20:12:57 2023]
Finished job 2436.
3 of 1121 steps (0.27%) done

[Fri May  5 20:12:57 2023]
rule inference_simulation_TMB_multiple:
    input: ../data/assessing_models_simulation/datasets/multiple_GenerationJnorm_200_14072_80_6_0_betainterceptPCAWG4_betaslopePCAWG4_covmatPCAWG4_dataset433.RDS
    output: ../data/assessing_models_simulation/inference_results/TMB/nlminb/multiple_GenerationJnorm_200_14072_80_6_0_diagREDM_betainterceptPCAWG4_betaslopePCAWG4_covmatPCAWG4_dataset433.RDS
    log: logs/inference/nlminb/simulation_GenerationJnorm_200_14072_80_6_0_ModeldiagREDM_betainterceptPCAWG4_betaslopePCAWG4_covmatPCAWG4_dataset433.log
    jobid: 436
    wildcards: optimiser=nlminb, datasetgeneration=GenerationJnorm, n=200, nlambda=14072, lmbda=80, d=6, beta_intensity=0, model=diagREDM, fixed_beta_intercept=betainterceptPCAWG4, fixed_beta_slope=betaslopePCAWG4, sdRE_input=covmatPCAWG4, itnum=433

Rscript 2_inference_TMB/run_TMB.R --input ../data/assessing_models_simulation/datasets/multiple_GenerationJnorm_200_14072_80_6_0_betainterceptPCAWG4_betaslopePCAWG4_covmatPCAWG4_dataset433.RDS --output ../data/assessing_models_simulation/inference_results/TMB/nlminb/multiple_GenerationJnorm_200_14072_80_6_0_diagREDM_betainterceptPCAWG4_betaslopePCAWG4_covmatPCAWG4_dataset433.RDS --model diagREDM --optimiser nlminb  --use_previous_run_startingvals T
[Fri May  5 20:13:37 2023]
Finished job 436.
4 of 1121 steps (0.36%) done

[Fri May  5 20:13:37 2023]
rule inference_simulation_TMB_multiple:
    input: ../data/assessing_models_simulation/datasets/multiple_GenerationJnorm_200_14072_80_6_0_betainterceptPCAWG4_betaslopePCAWG4_covmatPCAWG4_dataset433.RDS
    output: ../data/assessing_models_simulation/inference_results/TMB/nlminb/multiple_GenerationJnorm_200_14072_80_6_0_fullREDM_betainterceptPCAWG4_betaslopePCAWG4_covmatPCAWG4_dataset433.RDS
    log: logs/inference/nlminb/simulation_GenerationJnorm_200_14072_80_6_0_ModelfullREDM_betainterceptPCAWG4_betaslopePCAWG4_covmatPCAWG4_dataset433.log
    jobid: 1436
    wildcards: optimiser=nlminb, datasetgeneration=GenerationJnorm, n=200, nlambda=14072, lmbda=80, d=6, beta_intensity=0, model=fullREDM, fixed_beta_intercept=betainterceptPCAWG4, fixed_beta_slope=betaslopePCAWG4, sdRE_input=covmatPCAWG4, itnum=433

Rscript 2_inference_TMB/run_TMB.R --input ../data/assessing_models_simulation/datasets/multiple_GenerationJnorm_200_14072_80_6_0_betainterceptPCAWG4_betaslopePCAWG4_covmatPCAWG4_dataset433.RDS --output ../data/assessing_models_simulation/inference_results/TMB/nlminb/multiple_GenerationJnorm_200_14072_80_6_0_fullREDM_betainterceptPCAWG4_betaslopePCAWG4_covmatPCAWG4_dataset433.RDS --model fullREDM --optimiser nlminb  --use_previous_run_startingvals T
[Fri May  5 20:14:22 2023]
Error in rule inference_simulation_TMB_multiple:
    jobid: 1436
    output: ../data/assessing_models_simulation/inference_results/TMB/nlminb/multiple_GenerationJnorm_200_14072_80_6_0_fullREDM_betainterceptPCAWG4_betaslopePCAWG4_covmatPCAWG4_dataset433.RDS
    log: logs/inference/nlminb/simulation_GenerationJnorm_200_14072_80_6_0_ModelfullREDM_betainterceptPCAWG4_betaslopePCAWG4_covmatPCAWG4_dataset433.log (check log file(s) for error message)
    shell:
        Rscript 2_inference_TMB/run_TMB.R --input ../data/assessing_models_simulation/datasets/multiple_GenerationJnorm_200_14072_80_6_0_betainterceptPCAWG4_betaslopePCAWG4_covmatPCAWG4_dataset433.RDS --output ../data/assessing_models_simulation/inference_results/TMB/nlminb/multiple_GenerationJnorm_200_14072_80_6_0_fullREDM_betainterceptPCAWG4_betaslopePCAWG4_covmatPCAWG4_dataset433.RDS --model fullREDM --optimiser nlminb  --use_previous_run_startingvals T

Shutting down, this might take some time.
Exiting because a job execution failed. Look above for error message
Complete log: /Users/morril01/Documents/PhD/GlobalDA/code/.snakemake/log/2023-05-05T201139.357188.snakemake.log
