Building DAG of jobs...
Using shell: /usr/local/bin/bash
Provided cores: 1
Rules claiming more threads will be scaled down.
Job counts:
	count	jobs
	1	all
	1	analyse_simulation_TMB_bias
	582	inference_simulation_TMB_multiple
	584

[Wed Apr 26 12:37:44 2023]
rule inference_simulation_TMB_multiple:
    input: ../data/assessing_models_simulation/datasets/multiple_GenerationJnorm_200_3401_18_6_0_betainterceptPCAWG2_betaslopePCAWG2_covmatPCAWG2_dataset973.RDS
    output: ../data/assessing_models_simulation/inference_results/TMB/nlminb/multiple_GenerationJnorm_200_3401_18_6_0_fullREDM_betainterceptPCAWG2_betaslopePCAWG2_covmatPCAWG2_dataset973.RDS
    log: logs/inference/nlminb/simulation_GenerationJnorm_200_3401_18_6_0_ModelfullREDM_betainterceptPCAWG2_betaslopePCAWG2_covmatPCAWG2_dataset973.log
    jobid: 1976
    wildcards: optimiser=nlminb, datasetgeneration=GenerationJnorm, n=200, nlambda=3401, lmbda=18, d=6, beta_intensity=0, model=fullREDM, fixed_beta_intercept=betainterceptPCAWG2, fixed_beta_slope=betaslopePCAWG2, sdRE_input=covmatPCAWG2, itnum=973

Rscript 2_inference_TMB/run_TMB.R --input ../data/assessing_models_simulation/datasets/multiple_GenerationJnorm_200_3401_18_6_0_betainterceptPCAWG2_betaslopePCAWG2_covmatPCAWG2_dataset973.RDS --output ../data/assessing_models_simulation/inference_results/TMB/nlminb/multiple_GenerationJnorm_200_3401_18_6_0_fullREDM_betainterceptPCAWG2_betaslopePCAWG2_covmatPCAWG2_dataset973.RDS --model fullREDM --optimiser nlminb  --use_previous_run_startingvals T
[Wed Apr 26 12:38:07 2023]
Finished job 1976.
1 of 584 steps (0.17%) done

[Wed Apr 26 12:38:07 2023]
rule inference_simulation_TMB_multiple:
    input: ../data/assessing_models_simulation/datasets/multiple_GenerationJnorm_200_3401_18_6_0_betainterceptPCAWG2_betaslopePCAWG2_covmatPCAWG2_dataset64.RDS
    output: ../data/assessing_models_simulation/inference_results/TMB/nlminb/multiple_GenerationJnorm_200_3401_18_6_0_fullREDM_betainterceptPCAWG2_betaslopePCAWG2_covmatPCAWG2_dataset64.RDS
    log: logs/inference/nlminb/simulation_GenerationJnorm_200_3401_18_6_0_ModelfullREDM_betainterceptPCAWG2_betaslopePCAWG2_covmatPCAWG2_dataset64.log
    jobid: 1067
    wildcards: optimiser=nlminb, datasetgeneration=GenerationJnorm, n=200, nlambda=3401, lmbda=18, d=6, beta_intensity=0, model=fullREDM, fixed_beta_intercept=betainterceptPCAWG2, fixed_beta_slope=betaslopePCAWG2, sdRE_input=covmatPCAWG2, itnum=64

Rscript 2_inference_TMB/run_TMB.R --input ../data/assessing_models_simulation/datasets/multiple_GenerationJnorm_200_3401_18_6_0_betainterceptPCAWG2_betaslopePCAWG2_covmatPCAWG2_dataset64.RDS --output ../data/assessing_models_simulation/inference_results/TMB/nlminb/multiple_GenerationJnorm_200_3401_18_6_0_fullREDM_betainterceptPCAWG2_betaslopePCAWG2_covmatPCAWG2_dataset64.RDS --model fullREDM --optimiser nlminb  --use_previous_run_startingvals T
[Wed Apr 26 12:38:49 2023]
Finished job 1067.
2 of 584 steps (0.34%) done

[Wed Apr 26 12:38:49 2023]
rule inference_simulation_TMB_multiple:
    input: ../data/assessing_models_simulation/datasets/multiple_GenerationJnorm_200_3401_18_6_0_betainterceptPCAWG2_betaslopePCAWG2_covmatPCAWG2_dataset807.RDS
    output: ../data/assessing_models_simulation/inference_results/TMB/nlminb/multiple_GenerationJnorm_200_3401_18_6_0_fullREDM_betainterceptPCAWG2_betaslopePCAWG2_covmatPCAWG2_dataset807.RDS
    log: logs/inference/nlminb/simulation_GenerationJnorm_200_3401_18_6_0_ModelfullREDM_betainterceptPCAWG2_betaslopePCAWG2_covmatPCAWG2_dataset807.log
    jobid: 1810
    wildcards: optimiser=nlminb, datasetgeneration=GenerationJnorm, n=200, nlambda=3401, lmbda=18, d=6, beta_intensity=0, model=fullREDM, fixed_beta_intercept=betainterceptPCAWG2, fixed_beta_slope=betaslopePCAWG2, sdRE_input=covmatPCAWG2, itnum=807

Rscript 2_inference_TMB/run_TMB.R --input ../data/assessing_models_simulation/datasets/multiple_GenerationJnorm_200_3401_18_6_0_betainterceptPCAWG2_betaslopePCAWG2_covmatPCAWG2_dataset807.RDS --output ../data/assessing_models_simulation/inference_results/TMB/nlminb/multiple_GenerationJnorm_200_3401_18_6_0_fullREDM_betainterceptPCAWG2_betaslopePCAWG2_covmatPCAWG2_dataset807.RDS --model fullREDM --optimiser nlminb  --use_previous_run_startingvals T
[Wed Apr 26 12:39:40 2023]
Error in rule inference_simulation_TMB_multiple:
    jobid: 1810
    output: ../data/assessing_models_simulation/inference_results/TMB/nlminb/multiple_GenerationJnorm_200_3401_18_6_0_fullREDM_betainterceptPCAWG2_betaslopePCAWG2_covmatPCAWG2_dataset807.RDS
    log: logs/inference/nlminb/simulation_GenerationJnorm_200_3401_18_6_0_ModelfullREDM_betainterceptPCAWG2_betaslopePCAWG2_covmatPCAWG2_dataset807.log (check log file(s) for error message)
    shell:
        Rscript 2_inference_TMB/run_TMB.R --input ../data/assessing_models_simulation/datasets/multiple_GenerationJnorm_200_3401_18_6_0_betainterceptPCAWG2_betaslopePCAWG2_covmatPCAWG2_dataset807.RDS --output ../data/assessing_models_simulation/inference_results/TMB/nlminb/multiple_GenerationJnorm_200_3401_18_6_0_fullREDM_betainterceptPCAWG2_betaslopePCAWG2_covmatPCAWG2_dataset807.RDS --model fullREDM --optimiser nlminb  --use_previous_run_startingvals T

Shutting down, this might take some time.
Exiting because a job execution failed. Look above for error message
Complete log: /Users/morril01/Documents/PhD/GlobalDA/code/.snakemake/log/2023-04-26T123736.370405.snakemake.log
