Building DAG of jobs...
Using shell: /usr/local/bin/bash
Provided cores: 1
Rules claiming more threads will be scaled down.
Job counts:
	count	jobs
	1	all
	1	analyse_simulation_TMB_bias
	505	inference_simulation_TMB_multiple
	507

[Wed Apr 26 14:39:01 2023]
rule inference_simulation_TMB_multiple:
    input: ../data/assessing_models_simulation/datasets/multiple_GenerationJnorm_200_3401_18_6_0_betainterceptPCAWG2_betaslopePCAWG2_covmatPCAWG2_dataset598.RDS
    output: ../data/assessing_models_simulation/inference_results/TMB/nlminb/multiple_GenerationJnorm_200_3401_18_6_0_fullREDM_betainterceptPCAWG2_betaslopePCAWG2_covmatPCAWG2_dataset598.RDS
    log: logs/inference/nlminb/simulation_GenerationJnorm_200_3401_18_6_0_ModelfullREDM_betainterceptPCAWG2_betaslopePCAWG2_covmatPCAWG2_dataset598.log
    jobid: 1601
    wildcards: optimiser=nlminb, datasetgeneration=GenerationJnorm, n=200, nlambda=3401, lmbda=18, d=6, beta_intensity=0, model=fullREDM, fixed_beta_intercept=betainterceptPCAWG2, fixed_beta_slope=betaslopePCAWG2, sdRE_input=covmatPCAWG2, itnum=598

Rscript 2_inference_TMB/run_TMB.R --input ../data/assessing_models_simulation/datasets/multiple_GenerationJnorm_200_3401_18_6_0_betainterceptPCAWG2_betaslopePCAWG2_covmatPCAWG2_dataset598.RDS --output ../data/assessing_models_simulation/inference_results/TMB/nlminb/multiple_GenerationJnorm_200_3401_18_6_0_fullREDM_betainterceptPCAWG2_betaslopePCAWG2_covmatPCAWG2_dataset598.RDS --model fullREDM --optimiser nlminb  --use_previous_run_startingvals T
[Wed Apr 26 14:39:42 2023]
Finished job 1601.
1 of 507 steps (0.20%) done

[Wed Apr 26 14:39:42 2023]
rule inference_simulation_TMB_multiple:
    input: ../data/assessing_models_simulation/datasets/multiple_GenerationJnorm_200_3401_18_6_0_betainterceptPCAWG2_betaslopePCAWG2_covmatPCAWG2_dataset145.RDS
    output: ../data/assessing_models_simulation/inference_results/TMB/nlminb/multiple_GenerationJnorm_200_3401_18_6_0_fullREDM_betainterceptPCAWG2_betaslopePCAWG2_covmatPCAWG2_dataset145.RDS
    log: logs/inference/nlminb/simulation_GenerationJnorm_200_3401_18_6_0_ModelfullREDM_betainterceptPCAWG2_betaslopePCAWG2_covmatPCAWG2_dataset145.log
    jobid: 1148
    wildcards: optimiser=nlminb, datasetgeneration=GenerationJnorm, n=200, nlambda=3401, lmbda=18, d=6, beta_intensity=0, model=fullREDM, fixed_beta_intercept=betainterceptPCAWG2, fixed_beta_slope=betaslopePCAWG2, sdRE_input=covmatPCAWG2, itnum=145

Rscript 2_inference_TMB/run_TMB.R --input ../data/assessing_models_simulation/datasets/multiple_GenerationJnorm_200_3401_18_6_0_betainterceptPCAWG2_betaslopePCAWG2_covmatPCAWG2_dataset145.RDS --output ../data/assessing_models_simulation/inference_results/TMB/nlminb/multiple_GenerationJnorm_200_3401_18_6_0_fullREDM_betainterceptPCAWG2_betaslopePCAWG2_covmatPCAWG2_dataset145.RDS --model fullREDM --optimiser nlminb  --use_previous_run_startingvals T
[Wed Apr 26 14:40:32 2023]
Finished job 1148.
2 of 507 steps (0.39%) done

[Wed Apr 26 14:40:32 2023]
rule inference_simulation_TMB_multiple:
    input: ../data/assessing_models_simulation/datasets/multiple_GenerationJnorm_200_3401_18_6_0_betainterceptPCAWG2_betaslopePCAWG2_covmatPCAWG2_dataset869.RDS
    output: ../data/assessing_models_simulation/inference_results/TMB/nlminb/multiple_GenerationJnorm_200_3401_18_6_0_fullREDM_betainterceptPCAWG2_betaslopePCAWG2_covmatPCAWG2_dataset869.RDS
    log: logs/inference/nlminb/simulation_GenerationJnorm_200_3401_18_6_0_ModelfullREDM_betainterceptPCAWG2_betaslopePCAWG2_covmatPCAWG2_dataset869.log
    jobid: 1872
    wildcards: optimiser=nlminb, datasetgeneration=GenerationJnorm, n=200, nlambda=3401, lmbda=18, d=6, beta_intensity=0, model=fullREDM, fixed_beta_intercept=betainterceptPCAWG2, fixed_beta_slope=betaslopePCAWG2, sdRE_input=covmatPCAWG2, itnum=869

Rscript 2_inference_TMB/run_TMB.R --input ../data/assessing_models_simulation/datasets/multiple_GenerationJnorm_200_3401_18_6_0_betainterceptPCAWG2_betaslopePCAWG2_covmatPCAWG2_dataset869.RDS --output ../data/assessing_models_simulation/inference_results/TMB/nlminb/multiple_GenerationJnorm_200_3401_18_6_0_fullREDM_betainterceptPCAWG2_betaslopePCAWG2_covmatPCAWG2_dataset869.RDS --model fullREDM --optimiser nlminb  --use_previous_run_startingvals T
[Wed Apr 26 14:41:19 2023]
Finished job 1872.
3 of 507 steps (0.59%) done

[Wed Apr 26 14:41:19 2023]
rule inference_simulation_TMB_multiple:
    input: ../data/assessing_models_simulation/datasets/multiple_GenerationJnorm_200_3401_18_6_0_betainterceptPCAWG2_betaslopePCAWG2_covmatPCAWG2_dataset315.RDS
    output: ../data/assessing_models_simulation/inference_results/TMB/nlminb/multiple_GenerationJnorm_200_3401_18_6_0_fullREDM_betainterceptPCAWG2_betaslopePCAWG2_covmatPCAWG2_dataset315.RDS
    log: logs/inference/nlminb/simulation_GenerationJnorm_200_3401_18_6_0_ModelfullREDM_betainterceptPCAWG2_betaslopePCAWG2_covmatPCAWG2_dataset315.log
    jobid: 1318
    wildcards: optimiser=nlminb, datasetgeneration=GenerationJnorm, n=200, nlambda=3401, lmbda=18, d=6, beta_intensity=0, model=fullREDM, fixed_beta_intercept=betainterceptPCAWG2, fixed_beta_slope=betaslopePCAWG2, sdRE_input=covmatPCAWG2, itnum=315

Rscript 2_inference_TMB/run_TMB.R --input ../data/assessing_models_simulation/datasets/multiple_GenerationJnorm_200_3401_18_6_0_betainterceptPCAWG2_betaslopePCAWG2_covmatPCAWG2_dataset315.RDS --output ../data/assessing_models_simulation/inference_results/TMB/nlminb/multiple_GenerationJnorm_200_3401_18_6_0_fullREDM_betainterceptPCAWG2_betaslopePCAWG2_covmatPCAWG2_dataset315.RDS --model fullREDM --optimiser nlminb  --use_previous_run_startingvals T
[Wed Apr 26 14:41:59 2023]
Finished job 1318.
4 of 507 steps (0.79%) done

[Wed Apr 26 14:41:59 2023]
rule inference_simulation_TMB_multiple:
    input: ../data/assessing_models_simulation/datasets/multiple_GenerationJnorm_200_3401_18_6_0_betainterceptPCAWG2_betaslopePCAWG2_covmatPCAWG2_dataset700.RDS
    output: ../data/assessing_models_simulation/inference_results/TMB/nlminb/multiple_GenerationJnorm_200_3401_18_6_0_fullREDM_betainterceptPCAWG2_betaslopePCAWG2_covmatPCAWG2_dataset700.RDS
    log: logs/inference/nlminb/simulation_GenerationJnorm_200_3401_18_6_0_ModelfullREDM_betainterceptPCAWG2_betaslopePCAWG2_covmatPCAWG2_dataset700.log
    jobid: 1703
    wildcards: optimiser=nlminb, datasetgeneration=GenerationJnorm, n=200, nlambda=3401, lmbda=18, d=6, beta_intensity=0, model=fullREDM, fixed_beta_intercept=betainterceptPCAWG2, fixed_beta_slope=betaslopePCAWG2, sdRE_input=covmatPCAWG2, itnum=700

Rscript 2_inference_TMB/run_TMB.R --input ../data/assessing_models_simulation/datasets/multiple_GenerationJnorm_200_3401_18_6_0_betainterceptPCAWG2_betaslopePCAWG2_covmatPCAWG2_dataset700.RDS --output ../data/assessing_models_simulation/inference_results/TMB/nlminb/multiple_GenerationJnorm_200_3401_18_6_0_fullREDM_betainterceptPCAWG2_betaslopePCAWG2_covmatPCAWG2_dataset700.RDS --model fullREDM --optimiser nlminb  --use_previous_run_startingvals T
[Wed Apr 26 14:42:27 2023]
Finished job 1703.
5 of 507 steps (0.99%) done

[Wed Apr 26 14:42:27 2023]
rule inference_simulation_TMB_multiple:
    input: ../data/assessing_models_simulation/datasets/multiple_GenerationJnorm_200_3401_18_6_0_betainterceptPCAWG2_betaslopePCAWG2_covmatPCAWG2_dataset74.RDS
    output: ../data/assessing_models_simulation/inference_results/TMB/nlminb/multiple_GenerationJnorm_200_3401_18_6_0_fullREDM_betainterceptPCAWG2_betaslopePCAWG2_covmatPCAWG2_dataset74.RDS
    log: logs/inference/nlminb/simulation_GenerationJnorm_200_3401_18_6_0_ModelfullREDM_betainterceptPCAWG2_betaslopePCAWG2_covmatPCAWG2_dataset74.log
    jobid: 1077
    wildcards: optimiser=nlminb, datasetgeneration=GenerationJnorm, n=200, nlambda=3401, lmbda=18, d=6, beta_intensity=0, model=fullREDM, fixed_beta_intercept=betainterceptPCAWG2, fixed_beta_slope=betaslopePCAWG2, sdRE_input=covmatPCAWG2, itnum=74

Rscript 2_inference_TMB/run_TMB.R --input ../data/assessing_models_simulation/datasets/multiple_GenerationJnorm_200_3401_18_6_0_betainterceptPCAWG2_betaslopePCAWG2_covmatPCAWG2_dataset74.RDS --output ../data/assessing_models_simulation/inference_results/TMB/nlminb/multiple_GenerationJnorm_200_3401_18_6_0_fullREDM_betainterceptPCAWG2_betaslopePCAWG2_covmatPCAWG2_dataset74.RDS --model fullREDM --optimiser nlminb  --use_previous_run_startingvals T
[Wed Apr 26 14:43:07 2023]
Error in rule inference_simulation_TMB_multiple:
    jobid: 1077
    output: ../data/assessing_models_simulation/inference_results/TMB/nlminb/multiple_GenerationJnorm_200_3401_18_6_0_fullREDM_betainterceptPCAWG2_betaslopePCAWG2_covmatPCAWG2_dataset74.RDS
    log: logs/inference/nlminb/simulation_GenerationJnorm_200_3401_18_6_0_ModelfullREDM_betainterceptPCAWG2_betaslopePCAWG2_covmatPCAWG2_dataset74.log (check log file(s) for error message)
    shell:
        Rscript 2_inference_TMB/run_TMB.R --input ../data/assessing_models_simulation/datasets/multiple_GenerationJnorm_200_3401_18_6_0_betainterceptPCAWG2_betaslopePCAWG2_covmatPCAWG2_dataset74.RDS --output ../data/assessing_models_simulation/inference_results/TMB/nlminb/multiple_GenerationJnorm_200_3401_18_6_0_fullREDM_betainterceptPCAWG2_betaslopePCAWG2_covmatPCAWG2_dataset74.RDS --model fullREDM --optimiser nlminb  --use_previous_run_startingvals T

Shutting down, this might take some time.
Exiting because a job execution failed. Look above for error message
Complete log: /Users/morril01/Documents/PhD/GlobalDA/code/.snakemake/log/2023-04-26T143853.387028.snakemake.log
