Building DAG of jobs...
Using shell: /usr/local/bin/bash
Provided cores: 1
Rules claiming more threads will be scaled down.
Job counts:
	count	jobs
	1	all
	2	analyse_simulation_TMB_bias
	1502	inference_simulation_TMB_multiple
	750	simulate_for_comparison_multiple
	2255

[Thu May  4 10:07:47 2023]
rule inference_simulation_TMB_multiple:
    input: ../data/assessing_models_simulation/datasets/multiple_GenerationJnorm_208_1516_32_14_0_betainterceptPCAWG3_betaslopePCAWG3_covmatPCAWG3_dataset862.RDS
    output: ../data/assessing_models_simulation/inference_results/TMB/nlminb/multiple_GenerationJnorm_208_1516_32_14_0_diagREDM_betainterceptPCAWG3_betaslopePCAWG3_covmatPCAWG3_dataset862.RDS
    log: logs/inference/nlminb/simulation_GenerationJnorm_208_1516_32_14_0_ModeldiagREDM_betainterceptPCAWG3_betaslopePCAWG3_covmatPCAWG3_dataset862.log
    jobid: 865
    wildcards: optimiser=nlminb, datasetgeneration=GenerationJnorm, n=208, nlambda=1516, lmbda=32, d=14, beta_intensity=0, model=diagREDM, fixed_beta_intercept=betainterceptPCAWG3, fixed_beta_slope=betaslopePCAWG3, sdRE_input=covmatPCAWG3, itnum=862

Rscript 2_inference_TMB/run_TMB.R --input ../data/assessing_models_simulation/datasets/multiple_GenerationJnorm_208_1516_32_14_0_betainterceptPCAWG3_betaslopePCAWG3_covmatPCAWG3_dataset862.RDS --output ../data/assessing_models_simulation/inference_results/TMB/nlminb/multiple_GenerationJnorm_208_1516_32_14_0_diagREDM_betainterceptPCAWG3_betaslopePCAWG3_covmatPCAWG3_dataset862.RDS --model diagREDM --optimiser nlminb  --use_previous_run_startingvals T
[Thu May  4 10:11:06 2023]
Finished job 865.
1 of 2255 steps (0.04%) done

[Thu May  4 10:11:06 2023]
rule inference_simulation_TMB_multiple:
    input: ../data/assessing_models_simulation/datasets/multiple_GenerationJnorm_208_1516_32_14_0_betainterceptPCAWG3_betaslopePCAWG3_covmatPCAWG3_dataset862.RDS
    output: ../data/assessing_models_simulation/inference_results/TMB/nlminb/multiple_GenerationJnorm_208_1516_32_14_0_fullREDM_betainterceptPCAWG3_betaslopePCAWG3_covmatPCAWG3_dataset862.RDS
    log: logs/inference/nlminb/simulation_GenerationJnorm_208_1516_32_14_0_ModelfullREDM_betainterceptPCAWG3_betaslopePCAWG3_covmatPCAWG3_dataset862.log
    jobid: 1865
    wildcards: optimiser=nlminb, datasetgeneration=GenerationJnorm, n=208, nlambda=1516, lmbda=32, d=14, beta_intensity=0, model=fullREDM, fixed_beta_intercept=betainterceptPCAWG3, fixed_beta_slope=betaslopePCAWG3, sdRE_input=covmatPCAWG3, itnum=862

Rscript 2_inference_TMB/run_TMB.R --input ../data/assessing_models_simulation/datasets/multiple_GenerationJnorm_208_1516_32_14_0_betainterceptPCAWG3_betaslopePCAWG3_covmatPCAWG3_dataset862.RDS --output ../data/assessing_models_simulation/inference_results/TMB/nlminb/multiple_GenerationJnorm_208_1516_32_14_0_fullREDM_betainterceptPCAWG3_betaslopePCAWG3_covmatPCAWG3_dataset862.RDS --model fullREDM --optimiser nlminb  --use_previous_run_startingvals T
[Thu May  4 10:16:46 2023]
Finished job 1865.
2 of 2255 steps (0.09%) done

[Thu May  4 10:16:46 2023]
rule simulate_for_comparison_multiple:
    input: ../data/assessing_models_simulation/GenerationJnorm
    output: ../data/assessing_models_simulation/datasets/multiple_GenerationJnorm_208_1516_32_14_0_betainterceptPCAWG3_betaslopePCAWG3_covmatPCAWG3_dataset184.RDS
    jobid: 2187
    wildcards: datasetgeneration=GenerationJnorm, n=208, nlambda=1516, lmbda=32, d=14, beta_intensity=0, fixed_beta_intercept=betainterceptPCAWG3, fixed_beta_slope=betaslopePCAWG3, sdRE_input=covmatPCAWG3, itnum=184

Rscript --vanilla 3_analysis/simulation_model_assessment/generate_datasets_simulations/GenerationJnorm.R --input ../data/assessing_models_simulation/GenerationJnorm --d 14 --n 208 --nlambda 1516 --lambda 32 --beta_gamma_shape 0 --outfile ../data/assessing_models_simulation/datasets/multiple_GenerationJnorm_208_1516_32_14_0_betainterceptPCAWG3_betaslopePCAWG3_covmatPCAWG3_dataset184.RDS --beta_intercept_input ../data/assessing_models_simulation/additional_files/multiple_fixed_betainterceptPCAWG3.RDS --beta_slope_input ../data/assessing_models_simulation/additional_files/multiple_fixed_betaslopePCAWG3.RDS --sdRE_input ../data/assessing_models_simulation/additional_files/multiple_fixed_covmatPCAWG3.RDS
[Thu May  4 10:16:48 2023]
Finished job 2187.
3 of 2255 steps (0.13%) done

[Thu May  4 10:16:48 2023]
rule inference_simulation_TMB_multiple:
    input: ../data/assessing_models_simulation/datasets/multiple_GenerationJnorm_208_1516_32_14_0_betainterceptPCAWG3_betaslopePCAWG3_covmatPCAWG3_dataset184.RDS
    output: ../data/assessing_models_simulation/inference_results/TMB/nlminb/multiple_GenerationJnorm_208_1516_32_14_0_diagREDM_betainterceptPCAWG3_betaslopePCAWG3_covmatPCAWG3_dataset184.RDS
    log: logs/inference/nlminb/simulation_GenerationJnorm_208_1516_32_14_0_ModeldiagREDM_betainterceptPCAWG3_betaslopePCAWG3_covmatPCAWG3_dataset184.log
    jobid: 187
    wildcards: optimiser=nlminb, datasetgeneration=GenerationJnorm, n=208, nlambda=1516, lmbda=32, d=14, beta_intensity=0, model=diagREDM, fixed_beta_intercept=betainterceptPCAWG3, fixed_beta_slope=betaslopePCAWG3, sdRE_input=covmatPCAWG3, itnum=184

Rscript 2_inference_TMB/run_TMB.R --input ../data/assessing_models_simulation/datasets/multiple_GenerationJnorm_208_1516_32_14_0_betainterceptPCAWG3_betaslopePCAWG3_covmatPCAWG3_dataset184.RDS --output ../data/assessing_models_simulation/inference_results/TMB/nlminb/multiple_GenerationJnorm_208_1516_32_14_0_diagREDM_betainterceptPCAWG3_betaslopePCAWG3_covmatPCAWG3_dataset184.RDS --model diagREDM --optimiser nlminb  --use_previous_run_startingvals T
[Thu May  4 10:20:08 2023]
Finished job 187.
4 of 2255 steps (0.18%) done

[Thu May  4 10:20:08 2023]
rule inference_simulation_TMB_multiple:
    input: ../data/assessing_models_simulation/datasets/multiple_GenerationJnorm_208_1516_32_14_0_betainterceptPCAWG3_betaslopePCAWG3_covmatPCAWG3_dataset184.RDS
    output: ../data/assessing_models_simulation/inference_results/TMB/nlminb/multiple_GenerationJnorm_208_1516_32_14_0_fullREDM_betainterceptPCAWG3_betaslopePCAWG3_covmatPCAWG3_dataset184.RDS
    log: logs/inference/nlminb/simulation_GenerationJnorm_208_1516_32_14_0_ModelfullREDM_betainterceptPCAWG3_betaslopePCAWG3_covmatPCAWG3_dataset184.log
    jobid: 1187
    wildcards: optimiser=nlminb, datasetgeneration=GenerationJnorm, n=208, nlambda=1516, lmbda=32, d=14, beta_intensity=0, model=fullREDM, fixed_beta_intercept=betainterceptPCAWG3, fixed_beta_slope=betaslopePCAWG3, sdRE_input=covmatPCAWG3, itnum=184

Rscript 2_inference_TMB/run_TMB.R --input ../data/assessing_models_simulation/datasets/multiple_GenerationJnorm_208_1516_32_14_0_betainterceptPCAWG3_betaslopePCAWG3_covmatPCAWG3_dataset184.RDS --output ../data/assessing_models_simulation/inference_results/TMB/nlminb/multiple_GenerationJnorm_208_1516_32_14_0_fullREDM_betainterceptPCAWG3_betaslopePCAWG3_covmatPCAWG3_dataset184.RDS --model fullREDM --optimiser nlminb  --use_previous_run_startingvals T
[Thu May  4 10:26:14 2023]
Finished job 1187.
5 of 2255 steps (0.22%) done

[Thu May  4 10:26:14 2023]
rule simulate_for_comparison_multiple:
    input: ../data/assessing_models_simulation/GenerationJnorm
    output: ../data/assessing_models_simulation/datasets/multiple_GenerationJnorm_208_1516_32_14_0_betainterceptPCAWG3_betaslopePCAWG3_covmatPCAWG3_dataset7.RDS
    jobid: 2010
    wildcards: datasetgeneration=GenerationJnorm, n=208, nlambda=1516, lmbda=32, d=14, beta_intensity=0, fixed_beta_intercept=betainterceptPCAWG3, fixed_beta_slope=betaslopePCAWG3, sdRE_input=covmatPCAWG3, itnum=7

Rscript --vanilla 3_analysis/simulation_model_assessment/generate_datasets_simulations/GenerationJnorm.R --input ../data/assessing_models_simulation/GenerationJnorm --d 14 --n 208 --nlambda 1516 --lambda 32 --beta_gamma_shape 0 --outfile ../data/assessing_models_simulation/datasets/multiple_GenerationJnorm_208_1516_32_14_0_betainterceptPCAWG3_betaslopePCAWG3_covmatPCAWG3_dataset7.RDS --beta_intercept_input ../data/assessing_models_simulation/additional_files/multiple_fixed_betainterceptPCAWG3.RDS --beta_slope_input ../data/assessing_models_simulation/additional_files/multiple_fixed_betaslopePCAWG3.RDS --sdRE_input ../data/assessing_models_simulation/additional_files/multiple_fixed_covmatPCAWG3.RDS
[Thu May  4 10:26:16 2023]
Finished job 2010.
6 of 2255 steps (0.27%) done

[Thu May  4 10:26:16 2023]
rule inference_simulation_TMB_multiple:
    input: ../data/assessing_models_simulation/datasets/multiple_GenerationJnorm_208_1516_32_14_0_betainterceptPCAWG3_betaslopePCAWG3_covmatPCAWG3_dataset7.RDS
    output: ../data/assessing_models_simulation/inference_results/TMB/nlminb/multiple_GenerationJnorm_208_1516_32_14_0_diagREDM_betainterceptPCAWG3_betaslopePCAWG3_covmatPCAWG3_dataset7.RDS
    log: logs/inference/nlminb/simulation_GenerationJnorm_208_1516_32_14_0_ModeldiagREDM_betainterceptPCAWG3_betaslopePCAWG3_covmatPCAWG3_dataset7.log
    jobid: 10
    wildcards: optimiser=nlminb, datasetgeneration=GenerationJnorm, n=208, nlambda=1516, lmbda=32, d=14, beta_intensity=0, model=diagREDM, fixed_beta_intercept=betainterceptPCAWG3, fixed_beta_slope=betaslopePCAWG3, sdRE_input=covmatPCAWG3, itnum=7

Rscript 2_inference_TMB/run_TMB.R --input ../data/assessing_models_simulation/datasets/multiple_GenerationJnorm_208_1516_32_14_0_betainterceptPCAWG3_betaslopePCAWG3_covmatPCAWG3_dataset7.RDS --output ../data/assessing_models_simulation/inference_results/TMB/nlminb/multiple_GenerationJnorm_208_1516_32_14_0_diagREDM_betainterceptPCAWG3_betaslopePCAWG3_covmatPCAWG3_dataset7.RDS --model diagREDM --optimiser nlminb  --use_previous_run_startingvals T
[Thu May  4 10:30:31 2023]
Finished job 10.
7 of 2255 steps (0.31%) done

[Thu May  4 10:30:31 2023]
rule inference_simulation_TMB_multiple:
    input: ../data/assessing_models_simulation/datasets/multiple_GenerationJnorm_208_1516_32_14_0_betainterceptPCAWG3_betaslopePCAWG3_covmatPCAWG3_dataset7.RDS
    output: ../data/assessing_models_simulation/inference_results/TMB/nlminb/multiple_GenerationJnorm_208_1516_32_14_0_fullREDM_betainterceptPCAWG3_betaslopePCAWG3_covmatPCAWG3_dataset7.RDS
    log: logs/inference/nlminb/simulation_GenerationJnorm_208_1516_32_14_0_ModelfullREDM_betainterceptPCAWG3_betaslopePCAWG3_covmatPCAWG3_dataset7.log
    jobid: 1010
    wildcards: optimiser=nlminb, datasetgeneration=GenerationJnorm, n=208, nlambda=1516, lmbda=32, d=14, beta_intensity=0, model=fullREDM, fixed_beta_intercept=betainterceptPCAWG3, fixed_beta_slope=betaslopePCAWG3, sdRE_input=covmatPCAWG3, itnum=7

Rscript 2_inference_TMB/run_TMB.R --input ../data/assessing_models_simulation/datasets/multiple_GenerationJnorm_208_1516_32_14_0_betainterceptPCAWG3_betaslopePCAWG3_covmatPCAWG3_dataset7.RDS --output ../data/assessing_models_simulation/inference_results/TMB/nlminb/multiple_GenerationJnorm_208_1516_32_14_0_fullREDM_betainterceptPCAWG3_betaslopePCAWG3_covmatPCAWG3_dataset7.RDS --model fullREDM --optimiser nlminb  --use_previous_run_startingvals T
[Thu May  4 10:36:38 2023]
Finished job 1010.
8 of 2255 steps (0.35%) done

[Thu May  4 10:36:38 2023]
rule simulate_for_comparison_multiple:
    input: ../data/assessing_models_simulation/GenerationJnorm
    output: ../data/assessing_models_simulation/datasets/multiple_GenerationJnorm_208_1516_32_14_0_betainterceptPCAWG3_betaslopePCAWG3_covmatPCAWG3_dataset234.RDS
    jobid: 2237
    wildcards: datasetgeneration=GenerationJnorm, n=208, nlambda=1516, lmbda=32, d=14, beta_intensity=0, fixed_beta_intercept=betainterceptPCAWG3, fixed_beta_slope=betaslopePCAWG3, sdRE_input=covmatPCAWG3, itnum=234

Rscript --vanilla 3_analysis/simulation_model_assessment/generate_datasets_simulations/GenerationJnorm.R --input ../data/assessing_models_simulation/GenerationJnorm --d 14 --n 208 --nlambda 1516 --lambda 32 --beta_gamma_shape 0 --outfile ../data/assessing_models_simulation/datasets/multiple_GenerationJnorm_208_1516_32_14_0_betainterceptPCAWG3_betaslopePCAWG3_covmatPCAWG3_dataset234.RDS --beta_intercept_input ../data/assessing_models_simulation/additional_files/multiple_fixed_betainterceptPCAWG3.RDS --beta_slope_input ../data/assessing_models_simulation/additional_files/multiple_fixed_betaslopePCAWG3.RDS --sdRE_input ../data/assessing_models_simulation/additional_files/multiple_fixed_covmatPCAWG3.RDS
[Thu May  4 10:36:40 2023]
Finished job 2237.
9 of 2255 steps (0.40%) done

[Thu May  4 10:36:40 2023]
rule inference_simulation_TMB_multiple:
    input: ../data/assessing_models_simulation/datasets/multiple_GenerationJnorm_208_1516_32_14_0_betainterceptPCAWG3_betaslopePCAWG3_covmatPCAWG3_dataset234.RDS
    output: ../data/assessing_models_simulation/inference_results/TMB/nlminb/multiple_GenerationJnorm_208_1516_32_14_0_diagREDM_betainterceptPCAWG3_betaslopePCAWG3_covmatPCAWG3_dataset234.RDS
    log: logs/inference/nlminb/simulation_GenerationJnorm_208_1516_32_14_0_ModeldiagREDM_betainterceptPCAWG3_betaslopePCAWG3_covmatPCAWG3_dataset234.log
    jobid: 237
    wildcards: optimiser=nlminb, datasetgeneration=GenerationJnorm, n=208, nlambda=1516, lmbda=32, d=14, beta_intensity=0, model=diagREDM, fixed_beta_intercept=betainterceptPCAWG3, fixed_beta_slope=betaslopePCAWG3, sdRE_input=covmatPCAWG3, itnum=234

Rscript 2_inference_TMB/run_TMB.R --input ../data/assessing_models_simulation/datasets/multiple_GenerationJnorm_208_1516_32_14_0_betainterceptPCAWG3_betaslopePCAWG3_covmatPCAWG3_dataset234.RDS --output ../data/assessing_models_simulation/inference_results/TMB/nlminb/multiple_GenerationJnorm_208_1516_32_14_0_diagREDM_betainterceptPCAWG3_betaslopePCAWG3_covmatPCAWG3_dataset234.RDS --model diagREDM --optimiser nlminb  --use_previous_run_startingvals T
[Thu May  4 10:40:12 2023]
Finished job 237.
10 of 2255 steps (0.44%) done

[Thu May  4 10:40:12 2023]
rule inference_simulation_TMB_multiple:
    input: ../data/assessing_models_simulation/datasets/multiple_GenerationJnorm_208_1516_32_14_0_betainterceptPCAWG3_betaslopePCAWG3_covmatPCAWG3_dataset234.RDS
    output: ../data/assessing_models_simulation/inference_results/TMB/nlminb/multiple_GenerationJnorm_208_1516_32_14_0_fullREDM_betainterceptPCAWG3_betaslopePCAWG3_covmatPCAWG3_dataset234.RDS
    log: logs/inference/nlminb/simulation_GenerationJnorm_208_1516_32_14_0_ModelfullREDM_betainterceptPCAWG3_betaslopePCAWG3_covmatPCAWG3_dataset234.log
    jobid: 1237
    wildcards: optimiser=nlminb, datasetgeneration=GenerationJnorm, n=208, nlambda=1516, lmbda=32, d=14, beta_intensity=0, model=fullREDM, fixed_beta_intercept=betainterceptPCAWG3, fixed_beta_slope=betaslopePCAWG3, sdRE_input=covmatPCAWG3, itnum=234

Rscript 2_inference_TMB/run_TMB.R --input ../data/assessing_models_simulation/datasets/multiple_GenerationJnorm_208_1516_32_14_0_betainterceptPCAWG3_betaslopePCAWG3_covmatPCAWG3_dataset234.RDS --output ../data/assessing_models_simulation/inference_results/TMB/nlminb/multiple_GenerationJnorm_208_1516_32_14_0_fullREDM_betainterceptPCAWG3_betaslopePCAWG3_covmatPCAWG3_dataset234.RDS --model fullREDM --optimiser nlminb  --use_previous_run_startingvals T
[Thu May  4 10:46:21 2023]
Error in rule inference_simulation_TMB_multiple:
    jobid: 1237
    output: ../data/assessing_models_simulation/inference_results/TMB/nlminb/multiple_GenerationJnorm_208_1516_32_14_0_fullREDM_betainterceptPCAWG3_betaslopePCAWG3_covmatPCAWG3_dataset234.RDS
    log: logs/inference/nlminb/simulation_GenerationJnorm_208_1516_32_14_0_ModelfullREDM_betainterceptPCAWG3_betaslopePCAWG3_covmatPCAWG3_dataset234.log (check log file(s) for error message)
    shell:
        Rscript 2_inference_TMB/run_TMB.R --input ../data/assessing_models_simulation/datasets/multiple_GenerationJnorm_208_1516_32_14_0_betainterceptPCAWG3_betaslopePCAWG3_covmatPCAWG3_dataset234.RDS --output ../data/assessing_models_simulation/inference_results/TMB/nlminb/multiple_GenerationJnorm_208_1516_32_14_0_fullREDM_betainterceptPCAWG3_betaslopePCAWG3_covmatPCAWG3_dataset234.RDS --model fullREDM --optimiser nlminb  --use_previous_run_startingvals T

Shutting down, this might take some time.
Exiting because a job execution failed. Look above for error message
Complete log: /Users/morril01/Documents/PhD/GlobalDA/code/.snakemake/log/2023-05-04T100740.714596.snakemake.log
