Building DAG of jobs...
Using shell: /usr/local/bin/bash
Provided cores: 1
Rules claiming more threads will be scaled down.
Job counts:
	count	jobs
	1	all
	2	analyse_simulation_TMB_bias
	1142	inference_simulation_TMB_multiple
	570	simulate_for_comparison_multiple
	1715

[Tue Mar 28 11:05:42 2023]
rule inference_simulation_TMB_multiple:
    input: ../data/assessing_models_simulation/datasets/multiple_GenerationJnorm_200_180_100_6_0_betainterceptPCAWG2_betaslopePCAWG2_covmatPCAWG2_dataset970.RDS
    output: ../data/assessing_models_simulation/inference_results/TMB/nlminb/multiple_GenerationJnorm_200_180_100_6_0_diagREDM_betainterceptPCAWG2_betaslopePCAWG2_covmatPCAWG2_dataset970.RDS
    log: logs/inference/nlminb/simulation_GenerationJnorm_200_180_100_6_0_ModeldiagREDM_betainterceptPCAWG2_betaslopePCAWG2_covmatPCAWG2_dataset970.log
    jobid: 1973
    wildcards: optimiser=nlminb, datasetgeneration=GenerationJnorm, n=200, nlambda=180, lmbda=100, d=6, beta_intensity=0, model=diagREDM, fixed_beta_intercept=betainterceptPCAWG2, fixed_beta_slope=betaslopePCAWG2, sdRE_input=covmatPCAWG2, itnum=970

Rscript 2_inference_TMB/run_TMB.R --input ../data/assessing_models_simulation/datasets/multiple_GenerationJnorm_200_180_100_6_0_betainterceptPCAWG2_betaslopePCAWG2_covmatPCAWG2_dataset970.RDS --output ../data/assessing_models_simulation/inference_results/TMB/nlminb/multiple_GenerationJnorm_200_180_100_6_0_diagREDM_betainterceptPCAWG2_betaslopePCAWG2_covmatPCAWG2_dataset970.RDS --model diagREDM --optimiser nlminb  --use_previous_run_startingvals T
[Tue Mar 28 11:06:09 2023]
Finished job 1973.
1 of 1715 steps (0.06%) done

[Tue Mar 28 11:06:09 2023]
rule inference_simulation_TMB_multiple:
    input: ../data/assessing_models_simulation/datasets/multiple_GenerationJnorm_200_180_100_6_0_betainterceptPCAWG2_betaslopePCAWG2_covmatPCAWG2_dataset970.RDS
    output: ../data/assessing_models_simulation/inference_results/TMB/nlminb/multiple_GenerationJnorm_200_180_100_6_0_fullREDM_betainterceptPCAWG2_betaslopePCAWG2_covmatPCAWG2_dataset970.RDS
    log: logs/inference/nlminb/simulation_GenerationJnorm_200_180_100_6_0_ModelfullREDM_betainterceptPCAWG2_betaslopePCAWG2_covmatPCAWG2_dataset970.log
    jobid: 973
    wildcards: optimiser=nlminb, datasetgeneration=GenerationJnorm, n=200, nlambda=180, lmbda=100, d=6, beta_intensity=0, model=fullREDM, fixed_beta_intercept=betainterceptPCAWG2, fixed_beta_slope=betaslopePCAWG2, sdRE_input=covmatPCAWG2, itnum=970

Rscript 2_inference_TMB/run_TMB.R --input ../data/assessing_models_simulation/datasets/multiple_GenerationJnorm_200_180_100_6_0_betainterceptPCAWG2_betaslopePCAWG2_covmatPCAWG2_dataset970.RDS --output ../data/assessing_models_simulation/inference_results/TMB/nlminb/multiple_GenerationJnorm_200_180_100_6_0_fullREDM_betainterceptPCAWG2_betaslopePCAWG2_covmatPCAWG2_dataset970.RDS --model fullREDM --optimiser nlminb  --use_previous_run_startingvals T
[Tue Mar 28 11:06:47 2023]
Finished job 973.
2 of 1715 steps (0.12%) done

[Tue Mar 28 11:06:47 2023]
rule simulate_for_comparison_multiple:
    input: ../data/assessing_models_simulation/GenerationJnorm
    output: ../data/assessing_models_simulation/datasets/multiple_GenerationJnorm_200_180_100_6_0_betainterceptPCAWG2_betaslopePCAWG2_covmatPCAWG2_dataset298.RDS
    jobid: 2301
    wildcards: datasetgeneration=GenerationJnorm, n=200, nlambda=180, lmbda=100, d=6, beta_intensity=0, fixed_beta_intercept=betainterceptPCAWG2, fixed_beta_slope=betaslopePCAWG2, sdRE_input=covmatPCAWG2, itnum=298

Rscript --vanilla 3_analysis/simulation_model_assessment/generate_datasets_simulations/GenerationJnorm.R --input ../data/assessing_models_simulation/GenerationJnorm --d 6 --n 200 --nlambda 180 --lambda 100 --beta_gamma_shape 0 --outfile ../data/assessing_models_simulation/datasets/multiple_GenerationJnorm_200_180_100_6_0_betainterceptPCAWG2_betaslopePCAWG2_covmatPCAWG2_dataset298.RDS --beta_intercept_input ../data/assessing_models_simulation/additional_files/multiple_fixed_betainterceptPCAWG2.RDS --beta_slope_input ../data/assessing_models_simulation/additional_files/multiple_fixed_betaslopePCAWG2.RDS --sdRE_input ../data/assessing_models_simulation/additional_files/multiple_fixed_covmatPCAWG2.RDS
[Tue Mar 28 11:06:49 2023]
Finished job 2301.
3 of 1715 steps (0.17%) done

[Tue Mar 28 11:06:49 2023]
rule inference_simulation_TMB_multiple:
    input: ../data/assessing_models_simulation/datasets/multiple_GenerationJnorm_200_180_100_6_0_betainterceptPCAWG2_betaslopePCAWG2_covmatPCAWG2_dataset298.RDS
    output: ../data/assessing_models_simulation/inference_results/TMB/nlminb/multiple_GenerationJnorm_200_180_100_6_0_fullREDM_betainterceptPCAWG2_betaslopePCAWG2_covmatPCAWG2_dataset298.RDS
    log: logs/inference/nlminb/simulation_GenerationJnorm_200_180_100_6_0_ModelfullREDM_betainterceptPCAWG2_betaslopePCAWG2_covmatPCAWG2_dataset298.log
    jobid: 301
    wildcards: optimiser=nlminb, datasetgeneration=GenerationJnorm, n=200, nlambda=180, lmbda=100, d=6, beta_intensity=0, model=fullREDM, fixed_beta_intercept=betainterceptPCAWG2, fixed_beta_slope=betaslopePCAWG2, sdRE_input=covmatPCAWG2, itnum=298

Rscript 2_inference_TMB/run_TMB.R --input ../data/assessing_models_simulation/datasets/multiple_GenerationJnorm_200_180_100_6_0_betainterceptPCAWG2_betaslopePCAWG2_covmatPCAWG2_dataset298.RDS --output ../data/assessing_models_simulation/inference_results/TMB/nlminb/multiple_GenerationJnorm_200_180_100_6_0_fullREDM_betainterceptPCAWG2_betaslopePCAWG2_covmatPCAWG2_dataset298.RDS --model fullREDM --optimiser nlminb  --use_previous_run_startingvals T
[Tue Mar 28 11:07:30 2023]
Finished job 301.
4 of 1715 steps (0.23%) done

[Tue Mar 28 11:07:30 2023]
rule inference_simulation_TMB_multiple:
    input: ../data/assessing_models_simulation/datasets/multiple_GenerationJnorm_200_180_100_6_0_betainterceptPCAWG2_betaslopePCAWG2_covmatPCAWG2_dataset298.RDS
    output: ../data/assessing_models_simulation/inference_results/TMB/nlminb/multiple_GenerationJnorm_200_180_100_6_0_diagREDM_betainterceptPCAWG2_betaslopePCAWG2_covmatPCAWG2_dataset298.RDS
    log: logs/inference/nlminb/simulation_GenerationJnorm_200_180_100_6_0_ModeldiagREDM_betainterceptPCAWG2_betaslopePCAWG2_covmatPCAWG2_dataset298.log
    jobid: 1301
    wildcards: optimiser=nlminb, datasetgeneration=GenerationJnorm, n=200, nlambda=180, lmbda=100, d=6, beta_intensity=0, model=diagREDM, fixed_beta_intercept=betainterceptPCAWG2, fixed_beta_slope=betaslopePCAWG2, sdRE_input=covmatPCAWG2, itnum=298

Rscript 2_inference_TMB/run_TMB.R --input ../data/assessing_models_simulation/datasets/multiple_GenerationJnorm_200_180_100_6_0_betainterceptPCAWG2_betaslopePCAWG2_covmatPCAWG2_dataset298.RDS --output ../data/assessing_models_simulation/inference_results/TMB/nlminb/multiple_GenerationJnorm_200_180_100_6_0_diagREDM_betainterceptPCAWG2_betaslopePCAWG2_covmatPCAWG2_dataset298.RDS --model diagREDM --optimiser nlminb  --use_previous_run_startingvals T
[Tue Mar 28 11:07:58 2023]
Finished job 1301.
5 of 1715 steps (0.29%) done

[Tue Mar 28 11:07:58 2023]
rule simulate_for_comparison_multiple:
    input: ../data/assessing_models_simulation/GenerationJnorm
    output: ../data/assessing_models_simulation/datasets/multiple_GenerationJnorm_200_180_100_6_0_betainterceptPCAWG2_betaslopePCAWG2_covmatPCAWG2_dataset973.RDS
    jobid: 2976
    wildcards: datasetgeneration=GenerationJnorm, n=200, nlambda=180, lmbda=100, d=6, beta_intensity=0, fixed_beta_intercept=betainterceptPCAWG2, fixed_beta_slope=betaslopePCAWG2, sdRE_input=covmatPCAWG2, itnum=973

Rscript --vanilla 3_analysis/simulation_model_assessment/generate_datasets_simulations/GenerationJnorm.R --input ../data/assessing_models_simulation/GenerationJnorm --d 6 --n 200 --nlambda 180 --lambda 100 --beta_gamma_shape 0 --outfile ../data/assessing_models_simulation/datasets/multiple_GenerationJnorm_200_180_100_6_0_betainterceptPCAWG2_betaslopePCAWG2_covmatPCAWG2_dataset973.RDS --beta_intercept_input ../data/assessing_models_simulation/additional_files/multiple_fixed_betainterceptPCAWG2.RDS --beta_slope_input ../data/assessing_models_simulation/additional_files/multiple_fixed_betaslopePCAWG2.RDS --sdRE_input ../data/assessing_models_simulation/additional_files/multiple_fixed_covmatPCAWG2.RDS
[Tue Mar 28 11:08:00 2023]
Finished job 2976.
6 of 1715 steps (0.35%) done

[Tue Mar 28 11:08:00 2023]
rule inference_simulation_TMB_multiple:
    input: ../data/assessing_models_simulation/datasets/multiple_GenerationJnorm_200_180_100_6_0_betainterceptPCAWG2_betaslopePCAWG2_covmatPCAWG2_dataset973.RDS
    output: ../data/assessing_models_simulation/inference_results/TMB/nlminb/multiple_GenerationJnorm_200_180_100_6_0_fullREDM_betainterceptPCAWG2_betaslopePCAWG2_covmatPCAWG2_dataset973.RDS
    log: logs/inference/nlminb/simulation_GenerationJnorm_200_180_100_6_0_ModelfullREDM_betainterceptPCAWG2_betaslopePCAWG2_covmatPCAWG2_dataset973.log
    jobid: 976
    wildcards: optimiser=nlminb, datasetgeneration=GenerationJnorm, n=200, nlambda=180, lmbda=100, d=6, beta_intensity=0, model=fullREDM, fixed_beta_intercept=betainterceptPCAWG2, fixed_beta_slope=betaslopePCAWG2, sdRE_input=covmatPCAWG2, itnum=973

Rscript 2_inference_TMB/run_TMB.R --input ../data/assessing_models_simulation/datasets/multiple_GenerationJnorm_200_180_100_6_0_betainterceptPCAWG2_betaslopePCAWG2_covmatPCAWG2_dataset973.RDS --output ../data/assessing_models_simulation/inference_results/TMB/nlminb/multiple_GenerationJnorm_200_180_100_6_0_fullREDM_betainterceptPCAWG2_betaslopePCAWG2_covmatPCAWG2_dataset973.RDS --model fullREDM --optimiser nlminb  --use_previous_run_startingvals T
[Tue Mar 28 11:08:43 2023]
Finished job 976.
7 of 1715 steps (0.41%) done

[Tue Mar 28 11:08:43 2023]
rule inference_simulation_TMB_multiple:
    input: ../data/assessing_models_simulation/datasets/multiple_GenerationJnorm_200_180_100_6_0_betainterceptPCAWG2_betaslopePCAWG2_covmatPCAWG2_dataset973.RDS
    output: ../data/assessing_models_simulation/inference_results/TMB/nlminb/multiple_GenerationJnorm_200_180_100_6_0_diagREDM_betainterceptPCAWG2_betaslopePCAWG2_covmatPCAWG2_dataset973.RDS
    log: logs/inference/nlminb/simulation_GenerationJnorm_200_180_100_6_0_ModeldiagREDM_betainterceptPCAWG2_betaslopePCAWG2_covmatPCAWG2_dataset973.log
    jobid: 1976
    wildcards: optimiser=nlminb, datasetgeneration=GenerationJnorm, n=200, nlambda=180, lmbda=100, d=6, beta_intensity=0, model=diagREDM, fixed_beta_intercept=betainterceptPCAWG2, fixed_beta_slope=betaslopePCAWG2, sdRE_input=covmatPCAWG2, itnum=973

Rscript 2_inference_TMB/run_TMB.R --input ../data/assessing_models_simulation/datasets/multiple_GenerationJnorm_200_180_100_6_0_betainterceptPCAWG2_betaslopePCAWG2_covmatPCAWG2_dataset973.RDS --output ../data/assessing_models_simulation/inference_results/TMB/nlminb/multiple_GenerationJnorm_200_180_100_6_0_diagREDM_betainterceptPCAWG2_betaslopePCAWG2_covmatPCAWG2_dataset973.RDS --model diagREDM --optimiser nlminb  --use_previous_run_startingvals T
[Tue Mar 28 11:09:14 2023]
Finished job 1976.
8 of 1715 steps (0.47%) done

[Tue Mar 28 11:09:14 2023]
rule simulate_for_comparison_multiple:
    input: ../data/assessing_models_simulation/GenerationJnorm
    output: ../data/assessing_models_simulation/datasets/multiple_GenerationJnorm_200_180_100_6_0_betainterceptPCAWG2_betaslopePCAWG2_covmatPCAWG2_dataset766.RDS
    jobid: 2769
    wildcards: datasetgeneration=GenerationJnorm, n=200, nlambda=180, lmbda=100, d=6, beta_intensity=0, fixed_beta_intercept=betainterceptPCAWG2, fixed_beta_slope=betaslopePCAWG2, sdRE_input=covmatPCAWG2, itnum=766

Rscript --vanilla 3_analysis/simulation_model_assessment/generate_datasets_simulations/GenerationJnorm.R --input ../data/assessing_models_simulation/GenerationJnorm --d 6 --n 200 --nlambda 180 --lambda 100 --beta_gamma_shape 0 --outfile ../data/assessing_models_simulation/datasets/multiple_GenerationJnorm_200_180_100_6_0_betainterceptPCAWG2_betaslopePCAWG2_covmatPCAWG2_dataset766.RDS --beta_intercept_input ../data/assessing_models_simulation/additional_files/multiple_fixed_betainterceptPCAWG2.RDS --beta_slope_input ../data/assessing_models_simulation/additional_files/multiple_fixed_betaslopePCAWG2.RDS --sdRE_input ../data/assessing_models_simulation/additional_files/multiple_fixed_covmatPCAWG2.RDS
[Tue Mar 28 11:09:16 2023]
Finished job 2769.
9 of 1715 steps (0.52%) done

[Tue Mar 28 11:09:16 2023]
rule inference_simulation_TMB_multiple:
    input: ../data/assessing_models_simulation/datasets/multiple_GenerationJnorm_200_180_100_6_0_betainterceptPCAWG2_betaslopePCAWG2_covmatPCAWG2_dataset766.RDS
    output: ../data/assessing_models_simulation/inference_results/TMB/nlminb/multiple_GenerationJnorm_200_180_100_6_0_fullREDM_betainterceptPCAWG2_betaslopePCAWG2_covmatPCAWG2_dataset766.RDS
    log: logs/inference/nlminb/simulation_GenerationJnorm_200_180_100_6_0_ModelfullREDM_betainterceptPCAWG2_betaslopePCAWG2_covmatPCAWG2_dataset766.log
    jobid: 769
    wildcards: optimiser=nlminb, datasetgeneration=GenerationJnorm, n=200, nlambda=180, lmbda=100, d=6, beta_intensity=0, model=fullREDM, fixed_beta_intercept=betainterceptPCAWG2, fixed_beta_slope=betaslopePCAWG2, sdRE_input=covmatPCAWG2, itnum=766

Rscript 2_inference_TMB/run_TMB.R --input ../data/assessing_models_simulation/datasets/multiple_GenerationJnorm_200_180_100_6_0_betainterceptPCAWG2_betaslopePCAWG2_covmatPCAWG2_dataset766.RDS --output ../data/assessing_models_simulation/inference_results/TMB/nlminb/multiple_GenerationJnorm_200_180_100_6_0_fullREDM_betainterceptPCAWG2_betaslopePCAWG2_covmatPCAWG2_dataset766.RDS --model fullREDM --optimiser nlminb  --use_previous_run_startingvals T
[Tue Mar 28 11:10:14 2023]
Error in rule inference_simulation_TMB_multiple:
    jobid: 769
    output: ../data/assessing_models_simulation/inference_results/TMB/nlminb/multiple_GenerationJnorm_200_180_100_6_0_fullREDM_betainterceptPCAWG2_betaslopePCAWG2_covmatPCAWG2_dataset766.RDS
    log: logs/inference/nlminb/simulation_GenerationJnorm_200_180_100_6_0_ModelfullREDM_betainterceptPCAWG2_betaslopePCAWG2_covmatPCAWG2_dataset766.log (check log file(s) for error message)
    shell:
        Rscript 2_inference_TMB/run_TMB.R --input ../data/assessing_models_simulation/datasets/multiple_GenerationJnorm_200_180_100_6_0_betainterceptPCAWG2_betaslopePCAWG2_covmatPCAWG2_dataset766.RDS --output ../data/assessing_models_simulation/inference_results/TMB/nlminb/multiple_GenerationJnorm_200_180_100_6_0_fullREDM_betainterceptPCAWG2_betaslopePCAWG2_covmatPCAWG2_dataset766.RDS --model fullREDM --optimiser nlminb  --use_previous_run_startingvals T

Shutting down, this might take some time.
Exiting because a job execution failed. Look above for error message
Complete log: /Users/morril01/Documents/PhD/GlobalDA/code/.snakemake/log/2023-03-28T110536.545896.snakemake.log
