Building DAG of jobs...
Using shell: /usr/local/bin/bash
Provided cores: 1
Rules claiming more threads will be scaled down.
Job counts:
	count	jobs
	1	all
	2	analyse_simulation_TMB_bias
	1336	inference_simulation_TMB_multiple
	667	simulate_for_comparison_multiple
	2006

[Sat May  6 23:09:29 2023]
rule inference_simulation_TMB_multiple:
    input: ../data/assessing_models_simulation/datasets/multiple_GenerationJnorm_200_14072_87_6_0_betainterceptPCAWG4_betaslopePCAWG4_covmatFULLPCAWG4_dataset813.RDS
    output: ../data/assessing_models_simulation/inference_results/TMB/nlminb/multiple_GenerationJnorm_200_14072_87_6_0_diagREDM_betainterceptPCAWG4_betaslopePCAWG4_covmatFULLPCAWG4_dataset813.RDS
    log: logs/inference/nlminb/simulation_GenerationJnorm_200_14072_87_6_0_ModeldiagREDM_betainterceptPCAWG4_betaslopePCAWG4_covmatFULLPCAWG4_dataset813.log
    jobid: 816
    wildcards: optimiser=nlminb, datasetgeneration=GenerationJnorm, n=200, nlambda=14072, lmbda=87, d=6, beta_intensity=0, model=diagREDM, fixed_beta_intercept=betainterceptPCAWG4, fixed_beta_slope=betaslopePCAWG4, sdRE_input=covmatFULLPCAWG4, itnum=813

Rscript 2_inference_TMB/run_TMB.R --input ../data/assessing_models_simulation/datasets/multiple_GenerationJnorm_200_14072_87_6_0_betainterceptPCAWG4_betaslopePCAWG4_covmatFULLPCAWG4_dataset813.RDS --output ../data/assessing_models_simulation/inference_results/TMB/nlminb/multiple_GenerationJnorm_200_14072_87_6_0_diagREDM_betainterceptPCAWG4_betaslopePCAWG4_covmatFULLPCAWG4_dataset813.RDS --model diagREDM --optimiser nlminb  --use_previous_run_startingvals T
[Sat May  6 23:10:02 2023]
Finished job 816.
1 of 2006 steps (0.05%) done

[Sat May  6 23:10:02 2023]
rule inference_simulation_TMB_multiple:
    input: ../data/assessing_models_simulation/datasets/multiple_GenerationJnorm_200_14072_87_6_0_betainterceptPCAWG4_betaslopePCAWG4_covmatFULLPCAWG4_dataset813.RDS
    output: ../data/assessing_models_simulation/inference_results/TMB/nlminb/multiple_GenerationJnorm_200_14072_87_6_0_fullREDM_betainterceptPCAWG4_betaslopePCAWG4_covmatFULLPCAWG4_dataset813.RDS
    log: logs/inference/nlminb/simulation_GenerationJnorm_200_14072_87_6_0_ModelfullREDM_betainterceptPCAWG4_betaslopePCAWG4_covmatFULLPCAWG4_dataset813.log
    jobid: 1816
    wildcards: optimiser=nlminb, datasetgeneration=GenerationJnorm, n=200, nlambda=14072, lmbda=87, d=6, beta_intensity=0, model=fullREDM, fixed_beta_intercept=betainterceptPCAWG4, fixed_beta_slope=betaslopePCAWG4, sdRE_input=covmatFULLPCAWG4, itnum=813

Rscript 2_inference_TMB/run_TMB.R --input ../data/assessing_models_simulation/datasets/multiple_GenerationJnorm_200_14072_87_6_0_betainterceptPCAWG4_betaslopePCAWG4_covmatFULLPCAWG4_dataset813.RDS --output ../data/assessing_models_simulation/inference_results/TMB/nlminb/multiple_GenerationJnorm_200_14072_87_6_0_fullREDM_betainterceptPCAWG4_betaslopePCAWG4_covmatFULLPCAWG4_dataset813.RDS --model fullREDM --optimiser nlminb  --use_previous_run_startingvals T
[Sat May  6 23:10:31 2023]
Finished job 1816.
2 of 2006 steps (0.10%) done

[Sat May  6 23:10:31 2023]
rule simulate_for_comparison_multiple:
    input: ../data/assessing_models_simulation/GenerationJnorm
    output: ../data/assessing_models_simulation/datasets/multiple_GenerationJnorm_200_14072_87_6_0_betainterceptPCAWG4_betaslopePCAWG4_covmatFULLPCAWG4_dataset302.RDS
    jobid: 2305
    wildcards: datasetgeneration=GenerationJnorm, n=200, nlambda=14072, lmbda=87, d=6, beta_intensity=0, fixed_beta_intercept=betainterceptPCAWG4, fixed_beta_slope=betaslopePCAWG4, sdRE_input=covmatFULLPCAWG4, itnum=302

Rscript --vanilla 3_analysis/simulation_model_assessment/generate_datasets_simulations/GenerationJnorm.R --input ../data/assessing_models_simulation/GenerationJnorm --d 6 --n 200 --nlambda 14072 --lambda 87 --beta_gamma_shape 0 --outfile ../data/assessing_models_simulation/datasets/multiple_GenerationJnorm_200_14072_87_6_0_betainterceptPCAWG4_betaslopePCAWG4_covmatFULLPCAWG4_dataset302.RDS --beta_intercept_input ../data/assessing_models_simulation/additional_files/multiple_fixed_betainterceptPCAWG4.RDS --beta_slope_input ../data/assessing_models_simulation/additional_files/multiple_fixed_betaslopePCAWG4.RDS --sdRE_input ../data/assessing_models_simulation/additional_files/multiple_fixed_covmatFULLPCAWG4.RDS
[Sat May  6 23:10:33 2023]
Finished job 2305.
3 of 2006 steps (0.15%) done

[Sat May  6 23:10:33 2023]
rule inference_simulation_TMB_multiple:
    input: ../data/assessing_models_simulation/datasets/multiple_GenerationJnorm_200_14072_87_6_0_betainterceptPCAWG4_betaslopePCAWG4_covmatFULLPCAWG4_dataset302.RDS
    output: ../data/assessing_models_simulation/inference_results/TMB/nlminb/multiple_GenerationJnorm_200_14072_87_6_0_diagREDM_betainterceptPCAWG4_betaslopePCAWG4_covmatFULLPCAWG4_dataset302.RDS
    log: logs/inference/nlminb/simulation_GenerationJnorm_200_14072_87_6_0_ModeldiagREDM_betainterceptPCAWG4_betaslopePCAWG4_covmatFULLPCAWG4_dataset302.log
    jobid: 305
    wildcards: optimiser=nlminb, datasetgeneration=GenerationJnorm, n=200, nlambda=14072, lmbda=87, d=6, beta_intensity=0, model=diagREDM, fixed_beta_intercept=betainterceptPCAWG4, fixed_beta_slope=betaslopePCAWG4, sdRE_input=covmatFULLPCAWG4, itnum=302

Rscript 2_inference_TMB/run_TMB.R --input ../data/assessing_models_simulation/datasets/multiple_GenerationJnorm_200_14072_87_6_0_betainterceptPCAWG4_betaslopePCAWG4_covmatFULLPCAWG4_dataset302.RDS --output ../data/assessing_models_simulation/inference_results/TMB/nlminb/multiple_GenerationJnorm_200_14072_87_6_0_diagREDM_betainterceptPCAWG4_betaslopePCAWG4_covmatFULLPCAWG4_dataset302.RDS --model diagREDM --optimiser nlminb  --use_previous_run_startingvals T
[Sat May  6 23:11:02 2023]
Finished job 305.
4 of 2006 steps (0.20%) done

[Sat May  6 23:11:02 2023]
rule inference_simulation_TMB_multiple:
    input: ../data/assessing_models_simulation/datasets/multiple_GenerationJnorm_200_14072_87_6_0_betainterceptPCAWG4_betaslopePCAWG4_covmatFULLPCAWG4_dataset302.RDS
    output: ../data/assessing_models_simulation/inference_results/TMB/nlminb/multiple_GenerationJnorm_200_14072_87_6_0_fullREDM_betainterceptPCAWG4_betaslopePCAWG4_covmatFULLPCAWG4_dataset302.RDS
    log: logs/inference/nlminb/simulation_GenerationJnorm_200_14072_87_6_0_ModelfullREDM_betainterceptPCAWG4_betaslopePCAWG4_covmatFULLPCAWG4_dataset302.log
    jobid: 1305
    wildcards: optimiser=nlminb, datasetgeneration=GenerationJnorm, n=200, nlambda=14072, lmbda=87, d=6, beta_intensity=0, model=fullREDM, fixed_beta_intercept=betainterceptPCAWG4, fixed_beta_slope=betaslopePCAWG4, sdRE_input=covmatFULLPCAWG4, itnum=302

Rscript 2_inference_TMB/run_TMB.R --input ../data/assessing_models_simulation/datasets/multiple_GenerationJnorm_200_14072_87_6_0_betainterceptPCAWG4_betaslopePCAWG4_covmatFULLPCAWG4_dataset302.RDS --output ../data/assessing_models_simulation/inference_results/TMB/nlminb/multiple_GenerationJnorm_200_14072_87_6_0_fullREDM_betainterceptPCAWG4_betaslopePCAWG4_covmatFULLPCAWG4_dataset302.RDS --model fullREDM --optimiser nlminb  --use_previous_run_startingvals T
[Sat May  6 23:11:48 2023]
Error in rule inference_simulation_TMB_multiple:
    jobid: 1305
    output: ../data/assessing_models_simulation/inference_results/TMB/nlminb/multiple_GenerationJnorm_200_14072_87_6_0_fullREDM_betainterceptPCAWG4_betaslopePCAWG4_covmatFULLPCAWG4_dataset302.RDS
    log: logs/inference/nlminb/simulation_GenerationJnorm_200_14072_87_6_0_ModelfullREDM_betainterceptPCAWG4_betaslopePCAWG4_covmatFULLPCAWG4_dataset302.log (check log file(s) for error message)
    shell:
        Rscript 2_inference_TMB/run_TMB.R --input ../data/assessing_models_simulation/datasets/multiple_GenerationJnorm_200_14072_87_6_0_betainterceptPCAWG4_betaslopePCAWG4_covmatFULLPCAWG4_dataset302.RDS --output ../data/assessing_models_simulation/inference_results/TMB/nlminb/multiple_GenerationJnorm_200_14072_87_6_0_fullREDM_betainterceptPCAWG4_betaslopePCAWG4_covmatFULLPCAWG4_dataset302.RDS --model fullREDM --optimiser nlminb  --use_previous_run_startingvals T

Shutting down, this might take some time.
Exiting because a job execution failed. Look above for error message
Complete log: /Users/morril01/Documents/PhD/GlobalDA/code/.snakemake/log/2023-05-06T230920.597720.snakemake.log
