Building DAG of jobs...
Using shell: /usr/local/bin/bash
Provided cores: 1
Rules claiming more threads will be scaled down.
Job counts:
	count	jobs
	1	all
	2	analyse_simulation_TMB_bias
	790	inference_simulation_TMB_multiple
	394	simulate_for_comparison_multiple
	1187

[Fri Mar 17 17:16:40 2023]
rule inference_simulation_TMB_multiple:
    input: ../data/assessing_models_simulation/datasets/multiple_GenerationJnorm_200_180_20_8_0_betainterceptPCAWG1_betaslopePCAWG1_covmatPCAWG1_dataset446.RDS
    output: ../data/assessing_models_simulation/inference_results/TMB/nlminb/multiple_GenerationJnorm_200_180_20_8_0_diagREDM_betainterceptPCAWG1_betaslopePCAWG1_covmatPCAWG1_dataset446.RDS
    log: logs/inference/nlminb/simulation_GenerationJnorm_200_180_20_8_0_ModeldiagREDM_betainterceptPCAWG1_betaslopePCAWG1_covmatPCAWG1_dataset446.log
    jobid: 1449
    wildcards: optimiser=nlminb, datasetgeneration=GenerationJnorm, n=200, nlambda=180, lmbda=20, d=8, beta_intensity=0, model=diagREDM, fixed_beta_intercept=betainterceptPCAWG1, fixed_beta_slope=betaslopePCAWG1, sdRE_input=covmatPCAWG1, itnum=446

Rscript 2_inference_TMB/run_TMB.R --input ../data/assessing_models_simulation/datasets/multiple_GenerationJnorm_200_180_20_8_0_betainterceptPCAWG1_betaslopePCAWG1_covmatPCAWG1_dataset446.RDS --output ../data/assessing_models_simulation/inference_results/TMB/nlminb/multiple_GenerationJnorm_200_180_20_8_0_diagREDM_betainterceptPCAWG1_betaslopePCAWG1_covmatPCAWG1_dataset446.RDS --model diagREDM --optimiser nlminb  --use_previous_run_startingvals T
[Fri Mar 17 17:17:32 2023]
Finished job 1449.
1 of 1187 steps (0.08%) done

[Fri Mar 17 17:17:32 2023]
rule inference_simulation_TMB_multiple:
    input: ../data/assessing_models_simulation/datasets/multiple_GenerationJnorm_200_180_20_8_0_betainterceptPCAWG1_betaslopePCAWG1_covmatPCAWG1_dataset446.RDS
    output: ../data/assessing_models_simulation/inference_results/TMB/nlminb/multiple_GenerationJnorm_200_180_20_8_0_fullREDM_betainterceptPCAWG1_betaslopePCAWG1_covmatPCAWG1_dataset446.RDS
    log: logs/inference/nlminb/simulation_GenerationJnorm_200_180_20_8_0_ModelfullREDM_betainterceptPCAWG1_betaslopePCAWG1_covmatPCAWG1_dataset446.log
    jobid: 449
    wildcards: optimiser=nlminb, datasetgeneration=GenerationJnorm, n=200, nlambda=180, lmbda=20, d=8, beta_intensity=0, model=fullREDM, fixed_beta_intercept=betainterceptPCAWG1, fixed_beta_slope=betaslopePCAWG1, sdRE_input=covmatPCAWG1, itnum=446

Rscript 2_inference_TMB/run_TMB.R --input ../data/assessing_models_simulation/datasets/multiple_GenerationJnorm_200_180_20_8_0_betainterceptPCAWG1_betaslopePCAWG1_covmatPCAWG1_dataset446.RDS --output ../data/assessing_models_simulation/inference_results/TMB/nlminb/multiple_GenerationJnorm_200_180_20_8_0_fullREDM_betainterceptPCAWG1_betaslopePCAWG1_covmatPCAWG1_dataset446.RDS --model fullREDM --optimiser nlminb  --use_previous_run_startingvals T
[Fri Mar 17 17:18:39 2023]
Finished job 449.
2 of 1187 steps (0.17%) done

[Fri Mar 17 17:18:39 2023]
rule simulate_for_comparison_multiple:
    input: ../data/assessing_models_simulation/GenerationJnorm
    output: ../data/assessing_models_simulation/datasets/multiple_GenerationJnorm_200_180_20_8_0_betainterceptPCAWG1_betaslopePCAWG1_covmatPCAWG1_dataset101.RDS
    jobid: 2104
    wildcards: datasetgeneration=GenerationJnorm, n=200, nlambda=180, lmbda=20, d=8, beta_intensity=0, fixed_beta_intercept=betainterceptPCAWG1, fixed_beta_slope=betaslopePCAWG1, sdRE_input=covmatPCAWG1, itnum=101

Rscript --vanilla 3_analysis/simulation_model_assessment/generate_datasets_simulations/GenerationJnorm.R --input ../data/assessing_models_simulation/GenerationJnorm --d 8 --n 200 --nlambda 180 --lambda 20 --beta_gamma_shape 0 --outfile ../data/assessing_models_simulation/datasets/multiple_GenerationJnorm_200_180_20_8_0_betainterceptPCAWG1_betaslopePCAWG1_covmatPCAWG1_dataset101.RDS --beta_intercept_input ../data/assessing_models_simulation/additional_files/multiple_fixed_betainterceptPCAWG1.RDS --beta_slope_input ../data/assessing_models_simulation/additional_files/multiple_fixed_betaslopePCAWG1.RDS --sdRE_input ../data/assessing_models_simulation/additional_files/multiple_fixed_covmatPCAWG1.RDS
[Fri Mar 17 17:18:41 2023]
Finished job 2104.
3 of 1187 steps (0.25%) done

[Fri Mar 17 17:18:41 2023]
rule inference_simulation_TMB_multiple:
    input: ../data/assessing_models_simulation/datasets/multiple_GenerationJnorm_200_180_20_8_0_betainterceptPCAWG1_betaslopePCAWG1_covmatPCAWG1_dataset101.RDS
    output: ../data/assessing_models_simulation/inference_results/TMB/nlminb/multiple_GenerationJnorm_200_180_20_8_0_fullREDM_betainterceptPCAWG1_betaslopePCAWG1_covmatPCAWG1_dataset101.RDS
    log: logs/inference/nlminb/simulation_GenerationJnorm_200_180_20_8_0_ModelfullREDM_betainterceptPCAWG1_betaslopePCAWG1_covmatPCAWG1_dataset101.log
    jobid: 104
    wildcards: optimiser=nlminb, datasetgeneration=GenerationJnorm, n=200, nlambda=180, lmbda=20, d=8, beta_intensity=0, model=fullREDM, fixed_beta_intercept=betainterceptPCAWG1, fixed_beta_slope=betaslopePCAWG1, sdRE_input=covmatPCAWG1, itnum=101

Rscript 2_inference_TMB/run_TMB.R --input ../data/assessing_models_simulation/datasets/multiple_GenerationJnorm_200_180_20_8_0_betainterceptPCAWG1_betaslopePCAWG1_covmatPCAWG1_dataset101.RDS --output ../data/assessing_models_simulation/inference_results/TMB/nlminb/multiple_GenerationJnorm_200_180_20_8_0_fullREDM_betainterceptPCAWG1_betaslopePCAWG1_covmatPCAWG1_dataset101.RDS --model fullREDM --optimiser nlminb  --use_previous_run_startingvals T
[Fri Mar 17 17:20:13 2023]
Finished job 104.
4 of 1187 steps (0.34%) done

[Fri Mar 17 17:20:13 2023]
rule inference_simulation_TMB_multiple:
    input: ../data/assessing_models_simulation/datasets/multiple_GenerationJnorm_200_180_20_8_0_betainterceptPCAWG1_betaslopePCAWG1_covmatPCAWG1_dataset101.RDS
    output: ../data/assessing_models_simulation/inference_results/TMB/nlminb/multiple_GenerationJnorm_200_180_20_8_0_diagREDM_betainterceptPCAWG1_betaslopePCAWG1_covmatPCAWG1_dataset101.RDS
    log: logs/inference/nlminb/simulation_GenerationJnorm_200_180_20_8_0_ModeldiagREDM_betainterceptPCAWG1_betaslopePCAWG1_covmatPCAWG1_dataset101.log
    jobid: 1104
    wildcards: optimiser=nlminb, datasetgeneration=GenerationJnorm, n=200, nlambda=180, lmbda=20, d=8, beta_intensity=0, model=diagREDM, fixed_beta_intercept=betainterceptPCAWG1, fixed_beta_slope=betaslopePCAWG1, sdRE_input=covmatPCAWG1, itnum=101

Rscript 2_inference_TMB/run_TMB.R --input ../data/assessing_models_simulation/datasets/multiple_GenerationJnorm_200_180_20_8_0_betainterceptPCAWG1_betaslopePCAWG1_covmatPCAWG1_dataset101.RDS --output ../data/assessing_models_simulation/inference_results/TMB/nlminb/multiple_GenerationJnorm_200_180_20_8_0_diagREDM_betainterceptPCAWG1_betaslopePCAWG1_covmatPCAWG1_dataset101.RDS --model diagREDM --optimiser nlminb  --use_previous_run_startingvals T
[Fri Mar 17 17:21:02 2023]
Finished job 1104.
5 of 1187 steps (0.42%) done

[Fri Mar 17 17:21:02 2023]
rule simulate_for_comparison_multiple:
    input: ../data/assessing_models_simulation/GenerationJnorm
    output: ../data/assessing_models_simulation/datasets/multiple_GenerationJnorm_200_180_20_8_0_betainterceptPCAWG1_betaslopePCAWG1_covmatPCAWG1_dataset861.RDS
    jobid: 2864
    wildcards: datasetgeneration=GenerationJnorm, n=200, nlambda=180, lmbda=20, d=8, beta_intensity=0, fixed_beta_intercept=betainterceptPCAWG1, fixed_beta_slope=betaslopePCAWG1, sdRE_input=covmatPCAWG1, itnum=861

Rscript --vanilla 3_analysis/simulation_model_assessment/generate_datasets_simulations/GenerationJnorm.R --input ../data/assessing_models_simulation/GenerationJnorm --d 8 --n 200 --nlambda 180 --lambda 20 --beta_gamma_shape 0 --outfile ../data/assessing_models_simulation/datasets/multiple_GenerationJnorm_200_180_20_8_0_betainterceptPCAWG1_betaslopePCAWG1_covmatPCAWG1_dataset861.RDS --beta_intercept_input ../data/assessing_models_simulation/additional_files/multiple_fixed_betainterceptPCAWG1.RDS --beta_slope_input ../data/assessing_models_simulation/additional_files/multiple_fixed_betaslopePCAWG1.RDS --sdRE_input ../data/assessing_models_simulation/additional_files/multiple_fixed_covmatPCAWG1.RDS
[Fri Mar 17 17:21:04 2023]
Finished job 2864.
6 of 1187 steps (0.51%) done

[Fri Mar 17 17:21:04 2023]
rule inference_simulation_TMB_multiple:
    input: ../data/assessing_models_simulation/datasets/multiple_GenerationJnorm_200_180_20_8_0_betainterceptPCAWG1_betaslopePCAWG1_covmatPCAWG1_dataset861.RDS
    output: ../data/assessing_models_simulation/inference_results/TMB/nlminb/multiple_GenerationJnorm_200_180_20_8_0_fullREDM_betainterceptPCAWG1_betaslopePCAWG1_covmatPCAWG1_dataset861.RDS
    log: logs/inference/nlminb/simulation_GenerationJnorm_200_180_20_8_0_ModelfullREDM_betainterceptPCAWG1_betaslopePCAWG1_covmatPCAWG1_dataset861.log
    jobid: 864
    wildcards: optimiser=nlminb, datasetgeneration=GenerationJnorm, n=200, nlambda=180, lmbda=20, d=8, beta_intensity=0, model=fullREDM, fixed_beta_intercept=betainterceptPCAWG1, fixed_beta_slope=betaslopePCAWG1, sdRE_input=covmatPCAWG1, itnum=861

Rscript 2_inference_TMB/run_TMB.R --input ../data/assessing_models_simulation/datasets/multiple_GenerationJnorm_200_180_20_8_0_betainterceptPCAWG1_betaslopePCAWG1_covmatPCAWG1_dataset861.RDS --output ../data/assessing_models_simulation/inference_results/TMB/nlminb/multiple_GenerationJnorm_200_180_20_8_0_fullREDM_betainterceptPCAWG1_betaslopePCAWG1_covmatPCAWG1_dataset861.RDS --model fullREDM --optimiser nlminb  --use_previous_run_startingvals T
[Fri Mar 17 17:22:26 2023]
Finished job 864.
7 of 1187 steps (0.59%) done

[Fri Mar 17 17:22:26 2023]
rule inference_simulation_TMB_multiple:
    input: ../data/assessing_models_simulation/datasets/multiple_GenerationJnorm_200_180_20_8_0_betainterceptPCAWG1_betaslopePCAWG1_covmatPCAWG1_dataset861.RDS
    output: ../data/assessing_models_simulation/inference_results/TMB/nlminb/multiple_GenerationJnorm_200_180_20_8_0_diagREDM_betainterceptPCAWG1_betaslopePCAWG1_covmatPCAWG1_dataset861.RDS
    log: logs/inference/nlminb/simulation_GenerationJnorm_200_180_20_8_0_ModeldiagREDM_betainterceptPCAWG1_betaslopePCAWG1_covmatPCAWG1_dataset861.log
    jobid: 1864
    wildcards: optimiser=nlminb, datasetgeneration=GenerationJnorm, n=200, nlambda=180, lmbda=20, d=8, beta_intensity=0, model=diagREDM, fixed_beta_intercept=betainterceptPCAWG1, fixed_beta_slope=betaslopePCAWG1, sdRE_input=covmatPCAWG1, itnum=861

Rscript 2_inference_TMB/run_TMB.R --input ../data/assessing_models_simulation/datasets/multiple_GenerationJnorm_200_180_20_8_0_betainterceptPCAWG1_betaslopePCAWG1_covmatPCAWG1_dataset861.RDS --output ../data/assessing_models_simulation/inference_results/TMB/nlminb/multiple_GenerationJnorm_200_180_20_8_0_diagREDM_betainterceptPCAWG1_betaslopePCAWG1_covmatPCAWG1_dataset861.RDS --model diagREDM --optimiser nlminb  --use_previous_run_startingvals T
[Fri Mar 17 17:23:20 2023]
Finished job 1864.
8 of 1187 steps (0.67%) done

[Fri Mar 17 17:23:20 2023]
rule simulate_for_comparison_multiple:
    input: ../data/assessing_models_simulation/GenerationJnorm
    output: ../data/assessing_models_simulation/datasets/multiple_GenerationJnorm_200_180_20_8_0_betainterceptPCAWG1_betaslopePCAWG1_covmatPCAWG1_dataset681.RDS
    jobid: 2684
    wildcards: datasetgeneration=GenerationJnorm, n=200, nlambda=180, lmbda=20, d=8, beta_intensity=0, fixed_beta_intercept=betainterceptPCAWG1, fixed_beta_slope=betaslopePCAWG1, sdRE_input=covmatPCAWG1, itnum=681

Rscript --vanilla 3_analysis/simulation_model_assessment/generate_datasets_simulations/GenerationJnorm.R --input ../data/assessing_models_simulation/GenerationJnorm --d 8 --n 200 --nlambda 180 --lambda 20 --beta_gamma_shape 0 --outfile ../data/assessing_models_simulation/datasets/multiple_GenerationJnorm_200_180_20_8_0_betainterceptPCAWG1_betaslopePCAWG1_covmatPCAWG1_dataset681.RDS --beta_intercept_input ../data/assessing_models_simulation/additional_files/multiple_fixed_betainterceptPCAWG1.RDS --beta_slope_input ../data/assessing_models_simulation/additional_files/multiple_fixed_betaslopePCAWG1.RDS --sdRE_input ../data/assessing_models_simulation/additional_files/multiple_fixed_covmatPCAWG1.RDS
[Fri Mar 17 17:23:22 2023]
Finished job 2684.
9 of 1187 steps (0.76%) done

[Fri Mar 17 17:23:22 2023]
rule inference_simulation_TMB_multiple:
    input: ../data/assessing_models_simulation/datasets/multiple_GenerationJnorm_200_180_20_8_0_betainterceptPCAWG1_betaslopePCAWG1_covmatPCAWG1_dataset681.RDS
    output: ../data/assessing_models_simulation/inference_results/TMB/nlminb/multiple_GenerationJnorm_200_180_20_8_0_fullREDM_betainterceptPCAWG1_betaslopePCAWG1_covmatPCAWG1_dataset681.RDS
    log: logs/inference/nlminb/simulation_GenerationJnorm_200_180_20_8_0_ModelfullREDM_betainterceptPCAWG1_betaslopePCAWG1_covmatPCAWG1_dataset681.log
    jobid: 684
    wildcards: optimiser=nlminb, datasetgeneration=GenerationJnorm, n=200, nlambda=180, lmbda=20, d=8, beta_intensity=0, model=fullREDM, fixed_beta_intercept=betainterceptPCAWG1, fixed_beta_slope=betaslopePCAWG1, sdRE_input=covmatPCAWG1, itnum=681

Rscript 2_inference_TMB/run_TMB.R --input ../data/assessing_models_simulation/datasets/multiple_GenerationJnorm_200_180_20_8_0_betainterceptPCAWG1_betaslopePCAWG1_covmatPCAWG1_dataset681.RDS --output ../data/assessing_models_simulation/inference_results/TMB/nlminb/multiple_GenerationJnorm_200_180_20_8_0_fullREDM_betainterceptPCAWG1_betaslopePCAWG1_covmatPCAWG1_dataset681.RDS --model fullREDM --optimiser nlminb  --use_previous_run_startingvals T
[Fri Mar 17 17:25:34 2023]
Error in rule inference_simulation_TMB_multiple:
    jobid: 684
    output: ../data/assessing_models_simulation/inference_results/TMB/nlminb/multiple_GenerationJnorm_200_180_20_8_0_fullREDM_betainterceptPCAWG1_betaslopePCAWG1_covmatPCAWG1_dataset681.RDS
    log: logs/inference/nlminb/simulation_GenerationJnorm_200_180_20_8_0_ModelfullREDM_betainterceptPCAWG1_betaslopePCAWG1_covmatPCAWG1_dataset681.log (check log file(s) for error message)
    shell:
        Rscript 2_inference_TMB/run_TMB.R --input ../data/assessing_models_simulation/datasets/multiple_GenerationJnorm_200_180_20_8_0_betainterceptPCAWG1_betaslopePCAWG1_covmatPCAWG1_dataset681.RDS --output ../data/assessing_models_simulation/inference_results/TMB/nlminb/multiple_GenerationJnorm_200_180_20_8_0_fullREDM_betainterceptPCAWG1_betaslopePCAWG1_covmatPCAWG1_dataset681.RDS --model fullREDM --optimiser nlminb  --use_previous_run_startingvals T

Shutting down, this might take some time.
Exiting because a job execution failed. Look above for error message
Complete log: /Users/morril01/Documents/PhD/GlobalDA/code/.snakemake/log/2023-03-17T171634.618448.snakemake.log
