Building DAG of jobs...
Using shell: /usr/local/bin/bash
Provided cores: 1
Rules claiming more threads will be scaled down.
Job counts:
	count	jobs
	1	all
	2	analyse_simulation_TMB_bias
	1649	inference_simulation_TMB_multiple
	824	simulate_for_comparison_multiple
	2476

[Thu Mar  9 10:54:18 2023]
rule inference_simulation_TMB_multiple:
    input: ../data/assessing_models_simulation/datasets/multiple_GenerationJnorm_200_180_0.06_8_0_betainterceptPCAWG1_betaslopePCAWG1_covmatPCAWG1_dataset213.RDS
    output: ../data/assessing_models_simulation/inference_results/TMB/nlminb/multiple_GenerationJnorm_200_180_0.06_8_0_fullREDM_betainterceptPCAWG1_betaslopePCAWG1_covmatPCAWG1_dataset213.RDS
    log: logs/inference/nlminb/simulation_GenerationJnorm_200_180_0.06_8_0_ModelfullREDM_betainterceptPCAWG1_betaslopePCAWG1_covmatPCAWG1_dataset213.log
    jobid: 216
    wildcards: optimiser=nlminb, datasetgeneration=GenerationJnorm, n=200, nlambda=180, lmbda=0.06, d=8, beta_intensity=0, model=fullREDM, fixed_beta_intercept=betainterceptPCAWG1, fixed_beta_slope=betaslopePCAWG1, sdRE_input=covmatPCAWG1, itnum=213

Rscript 2_inference_TMB/run_TMB.R --input ../data/assessing_models_simulation/datasets/multiple_GenerationJnorm_200_180_0.06_8_0_betainterceptPCAWG1_betaslopePCAWG1_covmatPCAWG1_dataset213.RDS --output ../data/assessing_models_simulation/inference_results/TMB/nlminb/multiple_GenerationJnorm_200_180_0.06_8_0_fullREDM_betainterceptPCAWG1_betaslopePCAWG1_covmatPCAWG1_dataset213.RDS --model fullREDM --optimiser nlminb  --use_previous_run_startingvals T
[Thu Mar  9 10:55:56 2023]
Finished job 216.
1 of 2476 steps (0.04%) done

[Thu Mar  9 10:55:56 2023]
rule simulate_for_comparison_multiple:
    input: ../data/assessing_models_simulation/GenerationJnorm
    output: ../data/assessing_models_simulation/datasets/multiple_GenerationJnorm_200_180_0.06_8_0_betainterceptPCAWG1_betaslopePCAWG1_covmatPCAWG1_dataset184.RDS
    jobid: 2187
    wildcards: datasetgeneration=GenerationJnorm, n=200, nlambda=180, lmbda=0.06, d=8, beta_intensity=0, fixed_beta_intercept=betainterceptPCAWG1, fixed_beta_slope=betaslopePCAWG1, sdRE_input=covmatPCAWG1, itnum=184

Rscript --vanilla 3_analysis/simulation_model_assessment/generate_datasets_simulations/GenerationJnorm.R --input ../data/assessing_models_simulation/GenerationJnorm --d 8 --n 200 --nlambda 180 --lambda 0.06 --beta_gamma_shape 0 --outfile ../data/assessing_models_simulation/datasets/multiple_GenerationJnorm_200_180_0.06_8_0_betainterceptPCAWG1_betaslopePCAWG1_covmatPCAWG1_dataset184.RDS --beta_intercept_input ../data/assessing_models_simulation/additional_files/multiple_fixed_betainterceptPCAWG1.RDS --beta_slope_input ../data/assessing_models_simulation/additional_files/multiple_fixed_betaslopePCAWG1.RDS --sdRE_input ../data/assessing_models_simulation/additional_files/multiple_fixed_covmatPCAWG1.RDS
[Thu Mar  9 10:55:58 2023]
Finished job 2187.
2 of 2476 steps (0.08%) done

[Thu Mar  9 10:55:58 2023]
rule inference_simulation_TMB_multiple:
    input: ../data/assessing_models_simulation/datasets/multiple_GenerationJnorm_200_180_0.06_8_0_betainterceptPCAWG1_betaslopePCAWG1_covmatPCAWG1_dataset184.RDS
    output: ../data/assessing_models_simulation/inference_results/TMB/nlminb/multiple_GenerationJnorm_200_180_0.06_8_0_diagREDM_betainterceptPCAWG1_betaslopePCAWG1_covmatPCAWG1_dataset184.RDS
    log: logs/inference/nlminb/simulation_GenerationJnorm_200_180_0.06_8_0_ModeldiagREDM_betainterceptPCAWG1_betaslopePCAWG1_covmatPCAWG1_dataset184.log
    jobid: 1187
    wildcards: optimiser=nlminb, datasetgeneration=GenerationJnorm, n=200, nlambda=180, lmbda=0.06, d=8, beta_intensity=0, model=diagREDM, fixed_beta_intercept=betainterceptPCAWG1, fixed_beta_slope=betaslopePCAWG1, sdRE_input=covmatPCAWG1, itnum=184

Rscript 2_inference_TMB/run_TMB.R --input ../data/assessing_models_simulation/datasets/multiple_GenerationJnorm_200_180_0.06_8_0_betainterceptPCAWG1_betaslopePCAWG1_covmatPCAWG1_dataset184.RDS --output ../data/assessing_models_simulation/inference_results/TMB/nlminb/multiple_GenerationJnorm_200_180_0.06_8_0_diagREDM_betainterceptPCAWG1_betaslopePCAWG1_covmatPCAWG1_dataset184.RDS --model diagREDM --optimiser nlminb  --use_previous_run_startingvals T
[Thu Mar  9 10:57:10 2023]
Finished job 1187.
3 of 2476 steps (0.12%) done

[Thu Mar  9 10:57:10 2023]
rule inference_simulation_TMB_multiple:
    input: ../data/assessing_models_simulation/datasets/multiple_GenerationJnorm_200_180_0.06_8_0_betainterceptPCAWG1_betaslopePCAWG1_covmatPCAWG1_dataset184.RDS
    output: ../data/assessing_models_simulation/inference_results/TMB/nlminb/multiple_GenerationJnorm_200_180_0.06_8_0_fullREDM_betainterceptPCAWG1_betaslopePCAWG1_covmatPCAWG1_dataset184.RDS
    log: logs/inference/nlminb/simulation_GenerationJnorm_200_180_0.06_8_0_ModelfullREDM_betainterceptPCAWG1_betaslopePCAWG1_covmatPCAWG1_dataset184.log
    jobid: 187
    wildcards: optimiser=nlminb, datasetgeneration=GenerationJnorm, n=200, nlambda=180, lmbda=0.06, d=8, beta_intensity=0, model=fullREDM, fixed_beta_intercept=betainterceptPCAWG1, fixed_beta_slope=betaslopePCAWG1, sdRE_input=covmatPCAWG1, itnum=184

Rscript 2_inference_TMB/run_TMB.R --input ../data/assessing_models_simulation/datasets/multiple_GenerationJnorm_200_180_0.06_8_0_betainterceptPCAWG1_betaslopePCAWG1_covmatPCAWG1_dataset184.RDS --output ../data/assessing_models_simulation/inference_results/TMB/nlminb/multiple_GenerationJnorm_200_180_0.06_8_0_fullREDM_betainterceptPCAWG1_betaslopePCAWG1_covmatPCAWG1_dataset184.RDS --model fullREDM --optimiser nlminb  --use_previous_run_startingvals T
[Thu Mar  9 10:58:52 2023]
Error in rule inference_simulation_TMB_multiple:
    jobid: 187
    output: ../data/assessing_models_simulation/inference_results/TMB/nlminb/multiple_GenerationJnorm_200_180_0.06_8_0_fullREDM_betainterceptPCAWG1_betaslopePCAWG1_covmatPCAWG1_dataset184.RDS
    log: logs/inference/nlminb/simulation_GenerationJnorm_200_180_0.06_8_0_ModelfullREDM_betainterceptPCAWG1_betaslopePCAWG1_covmatPCAWG1_dataset184.log (check log file(s) for error message)
    shell:
        Rscript 2_inference_TMB/run_TMB.R --input ../data/assessing_models_simulation/datasets/multiple_GenerationJnorm_200_180_0.06_8_0_betainterceptPCAWG1_betaslopePCAWG1_covmatPCAWG1_dataset184.RDS --output ../data/assessing_models_simulation/inference_results/TMB/nlminb/multiple_GenerationJnorm_200_180_0.06_8_0_fullREDM_betainterceptPCAWG1_betaslopePCAWG1_covmatPCAWG1_dataset184.RDS --model fullREDM --optimiser nlminb  --use_previous_run_startingvals T

Shutting down, this might take some time.
Exiting because a job execution failed. Look above for error message
Complete log: /Users/morril01/Documents/PhD/GlobalDA/code/.snakemake/log/2023-03-09T105410.315909.snakemake.log
