Building DAG of jobs...
Using shell: /usr/local/bin/bash
Provided cores: 1
Rules claiming more threads will be scaled down.
Job counts:
	count	jobs
	1	all
	2	analyse_simulation_TMB_bias
	1168	inference_simulation_TMB_multiple
	583	simulate_for_comparison_multiple
	1754

[Fri May  5 13:13:17 2023]
rule inference_simulation_TMB_multiple:
    input: ../data/assessing_models_simulation/datasets/multiple_GenerationJnorm_200_14072_80_6_0_betainterceptPCAWG4_betaslopePCAWG4_covmatPCAWG4_dataset572.RDS
    output: ../data/assessing_models_simulation/inference_results/TMB/nlminb/multiple_GenerationJnorm_200_14072_80_6_0_diagREDM_betainterceptPCAWG4_betaslopePCAWG4_covmatPCAWG4_dataset572.RDS
    log: logs/inference/nlminb/simulation_GenerationJnorm_200_14072_80_6_0_ModeldiagREDM_betainterceptPCAWG4_betaslopePCAWG4_covmatPCAWG4_dataset572.log
    jobid: 575
    wildcards: optimiser=nlminb, datasetgeneration=GenerationJnorm, n=200, nlambda=14072, lmbda=80, d=6, beta_intensity=0, model=diagREDM, fixed_beta_intercept=betainterceptPCAWG4, fixed_beta_slope=betaslopePCAWG4, sdRE_input=covmatPCAWG4, itnum=572

Rscript 2_inference_TMB/run_TMB.R --input ../data/assessing_models_simulation/datasets/multiple_GenerationJnorm_200_14072_80_6_0_betainterceptPCAWG4_betaslopePCAWG4_covmatPCAWG4_dataset572.RDS --output ../data/assessing_models_simulation/inference_results/TMB/nlminb/multiple_GenerationJnorm_200_14072_80_6_0_diagREDM_betainterceptPCAWG4_betaslopePCAWG4_covmatPCAWG4_dataset572.RDS --model diagREDM --optimiser nlminb  --use_previous_run_startingvals T
[Fri May  5 13:13:20 2023]
Error in rule inference_simulation_TMB_multiple:
    jobid: 575
    output: ../data/assessing_models_simulation/inference_results/TMB/nlminb/multiple_GenerationJnorm_200_14072_80_6_0_diagREDM_betainterceptPCAWG4_betaslopePCAWG4_covmatPCAWG4_dataset572.RDS
    log: logs/inference/nlminb/simulation_GenerationJnorm_200_14072_80_6_0_ModeldiagREDM_betainterceptPCAWG4_betaslopePCAWG4_covmatPCAWG4_dataset572.log (check log file(s) for error message)
    shell:
        Rscript 2_inference_TMB/run_TMB.R --input ../data/assessing_models_simulation/datasets/multiple_GenerationJnorm_200_14072_80_6_0_betainterceptPCAWG4_betaslopePCAWG4_covmatPCAWG4_dataset572.RDS --output ../data/assessing_models_simulation/inference_results/TMB/nlminb/multiple_GenerationJnorm_200_14072_80_6_0_diagREDM_betainterceptPCAWG4_betaslopePCAWG4_covmatPCAWG4_dataset572.RDS --model diagREDM --optimiser nlminb  --use_previous_run_startingvals T

Shutting down, this might take some time.
Exiting because a job execution failed. Look above for error message
Complete log: /Users/morril01/Documents/PhD/GlobalDA/code/.snakemake/log/2023-05-05T131308.099997.snakemake.log
