Building DAG of jobs...
Using shell: /usr/local/bin/bash
Provided cores: 1
Rules claiming more threads will be scaled down.
Job counts:
	count	jobs
	1	all
	2	analyse_simulation_TMB_bias
	1516	inference_simulation_TMB_multiple
	757	simulate_for_comparison_multiple
	2276

[Thu May  4 08:41:28 2023]
rule inference_simulation_TMB_multiple:
    input: ../data/assessing_models_simulation/datasets/multiple_GenerationJnorm_208_1516_32_14_0_betainterceptPCAWG3_betaslopePCAWG3_covmatPCAWG3_dataset73.RDS
    output: ../data/assessing_models_simulation/inference_results/TMB/nlminb/multiple_GenerationJnorm_208_1516_32_14_0_fullREDM_betainterceptPCAWG3_betaslopePCAWG3_covmatPCAWG3_dataset73.RDS
    log: logs/inference/nlminb/simulation_GenerationJnorm_208_1516_32_14_0_ModelfullREDM_betainterceptPCAWG3_betaslopePCAWG3_covmatPCAWG3_dataset73.log
    jobid: 1076
    wildcards: optimiser=nlminb, datasetgeneration=GenerationJnorm, n=208, nlambda=1516, lmbda=32, d=14, beta_intensity=0, model=fullREDM, fixed_beta_intercept=betainterceptPCAWG3, fixed_beta_slope=betaslopePCAWG3, sdRE_input=covmatPCAWG3, itnum=73

Rscript 2_inference_TMB/run_TMB.R --input ../data/assessing_models_simulation/datasets/multiple_GenerationJnorm_208_1516_32_14_0_betainterceptPCAWG3_betaslopePCAWG3_covmatPCAWG3_dataset73.RDS --output ../data/assessing_models_simulation/inference_results/TMB/nlminb/multiple_GenerationJnorm_208_1516_32_14_0_fullREDM_betainterceptPCAWG3_betaslopePCAWG3_covmatPCAWG3_dataset73.RDS --model fullREDM --optimiser nlminb  --use_previous_run_startingvals T
Waiting at most 5 seconds for missing files.
MissingOutputException in line 573 of /Users/morril01/Documents/PhD/GlobalDA/code/Snakefile:
Missing files after 5 seconds:
../data/assessing_models_simulation/inference_results/TMB/nlminb/multiple_GenerationJnorm_208_1516_32_14_0_fullREDM_betainterceptPCAWG3_betaslopePCAWG3_covmatPCAWG3_dataset73.RDS
This might be due to filesystem latency. If that is the case, consider to increase the wait time with --latency-wait.
Shutting down, this might take some time.
Exiting because a job execution failed. Look above for error message
Complete log: /Users/morril01/Documents/PhD/GlobalDA/code/.snakemake/log/2023-05-04T084120.353156.snakemake.log
