Building DAG of jobs...
Using shell: /usr/local/bin/bash
Provided cores: 1
Rules claiming more threads will be scaled down.
Job counts:
	count	jobs
	1	all
	2	analyse_simulation_TMB_bias
	1521	inference_simulation_TMB_multiple
	760	simulate_for_comparison_multiple
	2284

[Sat May  6 19:35:16 2023]
rule inference_simulation_TMB_multiple:
    input: ../data/assessing_models_simulation/datasets/multiple_GenerationJnorm_200_14072_87_6_0_betainterceptPCAWG4_betaslopePCAWG4_covmatFULLPCAWG4_dataset164.RDS
    output: ../data/assessing_models_simulation/inference_results/TMB/nlminb/multiple_GenerationJnorm_200_14072_87_6_0_fullREDM_betainterceptPCAWG4_betaslopePCAWG4_covmatFULLPCAWG4_dataset164.RDS
    log: logs/inference/nlminb/simulation_GenerationJnorm_200_14072_87_6_0_ModelfullREDM_betainterceptPCAWG4_betaslopePCAWG4_covmatFULLPCAWG4_dataset164.log
    jobid: 1167
    wildcards: optimiser=nlminb, datasetgeneration=GenerationJnorm, n=200, nlambda=14072, lmbda=87, d=6, beta_intensity=0, model=fullREDM, fixed_beta_intercept=betainterceptPCAWG4, fixed_beta_slope=betaslopePCAWG4, sdRE_input=covmatFULLPCAWG4, itnum=164

Rscript 2_inference_TMB/run_TMB.R --input ../data/assessing_models_simulation/datasets/multiple_GenerationJnorm_200_14072_87_6_0_betainterceptPCAWG4_betaslopePCAWG4_covmatFULLPCAWG4_dataset164.RDS --output ../data/assessing_models_simulation/inference_results/TMB/nlminb/multiple_GenerationJnorm_200_14072_87_6_0_fullREDM_betainterceptPCAWG4_betaslopePCAWG4_covmatFULLPCAWG4_dataset164.RDS --model fullREDM --optimiser nlminb  --use_previous_run_startingvals T
[Sat May  6 19:35:45 2023]
Finished job 1167.
1 of 2284 steps (0.04%) done

[Sat May  6 19:35:45 2023]
rule simulate_for_comparison_multiple:
    input: ../data/assessing_models_simulation/GenerationJnorm
    output: ../data/assessing_models_simulation/datasets/multiple_GenerationJnorm_200_14072_87_6_0_betainterceptPCAWG4_betaslopePCAWG4_covmatFULLPCAWG4_dataset264.RDS
    jobid: 2267
    wildcards: datasetgeneration=GenerationJnorm, n=200, nlambda=14072, lmbda=87, d=6, beta_intensity=0, fixed_beta_intercept=betainterceptPCAWG4, fixed_beta_slope=betaslopePCAWG4, sdRE_input=covmatFULLPCAWG4, itnum=264

Rscript --vanilla 3_analysis/simulation_model_assessment/generate_datasets_simulations/GenerationJnorm.R --input ../data/assessing_models_simulation/GenerationJnorm --d 6 --n 200 --nlambda 14072 --lambda 87 --beta_gamma_shape 0 --outfile ../data/assessing_models_simulation/datasets/multiple_GenerationJnorm_200_14072_87_6_0_betainterceptPCAWG4_betaslopePCAWG4_covmatFULLPCAWG4_dataset264.RDS --beta_intercept_input ../data/assessing_models_simulation/additional_files/multiple_fixed_betainterceptPCAWG4.RDS --beta_slope_input ../data/assessing_models_simulation/additional_files/multiple_fixed_betaslopePCAWG4.RDS --sdRE_input ../data/assessing_models_simulation/additional_files/multiple_fixed_covmatFULLPCAWG4.RDS
[Sat May  6 19:35:47 2023]
Finished job 2267.
2 of 2284 steps (0.09%) done

[Sat May  6 19:35:47 2023]
rule inference_simulation_TMB_multiple:
    input: ../data/assessing_models_simulation/datasets/multiple_GenerationJnorm_200_14072_87_6_0_betainterceptPCAWG4_betaslopePCAWG4_covmatFULLPCAWG4_dataset264.RDS
    output: ../data/assessing_models_simulation/inference_results/TMB/nlminb/multiple_GenerationJnorm_200_14072_87_6_0_fullREDM_betainterceptPCAWG4_betaslopePCAWG4_covmatFULLPCAWG4_dataset264.RDS
    log: logs/inference/nlminb/simulation_GenerationJnorm_200_14072_87_6_0_ModelfullREDM_betainterceptPCAWG4_betaslopePCAWG4_covmatFULLPCAWG4_dataset264.log
    jobid: 1267
    wildcards: optimiser=nlminb, datasetgeneration=GenerationJnorm, n=200, nlambda=14072, lmbda=87, d=6, beta_intensity=0, model=fullREDM, fixed_beta_intercept=betainterceptPCAWG4, fixed_beta_slope=betaslopePCAWG4, sdRE_input=covmatFULLPCAWG4, itnum=264

Rscript 2_inference_TMB/run_TMB.R --input ../data/assessing_models_simulation/datasets/multiple_GenerationJnorm_200_14072_87_6_0_betainterceptPCAWG4_betaslopePCAWG4_covmatFULLPCAWG4_dataset264.RDS --output ../data/assessing_models_simulation/inference_results/TMB/nlminb/multiple_GenerationJnorm_200_14072_87_6_0_fullREDM_betainterceptPCAWG4_betaslopePCAWG4_covmatFULLPCAWG4_dataset264.RDS --model fullREDM --optimiser nlminb  --use_previous_run_startingvals T
[Sat May  6 19:36:29 2023]
Finished job 1267.
3 of 2284 steps (0.13%) done

[Sat May  6 19:36:29 2023]
rule inference_simulation_TMB_multiple:
    input: ../data/assessing_models_simulation/datasets/multiple_GenerationJnorm_200_14072_87_6_0_betainterceptPCAWG4_betaslopePCAWG4_covmatFULLPCAWG4_dataset264.RDS
    output: ../data/assessing_models_simulation/inference_results/TMB/nlminb/multiple_GenerationJnorm_200_14072_87_6_0_diagREDM_betainterceptPCAWG4_betaslopePCAWG4_covmatFULLPCAWG4_dataset264.RDS
    log: logs/inference/nlminb/simulation_GenerationJnorm_200_14072_87_6_0_ModeldiagREDM_betainterceptPCAWG4_betaslopePCAWG4_covmatFULLPCAWG4_dataset264.log
    jobid: 267
    wildcards: optimiser=nlminb, datasetgeneration=GenerationJnorm, n=200, nlambda=14072, lmbda=87, d=6, beta_intensity=0, model=diagREDM, fixed_beta_intercept=betainterceptPCAWG4, fixed_beta_slope=betaslopePCAWG4, sdRE_input=covmatFULLPCAWG4, itnum=264

Rscript 2_inference_TMB/run_TMB.R --input ../data/assessing_models_simulation/datasets/multiple_GenerationJnorm_200_14072_87_6_0_betainterceptPCAWG4_betaslopePCAWG4_covmatFULLPCAWG4_dataset264.RDS --output ../data/assessing_models_simulation/inference_results/TMB/nlminb/multiple_GenerationJnorm_200_14072_87_6_0_diagREDM_betainterceptPCAWG4_betaslopePCAWG4_covmatFULLPCAWG4_dataset264.RDS --model diagREDM --optimiser nlminb  --use_previous_run_startingvals T
[Sat May  6 19:37:00 2023]
Finished job 267.
4 of 2284 steps (0.18%) done

[Sat May  6 19:37:00 2023]
rule simulate_for_comparison_multiple:
    input: ../data/assessing_models_simulation/GenerationJnorm
    output: ../data/assessing_models_simulation/datasets/multiple_GenerationJnorm_200_14072_87_6_0_betainterceptPCAWG4_betaslopePCAWG4_covmatFULLPCAWG4_dataset591.RDS
    jobid: 2594
    wildcards: datasetgeneration=GenerationJnorm, n=200, nlambda=14072, lmbda=87, d=6, beta_intensity=0, fixed_beta_intercept=betainterceptPCAWG4, fixed_beta_slope=betaslopePCAWG4, sdRE_input=covmatFULLPCAWG4, itnum=591

Rscript --vanilla 3_analysis/simulation_model_assessment/generate_datasets_simulations/GenerationJnorm.R --input ../data/assessing_models_simulation/GenerationJnorm --d 6 --n 200 --nlambda 14072 --lambda 87 --beta_gamma_shape 0 --outfile ../data/assessing_models_simulation/datasets/multiple_GenerationJnorm_200_14072_87_6_0_betainterceptPCAWG4_betaslopePCAWG4_covmatFULLPCAWG4_dataset591.RDS --beta_intercept_input ../data/assessing_models_simulation/additional_files/multiple_fixed_betainterceptPCAWG4.RDS --beta_slope_input ../data/assessing_models_simulation/additional_files/multiple_fixed_betaslopePCAWG4.RDS --sdRE_input ../data/assessing_models_simulation/additional_files/multiple_fixed_covmatFULLPCAWG4.RDS
[Sat May  6 19:37:02 2023]
Finished job 2594.
5 of 2284 steps (0.22%) done

[Sat May  6 19:37:02 2023]
rule inference_simulation_TMB_multiple:
    input: ../data/assessing_models_simulation/datasets/multiple_GenerationJnorm_200_14072_87_6_0_betainterceptPCAWG4_betaslopePCAWG4_covmatFULLPCAWG4_dataset591.RDS
    output: ../data/assessing_models_simulation/inference_results/TMB/nlminb/multiple_GenerationJnorm_200_14072_87_6_0_fullREDM_betainterceptPCAWG4_betaslopePCAWG4_covmatFULLPCAWG4_dataset591.RDS
    log: logs/inference/nlminb/simulation_GenerationJnorm_200_14072_87_6_0_ModelfullREDM_betainterceptPCAWG4_betaslopePCAWG4_covmatFULLPCAWG4_dataset591.log
    jobid: 1594
    wildcards: optimiser=nlminb, datasetgeneration=GenerationJnorm, n=200, nlambda=14072, lmbda=87, d=6, beta_intensity=0, model=fullREDM, fixed_beta_intercept=betainterceptPCAWG4, fixed_beta_slope=betaslopePCAWG4, sdRE_input=covmatFULLPCAWG4, itnum=591

Rscript 2_inference_TMB/run_TMB.R --input ../data/assessing_models_simulation/datasets/multiple_GenerationJnorm_200_14072_87_6_0_betainterceptPCAWG4_betaslopePCAWG4_covmatFULLPCAWG4_dataset591.RDS --output ../data/assessing_models_simulation/inference_results/TMB/nlminb/multiple_GenerationJnorm_200_14072_87_6_0_fullREDM_betainterceptPCAWG4_betaslopePCAWG4_covmatFULLPCAWG4_dataset591.RDS --model fullREDM --optimiser nlminb  --use_previous_run_startingvals T
[Sat May  6 19:37:49 2023]
Finished job 1594.
6 of 2284 steps (0.26%) done

[Sat May  6 19:37:49 2023]
rule inference_simulation_TMB_multiple:
    input: ../data/assessing_models_simulation/datasets/multiple_GenerationJnorm_200_14072_87_6_0_betainterceptPCAWG4_betaslopePCAWG4_covmatFULLPCAWG4_dataset591.RDS
    output: ../data/assessing_models_simulation/inference_results/TMB/nlminb/multiple_GenerationJnorm_200_14072_87_6_0_diagREDM_betainterceptPCAWG4_betaslopePCAWG4_covmatFULLPCAWG4_dataset591.RDS
    log: logs/inference/nlminb/simulation_GenerationJnorm_200_14072_87_6_0_ModeldiagREDM_betainterceptPCAWG4_betaslopePCAWG4_covmatFULLPCAWG4_dataset591.log
    jobid: 594
    wildcards: optimiser=nlminb, datasetgeneration=GenerationJnorm, n=200, nlambda=14072, lmbda=87, d=6, beta_intensity=0, model=diagREDM, fixed_beta_intercept=betainterceptPCAWG4, fixed_beta_slope=betaslopePCAWG4, sdRE_input=covmatFULLPCAWG4, itnum=591

Rscript 2_inference_TMB/run_TMB.R --input ../data/assessing_models_simulation/datasets/multiple_GenerationJnorm_200_14072_87_6_0_betainterceptPCAWG4_betaslopePCAWG4_covmatFULLPCAWG4_dataset591.RDS --output ../data/assessing_models_simulation/inference_results/TMB/nlminb/multiple_GenerationJnorm_200_14072_87_6_0_diagREDM_betainterceptPCAWG4_betaslopePCAWG4_covmatFULLPCAWG4_dataset591.RDS --model diagREDM --optimiser nlminb  --use_previous_run_startingvals T
[Sat May  6 19:38:22 2023]
Finished job 594.
7 of 2284 steps (0.31%) done

[Sat May  6 19:38:22 2023]
rule simulate_for_comparison_multiple:
    input: ../data/assessing_models_simulation/GenerationJnorm
    output: ../data/assessing_models_simulation/datasets/multiple_GenerationJnorm_200_14072_87_6_0_betainterceptPCAWG4_betaslopePCAWG4_covmatFULLPCAWG4_dataset667.RDS
    jobid: 2670
    wildcards: datasetgeneration=GenerationJnorm, n=200, nlambda=14072, lmbda=87, d=6, beta_intensity=0, fixed_beta_intercept=betainterceptPCAWG4, fixed_beta_slope=betaslopePCAWG4, sdRE_input=covmatFULLPCAWG4, itnum=667

Rscript --vanilla 3_analysis/simulation_model_assessment/generate_datasets_simulations/GenerationJnorm.R --input ../data/assessing_models_simulation/GenerationJnorm --d 6 --n 200 --nlambda 14072 --lambda 87 --beta_gamma_shape 0 --outfile ../data/assessing_models_simulation/datasets/multiple_GenerationJnorm_200_14072_87_6_0_betainterceptPCAWG4_betaslopePCAWG4_covmatFULLPCAWG4_dataset667.RDS --beta_intercept_input ../data/assessing_models_simulation/additional_files/multiple_fixed_betainterceptPCAWG4.RDS --beta_slope_input ../data/assessing_models_simulation/additional_files/multiple_fixed_betaslopePCAWG4.RDS --sdRE_input ../data/assessing_models_simulation/additional_files/multiple_fixed_covmatFULLPCAWG4.RDS
[Sat May  6 19:38:24 2023]
Finished job 2670.
8 of 2284 steps (0.35%) done

[Sat May  6 19:38:24 2023]
rule inference_simulation_TMB_multiple:
    input: ../data/assessing_models_simulation/datasets/multiple_GenerationJnorm_200_14072_87_6_0_betainterceptPCAWG4_betaslopePCAWG4_covmatFULLPCAWG4_dataset667.RDS
    output: ../data/assessing_models_simulation/inference_results/TMB/nlminb/multiple_GenerationJnorm_200_14072_87_6_0_fullREDM_betainterceptPCAWG4_betaslopePCAWG4_covmatFULLPCAWG4_dataset667.RDS
    log: logs/inference/nlminb/simulation_GenerationJnorm_200_14072_87_6_0_ModelfullREDM_betainterceptPCAWG4_betaslopePCAWG4_covmatFULLPCAWG4_dataset667.log
    jobid: 1670
    wildcards: optimiser=nlminb, datasetgeneration=GenerationJnorm, n=200, nlambda=14072, lmbda=87, d=6, beta_intensity=0, model=fullREDM, fixed_beta_intercept=betainterceptPCAWG4, fixed_beta_slope=betaslopePCAWG4, sdRE_input=covmatFULLPCAWG4, itnum=667

Rscript 2_inference_TMB/run_TMB.R --input ../data/assessing_models_simulation/datasets/multiple_GenerationJnorm_200_14072_87_6_0_betainterceptPCAWG4_betaslopePCAWG4_covmatFULLPCAWG4_dataset667.RDS --output ../data/assessing_models_simulation/inference_results/TMB/nlminb/multiple_GenerationJnorm_200_14072_87_6_0_fullREDM_betainterceptPCAWG4_betaslopePCAWG4_covmatFULLPCAWG4_dataset667.RDS --model fullREDM --optimiser nlminb  --use_previous_run_startingvals T
[Sat May  6 19:39:06 2023]
Finished job 1670.
9 of 2284 steps (0.39%) done

[Sat May  6 19:39:06 2023]
rule inference_simulation_TMB_multiple:
    input: ../data/assessing_models_simulation/datasets/multiple_GenerationJnorm_200_14072_87_6_0_betainterceptPCAWG4_betaslopePCAWG4_covmatFULLPCAWG4_dataset667.RDS
    output: ../data/assessing_models_simulation/inference_results/TMB/nlminb/multiple_GenerationJnorm_200_14072_87_6_0_diagREDM_betainterceptPCAWG4_betaslopePCAWG4_covmatFULLPCAWG4_dataset667.RDS
    log: logs/inference/nlminb/simulation_GenerationJnorm_200_14072_87_6_0_ModeldiagREDM_betainterceptPCAWG4_betaslopePCAWG4_covmatFULLPCAWG4_dataset667.log
    jobid: 670
    wildcards: optimiser=nlminb, datasetgeneration=GenerationJnorm, n=200, nlambda=14072, lmbda=87, d=6, beta_intensity=0, model=diagREDM, fixed_beta_intercept=betainterceptPCAWG4, fixed_beta_slope=betaslopePCAWG4, sdRE_input=covmatFULLPCAWG4, itnum=667

Rscript 2_inference_TMB/run_TMB.R --input ../data/assessing_models_simulation/datasets/multiple_GenerationJnorm_200_14072_87_6_0_betainterceptPCAWG4_betaslopePCAWG4_covmatFULLPCAWG4_dataset667.RDS --output ../data/assessing_models_simulation/inference_results/TMB/nlminb/multiple_GenerationJnorm_200_14072_87_6_0_diagREDM_betainterceptPCAWG4_betaslopePCAWG4_covmatFULLPCAWG4_dataset667.RDS --model diagREDM --optimiser nlminb  --use_previous_run_startingvals T
[Sat May  6 19:39:36 2023]
Finished job 670.
10 of 2284 steps (0.44%) done

[Sat May  6 19:39:36 2023]
rule simulate_for_comparison_multiple:
    input: ../data/assessing_models_simulation/GenerationJnorm
    output: ../data/assessing_models_simulation/datasets/multiple_GenerationJnorm_200_14072_87_6_0_betainterceptPCAWG4_betaslopePCAWG4_covmatFULLPCAWG4_dataset796.RDS
    jobid: 2799
    wildcards: datasetgeneration=GenerationJnorm, n=200, nlambda=14072, lmbda=87, d=6, beta_intensity=0, fixed_beta_intercept=betainterceptPCAWG4, fixed_beta_slope=betaslopePCAWG4, sdRE_input=covmatFULLPCAWG4, itnum=796

Rscript --vanilla 3_analysis/simulation_model_assessment/generate_datasets_simulations/GenerationJnorm.R --input ../data/assessing_models_simulation/GenerationJnorm --d 6 --n 200 --nlambda 14072 --lambda 87 --beta_gamma_shape 0 --outfile ../data/assessing_models_simulation/datasets/multiple_GenerationJnorm_200_14072_87_6_0_betainterceptPCAWG4_betaslopePCAWG4_covmatFULLPCAWG4_dataset796.RDS --beta_intercept_input ../data/assessing_models_simulation/additional_files/multiple_fixed_betainterceptPCAWG4.RDS --beta_slope_input ../data/assessing_models_simulation/additional_files/multiple_fixed_betaslopePCAWG4.RDS --sdRE_input ../data/assessing_models_simulation/additional_files/multiple_fixed_covmatFULLPCAWG4.RDS
[Sat May  6 19:39:38 2023]
Finished job 2799.
11 of 2284 steps (0.48%) done

[Sat May  6 19:39:38 2023]
rule inference_simulation_TMB_multiple:
    input: ../data/assessing_models_simulation/datasets/multiple_GenerationJnorm_200_14072_87_6_0_betainterceptPCAWG4_betaslopePCAWG4_covmatFULLPCAWG4_dataset796.RDS
    output: ../data/assessing_models_simulation/inference_results/TMB/nlminb/multiple_GenerationJnorm_200_14072_87_6_0_fullREDM_betainterceptPCAWG4_betaslopePCAWG4_covmatFULLPCAWG4_dataset796.RDS
    log: logs/inference/nlminb/simulation_GenerationJnorm_200_14072_87_6_0_ModelfullREDM_betainterceptPCAWG4_betaslopePCAWG4_covmatFULLPCAWG4_dataset796.log
    jobid: 1799
    wildcards: optimiser=nlminb, datasetgeneration=GenerationJnorm, n=200, nlambda=14072, lmbda=87, d=6, beta_intensity=0, model=fullREDM, fixed_beta_intercept=betainterceptPCAWG4, fixed_beta_slope=betaslopePCAWG4, sdRE_input=covmatFULLPCAWG4, itnum=796

Rscript 2_inference_TMB/run_TMB.R --input ../data/assessing_models_simulation/datasets/multiple_GenerationJnorm_200_14072_87_6_0_betainterceptPCAWG4_betaslopePCAWG4_covmatFULLPCAWG4_dataset796.RDS --output ../data/assessing_models_simulation/inference_results/TMB/nlminb/multiple_GenerationJnorm_200_14072_87_6_0_fullREDM_betainterceptPCAWG4_betaslopePCAWG4_covmatFULLPCAWG4_dataset796.RDS --model fullREDM --optimiser nlminb  --use_previous_run_startingvals T
[Sat May  6 19:40:21 2023]
Finished job 1799.
12 of 2284 steps (0.53%) done

[Sat May  6 19:40:21 2023]
rule inference_simulation_TMB_multiple:
    input: ../data/assessing_models_simulation/datasets/multiple_GenerationJnorm_200_14072_87_6_0_betainterceptPCAWG4_betaslopePCAWG4_covmatFULLPCAWG4_dataset796.RDS
    output: ../data/assessing_models_simulation/inference_results/TMB/nlminb/multiple_GenerationJnorm_200_14072_87_6_0_diagREDM_betainterceptPCAWG4_betaslopePCAWG4_covmatFULLPCAWG4_dataset796.RDS
    log: logs/inference/nlminb/simulation_GenerationJnorm_200_14072_87_6_0_ModeldiagREDM_betainterceptPCAWG4_betaslopePCAWG4_covmatFULLPCAWG4_dataset796.log
    jobid: 799
    wildcards: optimiser=nlminb, datasetgeneration=GenerationJnorm, n=200, nlambda=14072, lmbda=87, d=6, beta_intensity=0, model=diagREDM, fixed_beta_intercept=betainterceptPCAWG4, fixed_beta_slope=betaslopePCAWG4, sdRE_input=covmatFULLPCAWG4, itnum=796

Rscript 2_inference_TMB/run_TMB.R --input ../data/assessing_models_simulation/datasets/multiple_GenerationJnorm_200_14072_87_6_0_betainterceptPCAWG4_betaslopePCAWG4_covmatFULLPCAWG4_dataset796.RDS --output ../data/assessing_models_simulation/inference_results/TMB/nlminb/multiple_GenerationJnorm_200_14072_87_6_0_diagREDM_betainterceptPCAWG4_betaslopePCAWG4_covmatFULLPCAWG4_dataset796.RDS --model diagREDM --optimiser nlminb  --use_previous_run_startingvals T
[Sat May  6 19:40:50 2023]
Finished job 799.
13 of 2284 steps (0.57%) done

[Sat May  6 19:40:50 2023]
rule simulate_for_comparison_multiple:
    input: ../data/assessing_models_simulation/GenerationJnorm
    output: ../data/assessing_models_simulation/datasets/multiple_GenerationJnorm_200_14072_87_6_0_betainterceptPCAWG4_betaslopePCAWG4_covmatFULLPCAWG4_dataset391.RDS
    jobid: 2394
    wildcards: datasetgeneration=GenerationJnorm, n=200, nlambda=14072, lmbda=87, d=6, beta_intensity=0, fixed_beta_intercept=betainterceptPCAWG4, fixed_beta_slope=betaslopePCAWG4, sdRE_input=covmatFULLPCAWG4, itnum=391

Rscript --vanilla 3_analysis/simulation_model_assessment/generate_datasets_simulations/GenerationJnorm.R --input ../data/assessing_models_simulation/GenerationJnorm --d 6 --n 200 --nlambda 14072 --lambda 87 --beta_gamma_shape 0 --outfile ../data/assessing_models_simulation/datasets/multiple_GenerationJnorm_200_14072_87_6_0_betainterceptPCAWG4_betaslopePCAWG4_covmatFULLPCAWG4_dataset391.RDS --beta_intercept_input ../data/assessing_models_simulation/additional_files/multiple_fixed_betainterceptPCAWG4.RDS --beta_slope_input ../data/assessing_models_simulation/additional_files/multiple_fixed_betaslopePCAWG4.RDS --sdRE_input ../data/assessing_models_simulation/additional_files/multiple_fixed_covmatFULLPCAWG4.RDS
[Sat May  6 19:40:52 2023]
Finished job 2394.
14 of 2284 steps (0.61%) done

[Sat May  6 19:40:52 2023]
rule inference_simulation_TMB_multiple:
    input: ../data/assessing_models_simulation/datasets/multiple_GenerationJnorm_200_14072_87_6_0_betainterceptPCAWG4_betaslopePCAWG4_covmatFULLPCAWG4_dataset391.RDS
    output: ../data/assessing_models_simulation/inference_results/TMB/nlminb/multiple_GenerationJnorm_200_14072_87_6_0_fullREDM_betainterceptPCAWG4_betaslopePCAWG4_covmatFULLPCAWG4_dataset391.RDS
    log: logs/inference/nlminb/simulation_GenerationJnorm_200_14072_87_6_0_ModelfullREDM_betainterceptPCAWG4_betaslopePCAWG4_covmatFULLPCAWG4_dataset391.log
    jobid: 1394
    wildcards: optimiser=nlminb, datasetgeneration=GenerationJnorm, n=200, nlambda=14072, lmbda=87, d=6, beta_intensity=0, model=fullREDM, fixed_beta_intercept=betainterceptPCAWG4, fixed_beta_slope=betaslopePCAWG4, sdRE_input=covmatFULLPCAWG4, itnum=391

Rscript 2_inference_TMB/run_TMB.R --input ../data/assessing_models_simulation/datasets/multiple_GenerationJnorm_200_14072_87_6_0_betainterceptPCAWG4_betaslopePCAWG4_covmatFULLPCAWG4_dataset391.RDS --output ../data/assessing_models_simulation/inference_results/TMB/nlminb/multiple_GenerationJnorm_200_14072_87_6_0_fullREDM_betainterceptPCAWG4_betaslopePCAWG4_covmatFULLPCAWG4_dataset391.RDS --model fullREDM --optimiser nlminb  --use_previous_run_startingvals T
[Sat May  6 19:41:43 2023]
Error in rule inference_simulation_TMB_multiple:
    jobid: 1394
    output: ../data/assessing_models_simulation/inference_results/TMB/nlminb/multiple_GenerationJnorm_200_14072_87_6_0_fullREDM_betainterceptPCAWG4_betaslopePCAWG4_covmatFULLPCAWG4_dataset391.RDS
    log: logs/inference/nlminb/simulation_GenerationJnorm_200_14072_87_6_0_ModelfullREDM_betainterceptPCAWG4_betaslopePCAWG4_covmatFULLPCAWG4_dataset391.log (check log file(s) for error message)
    shell:
        Rscript 2_inference_TMB/run_TMB.R --input ../data/assessing_models_simulation/datasets/multiple_GenerationJnorm_200_14072_87_6_0_betainterceptPCAWG4_betaslopePCAWG4_covmatFULLPCAWG4_dataset391.RDS --output ../data/assessing_models_simulation/inference_results/TMB/nlminb/multiple_GenerationJnorm_200_14072_87_6_0_fullREDM_betainterceptPCAWG4_betaslopePCAWG4_covmatFULLPCAWG4_dataset391.RDS --model fullREDM --optimiser nlminb  --use_previous_run_startingvals T

Shutting down, this might take some time.
Exiting because a job execution failed. Look above for error message
Complete log: /Users/morril01/Documents/PhD/GlobalDA/code/.snakemake/log/2023-05-06T193509.052472.snakemake.log
