Building DAG of jobs...
Using shell: /usr/local/bin/bash
Provided cores: 1
Rules claiming more threads will be scaled down.
Job counts:
	count	jobs
	1	all
	2	analyse_simulation_TMB_bias
	1692	inference_simulation_TMB_multiple
	845	simulate_for_comparison_multiple
	2540

[Tue Mar 28 00:25:30 2023]
rule inference_simulation_TMB_multiple:
    input: ../data/assessing_models_simulation/datasets/multiple_GenerationJnorm_200_180_100_6_0_betainterceptPCAWG2_betaslopePCAWG2_covmatPCAWG2_dataset0.RDS
    output: ../data/assessing_models_simulation/inference_results/TMB/nlminb/multiple_GenerationJnorm_200_180_100_6_0_fullREDM_betainterceptPCAWG2_betaslopePCAWG2_covmatPCAWG2_dataset0.RDS
    log: logs/inference/nlminb/simulation_GenerationJnorm_200_180_100_6_0_ModelfullREDM_betainterceptPCAWG2_betaslopePCAWG2_covmatPCAWG2_dataset0.log
    jobid: 3
    wildcards: optimiser=nlminb, datasetgeneration=GenerationJnorm, n=200, nlambda=180, lmbda=100, d=6, beta_intensity=0, model=fullREDM, fixed_beta_intercept=betainterceptPCAWG2, fixed_beta_slope=betaslopePCAWG2, sdRE_input=covmatPCAWG2, itnum=0

Rscript 2_inference_TMB/run_TMB.R --input ../data/assessing_models_simulation/datasets/multiple_GenerationJnorm_200_180_100_6_0_betainterceptPCAWG2_betaslopePCAWG2_covmatPCAWG2_dataset0.RDS --output ../data/assessing_models_simulation/inference_results/TMB/nlminb/multiple_GenerationJnorm_200_180_100_6_0_fullREDM_betainterceptPCAWG2_betaslopePCAWG2_covmatPCAWG2_dataset0.RDS --model fullREDM --optimiser nlminb  --use_previous_run_startingvals T
[Tue Mar 28 00:26:05 2023]
Finished job 3.
1 of 2540 steps (0.04%) done

[Tue Mar 28 00:26:05 2023]
rule inference_simulation_TMB_multiple:
    input: ../data/assessing_models_simulation/datasets/multiple_GenerationJnorm_200_180_100_6_0_betainterceptPCAWG2_betaslopePCAWG2_covmatPCAWG2_dataset0.RDS
    output: ../data/assessing_models_simulation/inference_results/TMB/nlminb/multiple_GenerationJnorm_200_180_100_6_0_diagREDM_betainterceptPCAWG2_betaslopePCAWG2_covmatPCAWG2_dataset0.RDS
    log: logs/inference/nlminb/simulation_GenerationJnorm_200_180_100_6_0_ModeldiagREDM_betainterceptPCAWG2_betaslopePCAWG2_covmatPCAWG2_dataset0.log
    jobid: 1003
    wildcards: optimiser=nlminb, datasetgeneration=GenerationJnorm, n=200, nlambda=180, lmbda=100, d=6, beta_intensity=0, model=diagREDM, fixed_beta_intercept=betainterceptPCAWG2, fixed_beta_slope=betaslopePCAWG2, sdRE_input=covmatPCAWG2, itnum=0

Rscript 2_inference_TMB/run_TMB.R --input ../data/assessing_models_simulation/datasets/multiple_GenerationJnorm_200_180_100_6_0_betainterceptPCAWG2_betaslopePCAWG2_covmatPCAWG2_dataset0.RDS --output ../data/assessing_models_simulation/inference_results/TMB/nlminb/multiple_GenerationJnorm_200_180_100_6_0_diagREDM_betainterceptPCAWG2_betaslopePCAWG2_covmatPCAWG2_dataset0.RDS --model diagREDM --optimiser nlminb  --use_previous_run_startingvals T
[Tue Mar 28 00:26:32 2023]
Finished job 1003.
2 of 2540 steps (0.08%) done

[Tue Mar 28 00:26:32 2023]
rule simulate_for_comparison_multiple:
    input: ../data/assessing_models_simulation/GenerationJnorm
    output: ../data/assessing_models_simulation/datasets/multiple_GenerationJnorm_200_180_100_6_0_betainterceptPCAWG2_betaslopePCAWG2_covmatPCAWG2_dataset552.RDS
    jobid: 2555
    wildcards: datasetgeneration=GenerationJnorm, n=200, nlambda=180, lmbda=100, d=6, beta_intensity=0, fixed_beta_intercept=betainterceptPCAWG2, fixed_beta_slope=betaslopePCAWG2, sdRE_input=covmatPCAWG2, itnum=552

Rscript --vanilla 3_analysis/simulation_model_assessment/generate_datasets_simulations/GenerationJnorm.R --input ../data/assessing_models_simulation/GenerationJnorm --d 6 --n 200 --nlambda 180 --lambda 100 --beta_gamma_shape 0 --outfile ../data/assessing_models_simulation/datasets/multiple_GenerationJnorm_200_180_100_6_0_betainterceptPCAWG2_betaslopePCAWG2_covmatPCAWG2_dataset552.RDS --beta_intercept_input ../data/assessing_models_simulation/additional_files/multiple_fixed_betainterceptPCAWG2.RDS --beta_slope_input ../data/assessing_models_simulation/additional_files/multiple_fixed_betaslopePCAWG2.RDS --sdRE_input ../data/assessing_models_simulation/additional_files/multiple_fixed_covmatPCAWG2.RDS
[Tue Mar 28 00:26:33 2023]
Finished job 2555.
3 of 2540 steps (0.12%) done

[Tue Mar 28 00:26:33 2023]
rule inference_simulation_TMB_multiple:
    input: ../data/assessing_models_simulation/datasets/multiple_GenerationJnorm_200_180_100_6_0_betainterceptPCAWG2_betaslopePCAWG2_covmatPCAWG2_dataset552.RDS
    output: ../data/assessing_models_simulation/inference_results/TMB/nlminb/multiple_GenerationJnorm_200_180_100_6_0_diagREDM_betainterceptPCAWG2_betaslopePCAWG2_covmatPCAWG2_dataset552.RDS
    log: logs/inference/nlminb/simulation_GenerationJnorm_200_180_100_6_0_ModeldiagREDM_betainterceptPCAWG2_betaslopePCAWG2_covmatPCAWG2_dataset552.log
    jobid: 1555
    wildcards: optimiser=nlminb, datasetgeneration=GenerationJnorm, n=200, nlambda=180, lmbda=100, d=6, beta_intensity=0, model=diagREDM, fixed_beta_intercept=betainterceptPCAWG2, fixed_beta_slope=betaslopePCAWG2, sdRE_input=covmatPCAWG2, itnum=552

Rscript 2_inference_TMB/run_TMB.R --input ../data/assessing_models_simulation/datasets/multiple_GenerationJnorm_200_180_100_6_0_betainterceptPCAWG2_betaslopePCAWG2_covmatPCAWG2_dataset552.RDS --output ../data/assessing_models_simulation/inference_results/TMB/nlminb/multiple_GenerationJnorm_200_180_100_6_0_diagREDM_betainterceptPCAWG2_betaslopePCAWG2_covmatPCAWG2_dataset552.RDS --model diagREDM --optimiser nlminb  --use_previous_run_startingvals T
[Tue Mar 28 00:27:01 2023]
Finished job 1555.
4 of 2540 steps (0.16%) done

[Tue Mar 28 00:27:01 2023]
rule inference_simulation_TMB_multiple:
    input: ../data/assessing_models_simulation/datasets/multiple_GenerationJnorm_200_180_100_6_0_betainterceptPCAWG2_betaslopePCAWG2_covmatPCAWG2_dataset552.RDS
    output: ../data/assessing_models_simulation/inference_results/TMB/nlminb/multiple_GenerationJnorm_200_180_100_6_0_fullREDM_betainterceptPCAWG2_betaslopePCAWG2_covmatPCAWG2_dataset552.RDS
    log: logs/inference/nlminb/simulation_GenerationJnorm_200_180_100_6_0_ModelfullREDM_betainterceptPCAWG2_betaslopePCAWG2_covmatPCAWG2_dataset552.log
    jobid: 555
    wildcards: optimiser=nlminb, datasetgeneration=GenerationJnorm, n=200, nlambda=180, lmbda=100, d=6, beta_intensity=0, model=fullREDM, fixed_beta_intercept=betainterceptPCAWG2, fixed_beta_slope=betaslopePCAWG2, sdRE_input=covmatPCAWG2, itnum=552

Rscript 2_inference_TMB/run_TMB.R --input ../data/assessing_models_simulation/datasets/multiple_GenerationJnorm_200_180_100_6_0_betainterceptPCAWG2_betaslopePCAWG2_covmatPCAWG2_dataset552.RDS --output ../data/assessing_models_simulation/inference_results/TMB/nlminb/multiple_GenerationJnorm_200_180_100_6_0_fullREDM_betainterceptPCAWG2_betaslopePCAWG2_covmatPCAWG2_dataset552.RDS --model fullREDM --optimiser nlminb  --use_previous_run_startingvals T
[Tue Mar 28 00:27:45 2023]
Finished job 555.
5 of 2540 steps (0.20%) done

[Tue Mar 28 00:27:45 2023]
rule simulate_for_comparison_multiple:
    input: ../data/assessing_models_simulation/GenerationJnorm
    output: ../data/assessing_models_simulation/datasets/multiple_GenerationJnorm_200_180_100_6_0_betainterceptPCAWG2_betaslopePCAWG2_covmatPCAWG2_dataset904.RDS
    jobid: 2907
    wildcards: datasetgeneration=GenerationJnorm, n=200, nlambda=180, lmbda=100, d=6, beta_intensity=0, fixed_beta_intercept=betainterceptPCAWG2, fixed_beta_slope=betaslopePCAWG2, sdRE_input=covmatPCAWG2, itnum=904

Rscript --vanilla 3_analysis/simulation_model_assessment/generate_datasets_simulations/GenerationJnorm.R --input ../data/assessing_models_simulation/GenerationJnorm --d 6 --n 200 --nlambda 180 --lambda 100 --beta_gamma_shape 0 --outfile ../data/assessing_models_simulation/datasets/multiple_GenerationJnorm_200_180_100_6_0_betainterceptPCAWG2_betaslopePCAWG2_covmatPCAWG2_dataset904.RDS --beta_intercept_input ../data/assessing_models_simulation/additional_files/multiple_fixed_betainterceptPCAWG2.RDS --beta_slope_input ../data/assessing_models_simulation/additional_files/multiple_fixed_betaslopePCAWG2.RDS --sdRE_input ../data/assessing_models_simulation/additional_files/multiple_fixed_covmatPCAWG2.RDS
[Tue Mar 28 00:27:48 2023]
Finished job 2907.
6 of 2540 steps (0.24%) done

[Tue Mar 28 00:27:48 2023]
rule inference_simulation_TMB_multiple:
    input: ../data/assessing_models_simulation/datasets/multiple_GenerationJnorm_200_180_100_6_0_betainterceptPCAWG2_betaslopePCAWG2_covmatPCAWG2_dataset904.RDS
    output: ../data/assessing_models_simulation/inference_results/TMB/nlminb/multiple_GenerationJnorm_200_180_100_6_0_diagREDM_betainterceptPCAWG2_betaslopePCAWG2_covmatPCAWG2_dataset904.RDS
    log: logs/inference/nlminb/simulation_GenerationJnorm_200_180_100_6_0_ModeldiagREDM_betainterceptPCAWG2_betaslopePCAWG2_covmatPCAWG2_dataset904.log
    jobid: 1907
    wildcards: optimiser=nlminb, datasetgeneration=GenerationJnorm, n=200, nlambda=180, lmbda=100, d=6, beta_intensity=0, model=diagREDM, fixed_beta_intercept=betainterceptPCAWG2, fixed_beta_slope=betaslopePCAWG2, sdRE_input=covmatPCAWG2, itnum=904

Rscript 2_inference_TMB/run_TMB.R --input ../data/assessing_models_simulation/datasets/multiple_GenerationJnorm_200_180_100_6_0_betainterceptPCAWG2_betaslopePCAWG2_covmatPCAWG2_dataset904.RDS --output ../data/assessing_models_simulation/inference_results/TMB/nlminb/multiple_GenerationJnorm_200_180_100_6_0_diagREDM_betainterceptPCAWG2_betaslopePCAWG2_covmatPCAWG2_dataset904.RDS --model diagREDM --optimiser nlminb  --use_previous_run_startingvals T
[Tue Mar 28 00:28:17 2023]
Finished job 1907.
7 of 2540 steps (0.28%) done

[Tue Mar 28 00:28:17 2023]
rule inference_simulation_TMB_multiple:
    input: ../data/assessing_models_simulation/datasets/multiple_GenerationJnorm_200_180_100_6_0_betainterceptPCAWG2_betaslopePCAWG2_covmatPCAWG2_dataset904.RDS
    output: ../data/assessing_models_simulation/inference_results/TMB/nlminb/multiple_GenerationJnorm_200_180_100_6_0_fullREDM_betainterceptPCAWG2_betaslopePCAWG2_covmatPCAWG2_dataset904.RDS
    log: logs/inference/nlminb/simulation_GenerationJnorm_200_180_100_6_0_ModelfullREDM_betainterceptPCAWG2_betaslopePCAWG2_covmatPCAWG2_dataset904.log
    jobid: 907
    wildcards: optimiser=nlminb, datasetgeneration=GenerationJnorm, n=200, nlambda=180, lmbda=100, d=6, beta_intensity=0, model=fullREDM, fixed_beta_intercept=betainterceptPCAWG2, fixed_beta_slope=betaslopePCAWG2, sdRE_input=covmatPCAWG2, itnum=904

Rscript 2_inference_TMB/run_TMB.R --input ../data/assessing_models_simulation/datasets/multiple_GenerationJnorm_200_180_100_6_0_betainterceptPCAWG2_betaslopePCAWG2_covmatPCAWG2_dataset904.RDS --output ../data/assessing_models_simulation/inference_results/TMB/nlminb/multiple_GenerationJnorm_200_180_100_6_0_fullREDM_betainterceptPCAWG2_betaslopePCAWG2_covmatPCAWG2_dataset904.RDS --model fullREDM --optimiser nlminb  --use_previous_run_startingvals T
[Tue Mar 28 00:29:00 2023]
Finished job 907.
8 of 2540 steps (0.31%) done

[Tue Mar 28 00:29:00 2023]
rule simulate_for_comparison_multiple:
    input: ../data/assessing_models_simulation/GenerationJnorm
    output: ../data/assessing_models_simulation/datasets/multiple_GenerationJnorm_200_180_100_6_0_betainterceptPCAWG2_betaslopePCAWG2_covmatPCAWG2_dataset413.RDS
    jobid: 2416
    wildcards: datasetgeneration=GenerationJnorm, n=200, nlambda=180, lmbda=100, d=6, beta_intensity=0, fixed_beta_intercept=betainterceptPCAWG2, fixed_beta_slope=betaslopePCAWG2, sdRE_input=covmatPCAWG2, itnum=413

Rscript --vanilla 3_analysis/simulation_model_assessment/generate_datasets_simulations/GenerationJnorm.R --input ../data/assessing_models_simulation/GenerationJnorm --d 6 --n 200 --nlambda 180 --lambda 100 --beta_gamma_shape 0 --outfile ../data/assessing_models_simulation/datasets/multiple_GenerationJnorm_200_180_100_6_0_betainterceptPCAWG2_betaslopePCAWG2_covmatPCAWG2_dataset413.RDS --beta_intercept_input ../data/assessing_models_simulation/additional_files/multiple_fixed_betainterceptPCAWG2.RDS --beta_slope_input ../data/assessing_models_simulation/additional_files/multiple_fixed_betaslopePCAWG2.RDS --sdRE_input ../data/assessing_models_simulation/additional_files/multiple_fixed_covmatPCAWG2.RDS
[Tue Mar 28 00:29:02 2023]
Finished job 2416.
9 of 2540 steps (0.35%) done

[Tue Mar 28 00:29:02 2023]
rule inference_simulation_TMB_multiple:
    input: ../data/assessing_models_simulation/datasets/multiple_GenerationJnorm_200_180_100_6_0_betainterceptPCAWG2_betaslopePCAWG2_covmatPCAWG2_dataset413.RDS
    output: ../data/assessing_models_simulation/inference_results/TMB/nlminb/multiple_GenerationJnorm_200_180_100_6_0_diagREDM_betainterceptPCAWG2_betaslopePCAWG2_covmatPCAWG2_dataset413.RDS
    log: logs/inference/nlminb/simulation_GenerationJnorm_200_180_100_6_0_ModeldiagREDM_betainterceptPCAWG2_betaslopePCAWG2_covmatPCAWG2_dataset413.log
    jobid: 1416
    wildcards: optimiser=nlminb, datasetgeneration=GenerationJnorm, n=200, nlambda=180, lmbda=100, d=6, beta_intensity=0, model=diagREDM, fixed_beta_intercept=betainterceptPCAWG2, fixed_beta_slope=betaslopePCAWG2, sdRE_input=covmatPCAWG2, itnum=413

Rscript 2_inference_TMB/run_TMB.R --input ../data/assessing_models_simulation/datasets/multiple_GenerationJnorm_200_180_100_6_0_betainterceptPCAWG2_betaslopePCAWG2_covmatPCAWG2_dataset413.RDS --output ../data/assessing_models_simulation/inference_results/TMB/nlminb/multiple_GenerationJnorm_200_180_100_6_0_diagREDM_betainterceptPCAWG2_betaslopePCAWG2_covmatPCAWG2_dataset413.RDS --model diagREDM --optimiser nlminb  --use_previous_run_startingvals T
[Tue Mar 28 00:29:31 2023]
Finished job 1416.
10 of 2540 steps (0.39%) done

[Tue Mar 28 00:29:31 2023]
rule inference_simulation_TMB_multiple:
    input: ../data/assessing_models_simulation/datasets/multiple_GenerationJnorm_200_180_100_6_0_betainterceptPCAWG2_betaslopePCAWG2_covmatPCAWG2_dataset413.RDS
    output: ../data/assessing_models_simulation/inference_results/TMB/nlminb/multiple_GenerationJnorm_200_180_100_6_0_fullREDM_betainterceptPCAWG2_betaslopePCAWG2_covmatPCAWG2_dataset413.RDS
    log: logs/inference/nlminb/simulation_GenerationJnorm_200_180_100_6_0_ModelfullREDM_betainterceptPCAWG2_betaslopePCAWG2_covmatPCAWG2_dataset413.log
    jobid: 416
    wildcards: optimiser=nlminb, datasetgeneration=GenerationJnorm, n=200, nlambda=180, lmbda=100, d=6, beta_intensity=0, model=fullREDM, fixed_beta_intercept=betainterceptPCAWG2, fixed_beta_slope=betaslopePCAWG2, sdRE_input=covmatPCAWG2, itnum=413

Rscript 2_inference_TMB/run_TMB.R --input ../data/assessing_models_simulation/datasets/multiple_GenerationJnorm_200_180_100_6_0_betainterceptPCAWG2_betaslopePCAWG2_covmatPCAWG2_dataset413.RDS --output ../data/assessing_models_simulation/inference_results/TMB/nlminb/multiple_GenerationJnorm_200_180_100_6_0_fullREDM_betainterceptPCAWG2_betaslopePCAWG2_covmatPCAWG2_dataset413.RDS --model fullREDM --optimiser nlminb  --use_previous_run_startingvals T
[Tue Mar 28 00:30:19 2023]
Finished job 416.
11 of 2540 steps (0.43%) done

[Tue Mar 28 00:30:19 2023]
rule simulate_for_comparison_multiple:
    input: ../data/assessing_models_simulation/GenerationJnorm
    output: ../data/assessing_models_simulation/datasets/multiple_GenerationJnorm_200_180_100_6_0_betainterceptPCAWG2_betaslopePCAWG2_covmatPCAWG2_dataset923.RDS
    jobid: 2926
    wildcards: datasetgeneration=GenerationJnorm, n=200, nlambda=180, lmbda=100, d=6, beta_intensity=0, fixed_beta_intercept=betainterceptPCAWG2, fixed_beta_slope=betaslopePCAWG2, sdRE_input=covmatPCAWG2, itnum=923

Rscript --vanilla 3_analysis/simulation_model_assessment/generate_datasets_simulations/GenerationJnorm.R --input ../data/assessing_models_simulation/GenerationJnorm --d 6 --n 200 --nlambda 180 --lambda 100 --beta_gamma_shape 0 --outfile ../data/assessing_models_simulation/datasets/multiple_GenerationJnorm_200_180_100_6_0_betainterceptPCAWG2_betaslopePCAWG2_covmatPCAWG2_dataset923.RDS --beta_intercept_input ../data/assessing_models_simulation/additional_files/multiple_fixed_betainterceptPCAWG2.RDS --beta_slope_input ../data/assessing_models_simulation/additional_files/multiple_fixed_betaslopePCAWG2.RDS --sdRE_input ../data/assessing_models_simulation/additional_files/multiple_fixed_covmatPCAWG2.RDS
[Tue Mar 28 00:30:21 2023]
Finished job 2926.
12 of 2540 steps (0.47%) done

[Tue Mar 28 00:30:21 2023]
rule inference_simulation_TMB_multiple:
    input: ../data/assessing_models_simulation/datasets/multiple_GenerationJnorm_200_180_100_6_0_betainterceptPCAWG2_betaslopePCAWG2_covmatPCAWG2_dataset923.RDS
    output: ../data/assessing_models_simulation/inference_results/TMB/nlminb/multiple_GenerationJnorm_200_180_100_6_0_diagREDM_betainterceptPCAWG2_betaslopePCAWG2_covmatPCAWG2_dataset923.RDS
    log: logs/inference/nlminb/simulation_GenerationJnorm_200_180_100_6_0_ModeldiagREDM_betainterceptPCAWG2_betaslopePCAWG2_covmatPCAWG2_dataset923.log
    jobid: 1926
    wildcards: optimiser=nlminb, datasetgeneration=GenerationJnorm, n=200, nlambda=180, lmbda=100, d=6, beta_intensity=0, model=diagREDM, fixed_beta_intercept=betainterceptPCAWG2, fixed_beta_slope=betaslopePCAWG2, sdRE_input=covmatPCAWG2, itnum=923

Rscript 2_inference_TMB/run_TMB.R --input ../data/assessing_models_simulation/datasets/multiple_GenerationJnorm_200_180_100_6_0_betainterceptPCAWG2_betaslopePCAWG2_covmatPCAWG2_dataset923.RDS --output ../data/assessing_models_simulation/inference_results/TMB/nlminb/multiple_GenerationJnorm_200_180_100_6_0_diagREDM_betainterceptPCAWG2_betaslopePCAWG2_covmatPCAWG2_dataset923.RDS --model diagREDM --optimiser nlminb  --use_previous_run_startingvals T
[Tue Mar 28 00:30:50 2023]
Finished job 1926.
13 of 2540 steps (0.51%) done

[Tue Mar 28 00:30:50 2023]
rule inference_simulation_TMB_multiple:
    input: ../data/assessing_models_simulation/datasets/multiple_GenerationJnorm_200_180_100_6_0_betainterceptPCAWG2_betaslopePCAWG2_covmatPCAWG2_dataset923.RDS
    output: ../data/assessing_models_simulation/inference_results/TMB/nlminb/multiple_GenerationJnorm_200_180_100_6_0_fullREDM_betainterceptPCAWG2_betaslopePCAWG2_covmatPCAWG2_dataset923.RDS
    log: logs/inference/nlminb/simulation_GenerationJnorm_200_180_100_6_0_ModelfullREDM_betainterceptPCAWG2_betaslopePCAWG2_covmatPCAWG2_dataset923.log
    jobid: 926
    wildcards: optimiser=nlminb, datasetgeneration=GenerationJnorm, n=200, nlambda=180, lmbda=100, d=6, beta_intensity=0, model=fullREDM, fixed_beta_intercept=betainterceptPCAWG2, fixed_beta_slope=betaslopePCAWG2, sdRE_input=covmatPCAWG2, itnum=923

Rscript 2_inference_TMB/run_TMB.R --input ../data/assessing_models_simulation/datasets/multiple_GenerationJnorm_200_180_100_6_0_betainterceptPCAWG2_betaslopePCAWG2_covmatPCAWG2_dataset923.RDS --output ../data/assessing_models_simulation/inference_results/TMB/nlminb/multiple_GenerationJnorm_200_180_100_6_0_fullREDM_betainterceptPCAWG2_betaslopePCAWG2_covmatPCAWG2_dataset923.RDS --model fullREDM --optimiser nlminb  --use_previous_run_startingvals T
[Tue Mar 28 00:31:47 2023]
Error in rule inference_simulation_TMB_multiple:
    jobid: 926
    output: ../data/assessing_models_simulation/inference_results/TMB/nlminb/multiple_GenerationJnorm_200_180_100_6_0_fullREDM_betainterceptPCAWG2_betaslopePCAWG2_covmatPCAWG2_dataset923.RDS
    log: logs/inference/nlminb/simulation_GenerationJnorm_200_180_100_6_0_ModelfullREDM_betainterceptPCAWG2_betaslopePCAWG2_covmatPCAWG2_dataset923.log (check log file(s) for error message)
    shell:
        Rscript 2_inference_TMB/run_TMB.R --input ../data/assessing_models_simulation/datasets/multiple_GenerationJnorm_200_180_100_6_0_betainterceptPCAWG2_betaslopePCAWG2_covmatPCAWG2_dataset923.RDS --output ../data/assessing_models_simulation/inference_results/TMB/nlminb/multiple_GenerationJnorm_200_180_100_6_0_fullREDM_betainterceptPCAWG2_betaslopePCAWG2_covmatPCAWG2_dataset923.RDS --model fullREDM --optimiser nlminb  --use_previous_run_startingvals T

Shutting down, this might take some time.
Exiting because a job execution failed. Look above for error message
Complete log: /Users/morril01/Documents/PhD/GlobalDA/code/.snakemake/log/2023-03-28T002524.503579.snakemake.log
