Building DAG of jobs...
Using shell: /usr/local/bin/bash
Provided cores: 1
Rules claiming more threads will be scaled down.
Job counts:
	count	jobs
	1	all
	2	analyse_simulation_TMB_bias
	1938	inference_simulation_TMB_multiple
	968	simulate_for_comparison_multiple
	2909

[Mon Mar 27 19:31:17 2023]
rule inference_simulation_TMB_multiple:
    input: ../data/assessing_models_simulation/datasets/multiple_GenerationJnorm_200_180_100_6_0_betainterceptPCAWG2_betaslopePCAWG2_covmatPCAWG2_dataset266.RDS
    output: ../data/assessing_models_simulation/inference_results/TMB/nlminb/multiple_GenerationJnorm_200_180_100_6_0_fullREDM_betainterceptPCAWG2_betaslopePCAWG2_covmatPCAWG2_dataset266.RDS
    log: logs/inference/nlminb/simulation_GenerationJnorm_200_180_100_6_0_ModelfullREDM_betainterceptPCAWG2_betaslopePCAWG2_covmatPCAWG2_dataset266.log
    jobid: 269
    wildcards: optimiser=nlminb, datasetgeneration=GenerationJnorm, n=200, nlambda=180, lmbda=100, d=6, beta_intensity=0, model=fullREDM, fixed_beta_intercept=betainterceptPCAWG2, fixed_beta_slope=betaslopePCAWG2, sdRE_input=covmatPCAWG2, itnum=266

Rscript 2_inference_TMB/run_TMB.R --input ../data/assessing_models_simulation/datasets/multiple_GenerationJnorm_200_180_100_6_0_betainterceptPCAWG2_betaslopePCAWG2_covmatPCAWG2_dataset266.RDS --output ../data/assessing_models_simulation/inference_results/TMB/nlminb/multiple_GenerationJnorm_200_180_100_6_0_fullREDM_betainterceptPCAWG2_betaslopePCAWG2_covmatPCAWG2_dataset266.RDS --model fullREDM --optimiser nlminb  --use_previous_run_startingvals T
[Mon Mar 27 19:32:11 2023]
Finished job 269.
1 of 2909 steps (0.03%) done

[Mon Mar 27 19:32:11 2023]
rule inference_simulation_TMB_multiple:
    input: ../data/assessing_models_simulation/datasets/multiple_GenerationJnorm_200_180_100_6_0_betainterceptPCAWG2_betaslopePCAWG2_covmatPCAWG2_dataset266.RDS
    output: ../data/assessing_models_simulation/inference_results/TMB/nlminb/multiple_GenerationJnorm_200_180_100_6_0_diagREDM_betainterceptPCAWG2_betaslopePCAWG2_covmatPCAWG2_dataset266.RDS
    log: logs/inference/nlminb/simulation_GenerationJnorm_200_180_100_6_0_ModeldiagREDM_betainterceptPCAWG2_betaslopePCAWG2_covmatPCAWG2_dataset266.log
    jobid: 1269
    wildcards: optimiser=nlminb, datasetgeneration=GenerationJnorm, n=200, nlambda=180, lmbda=100, d=6, beta_intensity=0, model=diagREDM, fixed_beta_intercept=betainterceptPCAWG2, fixed_beta_slope=betaslopePCAWG2, sdRE_input=covmatPCAWG2, itnum=266

Rscript 2_inference_TMB/run_TMB.R --input ../data/assessing_models_simulation/datasets/multiple_GenerationJnorm_200_180_100_6_0_betainterceptPCAWG2_betaslopePCAWG2_covmatPCAWG2_dataset266.RDS --output ../data/assessing_models_simulation/inference_results/TMB/nlminb/multiple_GenerationJnorm_200_180_100_6_0_diagREDM_betainterceptPCAWG2_betaslopePCAWG2_covmatPCAWG2_dataset266.RDS --model diagREDM --optimiser nlminb  --use_previous_run_startingvals T
[Mon Mar 27 19:32:40 2023]
Finished job 1269.
2 of 2909 steps (0.07%) done

[Mon Mar 27 19:32:40 2023]
rule simulate_for_comparison_multiple:
    input: ../data/assessing_models_simulation/GenerationJnorm
    output: ../data/assessing_models_simulation/datasets/multiple_GenerationJnorm_200_180_100_6_0_betainterceptPCAWG2_betaslopePCAWG2_covmatPCAWG2_dataset221.RDS
    jobid: 2224
    wildcards: datasetgeneration=GenerationJnorm, n=200, nlambda=180, lmbda=100, d=6, beta_intensity=0, fixed_beta_intercept=betainterceptPCAWG2, fixed_beta_slope=betaslopePCAWG2, sdRE_input=covmatPCAWG2, itnum=221

Rscript --vanilla 3_analysis/simulation_model_assessment/generate_datasets_simulations/GenerationJnorm.R --input ../data/assessing_models_simulation/GenerationJnorm --d 6 --n 200 --nlambda 180 --lambda 100 --beta_gamma_shape 0 --outfile ../data/assessing_models_simulation/datasets/multiple_GenerationJnorm_200_180_100_6_0_betainterceptPCAWG2_betaslopePCAWG2_covmatPCAWG2_dataset221.RDS --beta_intercept_input ../data/assessing_models_simulation/additional_files/multiple_fixed_betainterceptPCAWG2.RDS --beta_slope_input ../data/assessing_models_simulation/additional_files/multiple_fixed_betaslopePCAWG2.RDS --sdRE_input ../data/assessing_models_simulation/additional_files/multiple_fixed_covmatPCAWG2.RDS
[Mon Mar 27 19:32:42 2023]
Finished job 2224.
3 of 2909 steps (0.10%) done

[Mon Mar 27 19:32:42 2023]
rule inference_simulation_TMB_multiple:
    input: ../data/assessing_models_simulation/datasets/multiple_GenerationJnorm_200_180_100_6_0_betainterceptPCAWG2_betaslopePCAWG2_covmatPCAWG2_dataset221.RDS
    output: ../data/assessing_models_simulation/inference_results/TMB/nlminb/multiple_GenerationJnorm_200_180_100_6_0_diagREDM_betainterceptPCAWG2_betaslopePCAWG2_covmatPCAWG2_dataset221.RDS
    log: logs/inference/nlminb/simulation_GenerationJnorm_200_180_100_6_0_ModeldiagREDM_betainterceptPCAWG2_betaslopePCAWG2_covmatPCAWG2_dataset221.log
    jobid: 1224
    wildcards: optimiser=nlminb, datasetgeneration=GenerationJnorm, n=200, nlambda=180, lmbda=100, d=6, beta_intensity=0, model=diagREDM, fixed_beta_intercept=betainterceptPCAWG2, fixed_beta_slope=betaslopePCAWG2, sdRE_input=covmatPCAWG2, itnum=221

Rscript 2_inference_TMB/run_TMB.R --input ../data/assessing_models_simulation/datasets/multiple_GenerationJnorm_200_180_100_6_0_betainterceptPCAWG2_betaslopePCAWG2_covmatPCAWG2_dataset221.RDS --output ../data/assessing_models_simulation/inference_results/TMB/nlminb/multiple_GenerationJnorm_200_180_100_6_0_diagREDM_betainterceptPCAWG2_betaslopePCAWG2_covmatPCAWG2_dataset221.RDS --model diagREDM --optimiser nlminb  --use_previous_run_startingvals T
[Mon Mar 27 19:33:07 2023]
Finished job 1224.
4 of 2909 steps (0.14%) done

[Mon Mar 27 19:33:07 2023]
rule inference_simulation_TMB_multiple:
    input: ../data/assessing_models_simulation/datasets/multiple_GenerationJnorm_200_180_100_6_0_betainterceptPCAWG2_betaslopePCAWG2_covmatPCAWG2_dataset221.RDS
    output: ../data/assessing_models_simulation/inference_results/TMB/nlminb/multiple_GenerationJnorm_200_180_100_6_0_fullREDM_betainterceptPCAWG2_betaslopePCAWG2_covmatPCAWG2_dataset221.RDS
    log: logs/inference/nlminb/simulation_GenerationJnorm_200_180_100_6_0_ModelfullREDM_betainterceptPCAWG2_betaslopePCAWG2_covmatPCAWG2_dataset221.log
    jobid: 224
    wildcards: optimiser=nlminb, datasetgeneration=GenerationJnorm, n=200, nlambda=180, lmbda=100, d=6, beta_intensity=0, model=fullREDM, fixed_beta_intercept=betainterceptPCAWG2, fixed_beta_slope=betaslopePCAWG2, sdRE_input=covmatPCAWG2, itnum=221

Rscript 2_inference_TMB/run_TMB.R --input ../data/assessing_models_simulation/datasets/multiple_GenerationJnorm_200_180_100_6_0_betainterceptPCAWG2_betaslopePCAWG2_covmatPCAWG2_dataset221.RDS --output ../data/assessing_models_simulation/inference_results/TMB/nlminb/multiple_GenerationJnorm_200_180_100_6_0_fullREDM_betainterceptPCAWG2_betaslopePCAWG2_covmatPCAWG2_dataset221.RDS --model fullREDM --optimiser nlminb  --use_previous_run_startingvals T
[Mon Mar 27 19:33:52 2023]
Finished job 224.
5 of 2909 steps (0.17%) done

[Mon Mar 27 19:33:52 2023]
rule simulate_for_comparison_multiple:
    input: ../data/assessing_models_simulation/GenerationJnorm
    output: ../data/assessing_models_simulation/datasets/multiple_GenerationJnorm_200_180_100_6_0_betainterceptPCAWG2_betaslopePCAWG2_covmatPCAWG2_dataset18.RDS
    jobid: 2021
    wildcards: datasetgeneration=GenerationJnorm, n=200, nlambda=180, lmbda=100, d=6, beta_intensity=0, fixed_beta_intercept=betainterceptPCAWG2, fixed_beta_slope=betaslopePCAWG2, sdRE_input=covmatPCAWG2, itnum=18

Rscript --vanilla 3_analysis/simulation_model_assessment/generate_datasets_simulations/GenerationJnorm.R --input ../data/assessing_models_simulation/GenerationJnorm --d 6 --n 200 --nlambda 180 --lambda 100 --beta_gamma_shape 0 --outfile ../data/assessing_models_simulation/datasets/multiple_GenerationJnorm_200_180_100_6_0_betainterceptPCAWG2_betaslopePCAWG2_covmatPCAWG2_dataset18.RDS --beta_intercept_input ../data/assessing_models_simulation/additional_files/multiple_fixed_betainterceptPCAWG2.RDS --beta_slope_input ../data/assessing_models_simulation/additional_files/multiple_fixed_betaslopePCAWG2.RDS --sdRE_input ../data/assessing_models_simulation/additional_files/multiple_fixed_covmatPCAWG2.RDS
[Mon Mar 27 19:33:54 2023]
Finished job 2021.
6 of 2909 steps (0.21%) done

[Mon Mar 27 19:33:54 2023]
rule inference_simulation_TMB_multiple:
    input: ../data/assessing_models_simulation/datasets/multiple_GenerationJnorm_200_180_100_6_0_betainterceptPCAWG2_betaslopePCAWG2_covmatPCAWG2_dataset18.RDS
    output: ../data/assessing_models_simulation/inference_results/TMB/nlminb/multiple_GenerationJnorm_200_180_100_6_0_diagREDM_betainterceptPCAWG2_betaslopePCAWG2_covmatPCAWG2_dataset18.RDS
    log: logs/inference/nlminb/simulation_GenerationJnorm_200_180_100_6_0_ModeldiagREDM_betainterceptPCAWG2_betaslopePCAWG2_covmatPCAWG2_dataset18.log
    jobid: 1021
    wildcards: optimiser=nlminb, datasetgeneration=GenerationJnorm, n=200, nlambda=180, lmbda=100, d=6, beta_intensity=0, model=diagREDM, fixed_beta_intercept=betainterceptPCAWG2, fixed_beta_slope=betaslopePCAWG2, sdRE_input=covmatPCAWG2, itnum=18

Rscript 2_inference_TMB/run_TMB.R --input ../data/assessing_models_simulation/datasets/multiple_GenerationJnorm_200_180_100_6_0_betainterceptPCAWG2_betaslopePCAWG2_covmatPCAWG2_dataset18.RDS --output ../data/assessing_models_simulation/inference_results/TMB/nlminb/multiple_GenerationJnorm_200_180_100_6_0_diagREDM_betainterceptPCAWG2_betaslopePCAWG2_covmatPCAWG2_dataset18.RDS --model diagREDM --optimiser nlminb  --use_previous_run_startingvals T
[Mon Mar 27 19:34:27 2023]
Finished job 1021.
7 of 2909 steps (0.24%) done

[Mon Mar 27 19:34:27 2023]
rule inference_simulation_TMB_multiple:
    input: ../data/assessing_models_simulation/datasets/multiple_GenerationJnorm_200_180_100_6_0_betainterceptPCAWG2_betaslopePCAWG2_covmatPCAWG2_dataset18.RDS
    output: ../data/assessing_models_simulation/inference_results/TMB/nlminb/multiple_GenerationJnorm_200_180_100_6_0_fullREDM_betainterceptPCAWG2_betaslopePCAWG2_covmatPCAWG2_dataset18.RDS
    log: logs/inference/nlminb/simulation_GenerationJnorm_200_180_100_6_0_ModelfullREDM_betainterceptPCAWG2_betaslopePCAWG2_covmatPCAWG2_dataset18.log
    jobid: 21
    wildcards: optimiser=nlminb, datasetgeneration=GenerationJnorm, n=200, nlambda=180, lmbda=100, d=6, beta_intensity=0, model=fullREDM, fixed_beta_intercept=betainterceptPCAWG2, fixed_beta_slope=betaslopePCAWG2, sdRE_input=covmatPCAWG2, itnum=18

Rscript 2_inference_TMB/run_TMB.R --input ../data/assessing_models_simulation/datasets/multiple_GenerationJnorm_200_180_100_6_0_betainterceptPCAWG2_betaslopePCAWG2_covmatPCAWG2_dataset18.RDS --output ../data/assessing_models_simulation/inference_results/TMB/nlminb/multiple_GenerationJnorm_200_180_100_6_0_fullREDM_betainterceptPCAWG2_betaslopePCAWG2_covmatPCAWG2_dataset18.RDS --model fullREDM --optimiser nlminb  --use_previous_run_startingvals T
[Mon Mar 27 19:35:10 2023]
Finished job 21.
8 of 2909 steps (0.28%) done

[Mon Mar 27 19:35:10 2023]
rule simulate_for_comparison_multiple:
    input: ../data/assessing_models_simulation/GenerationJnorm
    output: ../data/assessing_models_simulation/datasets/multiple_GenerationJnorm_200_180_100_6_0_betainterceptPCAWG2_betaslopePCAWG2_covmatPCAWG2_dataset136.RDS
    jobid: 2139
    wildcards: datasetgeneration=GenerationJnorm, n=200, nlambda=180, lmbda=100, d=6, beta_intensity=0, fixed_beta_intercept=betainterceptPCAWG2, fixed_beta_slope=betaslopePCAWG2, sdRE_input=covmatPCAWG2, itnum=136

Rscript --vanilla 3_analysis/simulation_model_assessment/generate_datasets_simulations/GenerationJnorm.R --input ../data/assessing_models_simulation/GenerationJnorm --d 6 --n 200 --nlambda 180 --lambda 100 --beta_gamma_shape 0 --outfile ../data/assessing_models_simulation/datasets/multiple_GenerationJnorm_200_180_100_6_0_betainterceptPCAWG2_betaslopePCAWG2_covmatPCAWG2_dataset136.RDS --beta_intercept_input ../data/assessing_models_simulation/additional_files/multiple_fixed_betainterceptPCAWG2.RDS --beta_slope_input ../data/assessing_models_simulation/additional_files/multiple_fixed_betaslopePCAWG2.RDS --sdRE_input ../data/assessing_models_simulation/additional_files/multiple_fixed_covmatPCAWG2.RDS
[Mon Mar 27 19:35:12 2023]
Finished job 2139.
9 of 2909 steps (0.31%) done

[Mon Mar 27 19:35:12 2023]
rule inference_simulation_TMB_multiple:
    input: ../data/assessing_models_simulation/datasets/multiple_GenerationJnorm_200_180_100_6_0_betainterceptPCAWG2_betaslopePCAWG2_covmatPCAWG2_dataset136.RDS
    output: ../data/assessing_models_simulation/inference_results/TMB/nlminb/multiple_GenerationJnorm_200_180_100_6_0_diagREDM_betainterceptPCAWG2_betaslopePCAWG2_covmatPCAWG2_dataset136.RDS
    log: logs/inference/nlminb/simulation_GenerationJnorm_200_180_100_6_0_ModeldiagREDM_betainterceptPCAWG2_betaslopePCAWG2_covmatPCAWG2_dataset136.log
    jobid: 1139
    wildcards: optimiser=nlminb, datasetgeneration=GenerationJnorm, n=200, nlambda=180, lmbda=100, d=6, beta_intensity=0, model=diagREDM, fixed_beta_intercept=betainterceptPCAWG2, fixed_beta_slope=betaslopePCAWG2, sdRE_input=covmatPCAWG2, itnum=136

Rscript 2_inference_TMB/run_TMB.R --input ../data/assessing_models_simulation/datasets/multiple_GenerationJnorm_200_180_100_6_0_betainterceptPCAWG2_betaslopePCAWG2_covmatPCAWG2_dataset136.RDS --output ../data/assessing_models_simulation/inference_results/TMB/nlminb/multiple_GenerationJnorm_200_180_100_6_0_diagREDM_betainterceptPCAWG2_betaslopePCAWG2_covmatPCAWG2_dataset136.RDS --model diagREDM --optimiser nlminb  --use_previous_run_startingvals T
[Mon Mar 27 19:35:43 2023]
Finished job 1139.
10 of 2909 steps (0.34%) done

[Mon Mar 27 19:35:43 2023]
rule inference_simulation_TMB_multiple:
    input: ../data/assessing_models_simulation/datasets/multiple_GenerationJnorm_200_180_100_6_0_betainterceptPCAWG2_betaslopePCAWG2_covmatPCAWG2_dataset136.RDS
    output: ../data/assessing_models_simulation/inference_results/TMB/nlminb/multiple_GenerationJnorm_200_180_100_6_0_fullREDM_betainterceptPCAWG2_betaslopePCAWG2_covmatPCAWG2_dataset136.RDS
    log: logs/inference/nlminb/simulation_GenerationJnorm_200_180_100_6_0_ModelfullREDM_betainterceptPCAWG2_betaslopePCAWG2_covmatPCAWG2_dataset136.log
    jobid: 139
    wildcards: optimiser=nlminb, datasetgeneration=GenerationJnorm, n=200, nlambda=180, lmbda=100, d=6, beta_intensity=0, model=fullREDM, fixed_beta_intercept=betainterceptPCAWG2, fixed_beta_slope=betaslopePCAWG2, sdRE_input=covmatPCAWG2, itnum=136

Rscript 2_inference_TMB/run_TMB.R --input ../data/assessing_models_simulation/datasets/multiple_GenerationJnorm_200_180_100_6_0_betainterceptPCAWG2_betaslopePCAWG2_covmatPCAWG2_dataset136.RDS --output ../data/assessing_models_simulation/inference_results/TMB/nlminb/multiple_GenerationJnorm_200_180_100_6_0_fullREDM_betainterceptPCAWG2_betaslopePCAWG2_covmatPCAWG2_dataset136.RDS --model fullREDM --optimiser nlminb  --use_previous_run_startingvals T
[Mon Mar 27 19:36:28 2023]
Error in rule inference_simulation_TMB_multiple:
    jobid: 139
    output: ../data/assessing_models_simulation/inference_results/TMB/nlminb/multiple_GenerationJnorm_200_180_100_6_0_fullREDM_betainterceptPCAWG2_betaslopePCAWG2_covmatPCAWG2_dataset136.RDS
    log: logs/inference/nlminb/simulation_GenerationJnorm_200_180_100_6_0_ModelfullREDM_betainterceptPCAWG2_betaslopePCAWG2_covmatPCAWG2_dataset136.log (check log file(s) for error message)
    shell:
        Rscript 2_inference_TMB/run_TMB.R --input ../data/assessing_models_simulation/datasets/multiple_GenerationJnorm_200_180_100_6_0_betainterceptPCAWG2_betaslopePCAWG2_covmatPCAWG2_dataset136.RDS --output ../data/assessing_models_simulation/inference_results/TMB/nlminb/multiple_GenerationJnorm_200_180_100_6_0_fullREDM_betainterceptPCAWG2_betaslopePCAWG2_covmatPCAWG2_dataset136.RDS --model fullREDM --optimiser nlminb  --use_previous_run_startingvals T

Shutting down, this might take some time.
Exiting because a job execution failed. Look above for error message
Complete log: /Users/morril01/Documents/PhD/GlobalDA/code/.snakemake/log/2023-03-27T193111.200595.snakemake.log
