Building DAG of jobs...
Using shell: /usr/local/bin/bash
Provided cores: 1
Rules claiming more threads will be scaled down.
Job counts:
	count	jobs
	1	all
	2	analyse_simulation_TMB_bias
	1363	inference_simulation_TMB_multiple
	681	simulate_for_comparison_multiple
	2047

[Sat May  6 22:39:44 2023]
rule inference_simulation_TMB_multiple:
    input: ../data/assessing_models_simulation/datasets/multiple_GenerationJnorm_200_14072_87_6_0_betainterceptPCAWG4_betaslopePCAWG4_covmatFULLPCAWG4_dataset213.RDS
    output: ../data/assessing_models_simulation/inference_results/TMB/nlminb/multiple_GenerationJnorm_200_14072_87_6_0_fullREDM_betainterceptPCAWG4_betaslopePCAWG4_covmatFULLPCAWG4_dataset213.RDS
    log: logs/inference/nlminb/simulation_GenerationJnorm_200_14072_87_6_0_ModelfullREDM_betainterceptPCAWG4_betaslopePCAWG4_covmatFULLPCAWG4_dataset213.log
    jobid: 1216
    wildcards: optimiser=nlminb, datasetgeneration=GenerationJnorm, n=200, nlambda=14072, lmbda=87, d=6, beta_intensity=0, model=fullREDM, fixed_beta_intercept=betainterceptPCAWG4, fixed_beta_slope=betaslopePCAWG4, sdRE_input=covmatFULLPCAWG4, itnum=213

Rscript 2_inference_TMB/run_TMB.R --input ../data/assessing_models_simulation/datasets/multiple_GenerationJnorm_200_14072_87_6_0_betainterceptPCAWG4_betaslopePCAWG4_covmatFULLPCAWG4_dataset213.RDS --output ../data/assessing_models_simulation/inference_results/TMB/nlminb/multiple_GenerationJnorm_200_14072_87_6_0_fullREDM_betainterceptPCAWG4_betaslopePCAWG4_covmatFULLPCAWG4_dataset213.RDS --model fullREDM --optimiser nlminb  --use_previous_run_startingvals T
[Sat May  6 22:40:20 2023]
Finished job 1216.
1 of 2047 steps (0.05%) done

[Sat May  6 22:40:20 2023]
rule simulate_for_comparison_multiple:
    input: ../data/assessing_models_simulation/GenerationJnorm
    output: ../data/assessing_models_simulation/datasets/multiple_GenerationJnorm_200_14072_87_6_0_betainterceptPCAWG4_betaslopePCAWG4_covmatFULLPCAWG4_dataset479.RDS
    jobid: 2482
    wildcards: datasetgeneration=GenerationJnorm, n=200, nlambda=14072, lmbda=87, d=6, beta_intensity=0, fixed_beta_intercept=betainterceptPCAWG4, fixed_beta_slope=betaslopePCAWG4, sdRE_input=covmatFULLPCAWG4, itnum=479

Rscript --vanilla 3_analysis/simulation_model_assessment/generate_datasets_simulations/GenerationJnorm.R --input ../data/assessing_models_simulation/GenerationJnorm --d 6 --n 200 --nlambda 14072 --lambda 87 --beta_gamma_shape 0 --outfile ../data/assessing_models_simulation/datasets/multiple_GenerationJnorm_200_14072_87_6_0_betainterceptPCAWG4_betaslopePCAWG4_covmatFULLPCAWG4_dataset479.RDS --beta_intercept_input ../data/assessing_models_simulation/additional_files/multiple_fixed_betainterceptPCAWG4.RDS --beta_slope_input ../data/assessing_models_simulation/additional_files/multiple_fixed_betaslopePCAWG4.RDS --sdRE_input ../data/assessing_models_simulation/additional_files/multiple_fixed_covmatFULLPCAWG4.RDS
[Sat May  6 22:40:23 2023]
Finished job 2482.
2 of 2047 steps (0.10%) done

[Sat May  6 22:40:23 2023]
rule inference_simulation_TMB_multiple:
    input: ../data/assessing_models_simulation/datasets/multiple_GenerationJnorm_200_14072_87_6_0_betainterceptPCAWG4_betaslopePCAWG4_covmatFULLPCAWG4_dataset479.RDS
    output: ../data/assessing_models_simulation/inference_results/TMB/nlminb/multiple_GenerationJnorm_200_14072_87_6_0_diagREDM_betainterceptPCAWG4_betaslopePCAWG4_covmatFULLPCAWG4_dataset479.RDS
    log: logs/inference/nlminb/simulation_GenerationJnorm_200_14072_87_6_0_ModeldiagREDM_betainterceptPCAWG4_betaslopePCAWG4_covmatFULLPCAWG4_dataset479.log
    jobid: 482
    wildcards: optimiser=nlminb, datasetgeneration=GenerationJnorm, n=200, nlambda=14072, lmbda=87, d=6, beta_intensity=0, model=diagREDM, fixed_beta_intercept=betainterceptPCAWG4, fixed_beta_slope=betaslopePCAWG4, sdRE_input=covmatFULLPCAWG4, itnum=479

Rscript 2_inference_TMB/run_TMB.R --input ../data/assessing_models_simulation/datasets/multiple_GenerationJnorm_200_14072_87_6_0_betainterceptPCAWG4_betaslopePCAWG4_covmatFULLPCAWG4_dataset479.RDS --output ../data/assessing_models_simulation/inference_results/TMB/nlminb/multiple_GenerationJnorm_200_14072_87_6_0_diagREDM_betainterceptPCAWG4_betaslopePCAWG4_covmatFULLPCAWG4_dataset479.RDS --model diagREDM --optimiser nlminb  --use_previous_run_startingvals T
[Sat May  6 22:40:58 2023]
Finished job 482.
3 of 2047 steps (0.15%) done

[Sat May  6 22:40:58 2023]
rule inference_simulation_TMB_multiple:
    input: ../data/assessing_models_simulation/datasets/multiple_GenerationJnorm_200_14072_87_6_0_betainterceptPCAWG4_betaslopePCAWG4_covmatFULLPCAWG4_dataset479.RDS
    output: ../data/assessing_models_simulation/inference_results/TMB/nlminb/multiple_GenerationJnorm_200_14072_87_6_0_fullREDM_betainterceptPCAWG4_betaslopePCAWG4_covmatFULLPCAWG4_dataset479.RDS
    log: logs/inference/nlminb/simulation_GenerationJnorm_200_14072_87_6_0_ModelfullREDM_betainterceptPCAWG4_betaslopePCAWG4_covmatFULLPCAWG4_dataset479.log
    jobid: 1482
    wildcards: optimiser=nlminb, datasetgeneration=GenerationJnorm, n=200, nlambda=14072, lmbda=87, d=6, beta_intensity=0, model=fullREDM, fixed_beta_intercept=betainterceptPCAWG4, fixed_beta_slope=betaslopePCAWG4, sdRE_input=covmatFULLPCAWG4, itnum=479

Rscript 2_inference_TMB/run_TMB.R --input ../data/assessing_models_simulation/datasets/multiple_GenerationJnorm_200_14072_87_6_0_betainterceptPCAWG4_betaslopePCAWG4_covmatFULLPCAWG4_dataset479.RDS --output ../data/assessing_models_simulation/inference_results/TMB/nlminb/multiple_GenerationJnorm_200_14072_87_6_0_fullREDM_betainterceptPCAWG4_betaslopePCAWG4_covmatFULLPCAWG4_dataset479.RDS --model fullREDM --optimiser nlminb  --use_previous_run_startingvals T
[Sat May  6 22:41:45 2023]
Finished job 1482.
4 of 2047 steps (0.20%) done

[Sat May  6 22:41:45 2023]
rule simulate_for_comparison_multiple:
    input: ../data/assessing_models_simulation/GenerationJnorm
    output: ../data/assessing_models_simulation/datasets/multiple_GenerationJnorm_200_14072_87_6_0_betainterceptPCAWG4_betaslopePCAWG4_covmatFULLPCAWG4_dataset610.RDS
    jobid: 2613
    wildcards: datasetgeneration=GenerationJnorm, n=200, nlambda=14072, lmbda=87, d=6, beta_intensity=0, fixed_beta_intercept=betainterceptPCAWG4, fixed_beta_slope=betaslopePCAWG4, sdRE_input=covmatFULLPCAWG4, itnum=610

Rscript --vanilla 3_analysis/simulation_model_assessment/generate_datasets_simulations/GenerationJnorm.R --input ../data/assessing_models_simulation/GenerationJnorm --d 6 --n 200 --nlambda 14072 --lambda 87 --beta_gamma_shape 0 --outfile ../data/assessing_models_simulation/datasets/multiple_GenerationJnorm_200_14072_87_6_0_betainterceptPCAWG4_betaslopePCAWG4_covmatFULLPCAWG4_dataset610.RDS --beta_intercept_input ../data/assessing_models_simulation/additional_files/multiple_fixed_betainterceptPCAWG4.RDS --beta_slope_input ../data/assessing_models_simulation/additional_files/multiple_fixed_betaslopePCAWG4.RDS --sdRE_input ../data/assessing_models_simulation/additional_files/multiple_fixed_covmatFULLPCAWG4.RDS
[Sat May  6 22:41:47 2023]
Finished job 2613.
5 of 2047 steps (0.24%) done

[Sat May  6 22:41:47 2023]
rule inference_simulation_TMB_multiple:
    input: ../data/assessing_models_simulation/datasets/multiple_GenerationJnorm_200_14072_87_6_0_betainterceptPCAWG4_betaslopePCAWG4_covmatFULLPCAWG4_dataset610.RDS
    output: ../data/assessing_models_simulation/inference_results/TMB/nlminb/multiple_GenerationJnorm_200_14072_87_6_0_diagREDM_betainterceptPCAWG4_betaslopePCAWG4_covmatFULLPCAWG4_dataset610.RDS
    log: logs/inference/nlminb/simulation_GenerationJnorm_200_14072_87_6_0_ModeldiagREDM_betainterceptPCAWG4_betaslopePCAWG4_covmatFULLPCAWG4_dataset610.log
    jobid: 613
    wildcards: optimiser=nlminb, datasetgeneration=GenerationJnorm, n=200, nlambda=14072, lmbda=87, d=6, beta_intensity=0, model=diagREDM, fixed_beta_intercept=betainterceptPCAWG4, fixed_beta_slope=betaslopePCAWG4, sdRE_input=covmatFULLPCAWG4, itnum=610

Rscript 2_inference_TMB/run_TMB.R --input ../data/assessing_models_simulation/datasets/multiple_GenerationJnorm_200_14072_87_6_0_betainterceptPCAWG4_betaslopePCAWG4_covmatFULLPCAWG4_dataset610.RDS --output ../data/assessing_models_simulation/inference_results/TMB/nlminb/multiple_GenerationJnorm_200_14072_87_6_0_diagREDM_betainterceptPCAWG4_betaslopePCAWG4_covmatFULLPCAWG4_dataset610.RDS --model diagREDM --optimiser nlminb  --use_previous_run_startingvals T
[Sat May  6 22:42:19 2023]
Finished job 613.
6 of 2047 steps (0.29%) done

[Sat May  6 22:42:19 2023]
rule inference_simulation_TMB_multiple:
    input: ../data/assessing_models_simulation/datasets/multiple_GenerationJnorm_200_14072_87_6_0_betainterceptPCAWG4_betaslopePCAWG4_covmatFULLPCAWG4_dataset610.RDS
    output: ../data/assessing_models_simulation/inference_results/TMB/nlminb/multiple_GenerationJnorm_200_14072_87_6_0_fullREDM_betainterceptPCAWG4_betaslopePCAWG4_covmatFULLPCAWG4_dataset610.RDS
    log: logs/inference/nlminb/simulation_GenerationJnorm_200_14072_87_6_0_ModelfullREDM_betainterceptPCAWG4_betaslopePCAWG4_covmatFULLPCAWG4_dataset610.log
    jobid: 1613
    wildcards: optimiser=nlminb, datasetgeneration=GenerationJnorm, n=200, nlambda=14072, lmbda=87, d=6, beta_intensity=0, model=fullREDM, fixed_beta_intercept=betainterceptPCAWG4, fixed_beta_slope=betaslopePCAWG4, sdRE_input=covmatFULLPCAWG4, itnum=610

Rscript 2_inference_TMB/run_TMB.R --input ../data/assessing_models_simulation/datasets/multiple_GenerationJnorm_200_14072_87_6_0_betainterceptPCAWG4_betaslopePCAWG4_covmatFULLPCAWG4_dataset610.RDS --output ../data/assessing_models_simulation/inference_results/TMB/nlminb/multiple_GenerationJnorm_200_14072_87_6_0_fullREDM_betainterceptPCAWG4_betaslopePCAWG4_covmatFULLPCAWG4_dataset610.RDS --model fullREDM --optimiser nlminb  --use_previous_run_startingvals T
[Sat May  6 22:43:09 2023]
Finished job 1613.
7 of 2047 steps (0.34%) done

[Sat May  6 22:43:09 2023]
rule simulate_for_comparison_multiple:
    input: ../data/assessing_models_simulation/GenerationJnorm
    output: ../data/assessing_models_simulation/datasets/multiple_GenerationJnorm_200_14072_87_6_0_betainterceptPCAWG4_betaslopePCAWG4_covmatFULLPCAWG4_dataset444.RDS
    jobid: 2447
    wildcards: datasetgeneration=GenerationJnorm, n=200, nlambda=14072, lmbda=87, d=6, beta_intensity=0, fixed_beta_intercept=betainterceptPCAWG4, fixed_beta_slope=betaslopePCAWG4, sdRE_input=covmatFULLPCAWG4, itnum=444

Rscript --vanilla 3_analysis/simulation_model_assessment/generate_datasets_simulations/GenerationJnorm.R --input ../data/assessing_models_simulation/GenerationJnorm --d 6 --n 200 --nlambda 14072 --lambda 87 --beta_gamma_shape 0 --outfile ../data/assessing_models_simulation/datasets/multiple_GenerationJnorm_200_14072_87_6_0_betainterceptPCAWG4_betaslopePCAWG4_covmatFULLPCAWG4_dataset444.RDS --beta_intercept_input ../data/assessing_models_simulation/additional_files/multiple_fixed_betainterceptPCAWG4.RDS --beta_slope_input ../data/assessing_models_simulation/additional_files/multiple_fixed_betaslopePCAWG4.RDS --sdRE_input ../data/assessing_models_simulation/additional_files/multiple_fixed_covmatFULLPCAWG4.RDS
[Sat May  6 22:43:12 2023]
Finished job 2447.
8 of 2047 steps (0.39%) done

[Sat May  6 22:43:12 2023]
rule inference_simulation_TMB_multiple:
    input: ../data/assessing_models_simulation/datasets/multiple_GenerationJnorm_200_14072_87_6_0_betainterceptPCAWG4_betaslopePCAWG4_covmatFULLPCAWG4_dataset444.RDS
    output: ../data/assessing_models_simulation/inference_results/TMB/nlminb/multiple_GenerationJnorm_200_14072_87_6_0_diagREDM_betainterceptPCAWG4_betaslopePCAWG4_covmatFULLPCAWG4_dataset444.RDS
    log: logs/inference/nlminb/simulation_GenerationJnorm_200_14072_87_6_0_ModeldiagREDM_betainterceptPCAWG4_betaslopePCAWG4_covmatFULLPCAWG4_dataset444.log
    jobid: 447
    wildcards: optimiser=nlminb, datasetgeneration=GenerationJnorm, n=200, nlambda=14072, lmbda=87, d=6, beta_intensity=0, model=diagREDM, fixed_beta_intercept=betainterceptPCAWG4, fixed_beta_slope=betaslopePCAWG4, sdRE_input=covmatFULLPCAWG4, itnum=444

Rscript 2_inference_TMB/run_TMB.R --input ../data/assessing_models_simulation/datasets/multiple_GenerationJnorm_200_14072_87_6_0_betainterceptPCAWG4_betaslopePCAWG4_covmatFULLPCAWG4_dataset444.RDS --output ../data/assessing_models_simulation/inference_results/TMB/nlminb/multiple_GenerationJnorm_200_14072_87_6_0_diagREDM_betainterceptPCAWG4_betaslopePCAWG4_covmatFULLPCAWG4_dataset444.RDS --model diagREDM --optimiser nlminb  --use_previous_run_startingvals T
[Sat May  6 22:43:44 2023]
Finished job 447.
9 of 2047 steps (0.44%) done

[Sat May  6 22:43:44 2023]
rule inference_simulation_TMB_multiple:
    input: ../data/assessing_models_simulation/datasets/multiple_GenerationJnorm_200_14072_87_6_0_betainterceptPCAWG4_betaslopePCAWG4_covmatFULLPCAWG4_dataset444.RDS
    output: ../data/assessing_models_simulation/inference_results/TMB/nlminb/multiple_GenerationJnorm_200_14072_87_6_0_fullREDM_betainterceptPCAWG4_betaslopePCAWG4_covmatFULLPCAWG4_dataset444.RDS
    log: logs/inference/nlminb/simulation_GenerationJnorm_200_14072_87_6_0_ModelfullREDM_betainterceptPCAWG4_betaslopePCAWG4_covmatFULLPCAWG4_dataset444.log
    jobid: 1447
    wildcards: optimiser=nlminb, datasetgeneration=GenerationJnorm, n=200, nlambda=14072, lmbda=87, d=6, beta_intensity=0, model=fullREDM, fixed_beta_intercept=betainterceptPCAWG4, fixed_beta_slope=betaslopePCAWG4, sdRE_input=covmatFULLPCAWG4, itnum=444

Rscript 2_inference_TMB/run_TMB.R --input ../data/assessing_models_simulation/datasets/multiple_GenerationJnorm_200_14072_87_6_0_betainterceptPCAWG4_betaslopePCAWG4_covmatFULLPCAWG4_dataset444.RDS --output ../data/assessing_models_simulation/inference_results/TMB/nlminb/multiple_GenerationJnorm_200_14072_87_6_0_fullREDM_betainterceptPCAWG4_betaslopePCAWG4_covmatFULLPCAWG4_dataset444.RDS --model fullREDM --optimiser nlminb  --use_previous_run_startingvals T
[Sat May  6 22:44:28 2023]
Error in rule inference_simulation_TMB_multiple:
    jobid: 1447
    output: ../data/assessing_models_simulation/inference_results/TMB/nlminb/multiple_GenerationJnorm_200_14072_87_6_0_fullREDM_betainterceptPCAWG4_betaslopePCAWG4_covmatFULLPCAWG4_dataset444.RDS
    log: logs/inference/nlminb/simulation_GenerationJnorm_200_14072_87_6_0_ModelfullREDM_betainterceptPCAWG4_betaslopePCAWG4_covmatFULLPCAWG4_dataset444.log (check log file(s) for error message)
    shell:
        Rscript 2_inference_TMB/run_TMB.R --input ../data/assessing_models_simulation/datasets/multiple_GenerationJnorm_200_14072_87_6_0_betainterceptPCAWG4_betaslopePCAWG4_covmatFULLPCAWG4_dataset444.RDS --output ../data/assessing_models_simulation/inference_results/TMB/nlminb/multiple_GenerationJnorm_200_14072_87_6_0_fullREDM_betainterceptPCAWG4_betaslopePCAWG4_covmatFULLPCAWG4_dataset444.RDS --model fullREDM --optimiser nlminb  --use_previous_run_startingvals T

Shutting down, this might take some time.
Exiting because a job execution failed. Look above for error message
Complete log: /Users/morril01/Documents/PhD/GlobalDA/code/.snakemake/log/2023-05-06T223937.059861.snakemake.log
