Building DAG of jobs...
Using shell: /usr/local/bin/bash
Provided cores: 1
Rules claiming more threads will be scaled down.
Job counts:
	count	jobs
	1	all
	2	analyse_simulation_TMB_bias
	1583	inference_simulation_TMB_multiple
	791	simulate_for_comparison_multiple
	2377

[Sat Mar 25 07:13:42 2023]
rule inference_simulation_TMB_multiple:
    input: ../data/assessing_models_simulation/datasets/multiple_GenerationJnorm_200_180_0.06_6_0_betainterceptPCAWG2_betaslopePCAWG2_covmatPCAWG2_dataset523.RDS
    output: ../data/assessing_models_simulation/inference_results/TMB/nlminb/multiple_GenerationJnorm_200_180_0.06_6_0_fullREDM_betainterceptPCAWG2_betaslopePCAWG2_covmatPCAWG2_dataset523.RDS
    log: logs/inference/nlminb/simulation_GenerationJnorm_200_180_0.06_6_0_ModelfullREDM_betainterceptPCAWG2_betaslopePCAWG2_covmatPCAWG2_dataset523.log
    jobid: 526
    wildcards: optimiser=nlminb, datasetgeneration=GenerationJnorm, n=200, nlambda=180, lmbda=0.06, d=6, beta_intensity=0, model=fullREDM, fixed_beta_intercept=betainterceptPCAWG2, fixed_beta_slope=betaslopePCAWG2, sdRE_input=covmatPCAWG2, itnum=523

Rscript 2_inference_TMB/run_TMB.R --input ../data/assessing_models_simulation/datasets/multiple_GenerationJnorm_200_180_0.06_6_0_betainterceptPCAWG2_betaslopePCAWG2_covmatPCAWG2_dataset523.RDS --output ../data/assessing_models_simulation/inference_results/TMB/nlminb/multiple_GenerationJnorm_200_180_0.06_6_0_fullREDM_betainterceptPCAWG2_betaslopePCAWG2_covmatPCAWG2_dataset523.RDS --model fullREDM --optimiser nlminb  --use_previous_run_startingvals T
[Sat Mar 25 07:15:31 2023]
Finished job 526.
1 of 2377 steps (0.04%) done

[Sat Mar 25 07:15:31 2023]
rule simulate_for_comparison_multiple:
    input: ../data/assessing_models_simulation/GenerationJnorm
    output: ../data/assessing_models_simulation/datasets/multiple_GenerationJnorm_200_180_0.06_6_0_betainterceptPCAWG2_betaslopePCAWG2_covmatPCAWG2_dataset160.RDS
    jobid: 2163
    wildcards: datasetgeneration=GenerationJnorm, n=200, nlambda=180, lmbda=0.06, d=6, beta_intensity=0, fixed_beta_intercept=betainterceptPCAWG2, fixed_beta_slope=betaslopePCAWG2, sdRE_input=covmatPCAWG2, itnum=160

Rscript --vanilla 3_analysis/simulation_model_assessment/generate_datasets_simulations/GenerationJnorm.R --input ../data/assessing_models_simulation/GenerationJnorm --d 6 --n 200 --nlambda 180 --lambda 0.06 --beta_gamma_shape 0 --outfile ../data/assessing_models_simulation/datasets/multiple_GenerationJnorm_200_180_0.06_6_0_betainterceptPCAWG2_betaslopePCAWG2_covmatPCAWG2_dataset160.RDS --beta_intercept_input ../data/assessing_models_simulation/additional_files/multiple_fixed_betainterceptPCAWG2.RDS --beta_slope_input ../data/assessing_models_simulation/additional_files/multiple_fixed_betaslopePCAWG2.RDS --sdRE_input ../data/assessing_models_simulation/additional_files/multiple_fixed_covmatPCAWG2.RDS
[Sat Mar 25 07:15:33 2023]
Finished job 2163.
2 of 2377 steps (0.08%) done

[Sat Mar 25 07:15:33 2023]
rule inference_simulation_TMB_multiple:
    input: ../data/assessing_models_simulation/datasets/multiple_GenerationJnorm_200_180_0.06_6_0_betainterceptPCAWG2_betaslopePCAWG2_covmatPCAWG2_dataset160.RDS
    output: ../data/assessing_models_simulation/inference_results/TMB/nlminb/multiple_GenerationJnorm_200_180_0.06_6_0_fullREDM_betainterceptPCAWG2_betaslopePCAWG2_covmatPCAWG2_dataset160.RDS
    log: logs/inference/nlminb/simulation_GenerationJnorm_200_180_0.06_6_0_ModelfullREDM_betainterceptPCAWG2_betaslopePCAWG2_covmatPCAWG2_dataset160.log
    jobid: 163
    wildcards: optimiser=nlminb, datasetgeneration=GenerationJnorm, n=200, nlambda=180, lmbda=0.06, d=6, beta_intensity=0, model=fullREDM, fixed_beta_intercept=betainterceptPCAWG2, fixed_beta_slope=betaslopePCAWG2, sdRE_input=covmatPCAWG2, itnum=160

Rscript 2_inference_TMB/run_TMB.R --input ../data/assessing_models_simulation/datasets/multiple_GenerationJnorm_200_180_0.06_6_0_betainterceptPCAWG2_betaslopePCAWG2_covmatPCAWG2_dataset160.RDS --output ../data/assessing_models_simulation/inference_results/TMB/nlminb/multiple_GenerationJnorm_200_180_0.06_6_0_fullREDM_betainterceptPCAWG2_betaslopePCAWG2_covmatPCAWG2_dataset160.RDS --model fullREDM --optimiser nlminb  --use_previous_run_startingvals T
[Sat Mar 25 07:16:10 2023]
Error in rule inference_simulation_TMB_multiple:
    jobid: 163
    output: ../data/assessing_models_simulation/inference_results/TMB/nlminb/multiple_GenerationJnorm_200_180_0.06_6_0_fullREDM_betainterceptPCAWG2_betaslopePCAWG2_covmatPCAWG2_dataset160.RDS
    log: logs/inference/nlminb/simulation_GenerationJnorm_200_180_0.06_6_0_ModelfullREDM_betainterceptPCAWG2_betaslopePCAWG2_covmatPCAWG2_dataset160.log (check log file(s) for error message)
    shell:
        Rscript 2_inference_TMB/run_TMB.R --input ../data/assessing_models_simulation/datasets/multiple_GenerationJnorm_200_180_0.06_6_0_betainterceptPCAWG2_betaslopePCAWG2_covmatPCAWG2_dataset160.RDS --output ../data/assessing_models_simulation/inference_results/TMB/nlminb/multiple_GenerationJnorm_200_180_0.06_6_0_fullREDM_betainterceptPCAWG2_betaslopePCAWG2_covmatPCAWG2_dataset160.RDS --model fullREDM --optimiser nlminb  --use_previous_run_startingvals T

Shutting down, this might take some time.
Exiting because a job execution failed. Look above for error message
Complete log: /Users/morril01/Documents/PhD/GlobalDA/code/.snakemake/log/2023-03-25T071335.500011.snakemake.log
