Building DAG of jobs...
Using shell: /usr/local/bin/bash
Provided cores: 1
Rules claiming more threads will be scaled down.
Job counts:
	count	jobs
	1	all
	2	analyse_simulation_TMB_bias
	1618	inference_simulation_TMB_multiple
	808	simulate_for_comparison_multiple
	2429

[Wed May  3 22:16:27 2023]
rule inference_simulation_TMB_multiple:
    input: ../data/assessing_models_simulation/datasets/multiple_GenerationJnorm_208_1516_32_14_0_betainterceptPCAWG3_betaslopePCAWG3_covmatPCAWG3_dataset223.RDS
    output: ../data/assessing_models_simulation/inference_results/TMB/nlminb/multiple_GenerationJnorm_208_1516_32_14_0_diagREDM_betainterceptPCAWG3_betaslopePCAWG3_covmatPCAWG3_dataset223.RDS
    log: logs/inference/nlminb/simulation_GenerationJnorm_208_1516_32_14_0_ModeldiagREDM_betainterceptPCAWG3_betaslopePCAWG3_covmatPCAWG3_dataset223.log
    jobid: 226
    wildcards: optimiser=nlminb, datasetgeneration=GenerationJnorm, n=208, nlambda=1516, lmbda=32, d=14, beta_intensity=0, model=diagREDM, fixed_beta_intercept=betainterceptPCAWG3, fixed_beta_slope=betaslopePCAWG3, sdRE_input=covmatPCAWG3, itnum=223

Rscript 2_inference_TMB/run_TMB.R --input ../data/assessing_models_simulation/datasets/multiple_GenerationJnorm_208_1516_32_14_0_betainterceptPCAWG3_betaslopePCAWG3_covmatPCAWG3_dataset223.RDS --output ../data/assessing_models_simulation/inference_results/TMB/nlminb/multiple_GenerationJnorm_208_1516_32_14_0_diagREDM_betainterceptPCAWG3_betaslopePCAWG3_covmatPCAWG3_dataset223.RDS --model diagREDM --optimiser nlminb  --use_previous_run_startingvals T
[Wed May  3 22:19:52 2023]
Finished job 226.
1 of 2429 steps (0.04%) done

[Wed May  3 22:19:52 2023]
rule inference_simulation_TMB_multiple:
    input: ../data/assessing_models_simulation/datasets/multiple_GenerationJnorm_208_1516_32_14_0_betainterceptPCAWG3_betaslopePCAWG3_covmatPCAWG3_dataset223.RDS
    output: ../data/assessing_models_simulation/inference_results/TMB/nlminb/multiple_GenerationJnorm_208_1516_32_14_0_fullREDM_betainterceptPCAWG3_betaslopePCAWG3_covmatPCAWG3_dataset223.RDS
    log: logs/inference/nlminb/simulation_GenerationJnorm_208_1516_32_14_0_ModelfullREDM_betainterceptPCAWG3_betaslopePCAWG3_covmatPCAWG3_dataset223.log
    jobid: 1226
    wildcards: optimiser=nlminb, datasetgeneration=GenerationJnorm, n=208, nlambda=1516, lmbda=32, d=14, beta_intensity=0, model=fullREDM, fixed_beta_intercept=betainterceptPCAWG3, fixed_beta_slope=betaslopePCAWG3, sdRE_input=covmatPCAWG3, itnum=223

Rscript 2_inference_TMB/run_TMB.R --input ../data/assessing_models_simulation/datasets/multiple_GenerationJnorm_208_1516_32_14_0_betainterceptPCAWG3_betaslopePCAWG3_covmatPCAWG3_dataset223.RDS --output ../data/assessing_models_simulation/inference_results/TMB/nlminb/multiple_GenerationJnorm_208_1516_32_14_0_fullREDM_betainterceptPCAWG3_betaslopePCAWG3_covmatPCAWG3_dataset223.RDS --model fullREDM --optimiser nlminb  --use_previous_run_startingvals T
Waiting at most 5 seconds for missing files.
MissingOutputException in line 573 of /Users/morril01/Documents/PhD/GlobalDA/code/Snakefile:
Missing files after 5 seconds:
../data/assessing_models_simulation/inference_results/TMB/nlminb/multiple_GenerationJnorm_208_1516_32_14_0_fullREDM_betainterceptPCAWG3_betaslopePCAWG3_covmatPCAWG3_dataset223.RDS
This might be due to filesystem latency. If that is the case, consider to increase the wait time with --latency-wait.
Shutting down, this might take some time.
Exiting because a job execution failed. Look above for error message
Complete log: /Users/morril01/Documents/PhD/GlobalDA/code/.snakemake/log/2023-05-03T221618.832483.snakemake.log
