Building DAG of jobs...
Using shell: /usr/local/bin/bash
Provided cores: 1
Rules claiming more threads will be scaled down.
Job counts:
	count	jobs
	1	all
	2	analyse_simulation_TMB_bias
	745	inference_simulation_TMB_multiple
	372	simulate_for_comparison_multiple
	1120

[Sun Mar 26 07:53:39 2023]
rule inference_simulation_TMB_multiple:
    input: ../data/assessing_models_simulation/datasets/multiple_GenerationJnorm_200_180_0.06_6_0_betainterceptPCAWG2_betaslopePCAWG2_covmatPCAWG2_dataset677.RDS
    output: ../data/assessing_models_simulation/inference_results/TMB/nlminb/multiple_GenerationJnorm_200_180_0.06_6_0_fullREDM_betainterceptPCAWG2_betaslopePCAWG2_covmatPCAWG2_dataset677.RDS
    log: logs/inference/nlminb/simulation_GenerationJnorm_200_180_0.06_6_0_ModelfullREDM_betainterceptPCAWG2_betaslopePCAWG2_covmatPCAWG2_dataset677.log
    jobid: 680
    wildcards: optimiser=nlminb, datasetgeneration=GenerationJnorm, n=200, nlambda=180, lmbda=0.06, d=6, beta_intensity=0, model=fullREDM, fixed_beta_intercept=betainterceptPCAWG2, fixed_beta_slope=betaslopePCAWG2, sdRE_input=covmatPCAWG2, itnum=677

Rscript 2_inference_TMB/run_TMB.R --input ../data/assessing_models_simulation/datasets/multiple_GenerationJnorm_200_180_0.06_6_0_betainterceptPCAWG2_betaslopePCAWG2_covmatPCAWG2_dataset677.RDS --output ../data/assessing_models_simulation/inference_results/TMB/nlminb/multiple_GenerationJnorm_200_180_0.06_6_0_fullREDM_betainterceptPCAWG2_betaslopePCAWG2_covmatPCAWG2_dataset677.RDS --model fullREDM --optimiser nlminb  --use_previous_run_startingvals T
[Sun Mar 26 07:54:17 2023]
Finished job 680.
1 of 1120 steps (0.09%) done

[Sun Mar 26 07:54:17 2023]
rule simulate_for_comparison_multiple:
    input: ../data/assessing_models_simulation/GenerationJnorm
    output: ../data/assessing_models_simulation/datasets/multiple_GenerationJnorm_200_180_0.06_6_0_betainterceptPCAWG2_betaslopePCAWG2_covmatPCAWG2_dataset320.RDS
    jobid: 2323
    wildcards: datasetgeneration=GenerationJnorm, n=200, nlambda=180, lmbda=0.06, d=6, beta_intensity=0, fixed_beta_intercept=betainterceptPCAWG2, fixed_beta_slope=betaslopePCAWG2, sdRE_input=covmatPCAWG2, itnum=320

Rscript --vanilla 3_analysis/simulation_model_assessment/generate_datasets_simulations/GenerationJnorm.R --input ../data/assessing_models_simulation/GenerationJnorm --d 6 --n 200 --nlambda 180 --lambda 0.06 --beta_gamma_shape 0 --outfile ../data/assessing_models_simulation/datasets/multiple_GenerationJnorm_200_180_0.06_6_0_betainterceptPCAWG2_betaslopePCAWG2_covmatPCAWG2_dataset320.RDS --beta_intercept_input ../data/assessing_models_simulation/additional_files/multiple_fixed_betainterceptPCAWG2.RDS --beta_slope_input ../data/assessing_models_simulation/additional_files/multiple_fixed_betaslopePCAWG2.RDS --sdRE_input ../data/assessing_models_simulation/additional_files/multiple_fixed_covmatPCAWG2.RDS
[Sun Mar 26 07:54:19 2023]
Finished job 2323.
2 of 1120 steps (0.18%) done

[Sun Mar 26 07:54:19 2023]
rule inference_simulation_TMB_multiple:
    input: ../data/assessing_models_simulation/datasets/multiple_GenerationJnorm_200_180_0.06_6_0_betainterceptPCAWG2_betaslopePCAWG2_covmatPCAWG2_dataset320.RDS
    output: ../data/assessing_models_simulation/inference_results/TMB/nlminb/multiple_GenerationJnorm_200_180_0.06_6_0_diagREDM_betainterceptPCAWG2_betaslopePCAWG2_covmatPCAWG2_dataset320.RDS
    log: logs/inference/nlminb/simulation_GenerationJnorm_200_180_0.06_6_0_ModeldiagREDM_betainterceptPCAWG2_betaslopePCAWG2_covmatPCAWG2_dataset320.log
    jobid: 1323
    wildcards: optimiser=nlminb, datasetgeneration=GenerationJnorm, n=200, nlambda=180, lmbda=0.06, d=6, beta_intensity=0, model=diagREDM, fixed_beta_intercept=betainterceptPCAWG2, fixed_beta_slope=betaslopePCAWG2, sdRE_input=covmatPCAWG2, itnum=320

Rscript 2_inference_TMB/run_TMB.R --input ../data/assessing_models_simulation/datasets/multiple_GenerationJnorm_200_180_0.06_6_0_betainterceptPCAWG2_betaslopePCAWG2_covmatPCAWG2_dataset320.RDS --output ../data/assessing_models_simulation/inference_results/TMB/nlminb/multiple_GenerationJnorm_200_180_0.06_6_0_diagREDM_betainterceptPCAWG2_betaslopePCAWG2_covmatPCAWG2_dataset320.RDS --model diagREDM --optimiser nlminb  --use_previous_run_startingvals T
[Sun Mar 26 07:54:47 2023]
Finished job 1323.
3 of 1120 steps (0.27%) done

[Sun Mar 26 07:54:47 2023]
rule inference_simulation_TMB_multiple:
    input: ../data/assessing_models_simulation/datasets/multiple_GenerationJnorm_200_180_0.06_6_0_betainterceptPCAWG2_betaslopePCAWG2_covmatPCAWG2_dataset320.RDS
    output: ../data/assessing_models_simulation/inference_results/TMB/nlminb/multiple_GenerationJnorm_200_180_0.06_6_0_fullREDM_betainterceptPCAWG2_betaslopePCAWG2_covmatPCAWG2_dataset320.RDS
    log: logs/inference/nlminb/simulation_GenerationJnorm_200_180_0.06_6_0_ModelfullREDM_betainterceptPCAWG2_betaslopePCAWG2_covmatPCAWG2_dataset320.log
    jobid: 323
    wildcards: optimiser=nlminb, datasetgeneration=GenerationJnorm, n=200, nlambda=180, lmbda=0.06, d=6, beta_intensity=0, model=fullREDM, fixed_beta_intercept=betainterceptPCAWG2, fixed_beta_slope=betaslopePCAWG2, sdRE_input=covmatPCAWG2, itnum=320

Rscript 2_inference_TMB/run_TMB.R --input ../data/assessing_models_simulation/datasets/multiple_GenerationJnorm_200_180_0.06_6_0_betainterceptPCAWG2_betaslopePCAWG2_covmatPCAWG2_dataset320.RDS --output ../data/assessing_models_simulation/inference_results/TMB/nlminb/multiple_GenerationJnorm_200_180_0.06_6_0_fullREDM_betainterceptPCAWG2_betaslopePCAWG2_covmatPCAWG2_dataset320.RDS --model fullREDM --optimiser nlminb  --use_previous_run_startingvals T
[Sun Mar 26 07:55:22 2023]
Error in rule inference_simulation_TMB_multiple:
    jobid: 323
    output: ../data/assessing_models_simulation/inference_results/TMB/nlminb/multiple_GenerationJnorm_200_180_0.06_6_0_fullREDM_betainterceptPCAWG2_betaslopePCAWG2_covmatPCAWG2_dataset320.RDS
    log: logs/inference/nlminb/simulation_GenerationJnorm_200_180_0.06_6_0_ModelfullREDM_betainterceptPCAWG2_betaslopePCAWG2_covmatPCAWG2_dataset320.log (check log file(s) for error message)
    shell:
        Rscript 2_inference_TMB/run_TMB.R --input ../data/assessing_models_simulation/datasets/multiple_GenerationJnorm_200_180_0.06_6_0_betainterceptPCAWG2_betaslopePCAWG2_covmatPCAWG2_dataset320.RDS --output ../data/assessing_models_simulation/inference_results/TMB/nlminb/multiple_GenerationJnorm_200_180_0.06_6_0_fullREDM_betainterceptPCAWG2_betaslopePCAWG2_covmatPCAWG2_dataset320.RDS --model fullREDM --optimiser nlminb  --use_previous_run_startingvals T

Shutting down, this might take some time.
Exiting because a job execution failed. Look above for error message
Complete log: /Users/morril01/Documents/PhD/GlobalDA/code/.snakemake/log/2023-03-26T075331.882838.snakemake.log
