Building DAG of jobs...
Using shell: /usr/local/bin/bash
Provided cores: 1
Rules claiming more threads will be scaled down.
Job counts:
	count	jobs
	1	all
	2	analyse_simulation_TMB_bias
	187	inference_simulation_TMB_multiple
	93	simulate_for_comparison_multiple
	283

[Sat May  6 04:56:10 2023]
rule inference_simulation_TMB_multiple:
    input: ../data/assessing_models_simulation/datasets/multiple_GenerationJnorm_200_14072_80_6_0_betainterceptPCAWG4_betaslopePCAWG4_covmatPCAWG4_dataset774.RDS
    output: ../data/assessing_models_simulation/inference_results/TMB/nlminb/multiple_GenerationJnorm_200_14072_80_6_0_fullREDM_betainterceptPCAWG4_betaslopePCAWG4_covmatPCAWG4_dataset774.RDS
    log: logs/inference/nlminb/simulation_GenerationJnorm_200_14072_80_6_0_ModelfullREDM_betainterceptPCAWG4_betaslopePCAWG4_covmatPCAWG4_dataset774.log
    jobid: 1777
    wildcards: optimiser=nlminb, datasetgeneration=GenerationJnorm, n=200, nlambda=14072, lmbda=80, d=6, beta_intensity=0, model=fullREDM, fixed_beta_intercept=betainterceptPCAWG4, fixed_beta_slope=betaslopePCAWG4, sdRE_input=covmatPCAWG4, itnum=774

Rscript 2_inference_TMB/run_TMB.R --input ../data/assessing_models_simulation/datasets/multiple_GenerationJnorm_200_14072_80_6_0_betainterceptPCAWG4_betaslopePCAWG4_covmatPCAWG4_dataset774.RDS --output ../data/assessing_models_simulation/inference_results/TMB/nlminb/multiple_GenerationJnorm_200_14072_80_6_0_fullREDM_betainterceptPCAWG4_betaslopePCAWG4_covmatPCAWG4_dataset774.RDS --model fullREDM --optimiser nlminb  --use_previous_run_startingvals T
[Sat May  6 04:56:52 2023]
Finished job 1777.
1 of 283 steps (0.35%) done

[Sat May  6 04:56:52 2023]
rule simulate_for_comparison_multiple:
    input: ../data/assessing_models_simulation/GenerationJnorm
    output: ../data/assessing_models_simulation/datasets/multiple_GenerationJnorm_200_14072_80_6_0_betainterceptPCAWG4_betaslopePCAWG4_covmatPCAWG4_dataset432.RDS
    jobid: 2435
    wildcards: datasetgeneration=GenerationJnorm, n=200, nlambda=14072, lmbda=80, d=6, beta_intensity=0, fixed_beta_intercept=betainterceptPCAWG4, fixed_beta_slope=betaslopePCAWG4, sdRE_input=covmatPCAWG4, itnum=432

Rscript --vanilla 3_analysis/simulation_model_assessment/generate_datasets_simulations/GenerationJnorm.R --input ../data/assessing_models_simulation/GenerationJnorm --d 6 --n 200 --nlambda 14072 --lambda 80 --beta_gamma_shape 0 --outfile ../data/assessing_models_simulation/datasets/multiple_GenerationJnorm_200_14072_80_6_0_betainterceptPCAWG4_betaslopePCAWG4_covmatPCAWG4_dataset432.RDS --beta_intercept_input ../data/assessing_models_simulation/additional_files/multiple_fixed_betainterceptPCAWG4.RDS --beta_slope_input ../data/assessing_models_simulation/additional_files/multiple_fixed_betaslopePCAWG4.RDS --sdRE_input ../data/assessing_models_simulation/additional_files/multiple_fixed_covmatPCAWG4.RDS
[Sat May  6 04:56:55 2023]
Finished job 2435.
2 of 283 steps (0.71%) done

[Sat May  6 04:56:55 2023]
rule inference_simulation_TMB_multiple:
    input: ../data/assessing_models_simulation/datasets/multiple_GenerationJnorm_200_14072_80_6_0_betainterceptPCAWG4_betaslopePCAWG4_covmatPCAWG4_dataset432.RDS
    output: ../data/assessing_models_simulation/inference_results/TMB/nlminb/multiple_GenerationJnorm_200_14072_80_6_0_fullREDM_betainterceptPCAWG4_betaslopePCAWG4_covmatPCAWG4_dataset432.RDS
    log: logs/inference/nlminb/simulation_GenerationJnorm_200_14072_80_6_0_ModelfullREDM_betainterceptPCAWG4_betaslopePCAWG4_covmatPCAWG4_dataset432.log
    jobid: 1435
    wildcards: optimiser=nlminb, datasetgeneration=GenerationJnorm, n=200, nlambda=14072, lmbda=80, d=6, beta_intensity=0, model=fullREDM, fixed_beta_intercept=betainterceptPCAWG4, fixed_beta_slope=betaslopePCAWG4, sdRE_input=covmatPCAWG4, itnum=432

Rscript 2_inference_TMB/run_TMB.R --input ../data/assessing_models_simulation/datasets/multiple_GenerationJnorm_200_14072_80_6_0_betainterceptPCAWG4_betaslopePCAWG4_covmatPCAWG4_dataset432.RDS --output ../data/assessing_models_simulation/inference_results/TMB/nlminb/multiple_GenerationJnorm_200_14072_80_6_0_fullREDM_betainterceptPCAWG4_betaslopePCAWG4_covmatPCAWG4_dataset432.RDS --model fullREDM --optimiser nlminb  --use_previous_run_startingvals T
[Sat May  6 04:57:49 2023]
Finished job 1435.
3 of 283 steps (1%) done

[Sat May  6 04:57:49 2023]
rule inference_simulation_TMB_multiple:
    input: ../data/assessing_models_simulation/datasets/multiple_GenerationJnorm_200_14072_80_6_0_betainterceptPCAWG4_betaslopePCAWG4_covmatPCAWG4_dataset432.RDS
    output: ../data/assessing_models_simulation/inference_results/TMB/nlminb/multiple_GenerationJnorm_200_14072_80_6_0_diagREDM_betainterceptPCAWG4_betaslopePCAWG4_covmatPCAWG4_dataset432.RDS
    log: logs/inference/nlminb/simulation_GenerationJnorm_200_14072_80_6_0_ModeldiagREDM_betainterceptPCAWG4_betaslopePCAWG4_covmatPCAWG4_dataset432.log
    jobid: 435
    wildcards: optimiser=nlminb, datasetgeneration=GenerationJnorm, n=200, nlambda=14072, lmbda=80, d=6, beta_intensity=0, model=diagREDM, fixed_beta_intercept=betainterceptPCAWG4, fixed_beta_slope=betaslopePCAWG4, sdRE_input=covmatPCAWG4, itnum=432

Rscript 2_inference_TMB/run_TMB.R --input ../data/assessing_models_simulation/datasets/multiple_GenerationJnorm_200_14072_80_6_0_betainterceptPCAWG4_betaslopePCAWG4_covmatPCAWG4_dataset432.RDS --output ../data/assessing_models_simulation/inference_results/TMB/nlminb/multiple_GenerationJnorm_200_14072_80_6_0_diagREDM_betainterceptPCAWG4_betaslopePCAWG4_covmatPCAWG4_dataset432.RDS --model diagREDM --optimiser nlminb  --use_previous_run_startingvals T
[Sat May  6 04:58:28 2023]
Finished job 435.
4 of 283 steps (1%) done

[Sat May  6 04:58:28 2023]
rule simulate_for_comparison_multiple:
    input: ../data/assessing_models_simulation/GenerationJnorm
    output: ../data/assessing_models_simulation/datasets/multiple_GenerationJnorm_200_14072_80_6_0_betainterceptPCAWG4_betaslopePCAWG4_covmatPCAWG4_dataset675.RDS
    jobid: 2678
    wildcards: datasetgeneration=GenerationJnorm, n=200, nlambda=14072, lmbda=80, d=6, beta_intensity=0, fixed_beta_intercept=betainterceptPCAWG4, fixed_beta_slope=betaslopePCAWG4, sdRE_input=covmatPCAWG4, itnum=675

Rscript --vanilla 3_analysis/simulation_model_assessment/generate_datasets_simulations/GenerationJnorm.R --input ../data/assessing_models_simulation/GenerationJnorm --d 6 --n 200 --nlambda 14072 --lambda 80 --beta_gamma_shape 0 --outfile ../data/assessing_models_simulation/datasets/multiple_GenerationJnorm_200_14072_80_6_0_betainterceptPCAWG4_betaslopePCAWG4_covmatPCAWG4_dataset675.RDS --beta_intercept_input ../data/assessing_models_simulation/additional_files/multiple_fixed_betainterceptPCAWG4.RDS --beta_slope_input ../data/assessing_models_simulation/additional_files/multiple_fixed_betaslopePCAWG4.RDS --sdRE_input ../data/assessing_models_simulation/additional_files/multiple_fixed_covmatPCAWG4.RDS
[Sat May  6 04:58:31 2023]
Finished job 2678.
5 of 283 steps (2%) done

[Sat May  6 04:58:31 2023]
rule inference_simulation_TMB_multiple:
    input: ../data/assessing_models_simulation/datasets/multiple_GenerationJnorm_200_14072_80_6_0_betainterceptPCAWG4_betaslopePCAWG4_covmatPCAWG4_dataset675.RDS
    output: ../data/assessing_models_simulation/inference_results/TMB/nlminb/multiple_GenerationJnorm_200_14072_80_6_0_fullREDM_betainterceptPCAWG4_betaslopePCAWG4_covmatPCAWG4_dataset675.RDS
    log: logs/inference/nlminb/simulation_GenerationJnorm_200_14072_80_6_0_ModelfullREDM_betainterceptPCAWG4_betaslopePCAWG4_covmatPCAWG4_dataset675.log
    jobid: 1678
    wildcards: optimiser=nlminb, datasetgeneration=GenerationJnorm, n=200, nlambda=14072, lmbda=80, d=6, beta_intensity=0, model=fullREDM, fixed_beta_intercept=betainterceptPCAWG4, fixed_beta_slope=betaslopePCAWG4, sdRE_input=covmatPCAWG4, itnum=675

Rscript 2_inference_TMB/run_TMB.R --input ../data/assessing_models_simulation/datasets/multiple_GenerationJnorm_200_14072_80_6_0_betainterceptPCAWG4_betaslopePCAWG4_covmatPCAWG4_dataset675.RDS --output ../data/assessing_models_simulation/inference_results/TMB/nlminb/multiple_GenerationJnorm_200_14072_80_6_0_fullREDM_betainterceptPCAWG4_betaslopePCAWG4_covmatPCAWG4_dataset675.RDS --model fullREDM --optimiser nlminb  --use_previous_run_startingvals T
[Sat May  6 04:59:20 2023]
Finished job 1678.
6 of 283 steps (2%) done

[Sat May  6 04:59:20 2023]
rule inference_simulation_TMB_multiple:
    input: ../data/assessing_models_simulation/datasets/multiple_GenerationJnorm_200_14072_80_6_0_betainterceptPCAWG4_betaslopePCAWG4_covmatPCAWG4_dataset675.RDS
    output: ../data/assessing_models_simulation/inference_results/TMB/nlminb/multiple_GenerationJnorm_200_14072_80_6_0_diagREDM_betainterceptPCAWG4_betaslopePCAWG4_covmatPCAWG4_dataset675.RDS
    log: logs/inference/nlminb/simulation_GenerationJnorm_200_14072_80_6_0_ModeldiagREDM_betainterceptPCAWG4_betaslopePCAWG4_covmatPCAWG4_dataset675.log
    jobid: 678
    wildcards: optimiser=nlminb, datasetgeneration=GenerationJnorm, n=200, nlambda=14072, lmbda=80, d=6, beta_intensity=0, model=diagREDM, fixed_beta_intercept=betainterceptPCAWG4, fixed_beta_slope=betaslopePCAWG4, sdRE_input=covmatPCAWG4, itnum=675

Rscript 2_inference_TMB/run_TMB.R --input ../data/assessing_models_simulation/datasets/multiple_GenerationJnorm_200_14072_80_6_0_betainterceptPCAWG4_betaslopePCAWG4_covmatPCAWG4_dataset675.RDS --output ../data/assessing_models_simulation/inference_results/TMB/nlminb/multiple_GenerationJnorm_200_14072_80_6_0_diagREDM_betainterceptPCAWG4_betaslopePCAWG4_covmatPCAWG4_dataset675.RDS --model diagREDM --optimiser nlminb  --use_previous_run_startingvals T
[Sat May  6 05:00:02 2023]
Finished job 678.
7 of 283 steps (2%) done

[Sat May  6 05:00:02 2023]
rule simulate_for_comparison_multiple:
    input: ../data/assessing_models_simulation/GenerationJnorm
    output: ../data/assessing_models_simulation/datasets/multiple_GenerationJnorm_200_14072_80_6_0_betainterceptPCAWG4_betaslopePCAWG4_covmatPCAWG4_dataset705.RDS
    jobid: 2708
    wildcards: datasetgeneration=GenerationJnorm, n=200, nlambda=14072, lmbda=80, d=6, beta_intensity=0, fixed_beta_intercept=betainterceptPCAWG4, fixed_beta_slope=betaslopePCAWG4, sdRE_input=covmatPCAWG4, itnum=705

Rscript --vanilla 3_analysis/simulation_model_assessment/generate_datasets_simulations/GenerationJnorm.R --input ../data/assessing_models_simulation/GenerationJnorm --d 6 --n 200 --nlambda 14072 --lambda 80 --beta_gamma_shape 0 --outfile ../data/assessing_models_simulation/datasets/multiple_GenerationJnorm_200_14072_80_6_0_betainterceptPCAWG4_betaslopePCAWG4_covmatPCAWG4_dataset705.RDS --beta_intercept_input ../data/assessing_models_simulation/additional_files/multiple_fixed_betainterceptPCAWG4.RDS --beta_slope_input ../data/assessing_models_simulation/additional_files/multiple_fixed_betaslopePCAWG4.RDS --sdRE_input ../data/assessing_models_simulation/additional_files/multiple_fixed_covmatPCAWG4.RDS
[Sat May  6 05:00:05 2023]
Finished job 2708.
8 of 283 steps (3%) done

[Sat May  6 05:00:05 2023]
rule inference_simulation_TMB_multiple:
    input: ../data/assessing_models_simulation/datasets/multiple_GenerationJnorm_200_14072_80_6_0_betainterceptPCAWG4_betaslopePCAWG4_covmatPCAWG4_dataset705.RDS
    output: ../data/assessing_models_simulation/inference_results/TMB/nlminb/multiple_GenerationJnorm_200_14072_80_6_0_fullREDM_betainterceptPCAWG4_betaslopePCAWG4_covmatPCAWG4_dataset705.RDS
    log: logs/inference/nlminb/simulation_GenerationJnorm_200_14072_80_6_0_ModelfullREDM_betainterceptPCAWG4_betaslopePCAWG4_covmatPCAWG4_dataset705.log
    jobid: 1708
    wildcards: optimiser=nlminb, datasetgeneration=GenerationJnorm, n=200, nlambda=14072, lmbda=80, d=6, beta_intensity=0, model=fullREDM, fixed_beta_intercept=betainterceptPCAWG4, fixed_beta_slope=betaslopePCAWG4, sdRE_input=covmatPCAWG4, itnum=705

Rscript 2_inference_TMB/run_TMB.R --input ../data/assessing_models_simulation/datasets/multiple_GenerationJnorm_200_14072_80_6_0_betainterceptPCAWG4_betaslopePCAWG4_covmatPCAWG4_dataset705.RDS --output ../data/assessing_models_simulation/inference_results/TMB/nlminb/multiple_GenerationJnorm_200_14072_80_6_0_fullREDM_betainterceptPCAWG4_betaslopePCAWG4_covmatPCAWG4_dataset705.RDS --model fullREDM --optimiser nlminb  --use_previous_run_startingvals T
[Sat May  6 05:00:51 2023]
Finished job 1708.
9 of 283 steps (3%) done

[Sat May  6 05:00:51 2023]
rule inference_simulation_TMB_multiple:
    input: ../data/assessing_models_simulation/datasets/multiple_GenerationJnorm_200_14072_80_6_0_betainterceptPCAWG4_betaslopePCAWG4_covmatPCAWG4_dataset705.RDS
    output: ../data/assessing_models_simulation/inference_results/TMB/nlminb/multiple_GenerationJnorm_200_14072_80_6_0_diagREDM_betainterceptPCAWG4_betaslopePCAWG4_covmatPCAWG4_dataset705.RDS
    log: logs/inference/nlminb/simulation_GenerationJnorm_200_14072_80_6_0_ModeldiagREDM_betainterceptPCAWG4_betaslopePCAWG4_covmatPCAWG4_dataset705.log
    jobid: 708
    wildcards: optimiser=nlminb, datasetgeneration=GenerationJnorm, n=200, nlambda=14072, lmbda=80, d=6, beta_intensity=0, model=diagREDM, fixed_beta_intercept=betainterceptPCAWG4, fixed_beta_slope=betaslopePCAWG4, sdRE_input=covmatPCAWG4, itnum=705

Rscript 2_inference_TMB/run_TMB.R --input ../data/assessing_models_simulation/datasets/multiple_GenerationJnorm_200_14072_80_6_0_betainterceptPCAWG4_betaslopePCAWG4_covmatPCAWG4_dataset705.RDS --output ../data/assessing_models_simulation/inference_results/TMB/nlminb/multiple_GenerationJnorm_200_14072_80_6_0_diagREDM_betainterceptPCAWG4_betaslopePCAWG4_covmatPCAWG4_dataset705.RDS --model diagREDM --optimiser nlminb  --use_previous_run_startingvals T
[Sat May  6 05:01:25 2023]
Finished job 708.
10 of 283 steps (4%) done

[Sat May  6 05:01:25 2023]
rule simulate_for_comparison_multiple:
    input: ../data/assessing_models_simulation/GenerationJnorm
    output: ../data/assessing_models_simulation/datasets/multiple_GenerationJnorm_200_14072_80_6_0_betainterceptPCAWG4_betaslopePCAWG4_covmatPCAWG4_dataset77.RDS
    jobid: 2080
    wildcards: datasetgeneration=GenerationJnorm, n=200, nlambda=14072, lmbda=80, d=6, beta_intensity=0, fixed_beta_intercept=betainterceptPCAWG4, fixed_beta_slope=betaslopePCAWG4, sdRE_input=covmatPCAWG4, itnum=77

Rscript --vanilla 3_analysis/simulation_model_assessment/generate_datasets_simulations/GenerationJnorm.R --input ../data/assessing_models_simulation/GenerationJnorm --d 6 --n 200 --nlambda 14072 --lambda 80 --beta_gamma_shape 0 --outfile ../data/assessing_models_simulation/datasets/multiple_GenerationJnorm_200_14072_80_6_0_betainterceptPCAWG4_betaslopePCAWG4_covmatPCAWG4_dataset77.RDS --beta_intercept_input ../data/assessing_models_simulation/additional_files/multiple_fixed_betainterceptPCAWG4.RDS --beta_slope_input ../data/assessing_models_simulation/additional_files/multiple_fixed_betaslopePCAWG4.RDS --sdRE_input ../data/assessing_models_simulation/additional_files/multiple_fixed_covmatPCAWG4.RDS
[Sat May  6 05:01:27 2023]
Finished job 2080.
11 of 283 steps (4%) done

[Sat May  6 05:01:27 2023]
rule inference_simulation_TMB_multiple:
    input: ../data/assessing_models_simulation/datasets/multiple_GenerationJnorm_200_14072_80_6_0_betainterceptPCAWG4_betaslopePCAWG4_covmatPCAWG4_dataset77.RDS
    output: ../data/assessing_models_simulation/inference_results/TMB/nlminb/multiple_GenerationJnorm_200_14072_80_6_0_fullREDM_betainterceptPCAWG4_betaslopePCAWG4_covmatPCAWG4_dataset77.RDS
    log: logs/inference/nlminb/simulation_GenerationJnorm_200_14072_80_6_0_ModelfullREDM_betainterceptPCAWG4_betaslopePCAWG4_covmatPCAWG4_dataset77.log
    jobid: 1080
    wildcards: optimiser=nlminb, datasetgeneration=GenerationJnorm, n=200, nlambda=14072, lmbda=80, d=6, beta_intensity=0, model=fullREDM, fixed_beta_intercept=betainterceptPCAWG4, fixed_beta_slope=betaslopePCAWG4, sdRE_input=covmatPCAWG4, itnum=77

Rscript 2_inference_TMB/run_TMB.R --input ../data/assessing_models_simulation/datasets/multiple_GenerationJnorm_200_14072_80_6_0_betainterceptPCAWG4_betaslopePCAWG4_covmatPCAWG4_dataset77.RDS --output ../data/assessing_models_simulation/inference_results/TMB/nlminb/multiple_GenerationJnorm_200_14072_80_6_0_fullREDM_betainterceptPCAWG4_betaslopePCAWG4_covmatPCAWG4_dataset77.RDS --model fullREDM --optimiser nlminb  --use_previous_run_startingvals T
[Sat May  6 05:02:12 2023]
Finished job 1080.
12 of 283 steps (4%) done

[Sat May  6 05:02:12 2023]
rule inference_simulation_TMB_multiple:
    input: ../data/assessing_models_simulation/datasets/multiple_GenerationJnorm_200_14072_80_6_0_betainterceptPCAWG4_betaslopePCAWG4_covmatPCAWG4_dataset77.RDS
    output: ../data/assessing_models_simulation/inference_results/TMB/nlminb/multiple_GenerationJnorm_200_14072_80_6_0_diagREDM_betainterceptPCAWG4_betaslopePCAWG4_covmatPCAWG4_dataset77.RDS
    log: logs/inference/nlminb/simulation_GenerationJnorm_200_14072_80_6_0_ModeldiagREDM_betainterceptPCAWG4_betaslopePCAWG4_covmatPCAWG4_dataset77.log
    jobid: 80
    wildcards: optimiser=nlminb, datasetgeneration=GenerationJnorm, n=200, nlambda=14072, lmbda=80, d=6, beta_intensity=0, model=diagREDM, fixed_beta_intercept=betainterceptPCAWG4, fixed_beta_slope=betaslopePCAWG4, sdRE_input=covmatPCAWG4, itnum=77

Rscript 2_inference_TMB/run_TMB.R --input ../data/assessing_models_simulation/datasets/multiple_GenerationJnorm_200_14072_80_6_0_betainterceptPCAWG4_betaslopePCAWG4_covmatPCAWG4_dataset77.RDS --output ../data/assessing_models_simulation/inference_results/TMB/nlminb/multiple_GenerationJnorm_200_14072_80_6_0_diagREDM_betainterceptPCAWG4_betaslopePCAWG4_covmatPCAWG4_dataset77.RDS --model diagREDM --optimiser nlminb  --use_previous_run_startingvals T
[Sat May  6 05:02:51 2023]
Finished job 80.
13 of 283 steps (5%) done

[Sat May  6 05:02:51 2023]
rule simulate_for_comparison_multiple:
    input: ../data/assessing_models_simulation/GenerationJnorm
    output: ../data/assessing_models_simulation/datasets/multiple_GenerationJnorm_200_14072_80_6_0_betainterceptPCAWG4_betaslopePCAWG4_covmatPCAWG4_dataset528.RDS
    jobid: 2531
    wildcards: datasetgeneration=GenerationJnorm, n=200, nlambda=14072, lmbda=80, d=6, beta_intensity=0, fixed_beta_intercept=betainterceptPCAWG4, fixed_beta_slope=betaslopePCAWG4, sdRE_input=covmatPCAWG4, itnum=528

Rscript --vanilla 3_analysis/simulation_model_assessment/generate_datasets_simulations/GenerationJnorm.R --input ../data/assessing_models_simulation/GenerationJnorm --d 6 --n 200 --nlambda 14072 --lambda 80 --beta_gamma_shape 0 --outfile ../data/assessing_models_simulation/datasets/multiple_GenerationJnorm_200_14072_80_6_0_betainterceptPCAWG4_betaslopePCAWG4_covmatPCAWG4_dataset528.RDS --beta_intercept_input ../data/assessing_models_simulation/additional_files/multiple_fixed_betainterceptPCAWG4.RDS --beta_slope_input ../data/assessing_models_simulation/additional_files/multiple_fixed_betaslopePCAWG4.RDS --sdRE_input ../data/assessing_models_simulation/additional_files/multiple_fixed_covmatPCAWG4.RDS
[Sat May  6 05:02:53 2023]
Finished job 2531.
14 of 283 steps (5%) done

[Sat May  6 05:02:53 2023]
rule inference_simulation_TMB_multiple:
    input: ../data/assessing_models_simulation/datasets/multiple_GenerationJnorm_200_14072_80_6_0_betainterceptPCAWG4_betaslopePCAWG4_covmatPCAWG4_dataset528.RDS
    output: ../data/assessing_models_simulation/inference_results/TMB/nlminb/multiple_GenerationJnorm_200_14072_80_6_0_fullREDM_betainterceptPCAWG4_betaslopePCAWG4_covmatPCAWG4_dataset528.RDS
    log: logs/inference/nlminb/simulation_GenerationJnorm_200_14072_80_6_0_ModelfullREDM_betainterceptPCAWG4_betaslopePCAWG4_covmatPCAWG4_dataset528.log
    jobid: 1531
    wildcards: optimiser=nlminb, datasetgeneration=GenerationJnorm, n=200, nlambda=14072, lmbda=80, d=6, beta_intensity=0, model=fullREDM, fixed_beta_intercept=betainterceptPCAWG4, fixed_beta_slope=betaslopePCAWG4, sdRE_input=covmatPCAWG4, itnum=528

Rscript 2_inference_TMB/run_TMB.R --input ../data/assessing_models_simulation/datasets/multiple_GenerationJnorm_200_14072_80_6_0_betainterceptPCAWG4_betaslopePCAWG4_covmatPCAWG4_dataset528.RDS --output ../data/assessing_models_simulation/inference_results/TMB/nlminb/multiple_GenerationJnorm_200_14072_80_6_0_fullREDM_betainterceptPCAWG4_betaslopePCAWG4_covmatPCAWG4_dataset528.RDS --model fullREDM --optimiser nlminb  --use_previous_run_startingvals T
[Sat May  6 05:03:34 2023]
Finished job 1531.
15 of 283 steps (5%) done

[Sat May  6 05:03:34 2023]
rule inference_simulation_TMB_multiple:
    input: ../data/assessing_models_simulation/datasets/multiple_GenerationJnorm_200_14072_80_6_0_betainterceptPCAWG4_betaslopePCAWG4_covmatPCAWG4_dataset528.RDS
    output: ../data/assessing_models_simulation/inference_results/TMB/nlminb/multiple_GenerationJnorm_200_14072_80_6_0_diagREDM_betainterceptPCAWG4_betaslopePCAWG4_covmatPCAWG4_dataset528.RDS
    log: logs/inference/nlminb/simulation_GenerationJnorm_200_14072_80_6_0_ModeldiagREDM_betainterceptPCAWG4_betaslopePCAWG4_covmatPCAWG4_dataset528.log
    jobid: 531
    wildcards: optimiser=nlminb, datasetgeneration=GenerationJnorm, n=200, nlambda=14072, lmbda=80, d=6, beta_intensity=0, model=diagREDM, fixed_beta_intercept=betainterceptPCAWG4, fixed_beta_slope=betaslopePCAWG4, sdRE_input=covmatPCAWG4, itnum=528

Rscript 2_inference_TMB/run_TMB.R --input ../data/assessing_models_simulation/datasets/multiple_GenerationJnorm_200_14072_80_6_0_betainterceptPCAWG4_betaslopePCAWG4_covmatPCAWG4_dataset528.RDS --output ../data/assessing_models_simulation/inference_results/TMB/nlminb/multiple_GenerationJnorm_200_14072_80_6_0_diagREDM_betainterceptPCAWG4_betaslopePCAWG4_covmatPCAWG4_dataset528.RDS --model diagREDM --optimiser nlminb  --use_previous_run_startingvals T
[Sat May  6 05:04:11 2023]
Finished job 531.
16 of 283 steps (6%) done

[Sat May  6 05:04:11 2023]
rule simulate_for_comparison_multiple:
    input: ../data/assessing_models_simulation/GenerationJnorm
    output: ../data/assessing_models_simulation/datasets/multiple_GenerationJnorm_200_14072_80_6_0_betainterceptPCAWG4_betaslopePCAWG4_covmatPCAWG4_dataset918.RDS
    jobid: 2921
    wildcards: datasetgeneration=GenerationJnorm, n=200, nlambda=14072, lmbda=80, d=6, beta_intensity=0, fixed_beta_intercept=betainterceptPCAWG4, fixed_beta_slope=betaslopePCAWG4, sdRE_input=covmatPCAWG4, itnum=918

Rscript --vanilla 3_analysis/simulation_model_assessment/generate_datasets_simulations/GenerationJnorm.R --input ../data/assessing_models_simulation/GenerationJnorm --d 6 --n 200 --nlambda 14072 --lambda 80 --beta_gamma_shape 0 --outfile ../data/assessing_models_simulation/datasets/multiple_GenerationJnorm_200_14072_80_6_0_betainterceptPCAWG4_betaslopePCAWG4_covmatPCAWG4_dataset918.RDS --beta_intercept_input ../data/assessing_models_simulation/additional_files/multiple_fixed_betainterceptPCAWG4.RDS --beta_slope_input ../data/assessing_models_simulation/additional_files/multiple_fixed_betaslopePCAWG4.RDS --sdRE_input ../data/assessing_models_simulation/additional_files/multiple_fixed_covmatPCAWG4.RDS
[Sat May  6 05:04:13 2023]
Finished job 2921.
17 of 283 steps (6%) done

[Sat May  6 05:04:13 2023]
rule inference_simulation_TMB_multiple:
    input: ../data/assessing_models_simulation/datasets/multiple_GenerationJnorm_200_14072_80_6_0_betainterceptPCAWG4_betaslopePCAWG4_covmatPCAWG4_dataset918.RDS
    output: ../data/assessing_models_simulation/inference_results/TMB/nlminb/multiple_GenerationJnorm_200_14072_80_6_0_fullREDM_betainterceptPCAWG4_betaslopePCAWG4_covmatPCAWG4_dataset918.RDS
    log: logs/inference/nlminb/simulation_GenerationJnorm_200_14072_80_6_0_ModelfullREDM_betainterceptPCAWG4_betaslopePCAWG4_covmatPCAWG4_dataset918.log
    jobid: 1921
    wildcards: optimiser=nlminb, datasetgeneration=GenerationJnorm, n=200, nlambda=14072, lmbda=80, d=6, beta_intensity=0, model=fullREDM, fixed_beta_intercept=betainterceptPCAWG4, fixed_beta_slope=betaslopePCAWG4, sdRE_input=covmatPCAWG4, itnum=918

Rscript 2_inference_TMB/run_TMB.R --input ../data/assessing_models_simulation/datasets/multiple_GenerationJnorm_200_14072_80_6_0_betainterceptPCAWG4_betaslopePCAWG4_covmatPCAWG4_dataset918.RDS --output ../data/assessing_models_simulation/inference_results/TMB/nlminb/multiple_GenerationJnorm_200_14072_80_6_0_fullREDM_betainterceptPCAWG4_betaslopePCAWG4_covmatPCAWG4_dataset918.RDS --model fullREDM --optimiser nlminb  --use_previous_run_startingvals T
[Sat May  6 05:05:00 2023]
Finished job 1921.
18 of 283 steps (6%) done

[Sat May  6 05:05:00 2023]
rule inference_simulation_TMB_multiple:
    input: ../data/assessing_models_simulation/datasets/multiple_GenerationJnorm_200_14072_80_6_0_betainterceptPCAWG4_betaslopePCAWG4_covmatPCAWG4_dataset918.RDS
    output: ../data/assessing_models_simulation/inference_results/TMB/nlminb/multiple_GenerationJnorm_200_14072_80_6_0_diagREDM_betainterceptPCAWG4_betaslopePCAWG4_covmatPCAWG4_dataset918.RDS
    log: logs/inference/nlminb/simulation_GenerationJnorm_200_14072_80_6_0_ModeldiagREDM_betainterceptPCAWG4_betaslopePCAWG4_covmatPCAWG4_dataset918.log
    jobid: 921
    wildcards: optimiser=nlminb, datasetgeneration=GenerationJnorm, n=200, nlambda=14072, lmbda=80, d=6, beta_intensity=0, model=diagREDM, fixed_beta_intercept=betainterceptPCAWG4, fixed_beta_slope=betaslopePCAWG4, sdRE_input=covmatPCAWG4, itnum=918

Rscript 2_inference_TMB/run_TMB.R --input ../data/assessing_models_simulation/datasets/multiple_GenerationJnorm_200_14072_80_6_0_betainterceptPCAWG4_betaslopePCAWG4_covmatPCAWG4_dataset918.RDS --output ../data/assessing_models_simulation/inference_results/TMB/nlminb/multiple_GenerationJnorm_200_14072_80_6_0_diagREDM_betainterceptPCAWG4_betaslopePCAWG4_covmatPCAWG4_dataset918.RDS --model diagREDM --optimiser nlminb  --use_previous_run_startingvals T
[Sat May  6 05:05:36 2023]
Finished job 921.
19 of 283 steps (7%) done

[Sat May  6 05:05:37 2023]
rule simulate_for_comparison_multiple:
    input: ../data/assessing_models_simulation/GenerationJnorm
    output: ../data/assessing_models_simulation/datasets/multiple_GenerationJnorm_200_14072_80_6_0_betainterceptPCAWG4_betaslopePCAWG4_covmatPCAWG4_dataset902.RDS
    jobid: 2905
    wildcards: datasetgeneration=GenerationJnorm, n=200, nlambda=14072, lmbda=80, d=6, beta_intensity=0, fixed_beta_intercept=betainterceptPCAWG4, fixed_beta_slope=betaslopePCAWG4, sdRE_input=covmatPCAWG4, itnum=902

Rscript --vanilla 3_analysis/simulation_model_assessment/generate_datasets_simulations/GenerationJnorm.R --input ../data/assessing_models_simulation/GenerationJnorm --d 6 --n 200 --nlambda 14072 --lambda 80 --beta_gamma_shape 0 --outfile ../data/assessing_models_simulation/datasets/multiple_GenerationJnorm_200_14072_80_6_0_betainterceptPCAWG4_betaslopePCAWG4_covmatPCAWG4_dataset902.RDS --beta_intercept_input ../data/assessing_models_simulation/additional_files/multiple_fixed_betainterceptPCAWG4.RDS --beta_slope_input ../data/assessing_models_simulation/additional_files/multiple_fixed_betaslopePCAWG4.RDS --sdRE_input ../data/assessing_models_simulation/additional_files/multiple_fixed_covmatPCAWG4.RDS
[Sat May  6 05:05:39 2023]
Finished job 2905.
20 of 283 steps (7%) done

[Sat May  6 05:05:39 2023]
rule inference_simulation_TMB_multiple:
    input: ../data/assessing_models_simulation/datasets/multiple_GenerationJnorm_200_14072_80_6_0_betainterceptPCAWG4_betaslopePCAWG4_covmatPCAWG4_dataset902.RDS
    output: ../data/assessing_models_simulation/inference_results/TMB/nlminb/multiple_GenerationJnorm_200_14072_80_6_0_fullREDM_betainterceptPCAWG4_betaslopePCAWG4_covmatPCAWG4_dataset902.RDS
    log: logs/inference/nlminb/simulation_GenerationJnorm_200_14072_80_6_0_ModelfullREDM_betainterceptPCAWG4_betaslopePCAWG4_covmatPCAWG4_dataset902.log
    jobid: 1905
    wildcards: optimiser=nlminb, datasetgeneration=GenerationJnorm, n=200, nlambda=14072, lmbda=80, d=6, beta_intensity=0, model=fullREDM, fixed_beta_intercept=betainterceptPCAWG4, fixed_beta_slope=betaslopePCAWG4, sdRE_input=covmatPCAWG4, itnum=902

Rscript 2_inference_TMB/run_TMB.R --input ../data/assessing_models_simulation/datasets/multiple_GenerationJnorm_200_14072_80_6_0_betainterceptPCAWG4_betaslopePCAWG4_covmatPCAWG4_dataset902.RDS --output ../data/assessing_models_simulation/inference_results/TMB/nlminb/multiple_GenerationJnorm_200_14072_80_6_0_fullREDM_betainterceptPCAWG4_betaslopePCAWG4_covmatPCAWG4_dataset902.RDS --model fullREDM --optimiser nlminb  --use_previous_run_startingvals T
[Sat May  6 05:06:21 2023]
Finished job 1905.
21 of 283 steps (7%) done

[Sat May  6 05:06:21 2023]
rule inference_simulation_TMB_multiple:
    input: ../data/assessing_models_simulation/datasets/multiple_GenerationJnorm_200_14072_80_6_0_betainterceptPCAWG4_betaslopePCAWG4_covmatPCAWG4_dataset902.RDS
    output: ../data/assessing_models_simulation/inference_results/TMB/nlminb/multiple_GenerationJnorm_200_14072_80_6_0_diagREDM_betainterceptPCAWG4_betaslopePCAWG4_covmatPCAWG4_dataset902.RDS
    log: logs/inference/nlminb/simulation_GenerationJnorm_200_14072_80_6_0_ModeldiagREDM_betainterceptPCAWG4_betaslopePCAWG4_covmatPCAWG4_dataset902.log
    jobid: 905
    wildcards: optimiser=nlminb, datasetgeneration=GenerationJnorm, n=200, nlambda=14072, lmbda=80, d=6, beta_intensity=0, model=diagREDM, fixed_beta_intercept=betainterceptPCAWG4, fixed_beta_slope=betaslopePCAWG4, sdRE_input=covmatPCAWG4, itnum=902

Rscript 2_inference_TMB/run_TMB.R --input ../data/assessing_models_simulation/datasets/multiple_GenerationJnorm_200_14072_80_6_0_betainterceptPCAWG4_betaslopePCAWG4_covmatPCAWG4_dataset902.RDS --output ../data/assessing_models_simulation/inference_results/TMB/nlminb/multiple_GenerationJnorm_200_14072_80_6_0_diagREDM_betainterceptPCAWG4_betaslopePCAWG4_covmatPCAWG4_dataset902.RDS --model diagREDM --optimiser nlminb  --use_previous_run_startingvals T
[Sat May  6 05:06:56 2023]
Finished job 905.
22 of 283 steps (8%) done

[Sat May  6 05:06:56 2023]
rule simulate_for_comparison_multiple:
    input: ../data/assessing_models_simulation/GenerationJnorm
    output: ../data/assessing_models_simulation/datasets/multiple_GenerationJnorm_200_14072_80_6_0_betainterceptPCAWG4_betaslopePCAWG4_covmatPCAWG4_dataset134.RDS
    jobid: 2137
    wildcards: datasetgeneration=GenerationJnorm, n=200, nlambda=14072, lmbda=80, d=6, beta_intensity=0, fixed_beta_intercept=betainterceptPCAWG4, fixed_beta_slope=betaslopePCAWG4, sdRE_input=covmatPCAWG4, itnum=134

Rscript --vanilla 3_analysis/simulation_model_assessment/generate_datasets_simulations/GenerationJnorm.R --input ../data/assessing_models_simulation/GenerationJnorm --d 6 --n 200 --nlambda 14072 --lambda 80 --beta_gamma_shape 0 --outfile ../data/assessing_models_simulation/datasets/multiple_GenerationJnorm_200_14072_80_6_0_betainterceptPCAWG4_betaslopePCAWG4_covmatPCAWG4_dataset134.RDS --beta_intercept_input ../data/assessing_models_simulation/additional_files/multiple_fixed_betainterceptPCAWG4.RDS --beta_slope_input ../data/assessing_models_simulation/additional_files/multiple_fixed_betaslopePCAWG4.RDS --sdRE_input ../data/assessing_models_simulation/additional_files/multiple_fixed_covmatPCAWG4.RDS
[Sat May  6 05:06:58 2023]
Finished job 2137.
23 of 283 steps (8%) done

[Sat May  6 05:06:58 2023]
rule inference_simulation_TMB_multiple:
    input: ../data/assessing_models_simulation/datasets/multiple_GenerationJnorm_200_14072_80_6_0_betainterceptPCAWG4_betaslopePCAWG4_covmatPCAWG4_dataset134.RDS
    output: ../data/assessing_models_simulation/inference_results/TMB/nlminb/multiple_GenerationJnorm_200_14072_80_6_0_fullREDM_betainterceptPCAWG4_betaslopePCAWG4_covmatPCAWG4_dataset134.RDS
    log: logs/inference/nlminb/simulation_GenerationJnorm_200_14072_80_6_0_ModelfullREDM_betainterceptPCAWG4_betaslopePCAWG4_covmatPCAWG4_dataset134.log
    jobid: 1137
    wildcards: optimiser=nlminb, datasetgeneration=GenerationJnorm, n=200, nlambda=14072, lmbda=80, d=6, beta_intensity=0, model=fullREDM, fixed_beta_intercept=betainterceptPCAWG4, fixed_beta_slope=betaslopePCAWG4, sdRE_input=covmatPCAWG4, itnum=134

Rscript 2_inference_TMB/run_TMB.R --input ../data/assessing_models_simulation/datasets/multiple_GenerationJnorm_200_14072_80_6_0_betainterceptPCAWG4_betaslopePCAWG4_covmatPCAWG4_dataset134.RDS --output ../data/assessing_models_simulation/inference_results/TMB/nlminb/multiple_GenerationJnorm_200_14072_80_6_0_fullREDM_betainterceptPCAWG4_betaslopePCAWG4_covmatPCAWG4_dataset134.RDS --model fullREDM --optimiser nlminb  --use_previous_run_startingvals T
[Sat May  6 05:07:46 2023]
Finished job 1137.
24 of 283 steps (8%) done

[Sat May  6 05:07:46 2023]
rule inference_simulation_TMB_multiple:
    input: ../data/assessing_models_simulation/datasets/multiple_GenerationJnorm_200_14072_80_6_0_betainterceptPCAWG4_betaslopePCAWG4_covmatPCAWG4_dataset134.RDS
    output: ../data/assessing_models_simulation/inference_results/TMB/nlminb/multiple_GenerationJnorm_200_14072_80_6_0_diagREDM_betainterceptPCAWG4_betaslopePCAWG4_covmatPCAWG4_dataset134.RDS
    log: logs/inference/nlminb/simulation_GenerationJnorm_200_14072_80_6_0_ModeldiagREDM_betainterceptPCAWG4_betaslopePCAWG4_covmatPCAWG4_dataset134.log
    jobid: 137
    wildcards: optimiser=nlminb, datasetgeneration=GenerationJnorm, n=200, nlambda=14072, lmbda=80, d=6, beta_intensity=0, model=diagREDM, fixed_beta_intercept=betainterceptPCAWG4, fixed_beta_slope=betaslopePCAWG4, sdRE_input=covmatPCAWG4, itnum=134

Rscript 2_inference_TMB/run_TMB.R --input ../data/assessing_models_simulation/datasets/multiple_GenerationJnorm_200_14072_80_6_0_betainterceptPCAWG4_betaslopePCAWG4_covmatPCAWG4_dataset134.RDS --output ../data/assessing_models_simulation/inference_results/TMB/nlminb/multiple_GenerationJnorm_200_14072_80_6_0_diagREDM_betainterceptPCAWG4_betaslopePCAWG4_covmatPCAWG4_dataset134.RDS --model diagREDM --optimiser nlminb  --use_previous_run_startingvals T
[Sat May  6 05:08:25 2023]
Finished job 137.
25 of 283 steps (9%) done

[Sat May  6 05:08:25 2023]
rule simulate_for_comparison_multiple:
    input: ../data/assessing_models_simulation/GenerationJnorm
    output: ../data/assessing_models_simulation/datasets/multiple_GenerationJnorm_200_14072_80_6_0_betainterceptPCAWG4_betaslopePCAWG4_covmatPCAWG4_dataset548.RDS
    jobid: 2551
    wildcards: datasetgeneration=GenerationJnorm, n=200, nlambda=14072, lmbda=80, d=6, beta_intensity=0, fixed_beta_intercept=betainterceptPCAWG4, fixed_beta_slope=betaslopePCAWG4, sdRE_input=covmatPCAWG4, itnum=548

Rscript --vanilla 3_analysis/simulation_model_assessment/generate_datasets_simulations/GenerationJnorm.R --input ../data/assessing_models_simulation/GenerationJnorm --d 6 --n 200 --nlambda 14072 --lambda 80 --beta_gamma_shape 0 --outfile ../data/assessing_models_simulation/datasets/multiple_GenerationJnorm_200_14072_80_6_0_betainterceptPCAWG4_betaslopePCAWG4_covmatPCAWG4_dataset548.RDS --beta_intercept_input ../data/assessing_models_simulation/additional_files/multiple_fixed_betainterceptPCAWG4.RDS --beta_slope_input ../data/assessing_models_simulation/additional_files/multiple_fixed_betaslopePCAWG4.RDS --sdRE_input ../data/assessing_models_simulation/additional_files/multiple_fixed_covmatPCAWG4.RDS
[Sat May  6 05:08:28 2023]
Finished job 2551.
26 of 283 steps (9%) done

[Sat May  6 05:08:28 2023]
rule inference_simulation_TMB_multiple:
    input: ../data/assessing_models_simulation/datasets/multiple_GenerationJnorm_200_14072_80_6_0_betainterceptPCAWG4_betaslopePCAWG4_covmatPCAWG4_dataset548.RDS
    output: ../data/assessing_models_simulation/inference_results/TMB/nlminb/multiple_GenerationJnorm_200_14072_80_6_0_fullREDM_betainterceptPCAWG4_betaslopePCAWG4_covmatPCAWG4_dataset548.RDS
    log: logs/inference/nlminb/simulation_GenerationJnorm_200_14072_80_6_0_ModelfullREDM_betainterceptPCAWG4_betaslopePCAWG4_covmatPCAWG4_dataset548.log
    jobid: 1551
    wildcards: optimiser=nlminb, datasetgeneration=GenerationJnorm, n=200, nlambda=14072, lmbda=80, d=6, beta_intensity=0, model=fullREDM, fixed_beta_intercept=betainterceptPCAWG4, fixed_beta_slope=betaslopePCAWG4, sdRE_input=covmatPCAWG4, itnum=548

Rscript 2_inference_TMB/run_TMB.R --input ../data/assessing_models_simulation/datasets/multiple_GenerationJnorm_200_14072_80_6_0_betainterceptPCAWG4_betaslopePCAWG4_covmatPCAWG4_dataset548.RDS --output ../data/assessing_models_simulation/inference_results/TMB/nlminb/multiple_GenerationJnorm_200_14072_80_6_0_fullREDM_betainterceptPCAWG4_betaslopePCAWG4_covmatPCAWG4_dataset548.RDS --model fullREDM --optimiser nlminb  --use_previous_run_startingvals T
[Sat May  6 05:09:16 2023]
Error in rule inference_simulation_TMB_multiple:
    jobid: 1551
    output: ../data/assessing_models_simulation/inference_results/TMB/nlminb/multiple_GenerationJnorm_200_14072_80_6_0_fullREDM_betainterceptPCAWG4_betaslopePCAWG4_covmatPCAWG4_dataset548.RDS
    log: logs/inference/nlminb/simulation_GenerationJnorm_200_14072_80_6_0_ModelfullREDM_betainterceptPCAWG4_betaslopePCAWG4_covmatPCAWG4_dataset548.log (check log file(s) for error message)
    shell:
        Rscript 2_inference_TMB/run_TMB.R --input ../data/assessing_models_simulation/datasets/multiple_GenerationJnorm_200_14072_80_6_0_betainterceptPCAWG4_betaslopePCAWG4_covmatPCAWG4_dataset548.RDS --output ../data/assessing_models_simulation/inference_results/TMB/nlminb/multiple_GenerationJnorm_200_14072_80_6_0_fullREDM_betainterceptPCAWG4_betaslopePCAWG4_covmatPCAWG4_dataset548.RDS --model fullREDM --optimiser nlminb  --use_previous_run_startingvals T

Shutting down, this might take some time.
Exiting because a job execution failed. Look above for error message
Complete log: /Users/morril01/Documents/PhD/GlobalDA/code/.snakemake/log/2023-05-06T045559.866165.snakemake.log
