Building DAG of jobs...
Using shell: /usr/local/bin/bash
Provided cores: 1
Rules claiming more threads will be scaled down.
Job counts:
	count	jobs
	1	all
	1	analyse_simulation_TMB_bias
	418	inference_simulation_TMB_multiple
	420

[Wed Apr 26 16:49:38 2023]
rule inference_simulation_TMB_multiple:
    input: ../data/assessing_models_simulation/datasets/multiple_GenerationJnorm_200_3401_18_6_0_betainterceptPCAWG2_betaslopePCAWG2_covmatPCAWG2_dataset307.RDS
    output: ../data/assessing_models_simulation/inference_results/TMB/nlminb/multiple_GenerationJnorm_200_3401_18_6_0_fullREDM_betainterceptPCAWG2_betaslopePCAWG2_covmatPCAWG2_dataset307.RDS
    log: logs/inference/nlminb/simulation_GenerationJnorm_200_3401_18_6_0_ModelfullREDM_betainterceptPCAWG2_betaslopePCAWG2_covmatPCAWG2_dataset307.log
    jobid: 1310
    wildcards: optimiser=nlminb, datasetgeneration=GenerationJnorm, n=200, nlambda=3401, lmbda=18, d=6, beta_intensity=0, model=fullREDM, fixed_beta_intercept=betainterceptPCAWG2, fixed_beta_slope=betaslopePCAWG2, sdRE_input=covmatPCAWG2, itnum=307

Rscript 2_inference_TMB/run_TMB.R --input ../data/assessing_models_simulation/datasets/multiple_GenerationJnorm_200_3401_18_6_0_betainterceptPCAWG2_betaslopePCAWG2_covmatPCAWG2_dataset307.RDS --output ../data/assessing_models_simulation/inference_results/TMB/nlminb/multiple_GenerationJnorm_200_3401_18_6_0_fullREDM_betainterceptPCAWG2_betaslopePCAWG2_covmatPCAWG2_dataset307.RDS --model fullREDM --optimiser nlminb  --use_previous_run_startingvals T
[Wed Apr 26 16:50:27 2023]
Finished job 1310.
1 of 420 steps (0.24%) done

[Wed Apr 26 16:50:27 2023]
rule inference_simulation_TMB_multiple:
    input: ../data/assessing_models_simulation/datasets/multiple_GenerationJnorm_200_3401_18_6_0_betainterceptPCAWG2_betaslopePCAWG2_covmatPCAWG2_dataset510.RDS
    output: ../data/assessing_models_simulation/inference_results/TMB/nlminb/multiple_GenerationJnorm_200_3401_18_6_0_fullREDM_betainterceptPCAWG2_betaslopePCAWG2_covmatPCAWG2_dataset510.RDS
    log: logs/inference/nlminb/simulation_GenerationJnorm_200_3401_18_6_0_ModelfullREDM_betainterceptPCAWG2_betaslopePCAWG2_covmatPCAWG2_dataset510.log
    jobid: 1513
    wildcards: optimiser=nlminb, datasetgeneration=GenerationJnorm, n=200, nlambda=3401, lmbda=18, d=6, beta_intensity=0, model=fullREDM, fixed_beta_intercept=betainterceptPCAWG2, fixed_beta_slope=betaslopePCAWG2, sdRE_input=covmatPCAWG2, itnum=510

Rscript 2_inference_TMB/run_TMB.R --input ../data/assessing_models_simulation/datasets/multiple_GenerationJnorm_200_3401_18_6_0_betainterceptPCAWG2_betaslopePCAWG2_covmatPCAWG2_dataset510.RDS --output ../data/assessing_models_simulation/inference_results/TMB/nlminb/multiple_GenerationJnorm_200_3401_18_6_0_fullREDM_betainterceptPCAWG2_betaslopePCAWG2_covmatPCAWG2_dataset510.RDS --model fullREDM --optimiser nlminb  --use_previous_run_startingvals T
[Wed Apr 26 16:51:01 2023]
Finished job 1513.
2 of 420 steps (0.48%) done

[Wed Apr 26 16:51:01 2023]
rule inference_simulation_TMB_multiple:
    input: ../data/assessing_models_simulation/datasets/multiple_GenerationJnorm_200_3401_18_6_0_betainterceptPCAWG2_betaslopePCAWG2_covmatPCAWG2_dataset8.RDS
    output: ../data/assessing_models_simulation/inference_results/TMB/nlminb/multiple_GenerationJnorm_200_3401_18_6_0_fullREDM_betainterceptPCAWG2_betaslopePCAWG2_covmatPCAWG2_dataset8.RDS
    log: logs/inference/nlminb/simulation_GenerationJnorm_200_3401_18_6_0_ModelfullREDM_betainterceptPCAWG2_betaslopePCAWG2_covmatPCAWG2_dataset8.log
    jobid: 1011
    wildcards: optimiser=nlminb, datasetgeneration=GenerationJnorm, n=200, nlambda=3401, lmbda=18, d=6, beta_intensity=0, model=fullREDM, fixed_beta_intercept=betainterceptPCAWG2, fixed_beta_slope=betaslopePCAWG2, sdRE_input=covmatPCAWG2, itnum=8

Rscript 2_inference_TMB/run_TMB.R --input ../data/assessing_models_simulation/datasets/multiple_GenerationJnorm_200_3401_18_6_0_betainterceptPCAWG2_betaslopePCAWG2_covmatPCAWG2_dataset8.RDS --output ../data/assessing_models_simulation/inference_results/TMB/nlminb/multiple_GenerationJnorm_200_3401_18_6_0_fullREDM_betainterceptPCAWG2_betaslopePCAWG2_covmatPCAWG2_dataset8.RDS --model fullREDM --optimiser nlminb  --use_previous_run_startingvals T
[Wed Apr 26 16:51:45 2023]
Finished job 1011.
3 of 420 steps (0.71%) done

[Wed Apr 26 16:51:45 2023]
rule inference_simulation_TMB_multiple:
    input: ../data/assessing_models_simulation/datasets/multiple_GenerationJnorm_200_3401_18_6_0_betainterceptPCAWG2_betaslopePCAWG2_covmatPCAWG2_dataset834.RDS
    output: ../data/assessing_models_simulation/inference_results/TMB/nlminb/multiple_GenerationJnorm_200_3401_18_6_0_fullREDM_betainterceptPCAWG2_betaslopePCAWG2_covmatPCAWG2_dataset834.RDS
    log: logs/inference/nlminb/simulation_GenerationJnorm_200_3401_18_6_0_ModelfullREDM_betainterceptPCAWG2_betaslopePCAWG2_covmatPCAWG2_dataset834.log
    jobid: 1837
    wildcards: optimiser=nlminb, datasetgeneration=GenerationJnorm, n=200, nlambda=3401, lmbda=18, d=6, beta_intensity=0, model=fullREDM, fixed_beta_intercept=betainterceptPCAWG2, fixed_beta_slope=betaslopePCAWG2, sdRE_input=covmatPCAWG2, itnum=834

Rscript 2_inference_TMB/run_TMB.R --input ../data/assessing_models_simulation/datasets/multiple_GenerationJnorm_200_3401_18_6_0_betainterceptPCAWG2_betaslopePCAWG2_covmatPCAWG2_dataset834.RDS --output ../data/assessing_models_simulation/inference_results/TMB/nlminb/multiple_GenerationJnorm_200_3401_18_6_0_fullREDM_betainterceptPCAWG2_betaslopePCAWG2_covmatPCAWG2_dataset834.RDS --model fullREDM --optimiser nlminb  --use_previous_run_startingvals T
[Wed Apr 26 16:52:33 2023]
Finished job 1837.
4 of 420 steps (0.95%) done

[Wed Apr 26 16:52:33 2023]
rule inference_simulation_TMB_multiple:
    input: ../data/assessing_models_simulation/datasets/multiple_GenerationJnorm_200_3401_18_6_0_betainterceptPCAWG2_betaslopePCAWG2_covmatPCAWG2_dataset578.RDS
    output: ../data/assessing_models_simulation/inference_results/TMB/nlminb/multiple_GenerationJnorm_200_3401_18_6_0_fullREDM_betainterceptPCAWG2_betaslopePCAWG2_covmatPCAWG2_dataset578.RDS
    log: logs/inference/nlminb/simulation_GenerationJnorm_200_3401_18_6_0_ModelfullREDM_betainterceptPCAWG2_betaslopePCAWG2_covmatPCAWG2_dataset578.log
    jobid: 1581
    wildcards: optimiser=nlminb, datasetgeneration=GenerationJnorm, n=200, nlambda=3401, lmbda=18, d=6, beta_intensity=0, model=fullREDM, fixed_beta_intercept=betainterceptPCAWG2, fixed_beta_slope=betaslopePCAWG2, sdRE_input=covmatPCAWG2, itnum=578

Rscript 2_inference_TMB/run_TMB.R --input ../data/assessing_models_simulation/datasets/multiple_GenerationJnorm_200_3401_18_6_0_betainterceptPCAWG2_betaslopePCAWG2_covmatPCAWG2_dataset578.RDS --output ../data/assessing_models_simulation/inference_results/TMB/nlminb/multiple_GenerationJnorm_200_3401_18_6_0_fullREDM_betainterceptPCAWG2_betaslopePCAWG2_covmatPCAWG2_dataset578.RDS --model fullREDM --optimiser nlminb  --use_previous_run_startingvals T
[Wed Apr 26 16:53:11 2023]
Error in rule inference_simulation_TMB_multiple:
    jobid: 1581
    output: ../data/assessing_models_simulation/inference_results/TMB/nlminb/multiple_GenerationJnorm_200_3401_18_6_0_fullREDM_betainterceptPCAWG2_betaslopePCAWG2_covmatPCAWG2_dataset578.RDS
    log: logs/inference/nlminb/simulation_GenerationJnorm_200_3401_18_6_0_ModelfullREDM_betainterceptPCAWG2_betaslopePCAWG2_covmatPCAWG2_dataset578.log (check log file(s) for error message)
    shell:
        Rscript 2_inference_TMB/run_TMB.R --input ../data/assessing_models_simulation/datasets/multiple_GenerationJnorm_200_3401_18_6_0_betainterceptPCAWG2_betaslopePCAWG2_covmatPCAWG2_dataset578.RDS --output ../data/assessing_models_simulation/inference_results/TMB/nlminb/multiple_GenerationJnorm_200_3401_18_6_0_fullREDM_betainterceptPCAWG2_betaslopePCAWG2_covmatPCAWG2_dataset578.RDS --model fullREDM --optimiser nlminb  --use_previous_run_startingvals T

Shutting down, this might take some time.
Exiting because a job execution failed. Look above for error message
Complete log: /Users/morril01/Documents/PhD/GlobalDA/code/.snakemake/log/2023-04-26T164930.808537.snakemake.log
