Building DAG of jobs...
Using shell: /usr/local/bin/bash
Provided cores: 1
Rules claiming more threads will be scaled down.
Job counts:
	count	jobs
	1	all
	2	analyse_simulation_TMB_bias
	253	inference_simulation_TMB_multiple
	126	simulate_for_comparison_multiple
	382

[Sat Mar 18 11:41:58 2023]
rule inference_simulation_TMB_multiple:
    input: ../data/assessing_models_simulation/datasets/multiple_GenerationJnorm_200_180_20_8_0_betainterceptPCAWG1_betaslopePCAWG1_covmatPCAWG1_dataset999.RDS
    output: ../data/assessing_models_simulation/inference_results/TMB/nlminb/multiple_GenerationJnorm_200_180_20_8_0_fullREDM_betainterceptPCAWG1_betaslopePCAWG1_covmatPCAWG1_dataset999.RDS
    log: logs/inference/nlminb/simulation_GenerationJnorm_200_180_20_8_0_ModelfullREDM_betainterceptPCAWG1_betaslopePCAWG1_covmatPCAWG1_dataset999.log
    jobid: 1002
    wildcards: optimiser=nlminb, datasetgeneration=GenerationJnorm, n=200, nlambda=180, lmbda=20, d=8, beta_intensity=0, model=fullREDM, fixed_beta_intercept=betainterceptPCAWG1, fixed_beta_slope=betaslopePCAWG1, sdRE_input=covmatPCAWG1, itnum=999

Rscript 2_inference_TMB/run_TMB.R --input ../data/assessing_models_simulation/datasets/multiple_GenerationJnorm_200_180_20_8_0_betainterceptPCAWG1_betaslopePCAWG1_covmatPCAWG1_dataset999.RDS --output ../data/assessing_models_simulation/inference_results/TMB/nlminb/multiple_GenerationJnorm_200_180_20_8_0_fullREDM_betainterceptPCAWG1_betaslopePCAWG1_covmatPCAWG1_dataset999.RDS --model fullREDM --optimiser nlminb  --use_previous_run_startingvals T
[Sat Mar 18 11:43:37 2023]
Finished job 1002.
1 of 382 steps (0.26%) done

[Sat Mar 18 11:43:37 2023]
rule simulate_for_comparison_multiple:
    input: ../data/assessing_models_simulation/GenerationJnorm
    output: ../data/assessing_models_simulation/datasets/multiple_GenerationJnorm_200_180_20_8_0_betainterceptPCAWG1_betaslopePCAWG1_covmatPCAWG1_dataset500.RDS
    jobid: 2503
    wildcards: datasetgeneration=GenerationJnorm, n=200, nlambda=180, lmbda=20, d=8, beta_intensity=0, fixed_beta_intercept=betainterceptPCAWG1, fixed_beta_slope=betaslopePCAWG1, sdRE_input=covmatPCAWG1, itnum=500

Rscript --vanilla 3_analysis/simulation_model_assessment/generate_datasets_simulations/GenerationJnorm.R --input ../data/assessing_models_simulation/GenerationJnorm --d 8 --n 200 --nlambda 180 --lambda 20 --beta_gamma_shape 0 --outfile ../data/assessing_models_simulation/datasets/multiple_GenerationJnorm_200_180_20_8_0_betainterceptPCAWG1_betaslopePCAWG1_covmatPCAWG1_dataset500.RDS --beta_intercept_input ../data/assessing_models_simulation/additional_files/multiple_fixed_betainterceptPCAWG1.RDS --beta_slope_input ../data/assessing_models_simulation/additional_files/multiple_fixed_betaslopePCAWG1.RDS --sdRE_input ../data/assessing_models_simulation/additional_files/multiple_fixed_covmatPCAWG1.RDS
[Sat Mar 18 11:43:39 2023]
Finished job 2503.
2 of 382 steps (0.52%) done

[Sat Mar 18 11:43:39 2023]
rule inference_simulation_TMB_multiple:
    input: ../data/assessing_models_simulation/datasets/multiple_GenerationJnorm_200_180_20_8_0_betainterceptPCAWG1_betaslopePCAWG1_covmatPCAWG1_dataset500.RDS
    output: ../data/assessing_models_simulation/inference_results/TMB/nlminb/multiple_GenerationJnorm_200_180_20_8_0_diagREDM_betainterceptPCAWG1_betaslopePCAWG1_covmatPCAWG1_dataset500.RDS
    log: logs/inference/nlminb/simulation_GenerationJnorm_200_180_20_8_0_ModeldiagREDM_betainterceptPCAWG1_betaslopePCAWG1_covmatPCAWG1_dataset500.log
    jobid: 1503
    wildcards: optimiser=nlminb, datasetgeneration=GenerationJnorm, n=200, nlambda=180, lmbda=20, d=8, beta_intensity=0, model=diagREDM, fixed_beta_intercept=betainterceptPCAWG1, fixed_beta_slope=betaslopePCAWG1, sdRE_input=covmatPCAWG1, itnum=500

Rscript 2_inference_TMB/run_TMB.R --input ../data/assessing_models_simulation/datasets/multiple_GenerationJnorm_200_180_20_8_0_betainterceptPCAWG1_betaslopePCAWG1_covmatPCAWG1_dataset500.RDS --output ../data/assessing_models_simulation/inference_results/TMB/nlminb/multiple_GenerationJnorm_200_180_20_8_0_diagREDM_betainterceptPCAWG1_betaslopePCAWG1_covmatPCAWG1_dataset500.RDS --model diagREDM --optimiser nlminb  --use_previous_run_startingvals T
[Sat Mar 18 11:44:30 2023]
Finished job 1503.
3 of 382 steps (0.79%) done

[Sat Mar 18 11:44:30 2023]
rule inference_simulation_TMB_multiple:
    input: ../data/assessing_models_simulation/datasets/multiple_GenerationJnorm_200_180_20_8_0_betainterceptPCAWG1_betaslopePCAWG1_covmatPCAWG1_dataset500.RDS
    output: ../data/assessing_models_simulation/inference_results/TMB/nlminb/multiple_GenerationJnorm_200_180_20_8_0_fullREDM_betainterceptPCAWG1_betaslopePCAWG1_covmatPCAWG1_dataset500.RDS
    log: logs/inference/nlminb/simulation_GenerationJnorm_200_180_20_8_0_ModelfullREDM_betainterceptPCAWG1_betaslopePCAWG1_covmatPCAWG1_dataset500.log
    jobid: 503
    wildcards: optimiser=nlminb, datasetgeneration=GenerationJnorm, n=200, nlambda=180, lmbda=20, d=8, beta_intensity=0, model=fullREDM, fixed_beta_intercept=betainterceptPCAWG1, fixed_beta_slope=betaslopePCAWG1, sdRE_input=covmatPCAWG1, itnum=500

Rscript 2_inference_TMB/run_TMB.R --input ../data/assessing_models_simulation/datasets/multiple_GenerationJnorm_200_180_20_8_0_betainterceptPCAWG1_betaslopePCAWG1_covmatPCAWG1_dataset500.RDS --output ../data/assessing_models_simulation/inference_results/TMB/nlminb/multiple_GenerationJnorm_200_180_20_8_0_fullREDM_betainterceptPCAWG1_betaslopePCAWG1_covmatPCAWG1_dataset500.RDS --model fullREDM --optimiser nlminb  --use_previous_run_startingvals T
[Sat Mar 18 11:46:03 2023]
Finished job 503.
4 of 382 steps (1%) done

[Sat Mar 18 11:46:03 2023]
rule simulate_for_comparison_multiple:
    input: ../data/assessing_models_simulation/GenerationJnorm
    output: ../data/assessing_models_simulation/datasets/multiple_GenerationJnorm_200_180_20_8_0_betainterceptPCAWG1_betaslopePCAWG1_covmatPCAWG1_dataset611.RDS
    jobid: 2614
    wildcards: datasetgeneration=GenerationJnorm, n=200, nlambda=180, lmbda=20, d=8, beta_intensity=0, fixed_beta_intercept=betainterceptPCAWG1, fixed_beta_slope=betaslopePCAWG1, sdRE_input=covmatPCAWG1, itnum=611

Rscript --vanilla 3_analysis/simulation_model_assessment/generate_datasets_simulations/GenerationJnorm.R --input ../data/assessing_models_simulation/GenerationJnorm --d 8 --n 200 --nlambda 180 --lambda 20 --beta_gamma_shape 0 --outfile ../data/assessing_models_simulation/datasets/multiple_GenerationJnorm_200_180_20_8_0_betainterceptPCAWG1_betaslopePCAWG1_covmatPCAWG1_dataset611.RDS --beta_intercept_input ../data/assessing_models_simulation/additional_files/multiple_fixed_betainterceptPCAWG1.RDS --beta_slope_input ../data/assessing_models_simulation/additional_files/multiple_fixed_betaslopePCAWG1.RDS --sdRE_input ../data/assessing_models_simulation/additional_files/multiple_fixed_covmatPCAWG1.RDS
[Sat Mar 18 11:46:05 2023]
Finished job 2614.
5 of 382 steps (1%) done

[Sat Mar 18 11:46:05 2023]
rule inference_simulation_TMB_multiple:
    input: ../data/assessing_models_simulation/datasets/multiple_GenerationJnorm_200_180_20_8_0_betainterceptPCAWG1_betaslopePCAWG1_covmatPCAWG1_dataset611.RDS
    output: ../data/assessing_models_simulation/inference_results/TMB/nlminb/multiple_GenerationJnorm_200_180_20_8_0_diagREDM_betainterceptPCAWG1_betaslopePCAWG1_covmatPCAWG1_dataset611.RDS
    log: logs/inference/nlminb/simulation_GenerationJnorm_200_180_20_8_0_ModeldiagREDM_betainterceptPCAWG1_betaslopePCAWG1_covmatPCAWG1_dataset611.log
    jobid: 1614
    wildcards: optimiser=nlminb, datasetgeneration=GenerationJnorm, n=200, nlambda=180, lmbda=20, d=8, beta_intensity=0, model=diagREDM, fixed_beta_intercept=betainterceptPCAWG1, fixed_beta_slope=betaslopePCAWG1, sdRE_input=covmatPCAWG1, itnum=611

Rscript 2_inference_TMB/run_TMB.R --input ../data/assessing_models_simulation/datasets/multiple_GenerationJnorm_200_180_20_8_0_betainterceptPCAWG1_betaslopePCAWG1_covmatPCAWG1_dataset611.RDS --output ../data/assessing_models_simulation/inference_results/TMB/nlminb/multiple_GenerationJnorm_200_180_20_8_0_diagREDM_betainterceptPCAWG1_betaslopePCAWG1_covmatPCAWG1_dataset611.RDS --model diagREDM --optimiser nlminb  --use_previous_run_startingvals T
[Sat Mar 18 11:46:58 2023]
Finished job 1614.
6 of 382 steps (2%) done

[Sat Mar 18 11:46:58 2023]
rule inference_simulation_TMB_multiple:
    input: ../data/assessing_models_simulation/datasets/multiple_GenerationJnorm_200_180_20_8_0_betainterceptPCAWG1_betaslopePCAWG1_covmatPCAWG1_dataset611.RDS
    output: ../data/assessing_models_simulation/inference_results/TMB/nlminb/multiple_GenerationJnorm_200_180_20_8_0_fullREDM_betainterceptPCAWG1_betaslopePCAWG1_covmatPCAWG1_dataset611.RDS
    log: logs/inference/nlminb/simulation_GenerationJnorm_200_180_20_8_0_ModelfullREDM_betainterceptPCAWG1_betaslopePCAWG1_covmatPCAWG1_dataset611.log
    jobid: 614
    wildcards: optimiser=nlminb, datasetgeneration=GenerationJnorm, n=200, nlambda=180, lmbda=20, d=8, beta_intensity=0, model=fullREDM, fixed_beta_intercept=betainterceptPCAWG1, fixed_beta_slope=betaslopePCAWG1, sdRE_input=covmatPCAWG1, itnum=611

Rscript 2_inference_TMB/run_TMB.R --input ../data/assessing_models_simulation/datasets/multiple_GenerationJnorm_200_180_20_8_0_betainterceptPCAWG1_betaslopePCAWG1_covmatPCAWG1_dataset611.RDS --output ../data/assessing_models_simulation/inference_results/TMB/nlminb/multiple_GenerationJnorm_200_180_20_8_0_fullREDM_betainterceptPCAWG1_betaslopePCAWG1_covmatPCAWG1_dataset611.RDS --model fullREDM --optimiser nlminb  --use_previous_run_startingvals T
[Sat Mar 18 11:48:24 2023]
Finished job 614.
7 of 382 steps (2%) done

[Sat Mar 18 11:48:24 2023]
rule simulate_for_comparison_multiple:
    input: ../data/assessing_models_simulation/GenerationJnorm
    output: ../data/assessing_models_simulation/datasets/multiple_GenerationJnorm_200_180_20_8_0_betainterceptPCAWG1_betaslopePCAWG1_covmatPCAWG1_dataset951.RDS
    jobid: 2954
    wildcards: datasetgeneration=GenerationJnorm, n=200, nlambda=180, lmbda=20, d=8, beta_intensity=0, fixed_beta_intercept=betainterceptPCAWG1, fixed_beta_slope=betaslopePCAWG1, sdRE_input=covmatPCAWG1, itnum=951

Rscript --vanilla 3_analysis/simulation_model_assessment/generate_datasets_simulations/GenerationJnorm.R --input ../data/assessing_models_simulation/GenerationJnorm --d 8 --n 200 --nlambda 180 --lambda 20 --beta_gamma_shape 0 --outfile ../data/assessing_models_simulation/datasets/multiple_GenerationJnorm_200_180_20_8_0_betainterceptPCAWG1_betaslopePCAWG1_covmatPCAWG1_dataset951.RDS --beta_intercept_input ../data/assessing_models_simulation/additional_files/multiple_fixed_betainterceptPCAWG1.RDS --beta_slope_input ../data/assessing_models_simulation/additional_files/multiple_fixed_betaslopePCAWG1.RDS --sdRE_input ../data/assessing_models_simulation/additional_files/multiple_fixed_covmatPCAWG1.RDS
[Sat Mar 18 11:48:26 2023]
Finished job 2954.
8 of 382 steps (2%) done

[Sat Mar 18 11:48:26 2023]
rule inference_simulation_TMB_multiple:
    input: ../data/assessing_models_simulation/datasets/multiple_GenerationJnorm_200_180_20_8_0_betainterceptPCAWG1_betaslopePCAWG1_covmatPCAWG1_dataset951.RDS
    output: ../data/assessing_models_simulation/inference_results/TMB/nlminb/multiple_GenerationJnorm_200_180_20_8_0_diagREDM_betainterceptPCAWG1_betaslopePCAWG1_covmatPCAWG1_dataset951.RDS
    log: logs/inference/nlminb/simulation_GenerationJnorm_200_180_20_8_0_ModeldiagREDM_betainterceptPCAWG1_betaslopePCAWG1_covmatPCAWG1_dataset951.log
    jobid: 1954
    wildcards: optimiser=nlminb, datasetgeneration=GenerationJnorm, n=200, nlambda=180, lmbda=20, d=8, beta_intensity=0, model=diagREDM, fixed_beta_intercept=betainterceptPCAWG1, fixed_beta_slope=betaslopePCAWG1, sdRE_input=covmatPCAWG1, itnum=951

Rscript 2_inference_TMB/run_TMB.R --input ../data/assessing_models_simulation/datasets/multiple_GenerationJnorm_200_180_20_8_0_betainterceptPCAWG1_betaslopePCAWG1_covmatPCAWG1_dataset951.RDS --output ../data/assessing_models_simulation/inference_results/TMB/nlminb/multiple_GenerationJnorm_200_180_20_8_0_diagREDM_betainterceptPCAWG1_betaslopePCAWG1_covmatPCAWG1_dataset951.RDS --model diagREDM --optimiser nlminb  --use_previous_run_startingvals T
[Sat Mar 18 11:49:24 2023]
Finished job 1954.
9 of 382 steps (2%) done

[Sat Mar 18 11:49:24 2023]
rule inference_simulation_TMB_multiple:
    input: ../data/assessing_models_simulation/datasets/multiple_GenerationJnorm_200_180_20_8_0_betainterceptPCAWG1_betaslopePCAWG1_covmatPCAWG1_dataset951.RDS
    output: ../data/assessing_models_simulation/inference_results/TMB/nlminb/multiple_GenerationJnorm_200_180_20_8_0_fullREDM_betainterceptPCAWG1_betaslopePCAWG1_covmatPCAWG1_dataset951.RDS
    log: logs/inference/nlminb/simulation_GenerationJnorm_200_180_20_8_0_ModelfullREDM_betainterceptPCAWG1_betaslopePCAWG1_covmatPCAWG1_dataset951.log
    jobid: 954
    wildcards: optimiser=nlminb, datasetgeneration=GenerationJnorm, n=200, nlambda=180, lmbda=20, d=8, beta_intensity=0, model=fullREDM, fixed_beta_intercept=betainterceptPCAWG1, fixed_beta_slope=betaslopePCAWG1, sdRE_input=covmatPCAWG1, itnum=951

Rscript 2_inference_TMB/run_TMB.R --input ../data/assessing_models_simulation/datasets/multiple_GenerationJnorm_200_180_20_8_0_betainterceptPCAWG1_betaslopePCAWG1_covmatPCAWG1_dataset951.RDS --output ../data/assessing_models_simulation/inference_results/TMB/nlminb/multiple_GenerationJnorm_200_180_20_8_0_fullREDM_betainterceptPCAWG1_betaslopePCAWG1_covmatPCAWG1_dataset951.RDS --model fullREDM --optimiser nlminb  --use_previous_run_startingvals T
[Sat Mar 18 11:50:57 2023]
Finished job 954.
10 of 382 steps (3%) done

[Sat Mar 18 11:50:57 2023]
rule simulate_for_comparison_multiple:
    input: ../data/assessing_models_simulation/GenerationJnorm
    output: ../data/assessing_models_simulation/datasets/multiple_GenerationJnorm_200_180_20_8_0_betainterceptPCAWG1_betaslopePCAWG1_covmatPCAWG1_dataset911.RDS
    jobid: 2914
    wildcards: datasetgeneration=GenerationJnorm, n=200, nlambda=180, lmbda=20, d=8, beta_intensity=0, fixed_beta_intercept=betainterceptPCAWG1, fixed_beta_slope=betaslopePCAWG1, sdRE_input=covmatPCAWG1, itnum=911

Rscript --vanilla 3_analysis/simulation_model_assessment/generate_datasets_simulations/GenerationJnorm.R --input ../data/assessing_models_simulation/GenerationJnorm --d 8 --n 200 --nlambda 180 --lambda 20 --beta_gamma_shape 0 --outfile ../data/assessing_models_simulation/datasets/multiple_GenerationJnorm_200_180_20_8_0_betainterceptPCAWG1_betaslopePCAWG1_covmatPCAWG1_dataset911.RDS --beta_intercept_input ../data/assessing_models_simulation/additional_files/multiple_fixed_betainterceptPCAWG1.RDS --beta_slope_input ../data/assessing_models_simulation/additional_files/multiple_fixed_betaslopePCAWG1.RDS --sdRE_input ../data/assessing_models_simulation/additional_files/multiple_fixed_covmatPCAWG1.RDS
[Sat Mar 18 11:50:59 2023]
Finished job 2914.
11 of 382 steps (3%) done

[Sat Mar 18 11:50:59 2023]
rule inference_simulation_TMB_multiple:
    input: ../data/assessing_models_simulation/datasets/multiple_GenerationJnorm_200_180_20_8_0_betainterceptPCAWG1_betaslopePCAWG1_covmatPCAWG1_dataset911.RDS
    output: ../data/assessing_models_simulation/inference_results/TMB/nlminb/multiple_GenerationJnorm_200_180_20_8_0_diagREDM_betainterceptPCAWG1_betaslopePCAWG1_covmatPCAWG1_dataset911.RDS
    log: logs/inference/nlminb/simulation_GenerationJnorm_200_180_20_8_0_ModeldiagREDM_betainterceptPCAWG1_betaslopePCAWG1_covmatPCAWG1_dataset911.log
    jobid: 1914
    wildcards: optimiser=nlminb, datasetgeneration=GenerationJnorm, n=200, nlambda=180, lmbda=20, d=8, beta_intensity=0, model=diagREDM, fixed_beta_intercept=betainterceptPCAWG1, fixed_beta_slope=betaslopePCAWG1, sdRE_input=covmatPCAWG1, itnum=911

Rscript 2_inference_TMB/run_TMB.R --input ../data/assessing_models_simulation/datasets/multiple_GenerationJnorm_200_180_20_8_0_betainterceptPCAWG1_betaslopePCAWG1_covmatPCAWG1_dataset911.RDS --output ../data/assessing_models_simulation/inference_results/TMB/nlminb/multiple_GenerationJnorm_200_180_20_8_0_diagREDM_betainterceptPCAWG1_betaslopePCAWG1_covmatPCAWG1_dataset911.RDS --model diagREDM --optimiser nlminb  --use_previous_run_startingvals T
[Sat Mar 18 11:51:50 2023]
Finished job 1914.
12 of 382 steps (3%) done

[Sat Mar 18 11:51:50 2023]
rule inference_simulation_TMB_multiple:
    input: ../data/assessing_models_simulation/datasets/multiple_GenerationJnorm_200_180_20_8_0_betainterceptPCAWG1_betaslopePCAWG1_covmatPCAWG1_dataset911.RDS
    output: ../data/assessing_models_simulation/inference_results/TMB/nlminb/multiple_GenerationJnorm_200_180_20_8_0_fullREDM_betainterceptPCAWG1_betaslopePCAWG1_covmatPCAWG1_dataset911.RDS
    log: logs/inference/nlminb/simulation_GenerationJnorm_200_180_20_8_0_ModelfullREDM_betainterceptPCAWG1_betaslopePCAWG1_covmatPCAWG1_dataset911.log
    jobid: 914
    wildcards: optimiser=nlminb, datasetgeneration=GenerationJnorm, n=200, nlambda=180, lmbda=20, d=8, beta_intensity=0, model=fullREDM, fixed_beta_intercept=betainterceptPCAWG1, fixed_beta_slope=betaslopePCAWG1, sdRE_input=covmatPCAWG1, itnum=911

Rscript 2_inference_TMB/run_TMB.R --input ../data/assessing_models_simulation/datasets/multiple_GenerationJnorm_200_180_20_8_0_betainterceptPCAWG1_betaslopePCAWG1_covmatPCAWG1_dataset911.RDS --output ../data/assessing_models_simulation/inference_results/TMB/nlminb/multiple_GenerationJnorm_200_180_20_8_0_fullREDM_betainterceptPCAWG1_betaslopePCAWG1_covmatPCAWG1_dataset911.RDS --model fullREDM --optimiser nlminb  --use_previous_run_startingvals T
[Sat Mar 18 11:53:22 2023]
Finished job 914.
13 of 382 steps (3%) done

[Sat Mar 18 11:53:22 2023]
rule simulate_for_comparison_multiple:
    input: ../data/assessing_models_simulation/GenerationJnorm
    output: ../data/assessing_models_simulation/datasets/multiple_GenerationJnorm_200_180_20_8_0_betainterceptPCAWG1_betaslopePCAWG1_covmatPCAWG1_dataset908.RDS
    jobid: 2911
    wildcards: datasetgeneration=GenerationJnorm, n=200, nlambda=180, lmbda=20, d=8, beta_intensity=0, fixed_beta_intercept=betainterceptPCAWG1, fixed_beta_slope=betaslopePCAWG1, sdRE_input=covmatPCAWG1, itnum=908

Rscript --vanilla 3_analysis/simulation_model_assessment/generate_datasets_simulations/GenerationJnorm.R --input ../data/assessing_models_simulation/GenerationJnorm --d 8 --n 200 --nlambda 180 --lambda 20 --beta_gamma_shape 0 --outfile ../data/assessing_models_simulation/datasets/multiple_GenerationJnorm_200_180_20_8_0_betainterceptPCAWG1_betaslopePCAWG1_covmatPCAWG1_dataset908.RDS --beta_intercept_input ../data/assessing_models_simulation/additional_files/multiple_fixed_betainterceptPCAWG1.RDS --beta_slope_input ../data/assessing_models_simulation/additional_files/multiple_fixed_betaslopePCAWG1.RDS --sdRE_input ../data/assessing_models_simulation/additional_files/multiple_fixed_covmatPCAWG1.RDS
[Sat Mar 18 11:53:24 2023]
Finished job 2911.
14 of 382 steps (4%) done

[Sat Mar 18 11:53:24 2023]
rule inference_simulation_TMB_multiple:
    input: ../data/assessing_models_simulation/datasets/multiple_GenerationJnorm_200_180_20_8_0_betainterceptPCAWG1_betaslopePCAWG1_covmatPCAWG1_dataset908.RDS
    output: ../data/assessing_models_simulation/inference_results/TMB/nlminb/multiple_GenerationJnorm_200_180_20_8_0_diagREDM_betainterceptPCAWG1_betaslopePCAWG1_covmatPCAWG1_dataset908.RDS
    log: logs/inference/nlminb/simulation_GenerationJnorm_200_180_20_8_0_ModeldiagREDM_betainterceptPCAWG1_betaslopePCAWG1_covmatPCAWG1_dataset908.log
    jobid: 1911
    wildcards: optimiser=nlminb, datasetgeneration=GenerationJnorm, n=200, nlambda=180, lmbda=20, d=8, beta_intensity=0, model=diagREDM, fixed_beta_intercept=betainterceptPCAWG1, fixed_beta_slope=betaslopePCAWG1, sdRE_input=covmatPCAWG1, itnum=908

Rscript 2_inference_TMB/run_TMB.R --input ../data/assessing_models_simulation/datasets/multiple_GenerationJnorm_200_180_20_8_0_betainterceptPCAWG1_betaslopePCAWG1_covmatPCAWG1_dataset908.RDS --output ../data/assessing_models_simulation/inference_results/TMB/nlminb/multiple_GenerationJnorm_200_180_20_8_0_diagREDM_betainterceptPCAWG1_betaslopePCAWG1_covmatPCAWG1_dataset908.RDS --model diagREDM --optimiser nlminb  --use_previous_run_startingvals T
[Sat Mar 18 11:54:18 2023]
Finished job 1911.
15 of 382 steps (4%) done

[Sat Mar 18 11:54:18 2023]
rule inference_simulation_TMB_multiple:
    input: ../data/assessing_models_simulation/datasets/multiple_GenerationJnorm_200_180_20_8_0_betainterceptPCAWG1_betaslopePCAWG1_covmatPCAWG1_dataset908.RDS
    output: ../data/assessing_models_simulation/inference_results/TMB/nlminb/multiple_GenerationJnorm_200_180_20_8_0_fullREDM_betainterceptPCAWG1_betaslopePCAWG1_covmatPCAWG1_dataset908.RDS
    log: logs/inference/nlminb/simulation_GenerationJnorm_200_180_20_8_0_ModelfullREDM_betainterceptPCAWG1_betaslopePCAWG1_covmatPCAWG1_dataset908.log
    jobid: 911
    wildcards: optimiser=nlminb, datasetgeneration=GenerationJnorm, n=200, nlambda=180, lmbda=20, d=8, beta_intensity=0, model=fullREDM, fixed_beta_intercept=betainterceptPCAWG1, fixed_beta_slope=betaslopePCAWG1, sdRE_input=covmatPCAWG1, itnum=908

Rscript 2_inference_TMB/run_TMB.R --input ../data/assessing_models_simulation/datasets/multiple_GenerationJnorm_200_180_20_8_0_betainterceptPCAWG1_betaslopePCAWG1_covmatPCAWG1_dataset908.RDS --output ../data/assessing_models_simulation/inference_results/TMB/nlminb/multiple_GenerationJnorm_200_180_20_8_0_fullREDM_betainterceptPCAWG1_betaslopePCAWG1_covmatPCAWG1_dataset908.RDS --model fullREDM --optimiser nlminb  --use_previous_run_startingvals T
[Sat Mar 18 11:56:25 2023]
Error in rule inference_simulation_TMB_multiple:
    jobid: 911
    output: ../data/assessing_models_simulation/inference_results/TMB/nlminb/multiple_GenerationJnorm_200_180_20_8_0_fullREDM_betainterceptPCAWG1_betaslopePCAWG1_covmatPCAWG1_dataset908.RDS
    log: logs/inference/nlminb/simulation_GenerationJnorm_200_180_20_8_0_ModelfullREDM_betainterceptPCAWG1_betaslopePCAWG1_covmatPCAWG1_dataset908.log (check log file(s) for error message)
    shell:
        Rscript 2_inference_TMB/run_TMB.R --input ../data/assessing_models_simulation/datasets/multiple_GenerationJnorm_200_180_20_8_0_betainterceptPCAWG1_betaslopePCAWG1_covmatPCAWG1_dataset908.RDS --output ../data/assessing_models_simulation/inference_results/TMB/nlminb/multiple_GenerationJnorm_200_180_20_8_0_fullREDM_betainterceptPCAWG1_betaslopePCAWG1_covmatPCAWG1_dataset908.RDS --model fullREDM --optimiser nlminb  --use_previous_run_startingvals T

Shutting down, this might take some time.
Exiting because a job execution failed. Look above for error message
Complete log: /Users/morril01/Documents/PhD/GlobalDA/code/.snakemake/log/2023-03-18T114152.904330.snakemake.log
