Building DAG of jobs...
Using shell: /usr/local/bin/bash
Provided cores: 1
Rules claiming more threads will be scaled down.
Job counts:
	count	jobs
	1	all
	2	analyse_simulation_TMB_bias
	1497	inference_simulation_TMB_multiple
	748	simulate_for_comparison_multiple
	2248

[Sat Mar 25 09:31:31 2023]
rule inference_simulation_TMB_multiple:
    input: ../data/assessing_models_simulation/datasets/multiple_GenerationJnorm_200_180_0.06_6_0_betainterceptPCAWG2_betaslopePCAWG2_covmatPCAWG2_dataset567.RDS
    output: ../data/assessing_models_simulation/inference_results/TMB/nlminb/multiple_GenerationJnorm_200_180_0.06_6_0_fullREDM_betainterceptPCAWG2_betaslopePCAWG2_covmatPCAWG2_dataset567.RDS
    log: logs/inference/nlminb/simulation_GenerationJnorm_200_180_0.06_6_0_ModelfullREDM_betainterceptPCAWG2_betaslopePCAWG2_covmatPCAWG2_dataset567.log
    jobid: 570
    wildcards: optimiser=nlminb, datasetgeneration=GenerationJnorm, n=200, nlambda=180, lmbda=0.06, d=6, beta_intensity=0, model=fullREDM, fixed_beta_intercept=betainterceptPCAWG2, fixed_beta_slope=betaslopePCAWG2, sdRE_input=covmatPCAWG2, itnum=567

Rscript 2_inference_TMB/run_TMB.R --input ../data/assessing_models_simulation/datasets/multiple_GenerationJnorm_200_180_0.06_6_0_betainterceptPCAWG2_betaslopePCAWG2_covmatPCAWG2_dataset567.RDS --output ../data/assessing_models_simulation/inference_results/TMB/nlminb/multiple_GenerationJnorm_200_180_0.06_6_0_fullREDM_betainterceptPCAWG2_betaslopePCAWG2_covmatPCAWG2_dataset567.RDS --model fullREDM --optimiser nlminb  --use_previous_run_startingvals T
[Sat Mar 25 09:32:02 2023]
Finished job 570.
1 of 2248 steps (0.04%) done

[Sat Mar 25 09:32:02 2023]
rule simulate_for_comparison_multiple:
    input: ../data/assessing_models_simulation/GenerationJnorm
    output: ../data/assessing_models_simulation/datasets/multiple_GenerationJnorm_200_180_0.06_6_0_betainterceptPCAWG2_betaslopePCAWG2_covmatPCAWG2_dataset191.RDS
    jobid: 2194
    wildcards: datasetgeneration=GenerationJnorm, n=200, nlambda=180, lmbda=0.06, d=6, beta_intensity=0, fixed_beta_intercept=betainterceptPCAWG2, fixed_beta_slope=betaslopePCAWG2, sdRE_input=covmatPCAWG2, itnum=191

Rscript --vanilla 3_analysis/simulation_model_assessment/generate_datasets_simulations/GenerationJnorm.R --input ../data/assessing_models_simulation/GenerationJnorm --d 6 --n 200 --nlambda 180 --lambda 0.06 --beta_gamma_shape 0 --outfile ../data/assessing_models_simulation/datasets/multiple_GenerationJnorm_200_180_0.06_6_0_betainterceptPCAWG2_betaslopePCAWG2_covmatPCAWG2_dataset191.RDS --beta_intercept_input ../data/assessing_models_simulation/additional_files/multiple_fixed_betainterceptPCAWG2.RDS --beta_slope_input ../data/assessing_models_simulation/additional_files/multiple_fixed_betaslopePCAWG2.RDS --sdRE_input ../data/assessing_models_simulation/additional_files/multiple_fixed_covmatPCAWG2.RDS
[Sat Mar 25 09:32:04 2023]
Finished job 2194.
2 of 2248 steps (0.09%) done

[Sat Mar 25 09:32:04 2023]
rule inference_simulation_TMB_multiple:
    input: ../data/assessing_models_simulation/datasets/multiple_GenerationJnorm_200_180_0.06_6_0_betainterceptPCAWG2_betaslopePCAWG2_covmatPCAWG2_dataset191.RDS
    output: ../data/assessing_models_simulation/inference_results/TMB/nlminb/multiple_GenerationJnorm_200_180_0.06_6_0_fullREDM_betainterceptPCAWG2_betaslopePCAWG2_covmatPCAWG2_dataset191.RDS
    log: logs/inference/nlminb/simulation_GenerationJnorm_200_180_0.06_6_0_ModelfullREDM_betainterceptPCAWG2_betaslopePCAWG2_covmatPCAWG2_dataset191.log
    jobid: 194
    wildcards: optimiser=nlminb, datasetgeneration=GenerationJnorm, n=200, nlambda=180, lmbda=0.06, d=6, beta_intensity=0, model=fullREDM, fixed_beta_intercept=betainterceptPCAWG2, fixed_beta_slope=betaslopePCAWG2, sdRE_input=covmatPCAWG2, itnum=191

Rscript 2_inference_TMB/run_TMB.R --input ../data/assessing_models_simulation/datasets/multiple_GenerationJnorm_200_180_0.06_6_0_betainterceptPCAWG2_betaslopePCAWG2_covmatPCAWG2_dataset191.RDS --output ../data/assessing_models_simulation/inference_results/TMB/nlminb/multiple_GenerationJnorm_200_180_0.06_6_0_fullREDM_betainterceptPCAWG2_betaslopePCAWG2_covmatPCAWG2_dataset191.RDS --model fullREDM --optimiser nlminb  --use_previous_run_startingvals T
[Sat Mar 25 09:32:55 2023]
Finished job 194.
3 of 2248 steps (0.13%) done

[Sat Mar 25 09:32:55 2023]
rule inference_simulation_TMB_multiple:
    input: ../data/assessing_models_simulation/datasets/multiple_GenerationJnorm_200_180_0.06_6_0_betainterceptPCAWG2_betaslopePCAWG2_covmatPCAWG2_dataset191.RDS
    output: ../data/assessing_models_simulation/inference_results/TMB/nlminb/multiple_GenerationJnorm_200_180_0.06_6_0_diagREDM_betainterceptPCAWG2_betaslopePCAWG2_covmatPCAWG2_dataset191.RDS
    log: logs/inference/nlminb/simulation_GenerationJnorm_200_180_0.06_6_0_ModeldiagREDM_betainterceptPCAWG2_betaslopePCAWG2_covmatPCAWG2_dataset191.log
    jobid: 1194
    wildcards: optimiser=nlminb, datasetgeneration=GenerationJnorm, n=200, nlambda=180, lmbda=0.06, d=6, beta_intensity=0, model=diagREDM, fixed_beta_intercept=betainterceptPCAWG2, fixed_beta_slope=betaslopePCAWG2, sdRE_input=covmatPCAWG2, itnum=191

Rscript 2_inference_TMB/run_TMB.R --input ../data/assessing_models_simulation/datasets/multiple_GenerationJnorm_200_180_0.06_6_0_betainterceptPCAWG2_betaslopePCAWG2_covmatPCAWG2_dataset191.RDS --output ../data/assessing_models_simulation/inference_results/TMB/nlminb/multiple_GenerationJnorm_200_180_0.06_6_0_diagREDM_betainterceptPCAWG2_betaslopePCAWG2_covmatPCAWG2_dataset191.RDS --model diagREDM --optimiser nlminb  --use_previous_run_startingvals T
[Sat Mar 25 09:33:21 2023]
Finished job 1194.
4 of 2248 steps (0.18%) done

[Sat Mar 25 09:33:21 2023]
rule simulate_for_comparison_multiple:
    input: ../data/assessing_models_simulation/GenerationJnorm
    output: ../data/assessing_models_simulation/datasets/multiple_GenerationJnorm_200_180_0.06_6_0_betainterceptPCAWG2_betaslopePCAWG2_covmatPCAWG2_dataset258.RDS
    jobid: 2261
    wildcards: datasetgeneration=GenerationJnorm, n=200, nlambda=180, lmbda=0.06, d=6, beta_intensity=0, fixed_beta_intercept=betainterceptPCAWG2, fixed_beta_slope=betaslopePCAWG2, sdRE_input=covmatPCAWG2, itnum=258

Rscript --vanilla 3_analysis/simulation_model_assessment/generate_datasets_simulations/GenerationJnorm.R --input ../data/assessing_models_simulation/GenerationJnorm --d 6 --n 200 --nlambda 180 --lambda 0.06 --beta_gamma_shape 0 --outfile ../data/assessing_models_simulation/datasets/multiple_GenerationJnorm_200_180_0.06_6_0_betainterceptPCAWG2_betaslopePCAWG2_covmatPCAWG2_dataset258.RDS --beta_intercept_input ../data/assessing_models_simulation/additional_files/multiple_fixed_betainterceptPCAWG2.RDS --beta_slope_input ../data/assessing_models_simulation/additional_files/multiple_fixed_betaslopePCAWG2.RDS --sdRE_input ../data/assessing_models_simulation/additional_files/multiple_fixed_covmatPCAWG2.RDS
[Sat Mar 25 09:33:23 2023]
Finished job 2261.
5 of 2248 steps (0.22%) done

[Sat Mar 25 09:33:23 2023]
rule inference_simulation_TMB_multiple:
    input: ../data/assessing_models_simulation/datasets/multiple_GenerationJnorm_200_180_0.06_6_0_betainterceptPCAWG2_betaslopePCAWG2_covmatPCAWG2_dataset258.RDS
    output: ../data/assessing_models_simulation/inference_results/TMB/nlminb/multiple_GenerationJnorm_200_180_0.06_6_0_fullREDM_betainterceptPCAWG2_betaslopePCAWG2_covmatPCAWG2_dataset258.RDS
    log: logs/inference/nlminb/simulation_GenerationJnorm_200_180_0.06_6_0_ModelfullREDM_betainterceptPCAWG2_betaslopePCAWG2_covmatPCAWG2_dataset258.log
    jobid: 261
    wildcards: optimiser=nlminb, datasetgeneration=GenerationJnorm, n=200, nlambda=180, lmbda=0.06, d=6, beta_intensity=0, model=fullREDM, fixed_beta_intercept=betainterceptPCAWG2, fixed_beta_slope=betaslopePCAWG2, sdRE_input=covmatPCAWG2, itnum=258

Rscript 2_inference_TMB/run_TMB.R --input ../data/assessing_models_simulation/datasets/multiple_GenerationJnorm_200_180_0.06_6_0_betainterceptPCAWG2_betaslopePCAWG2_covmatPCAWG2_dataset258.RDS --output ../data/assessing_models_simulation/inference_results/TMB/nlminb/multiple_GenerationJnorm_200_180_0.06_6_0_fullREDM_betainterceptPCAWG2_betaslopePCAWG2_covmatPCAWG2_dataset258.RDS --model fullREDM --optimiser nlminb  --use_previous_run_startingvals T
[Sat Mar 25 09:34:13 2023]
Error in rule inference_simulation_TMB_multiple:
    jobid: 261
    output: ../data/assessing_models_simulation/inference_results/TMB/nlminb/multiple_GenerationJnorm_200_180_0.06_6_0_fullREDM_betainterceptPCAWG2_betaslopePCAWG2_covmatPCAWG2_dataset258.RDS
    log: logs/inference/nlminb/simulation_GenerationJnorm_200_180_0.06_6_0_ModelfullREDM_betainterceptPCAWG2_betaslopePCAWG2_covmatPCAWG2_dataset258.log (check log file(s) for error message)
    shell:
        Rscript 2_inference_TMB/run_TMB.R --input ../data/assessing_models_simulation/datasets/multiple_GenerationJnorm_200_180_0.06_6_0_betainterceptPCAWG2_betaslopePCAWG2_covmatPCAWG2_dataset258.RDS --output ../data/assessing_models_simulation/inference_results/TMB/nlminb/multiple_GenerationJnorm_200_180_0.06_6_0_fullREDM_betainterceptPCAWG2_betaslopePCAWG2_covmatPCAWG2_dataset258.RDS --model fullREDM --optimiser nlminb  --use_previous_run_startingvals T

Shutting down, this might take some time.
Exiting because a job execution failed. Look above for error message
Complete log: /Users/morril01/Documents/PhD/GlobalDA/code/.snakemake/log/2023-03-25T093125.384052.snakemake.log
