Building DAG of jobs...
Using shell: /usr/local/bin/bash
Provided cores: 1
Rules claiming more threads will be scaled down.
Job counts:
	count	jobs
	1	all
	1	analyse_simulation_TMB_bias
	637	inference_simulation_TMB_multiple
	639

[Wed Apr 26 11:16:19 2023]
rule inference_simulation_TMB_multiple:
    input: ../data/assessing_models_simulation/datasets/multiple_GenerationJnorm_200_3401_18_6_0_betainterceptPCAWG2_betaslopePCAWG2_covmatPCAWG2_dataset49.RDS
    output: ../data/assessing_models_simulation/inference_results/TMB/nlminb/multiple_GenerationJnorm_200_3401_18_6_0_fullREDM_betainterceptPCAWG2_betaslopePCAWG2_covmatPCAWG2_dataset49.RDS
    log: logs/inference/nlminb/simulation_GenerationJnorm_200_3401_18_6_0_ModelfullREDM_betainterceptPCAWG2_betaslopePCAWG2_covmatPCAWG2_dataset49.log
    jobid: 1052
    wildcards: optimiser=nlminb, datasetgeneration=GenerationJnorm, n=200, nlambda=3401, lmbda=18, d=6, beta_intensity=0, model=fullREDM, fixed_beta_intercept=betainterceptPCAWG2, fixed_beta_slope=betaslopePCAWG2, sdRE_input=covmatPCAWG2, itnum=49

Rscript 2_inference_TMB/run_TMB.R --input ../data/assessing_models_simulation/datasets/multiple_GenerationJnorm_200_3401_18_6_0_betainterceptPCAWG2_betaslopePCAWG2_covmatPCAWG2_dataset49.RDS --output ../data/assessing_models_simulation/inference_results/TMB/nlminb/multiple_GenerationJnorm_200_3401_18_6_0_fullREDM_betainterceptPCAWG2_betaslopePCAWG2_covmatPCAWG2_dataset49.RDS --model fullREDM --optimiser nlminb  --use_previous_run_startingvals T
[Wed Apr 26 11:16:41 2023]
Finished job 1052.
1 of 639 steps (0.16%) done

[Wed Apr 26 11:16:41 2023]
rule inference_simulation_TMB_multiple:
    input: ../data/assessing_models_simulation/datasets/multiple_GenerationJnorm_200_3401_18_6_0_betainterceptPCAWG2_betaslopePCAWG2_covmatPCAWG2_dataset245.RDS
    output: ../data/assessing_models_simulation/inference_results/TMB/nlminb/multiple_GenerationJnorm_200_3401_18_6_0_fullREDM_betainterceptPCAWG2_betaslopePCAWG2_covmatPCAWG2_dataset245.RDS
    log: logs/inference/nlminb/simulation_GenerationJnorm_200_3401_18_6_0_ModelfullREDM_betainterceptPCAWG2_betaslopePCAWG2_covmatPCAWG2_dataset245.log
    jobid: 1248
    wildcards: optimiser=nlminb, datasetgeneration=GenerationJnorm, n=200, nlambda=3401, lmbda=18, d=6, beta_intensity=0, model=fullREDM, fixed_beta_intercept=betainterceptPCAWG2, fixed_beta_slope=betaslopePCAWG2, sdRE_input=covmatPCAWG2, itnum=245

Rscript 2_inference_TMB/run_TMB.R --input ../data/assessing_models_simulation/datasets/multiple_GenerationJnorm_200_3401_18_6_0_betainterceptPCAWG2_betaslopePCAWG2_covmatPCAWG2_dataset245.RDS --output ../data/assessing_models_simulation/inference_results/TMB/nlminb/multiple_GenerationJnorm_200_3401_18_6_0_fullREDM_betainterceptPCAWG2_betaslopePCAWG2_covmatPCAWG2_dataset245.RDS --model fullREDM --optimiser nlminb  --use_previous_run_startingvals T
Waiting at most 5 seconds for missing files.
MissingOutputException in line 567 of /Users/morril01/Documents/PhD/GlobalDA/code/Snakefile:
Missing files after 5 seconds:
../data/assessing_models_simulation/inference_results/TMB/nlminb/multiple_GenerationJnorm_200_3401_18_6_0_fullREDM_betainterceptPCAWG2_betaslopePCAWG2_covmatPCAWG2_dataset245.RDS
This might be due to filesystem latency. If that is the case, consider to increase the wait time with --latency-wait.
Shutting down, this might take some time.
Exiting because a job execution failed. Look above for error message
Complete log: /Users/morril01/Documents/PhD/GlobalDA/code/.snakemake/log/2023-04-26T111612.805390.snakemake.log
