Building DAG of jobs...
Using shell: /usr/local/bin/bash
Provided cores: 1
Rules claiming more threads will be scaled down.
Job counts:
	count	jobs
	1	all
	2	analyse_simulation_TMB_bias
	142	inference_simulation_TMB_multiple
	70	simulate_for_comparison_multiple
	215

[Mon Mar 27 01:41:11 2023]
rule inference_simulation_TMB_multiple:
    input: ../data/assessing_models_simulation/datasets/multiple_GenerationJnorm_200_180_0.06_6_0_betainterceptPCAWG2_betaslopePCAWG2_covmatPCAWG2_dataset37.RDS
    output: ../data/assessing_models_simulation/inference_results/TMB/nlminb/multiple_GenerationJnorm_200_180_0.06_6_0_fullREDM_betainterceptPCAWG2_betaslopePCAWG2_covmatPCAWG2_dataset37.RDS
    log: logs/inference/nlminb/simulation_GenerationJnorm_200_180_0.06_6_0_ModelfullREDM_betainterceptPCAWG2_betaslopePCAWG2_covmatPCAWG2_dataset37.log
    jobid: 40
    wildcards: optimiser=nlminb, datasetgeneration=GenerationJnorm, n=200, nlambda=180, lmbda=0.06, d=6, beta_intensity=0, model=fullREDM, fixed_beta_intercept=betainterceptPCAWG2, fixed_beta_slope=betaslopePCAWG2, sdRE_input=covmatPCAWG2, itnum=37

Rscript 2_inference_TMB/run_TMB.R --input ../data/assessing_models_simulation/datasets/multiple_GenerationJnorm_200_180_0.06_6_0_betainterceptPCAWG2_betaslopePCAWG2_covmatPCAWG2_dataset37.RDS --output ../data/assessing_models_simulation/inference_results/TMB/nlminb/multiple_GenerationJnorm_200_180_0.06_6_0_fullREDM_betainterceptPCAWG2_betaslopePCAWG2_covmatPCAWG2_dataset37.RDS --model fullREDM --optimiser nlminb  --use_previous_run_startingvals T
[Mon Mar 27 01:41:51 2023]
Finished job 40.
1 of 215 steps (0.47%) done

[Mon Mar 27 01:41:51 2023]
rule inference_simulation_TMB_multiple:
    input: ../data/assessing_models_simulation/datasets/multiple_GenerationJnorm_200_180_0.06_6_0_betainterceptPCAWG2_betaslopePCAWG2_covmatPCAWG2_dataset37.RDS
    output: ../data/assessing_models_simulation/inference_results/TMB/nlminb/multiple_GenerationJnorm_200_180_0.06_6_0_diagREDM_betainterceptPCAWG2_betaslopePCAWG2_covmatPCAWG2_dataset37.RDS
    log: logs/inference/nlminb/simulation_GenerationJnorm_200_180_0.06_6_0_ModeldiagREDM_betainterceptPCAWG2_betaslopePCAWG2_covmatPCAWG2_dataset37.log
    jobid: 1040
    wildcards: optimiser=nlminb, datasetgeneration=GenerationJnorm, n=200, nlambda=180, lmbda=0.06, d=6, beta_intensity=0, model=diagREDM, fixed_beta_intercept=betainterceptPCAWG2, fixed_beta_slope=betaslopePCAWG2, sdRE_input=covmatPCAWG2, itnum=37

Rscript 2_inference_TMB/run_TMB.R --input ../data/assessing_models_simulation/datasets/multiple_GenerationJnorm_200_180_0.06_6_0_betainterceptPCAWG2_betaslopePCAWG2_covmatPCAWG2_dataset37.RDS --output ../data/assessing_models_simulation/inference_results/TMB/nlminb/multiple_GenerationJnorm_200_180_0.06_6_0_diagREDM_betainterceptPCAWG2_betaslopePCAWG2_covmatPCAWG2_dataset37.RDS --model diagREDM --optimiser nlminb  --use_previous_run_startingvals T
[Mon Mar 27 01:42:22 2023]
Finished job 1040.
2 of 215 steps (0.93%) done

[Mon Mar 27 01:42:22 2023]
rule simulate_for_comparison_multiple:
    input: ../data/assessing_models_simulation/GenerationJnorm
    output: ../data/assessing_models_simulation/datasets/multiple_GenerationJnorm_200_180_0.06_6_0_betainterceptPCAWG2_betaslopePCAWG2_covmatPCAWG2_dataset602.RDS
    jobid: 2605
    wildcards: datasetgeneration=GenerationJnorm, n=200, nlambda=180, lmbda=0.06, d=6, beta_intensity=0, fixed_beta_intercept=betainterceptPCAWG2, fixed_beta_slope=betaslopePCAWG2, sdRE_input=covmatPCAWG2, itnum=602

Rscript --vanilla 3_analysis/simulation_model_assessment/generate_datasets_simulations/GenerationJnorm.R --input ../data/assessing_models_simulation/GenerationJnorm --d 6 --n 200 --nlambda 180 --lambda 0.06 --beta_gamma_shape 0 --outfile ../data/assessing_models_simulation/datasets/multiple_GenerationJnorm_200_180_0.06_6_0_betainterceptPCAWG2_betaslopePCAWG2_covmatPCAWG2_dataset602.RDS --beta_intercept_input ../data/assessing_models_simulation/additional_files/multiple_fixed_betainterceptPCAWG2.RDS --beta_slope_input ../data/assessing_models_simulation/additional_files/multiple_fixed_betaslopePCAWG2.RDS --sdRE_input ../data/assessing_models_simulation/additional_files/multiple_fixed_covmatPCAWG2.RDS
[Mon Mar 27 01:42:24 2023]
Finished job 2605.
3 of 215 steps (1%) done

[Mon Mar 27 01:42:24 2023]
rule inference_simulation_TMB_multiple:
    input: ../data/assessing_models_simulation/datasets/multiple_GenerationJnorm_200_180_0.06_6_0_betainterceptPCAWG2_betaslopePCAWG2_covmatPCAWG2_dataset602.RDS
    output: ../data/assessing_models_simulation/inference_results/TMB/nlminb/multiple_GenerationJnorm_200_180_0.06_6_0_fullREDM_betainterceptPCAWG2_betaslopePCAWG2_covmatPCAWG2_dataset602.RDS
    log: logs/inference/nlminb/simulation_GenerationJnorm_200_180_0.06_6_0_ModelfullREDM_betainterceptPCAWG2_betaslopePCAWG2_covmatPCAWG2_dataset602.log
    jobid: 605
    wildcards: optimiser=nlminb, datasetgeneration=GenerationJnorm, n=200, nlambda=180, lmbda=0.06, d=6, beta_intensity=0, model=fullREDM, fixed_beta_intercept=betainterceptPCAWG2, fixed_beta_slope=betaslopePCAWG2, sdRE_input=covmatPCAWG2, itnum=602

Rscript 2_inference_TMB/run_TMB.R --input ../data/assessing_models_simulation/datasets/multiple_GenerationJnorm_200_180_0.06_6_0_betainterceptPCAWG2_betaslopePCAWG2_covmatPCAWG2_dataset602.RDS --output ../data/assessing_models_simulation/inference_results/TMB/nlminb/multiple_GenerationJnorm_200_180_0.06_6_0_fullREDM_betainterceptPCAWG2_betaslopePCAWG2_covmatPCAWG2_dataset602.RDS --model fullREDM --optimiser nlminb  --use_previous_run_startingvals T
[Mon Mar 27 01:43:32 2023]
Error in rule inference_simulation_TMB_multiple:
    jobid: 605
    output: ../data/assessing_models_simulation/inference_results/TMB/nlminb/multiple_GenerationJnorm_200_180_0.06_6_0_fullREDM_betainterceptPCAWG2_betaslopePCAWG2_covmatPCAWG2_dataset602.RDS
    log: logs/inference/nlminb/simulation_GenerationJnorm_200_180_0.06_6_0_ModelfullREDM_betainterceptPCAWG2_betaslopePCAWG2_covmatPCAWG2_dataset602.log (check log file(s) for error message)
    shell:
        Rscript 2_inference_TMB/run_TMB.R --input ../data/assessing_models_simulation/datasets/multiple_GenerationJnorm_200_180_0.06_6_0_betainterceptPCAWG2_betaslopePCAWG2_covmatPCAWG2_dataset602.RDS --output ../data/assessing_models_simulation/inference_results/TMB/nlminb/multiple_GenerationJnorm_200_180_0.06_6_0_fullREDM_betainterceptPCAWG2_betaslopePCAWG2_covmatPCAWG2_dataset602.RDS --model fullREDM --optimiser nlminb  --use_previous_run_startingvals T

Shutting down, this might take some time.
Exiting because a job execution failed. Look above for error message
Complete log: /Users/morril01/Documents/PhD/GlobalDA/code/.snakemake/log/2023-03-27T014102.312162.snakemake.log
